[0mOPTIONS /api/auth/rootLogin [32m204[0m 4.064 ms - 0[0m
[0mPOST /api/auth/rootLogin [32m200[0m 689.048 ms - 566[0m
[0mGET /api/auth/user/48 [36m304[0m 40.955 ms - -[0m
[0mOPTIONS /api/store/list [32m204[0m 0.617 ms - 0[0m
[0mGET /api/store/list [36m304[0m 108.555 ms - -[0m
[0mOPTIONS /api/store/list/52 [32m204[0m 0.540 ms - 0[0m
[0mGET /api/store/list/52 [36m304[0m 91.626 ms - -[0m
[0mOPTIONS /api/store/list [32m204[0m 0.621 ms - 0[0m
[0mGET /api/auth/user/48 [36m304[0m 103.161 ms - -[0m
[0mGET /api/store/list [36m304[0m 119.034 ms - -[0m
[0mOPTIONS /api/store/list/52 [32m204[0m 0.357 ms - 0[0m
[0mGET /api/store/list/52 [36m304[0m 48.510 ms - -[0m
[0mGET /api/auth/user/48 [36m304[0m 43.995 ms - -[0m
[0mOPTIONS /api/store/list/52 [32m204[0m 0.714 ms - 0[0m
[0mGET /api/store/list/52 [36m304[0m 40.662 ms - -[0m
[0mOPTIONS /api/store/update [32m204[0m 0.694 ms - 0[0m
[0mPOST /api/store/update [31m500[0m 16.345 ms - 2695[0m
[0mOPTIONS /api/store/update [32m204[0m 4.288 ms - 0[0m
[0mPOST /api/store/update [31m500[0m 12.324 ms - 2695[0m
[0mOPTIONS /api/store/update [32m204[0m 2.563 ms - 0[0m
[0mPOST /api/store/update [33m400[0m 5.774 ms - 113[0m
[0mOPTIONS /api/store/update [32m204[0m 4.061 ms - 0[0m
[0mPOST /api/store/update [33m400[0m 3.153 ms - 113[0m
[0mOPTIONS /api/store/update [32m204[0m 4.337 ms - 0[0m
[0mPOST /api/store/update [33m400[0m 3.169 ms - 113[0m
[0mOPTIONS /api/store/update [32m204[0m 2.978 ms - 0[0m
[0mPOST /api/store/update [33m400[0m 5.646 ms - 113[0m
[0mOPTIONS /api/store/update [32m204[0m 3.983 ms - 0[0m
[0mPOST /api/store/update [33m400[0m 2.179 ms - 113[0m
[0mOPTIONS /api/store/update [32m204[0m 4.024 ms - 0[0m
[0mPOST /api/store/update [33m400[0m 3.129 ms - 115[0m
[0mOPTIONS /api/store/update [32m204[0m 2.267 ms - 0[0m
[0mPOST /api/store/update [33m400[0m 6.214 ms - 115[0m
[0mOPTIONS /api/store/update [32m204[0m 3.471 ms - 0[0m
[0mPOST /api/store/update [33m400[0m 3.363 ms - 115[0m
[0mOPTIONS /api/store/update [32m204[0m 1.310 ms - 0[0m
[0mPOST /api/store/update [33m400[0m 2.000 ms - 115[0m
[0mOPTIONS /api/store/update [32m204[0m 3.595 ms - 0[0m
[0mPOST /api/store/update [33m400[0m 23.023 ms - 115[0m
[0mOPTIONS /api/store/update [32m204[0m 4.649 ms - 0[0m
[0mGET /api/auth/user/48 [36m304[0m 54.467 ms - -[0m
[0mOPTIONS /api/store/list/52 [32m204[0m 1.590 ms - 0[0m
[0mGET /api/store/list/52 [36m304[0m 43.199 ms - -[0m
[0mOPTIONS /api/store/update [32m204[0m 3.077 ms - 0[0m
[0mOPTIONS /api/store/update [32m204[0m 5.497 ms - 0[0m
[0mOPTIONS /api/store/update [32m204[0m 3.583 ms - 0[0m
[0mOPTIONS /api/store/update [32m204[0m 4.110 ms - 0[0m
[0mOPTIONS /api/store/update [32m204[0m 5.674 ms - 0[0m
[0mOPTIONS /api/store/update [32m204[0m 4.487 ms - 0[0m
[0mOPTIONS /api/store/update [32m204[0m 4.055 ms - 0[0m
[0mPOST /api/store/update [31m500[0m 9.839 ms - 2721[0m
[0mOPTIONS /api/store/update [32m204[0m 4.258 ms - 0[0m
[0mOPTIONS /api/store/update [32m204[0m 12.346 ms - 0[0m
[0mPOST /api/store/update [31m500[0m 5.434 ms - 2721[0m
[0mOPTIONS /api/store/update [32m204[0m 3.780 ms - 0[0m
[0mPOST /api/store/update [31m500[0m 6.809 ms - 2721[0m
[0mOPTIONS /api/store/update [32m204[0m 13.885 ms - 0[0m
[0mPOST /api/store/update [31m500[0m 6.253 ms - 2721[0m
[0mOPTIONS /api/store/update [32m204[0m 14.579 ms - 0[0m
[0mPOST /api/store/update [32m200[0m 132.805 ms - 56[0m
[0mOPTIONS /api/auth/user/update [32m204[0m 0.372 ms - 0[0m
[0mPOST /api/auth/user/update [32m200[0m 312.199 ms - 50[0m
[0mOPTIONS /api/store/list/52 [32m204[0m 2.047 ms - 0[0m
[0mGET /api/store/list/52 [32m200[0m 93.396 ms - 706[0m
[0mOPTIONS /api/store/list [32m204[0m 0.363 ms - 0[0m
[0mGET /api/store/list [32m200[0m 96.788 ms - 702[0m
[0mOPTIONS /api/store/update [32m204[0m 4.270 ms - 0[0m
[0mPOST /api/store/update [31m500[0m 8.329 ms - 2721[0m
[0mOPTIONS /api/store/update [32m204[0m 3.437 ms - 0[0m
[0mPOST /api/store/update [31m500[0m 8.036 ms - 2721[0m
[0mOPTIONS /api/store/update [32m204[0m 4.042 ms - 0[0m
[0mPOST /api/store/update [31m500[0m 8.034 ms - 2721[0m
[0mOPTIONS /api/store/update [32m204[0m 2.340 ms - 0[0m
[0mPOST /api/store/update [31m500[0m 7.942 ms - 2745[0m
[0mOPTIONS /api/store/update [32m204[0m 4.430 ms - 0[0m
[0mPOST /api/store/update [31m500[0m 10.810 ms - 2745[0m
[0mOPTIONS /api/store/update [32m204[0m 4.963 ms - 0[0m
[0mPOST /api/store/update [31m500[0m 10.769 ms - 2745[0m
[0mOPTIONS /api/store/update [32m204[0m 4.510 ms - 0[0m
[0mPOST /api/store/update [31m500[0m 11.932 ms - 2745[0m
[0mOPTIONS /api/store/update [32m204[0m 3.913 ms - 0[0m
[0mPOST /api/store/update [31m500[0m 10.127 ms - 2721[0m
[0mOPTIONS /api/store/update [32m204[0m 7.030 ms - 0[0m
[0mPOST /api/store/update [31m500[0m 12.408 ms - 2745[0m
[0mOPTIONS /api/store/update [32m204[0m 3.384 ms - 0[0m
[0mPOST /api/store/update [31m500[0m 14.161 ms - 2695[0m
[0mOPTIONS /api/store/update [32m204[0m 4.979 ms - 0[0m
[0mPOST /api/store/update [31m500[0m 11.698 ms - 2695[0m
[0mOPTIONS /api/store/list/52 [32m204[0m 1.438 ms - 0[0m
[0mGET /api/auth/user/48 [36m304[0m 56.594 ms - -[0m
[0mGET /api/store/list/52 [36m304[0m 43.021 ms - -[0m
[0mGET /api/auth/user/48 [36m304[0m 39.049 ms - -[0m
[0mOPTIONS /api/store/list/52 [32m204[0m 1.168 ms - 0[0m
[0mGET /api/store/list/52 [36m304[0m 40.722 ms - -[0m
[0mOPTIONS /api/store/list/52 [32m204[0m 2.191 ms - 0[0m
[0mGET /api/auth/user/48 [36m304[0m 76.229 ms - -[0m
[0mGET /api/store/list/52 [36m304[0m 39.929 ms - -[0m
[0mGET /api/auth/user/48 [36m304[0m 61.152 ms - -[0m
[0mOPTIONS /api/store/list/52 [32m204[0m 1.472 ms - 0[0m
[0mGET /api/store/list/52 [36m304[0m 46.391 ms - -[0m
[0mPOST /api/auth/upload-file [33m400[0m 2.399 ms - 107[0m
[0mOPTIONS /api/store/update [32m204[0m 0.315 ms - 0[0m
[0mPOST /api/store/update [32m200[0m 132.300 ms - 56[0m
[0mOPTIONS /api/auth/user/update [32m204[0m 0.373 ms - 0[0m
[0mPOST /api/auth/user/update [32m200[0m 392.917 ms - 50[0m
[0mOPTIONS /api/store/list/52 [32m204[0m 1.225 ms - 0[0m
[0mGET /api/store/list/52 [32m200[0m 84.654 ms - 706[0m
[0mOPTIONS /api/store/list [32m204[0m 9.603 ms - 0[0m
[0mGET /api/store/list [32m200[0m 50.714 ms - 702[0m
[0mOPTIONS /api/store/list/52 [32m204[0m 1.078 ms - 0[0m
[0mGET /api/store/list/52 [36m304[0m 38.539 ms - -[0m
[0mPOST /api/auth/upload-file [33m400[0m 2.489 ms - 107[0m
[0mOPTIONS /api/store/update [32m204[0m 0.530 ms - 0[0m
[0mPOST /api/store/update [32m200[0m 131.376 ms - 56[0m
[0mOPTIONS /api/auth/user/update [32m204[0m 0.551 ms - 0[0m
[0mPOST /api/auth/user/update [32m200[0m 336.672 ms - 50[0m
[0mOPTIONS /api/store/list/52 [32m204[0m 0.383 ms - 0[0m
[0mGET /api/store/list/52 [32m200[0m 53.614 ms - 706[0m
[0mOPTIONS /api/store/list [32m204[0m 6.048 ms - 0[0m
[0mGET /api/store/list [32m200[0m 102.846 ms - 702[0m
[0mOPTIONS /api/store/list/52 [32m204[0m 0.704 ms - 0[0m
[0mGET /api/store/list/52 [36m304[0m 46.809 ms - -[0m
[0mPOST /api/auth/upload-file [31m500[0m 9.464 ms - 114[0m
[0mOPTIONS /api/store/update [32m204[0m 0.421 ms - 0[0m
[0mPOST /api/store/update [32m200[0m 170.878 ms - 56[0m
[0mOPTIONS /api/auth/user/update [32m204[0m 0.252 ms - 0[0m
[0mPOST /api/auth/user/update [32m200[0m 372.313 ms - 50[0m
[0mOPTIONS /api/store/list/52 [32m204[0m 1.417 ms - 0[0m
[0mGET /api/store/list/52 [32m200[0m 39.808 ms - 706[0m
[0mOPTIONS /api/store/list [32m204[0m 3.480 ms - 0[0m
[0mGET /api/store/list [32m200[0m 58.197 ms - 702[0m
[0mOPTIONS /api/store/list/52 [32m204[0m 0.677 ms - 0[0m
[0mGET /api/store/list/52 [36m304[0m 113.486 ms - -[0m
[0mPOST /api/auth/upload-file [32m200[0m 1202.775 ms - 132[0m
[0mOPTIONS /api/store/update [32m204[0m 0.473 ms - 0[0m
[0mPOST /api/store/update [32m200[0m 116.626 ms - 56[0m
[0mOPTIONS /api/auth/user/update [32m204[0m 0.622 ms - 0[0m
[0mPOST /api/auth/user/update [32m200[0m 299.980 ms - 50[0m
[0mOPTIONS /api/store/list/52 [32m204[0m 1.389 ms - 0[0m
[0mGET /api/store/list/52 [32m200[0m 42.904 ms - 706[0m
[0mGET /api/auth/user/update [31m500[0m 48.939 ms - 17[0m
[0mGET /favicon.ico [33m404[0m 5.299 ms - 2658[0m
[0mGET /api/auth/upload-file [33m404[0m 4.368 ms - 2701[0m
[0mOPTIONS /api/store/list [32m204[0m 5.182 ms - 0[0m
[0mGET /api/store/list [32m200[0m 47.229 ms - 702[0m
[0mOPTIONS /api/store/list/52 [32m204[0m 0.665 ms - 0[0m
[0mGET /api/store/list/52 [36m304[0m 49.309 ms - -[0m
[0mPOST /api/auth/upload-file [32m200[0m 1017.910 ms - 131[0m
[0mOPTIONS /api/store/update [32m204[0m 1.422 ms - 0[0m
[0mPOST /api/store/update [32m200[0m 185.206 ms - 56[0m
[0mOPTIONS /api/auth/user/update [32m204[0m 0.287 ms - 0[0m
[0mPOST /api/auth/user/update [32m200[0m 335.915 ms - 50[0m
[0mOPTIONS /api/store/list/52 [32m204[0m 1.401 ms - 0[0m
[0mGET /api/store/list/52 [32m200[0m 55.539 ms - 732[0m
[0mOPTIONS /api/store/list [32m204[0m 5.709 ms - 0[0m
[0mGET /api/store/list [32m200[0m 41.085 ms - 728[0m
[0mOPTIONS /api/store/list/52 [32m204[0m 0.551 ms - 0[0m
[0mGET /api/store/list/52 [36m304[0m 54.850 ms - -[0m
[0mPOST /api/auth/upload-file [32m200[0m 846.643 ms - 131[0m
[0mOPTIONS /api/store/update [32m204[0m 1.665 ms - 0[0m
[0mPOST /api/store/update [32m200[0m 112.288 ms - 56[0m
[0mOPTIONS /api/auth/user/update [32m204[0m 1.683 ms - 0[0m
[0mPOST /api/auth/user/update [32m200[0m 311.013 ms - 50[0m
[0mOPTIONS /api/store/list/52 [32m204[0m 29.804 ms - 0[0m
[0mGET /api/store/list/52 [32m200[0m 68.305 ms - 732[0m
[0mOPTIONS /api/store/list [32m204[0m 1.209 ms - 0[0m
[0mGET /api/store/list [32m200[0m 51.056 ms - 728[0m
[0mOPTIONS /api/store/list/52 [32m204[0m 0.504 ms - 0[0m
[0mGET /api/store/list/52 [36m304[0m 38.430 ms - -[0m
[0mGET /api/auth/user/null [31m500[0m 33.812 ms - 17[0m
[0mGET /api/auth/user/null [31m500[0m 32.060 ms - 17[0m
[0mOPTIONS /api/auth/rootLogin [32m204[0m 0.752 ms - 0[0m
[0mPOST /api/auth/rootLogin [32m200[0m 279.969 ms - 574[0m
[0mGET /api/auth/user/95 [32m200[0m 30.413 ms - 365[0m
[0mGET /api/vendor/list [32m200[0m 32.178 ms - 26[0m
[0mOPTIONS /api/store/list/52 [32m204[0m 0.828 ms - 0[0m
[0mGET /api/store/list/52 [32m200[0m 35.380 ms - 732[0m
[0mGET /api/vendor/list [36m304[0m 32.188 ms - -[0m
[0mOPTIONS /api/store/list/52 [32m204[0m 3.428 ms - 0[0m
[0mGET /api/store/list/52 [36m304[0m 36.108 ms - -[0m
[0mPOST /api/auth/upload-file [32m200[0m 961.707 ms - 131[0m
[0mOPTIONS /api/store/update [32m204[0m 0.749 ms - 0[0m
[0mPOST /api/store/update [32m200[0m 76.860 ms - 56[0m
[0mOPTIONS /api/auth/user/update [32m204[0m 0.627 ms - 0[0m
[0mPOST /api/auth/user/update [32m200[0m 267.997 ms - 50[0m
[0mOPTIONS /api/store/list/52 [32m204[0m 0.424 ms - 0[0m
[0mGET /api/store/list/52 [32m200[0m 35.779 ms - 896[0m
[0mGET /api/vendor/list [36m304[0m 34.011 ms - -[0m
[0mOPTIONS /api/category/getAllCategory [32m204[0m 0.399 ms - 0[0m
[0mGET /api/category/getAllCategory [32m200[0m 34.283 ms - 26[0m
[0mGET /api/category/getAllCategory [36m304[0m 33.067 ms - -[0m
[0mOPTIONS /api/category/create [32m204[0m 0.943 ms - 0[0m
[0mPOST /api/category/create [32m200[0m 99.220 ms - 221[0m
[0mOPTIONS /api/category/getAllCategory [32m204[0m 0.560 ms - 0[0m
[0mGET /api/category/getAllCategory [32m200[0m 32.357 ms - 107[0m
[0mGET /api/category/getAllCategory [36m304[0m 30.162 ms - -[0m
[0mOPTIONS /api/category/getAllCategory [32m204[0m 0.358 ms - 0[0m
[0mGET /api/category/getAllCategory [36m304[0m 32.156 ms - -[0m
[0mGET /api/undefined [33m404[0m 3.794 ms - 2707[0m
[0mOPTIONS /api/subscription/52?subscriptionType=Plan1 [32m204[0m 0.248 ms - 0[0m
[0mOPTIONS /api/subscription/52?subscriptionType=Plan2 [32m204[0m 0.162 ms - 0[0m
[0mOPTIONS /api/store/product/getAllProductById/52 [32m204[0m 0.097 ms - 0[0m
[0mOPTIONS /api/product/getProductById/undefined [32m204[0m 0.106 ms - 0[0m
[0mGET /api/undefined [33m404[0m 4.185 ms - 2707[0m
[0mGET /api/vendor/product/getAllProductById/0 [32m200[0m 42.430 ms - 26[0m
[0mGET /api/subscription/52?subscriptionType=Plan2 [33m404[0m 70.671 ms - 52[0m
[0mGET /api/subscription/52?subscriptionType=Plan1 [33m404[0m 97.931 ms - 52[0m
[0mGET /api/store/product/getAllProductById/52 [32m200[0m 127.023 ms - 26[0m
[0mGET /api/product/getProductById/undefined [33m404[0m 157.095 ms - 47[0m
[0mOPTIONS /api/product/add [32m204[0m 1.340 ms - 0[0m
[0mPOST /api/product/add [31m500[0m 154.551 ms - 2725[0m
[0mOPTIONS /api/product/add [32m204[0m 1.046 ms - 0[0m
[0mPOST /api/product/add [31m500[0m 41.299 ms - 2725[0m
[0mOPTIONS /api/category/getAllCategory [32m204[0m 10.048 ms - 0[0m
[0mGET /api/category/getAllCategory [36m304[0m 34.752 ms - -[0m
[0mGET /api/auth/user/95 [32m200[0m 36.046 ms - 365[0m
[0mOPTIONS /api/store/list [32m204[0m 2.189 ms - 0[0m
[0mOPTIONS /api/category/getAllCategory [32m204[0m 0.262 ms - 0[0m
[0mGET /api/auth/user/48 [36m304[0m 52.143 ms - -[0m
[0mGET /api/store/list [32m200[0m 51.388 ms - 892[0m
[0mGET /api/category/getAllCategory [36m304[0m 72.878 ms - -[0m
