[0mGET /api/category/getAllCategory [31m500[0m 134.223 ms - 2727[0m
[0mGET /api/auth/user/107 [36m304[0m 373.266 ms - -[0m
[0mGET /api/cart/list/107 [36m304[0m 386.545 ms - -[0m
[0mGET /api/store/list?currentLocation=13.043888387600706,80.21380096207662 [36m304[0m 376.176 ms - -[0m
[0mOPTIONS /api/subscription/53?subscriptionType=Plan1 [32m204[0m 0.131 ms - 0[0m
[0mGET /api/store/filterByCategory?categoryIds=null [36m304[0m 358.088 ms - -[0m
[0mOPTIONS /api/store/list/53 [32m204[0m 0.128 ms - 0[0m
[0mGET /api/store/getOpenStores [33m404[0m 382.643 ms - 60[0m
[0mGET /api/order/list/107 [36m304[0m 480.615 ms - -[0m
[0mGET /api/store/getAllStoresByFilters?search=null [36m304[0m 32.442 ms - -[0m
[0mGET /api/store/getAllStoresByFilters?paymentModes=null [36m304[0m 30.447 ms - -[0m
[0mGET /api/category/getAllCategory [32m200[0m 31.117 ms - 1628[0m
[0mGET /api/auth/user/107 [36m304[0m 32.324 ms - -[0m
[0mGET /api/subscription/53?subscriptionType=Plan1 [36m304[0m 32.630 ms - -[0m
[0mGET /api/store/list/53 [36m304[0m 32.554 ms - -[0m
[0mGET /api/auth/user/107 [36m304[0m 31.511 ms - -[0m
[0mGET /index.php?ide_webview_request_time=1762131355848 [33m404[0m 3.965 ms - 2658[0m
[0mOPTIONS /api/store/product/getAllProductById/53 [32m204[0m 4.559 ms - 0[0m
[0mGET /api/auth/user/107 [31m500[0m 143.933 ms - 2718[0m
[0mGET /api/store/product/getAllProductById/53 [32m200[0m 197.858 ms - 4312[0m
[0mGET /api/order/list/107 [32m200[0m 228.654 ms - 36[0m
[0mGET /api/vendor/list [32m200[0m 47.911 ms - 1805[0m
[0mGET /api/ [33m404[0m 2.553 ms - 2707[0m
[0mGET /api/vendor/product/getAllProductById/59 [32m200[0m 51.376 ms - 36[0m
[0mGET /api/vendor/product/getAllProductById/60 [32m200[0m 94.218 ms - 36[0m
[0mGET /api/vendor/product/getAllProductById/61 [32m200[0m 137.377 ms - 36[0m
[0mOPTIONS /api/subscription/53?subscriptionType=Plan1 [32m204[0m 1.071 ms - 0[0m
[0mGET /api/subscription/53?subscriptionType=Plan1 [32m200[0m 37.722 ms - 265[0m
[0mOPTIONS /api/subscription/53?subscriptionType=Plan2 [32m204[0m 2.141 ms - 0[0m
[0mGET /api/subscription/53?subscriptionType=Plan2 [32m200[0m 34.320 ms - 266[0m
[0mOPTIONS /api/subscription/53?subscriptionType=Plan3 [32m204[0m 0.274 ms - 0[0m
[0mGET /api/subscription/53?subscriptionType=Plan3 [33m404[0m 34.497 ms - 52[0m
[0mOPTIONS /api/subscription/53?subscriptionType=four [32m204[0m 1.154 ms - 0[0m
[0mGET /api/subscription/53?subscriptionType=four [33m404[0m 32.630 ms - 52[0m
[0mOPTIONS /api/subscription/53?subscriptionType=five [32m204[0m 2.089 ms - 0[0m
[0mGET /api/subscription/53?subscriptionType=five [33m404[0m 41.438 ms - 52[0m
[0mOPTIONS /api/subscription/53?subscriptionType=Plan2 [32m204[0m 1.936 ms - 0[0m
[0mGET /api/subscription/53?subscriptionType=Plan2 [36m304[0m 59.692 ms - -[0m
[0mOPTIONS /api/subscription/53?subscriptionType=Plan1 [32m204[0m 1.032 ms - 0[0m
[0mGET /api/subscription/53?subscriptionType=Plan1 [36m304[0m 34.104 ms - -[0m
[0mOPTIONS /api/store/list/53 [32m204[0m 0.715 ms - 0[0m
[0mGET /api/store/list/53 [32m200[0m 36.741 ms - 858[0m
