[0mOPTIONS /api/subscription/57?subscriptionType=Plan3 [32m204[0m 8.769 ms - 0[0m
[0mGET /api/subscription/57?subscriptionType=Plan3 [31m500[0m 36.550 ms - 2492[0m
[0mOPTIONS /api/subscription/57?subscriptionType=Plan2 [32m204[0m 0.747 ms - 0[0m
[0mGET /api/subscription/57?subscriptionType=Plan2 [33m404[0m 380.286 ms - 52[0m
[0mOPTIONS /api/subscription/57?subscriptionType=Plan3 [32m204[0m 1.399 ms - 0[0m
[0mGET /api/subscription/57?subscriptionType=Plan3 [33m404[0m 31.185 ms - 52[0m
[0mOPTIONS /api/subscription/57?subscriptionType=Plan2 [32m204[0m 0.745 ms - 0[0m
[0mGET /api/subscription/57?subscriptionType=Plan2 [33m404[0m 30.940 ms - 52[0m
[0mOPTIONS /api/subscription/57?subscriptionType=Plan1 [32m204[0m 0.515 ms - 0[0m
[0mGET /api/subscription/57?subscriptionType=Plan1 [36m304[0m 31.386 ms - -[0m
[0mOPTIONS /api/store/product/getAllProductById/57 [32m204[0m 0.577 ms - 0[0m
[0mGET /api/store/product/getAllProductById/57 [36m304[0m 238.187 ms - -[0m
[0mOPTIONS /api/category/getAllCategory [32m204[0m 0.436 ms - 0[0m
[0mOPTIONS /api/subscription/57?subscriptionType=Plan0 [32m204[0m 0.353 ms - 0[0m
[0mOPTIONS /api/subscription/57?subscriptionType=Plan3 [32m204[0m 0.253 ms - 0[0m
[0mOPTIONS /api/subscription/57?subscriptionType=Plan2 [32m204[0m 0.195 ms - 0[0m
[0mGET /api/category/getAllCategory [36m304[0m 43.615 ms - -[0m
[0mGET /api/subscription/57?subscriptionType=Plan0 [36m304[0m 71.236 ms - -[0m
[0mGET /api/subscription/57?subscriptionType=Plan3 [33m404[0m 95.824 ms - 52[0m
[0mGET /api/subscription/57?subscriptionType=Plan2 [33m404[0m 121.501 ms - 52[0m
[0mGET /api/vendor/list [32m200[0m 34.080 ms - 36[0m
[0mOPTIONS /api/store/product/getAllProductById/57 [32m204[0m 0.397 ms - 0[0m
[0mGET /api/store/product/getAllProductById/57 [36m304[0m 35.119 ms - -[0m
[0mOPTIONS /api/category/getAllCategory [32m204[0m 0.613 ms - 0[0m
[0mOPTIONS /api/subscription/57?subscriptionType=Plan0 [32m204[0m 0.288 ms - 0[0m
[0mOPTIONS /api/product/getProductById/384 [32m204[0m 0.208 ms - 0[0m
[0mOPTIONS /api/subscription/57?subscriptionType=Plan1 [32m204[0m 0.332 ms - 0[0m
[0mOPTIONS /api/subscription/57?subscriptionType=Plan3 [32m204[0m 0.245 ms - 0[0m
[0mOPTIONS /api/subscription/57?subscriptionType=Plan2 [32m204[0m 0.329 ms - 0[0m
[0mGET /api/category/getAllCategory [36m304[0m 36.220 ms - -[0m
[0mGET /api/subscription/57?subscriptionType=Plan1 [36m304[0m 60.604 ms - -[0m
[0mGET /api/product/getProductById/384 [36m304[0m 88.284 ms - -[0m
[0mGET /api/subscription/57?subscriptionType=Plan3 [33m404[0m 110.947 ms - 52[0m
[0mGET /api/subscription/57?subscriptionType=Plan0 [36m304[0m 134.983 ms - -[0m
[0mGET /api/subscription/57?subscriptionType=Plan2 [33m404[0m 142.831 ms - 52[0m
[0mGET /api/vendor/list [36m304[0m 31.742 ms - -[0m
[0mGET /api/cart/list/122 [32m200[0m 43.112 ms - 26[0m
[0mGET /api/category/getAllCategory [36m304[0m 71.596 ms - -[0m
[0mGET /api/store/list?currentLocation=13.043895105683072,80.21382746837588 [32m200[0m 105.264 ms - 7744[0m
[0mGET /api/auth/user/122 [36m304[0m 132.139 ms - -[0m
[0mGET /api/store/getOpenStores [33m404[0m 112.633 ms - 60[0m
[0mGET /api/store/getAllStoresByFilters?paymentModes=null [36m304[0m 50.327 ms - -[0m
[0mGET /api/store/filterByCategory?categoryIds=null [36m304[0m 117.247 ms - -[0m
[0mGET /api/store/getAllStoresByFilters?search=null [36m304[0m 89.511 ms - -[0m
[0mGET /api/category/getAllCategory [36m304[0m 34.001 ms - -[0m
[0mGET /api/order/list/122 [36m304[0m 168.340 ms - -[0m
[0mGET /api/store/list/58?currentLocation=13.04389508043906,80.21382747961744 [32m200[0m 34.936 ms - 1284[0m
[0mGET /api/store/product/getAllProductById/58 [32m200[0m 61.441 ms - 823[0m
[0mGET /api/store/filterByCategory?categoryIds=null [36m304[0m 36.771 ms - -[0m
[0mGET /api/store/getOpenStores [33m404[0m 43.270 ms - 60[0m
[0mGET /api/store/getAllStoresByFilters?search=null [36m304[0m 57.409 ms - -[0m
[0mGET /api/store/getAllStoresByFilters?paymentModes=null [36m304[0m 59.245 ms - -[0m
[0mGET /api/store/list/57?currentLocation=13.04389508043906,80.21382747961744 [32m200[0m 38.863 ms - 1305[0m
[0mGET /api/store/product/getAllProductById/57 [36m304[0m 36.093 ms - -[0m
[0mGET /api/category/getAllCategory [36m304[0m 117.431 ms - -[0m
[0mGET /api/cart/list/122 [36m304[0m 80.405 ms - -[0m
[0mGET /api/auth/user/122 [36m304[0m 131.994 ms - -[0m
[0mGET /api/store/list?currentLocation=13.04389508043906,80.21382747961744 [32m200[0m 159.907 ms - 7744[0m
[0mGET /api/store/list/57?currentLocation=13.043891272262103,80.21390295636924 [32m200[0m 149.891 ms - 1305[0m
[0mGET /api/store/product/getAllProductById/57 [36m304[0m 136.470 ms - -[0m
[0mGET /api/category/getAllCategory [36m304[0m 112.644 ms - -[0m
[0mGET /api/order/list/122 [36m304[0m 186.431 ms - -[0m
[0mGET /api/cart/list/122 [36m304[0m 39.985 ms - -[0m
[0mGET /api/auth/user/122 [36m304[0m 136.004 ms - -[0m
[0mGET /api/order/list/122 [36m304[0m 187.475 ms - -[0m
[0mGET /api/cart/list/122/384 [32m200[0m 35.355 ms - 49[0m
[0mGET /api/cart/list/122/384 [36m304[0m 31.149 ms - -[0m
[0mGET /api/category/getAllCategory [36m304[0m 86.122 ms - -[0m
[0mGET /api/cart/list/122 [36m304[0m 113.833 ms - -[0m
[0mGET /api/store/list?currentLocation=13.043935924069176,80.21393698611168 [32m200[0m 165.210 ms - 7744[0m
[0mGET /api/auth/user/122 [36m304[0m 158.967 ms - -[0m
[0mGET /api/category/getAllCategory [36m304[0m 90.284 ms - -[0m
[0mGET /api/store/list/57?currentLocation=13.043956274575331,80.21386368696035 [32m200[0m 88.931 ms - 1305[0m
[0mGET /api/store/product/getAllProductById/57 [32m200[0m 68.119 ms - 2948[0m
[0mGET /api/order/list/122 [36m304[0m 191.634 ms - -[0m
[0mGET /api/cart/list/122 [36m304[0m 41.690 ms - -[0m
[0mGET /api/cart/list/122/384 [36m304[0m 95.345 ms - -[0m
[0mGET /api/auth/user/122 [36m304[0m 125.925 ms - -[0m
[0mGET /api/order/list/122 [36m304[0m 147.286 ms - -[0m
[0mGET /api/store/list/57?currentLocation=13.043945683332993,80.21387976207015 [32m200[0m 161.245 ms - 1305[0m
[0mGET /api/store/list?currentLocation=13.043945683332993,80.21387976207015 [32m200[0m 196.277 ms - 7744[0m
[0mGET /api/category/getAllCategory [36m304[0m 217.982 ms - -[0m
[0mGET /api/cart/list/122/384 [36m304[0m 242.337 ms - -[0m
[0mGET /api/store/product/getAllProductById/57 [36m304[0m 243.983 ms - -[0m
[0mGET /api/cart/list/122 [36m304[0m 80.821 ms - -[0m
[0mGET /api/auth/user/122 [36m304[0m 52.038 ms - -[0m
[0mGET /api/category/getAllCategory [36m304[0m 52.285 ms - -[0m
[0mGET /api/order/list/122 [36m304[0m 273.375 ms - -[0m
[0mGET /api/cart/list/122/383 [32m200[0m 173.424 ms - 49[0m
[0mGET /api/cart/list/122/384 [36m304[0m 45.880 ms - -[0m
[0mGET /api/address/list/122 [33m404[0m 80.767 ms - 81[0m
[0mGET /api/cart/list/122 [36m304[0m 86.012 ms - -[0m
[0mGET /api/address/list/122 [33m404[0m 34.380 ms - 81[0m
[0mGET /api/cart/list/122 [36m304[0m 36.132 ms - -[0m
[0mGET /api/cart/list/122 [36m304[0m 79.484 ms - -[0m
[0mGET /api/order/list/122 [36m304[0m 123.062 ms - -[0m
[0mGET /api/cart/list/122 [36m304[0m 43.793 ms - -[0m
[0mGET /api/order/list/122 [36m304[0m 89.061 ms - -[0m
[0mGET /api/address/list/122 [33m404[0m 34.137 ms - 81[0m
[0mGET /api/cart/list/122 [36m304[0m 73.895 ms - -[0m
[0mGET /api/category/getAllCategory [36m304[0m 164.454 ms - -[0m
[0mGET /api/auth/user/122 [36m304[0m 162.995 ms - -[0m
[0mGET /api/store/list?currentLocation=13.043891382809198,80.21384336084716 [32m200[0m 165.065 ms - 7744[0m
[0mGET /api/order/list/122 [36m304[0m 167.262 ms - -[0m
[0mGET /api/store/list/57?currentLocation=13.043932498589756,80.21382672861182 [32m200[0m 41.860 ms - 1305[0m
[0mGET /api/address/list/122 [33m404[0m 38.864 ms - 81[0m
[0mGET /api/cart/list/122 [36m304[0m 30.528 ms - -[0m
[0mGET /api/category/getAllCategory [36m304[0m 32.446 ms - -[0m
[0mGET /api/store/product/getAllProductById/57 [36m304[0m 39.844 ms - -[0m
[0mGET /api/address/list/122 [33m404[0m 33.789 ms - 81[0m
[0mGET /api/cart/list/122 [36m304[0m 62.139 ms - -[0m
[0mGET /api/cart/list/122/384 [36m304[0m 33.088 ms - -[0m
[0mGET /api/cart/list/122/384 [36m304[0m 27.502 ms - -[0m
[0mGET /api/address/list/122 [33m404[0m 54.682 ms - 81[0m
[0mGET /api/cart/list/122 [36m304[0m 77.357 ms - -[0m
[0mOPTIONS /api/auth/rootLogin [32m204[0m 0.740 ms - 0[0m
[0mPOST /api/auth/rootLogin [32m200[0m 242.628 ms - 566[0m
[0mGET /api/address/list/48 [0m-[0m - ms - -[0m
[0mGET /api/cart/list/48 [0m-[0m - ms - -[0m
[0mGET /api/order/list/48 [0m-[0m - ms - -[0m
[0mGET /api/address/list/48 [32m200[0m 29.502 ms - 225[0m
[0mGET /api/category/getAllCategory [36m304[0m 32.630 ms - -[0m
[0mGET /api/cart/list/48 [32m200[0m 40.672 ms - 26[0m
[0mGET /api/store/list?currentLocation=13.043932498589756,80.21382672861182 [32m200[0m 65.351 ms - 7744[0m
[0mGET /api/auth/user/48 [36m304[0m 67.317 ms - -[0m
[0mGET /api/category/getAllCategory [36m304[0m 52.968 ms - -[0m
[0mGET /api/store/list/57?currentLocation=13.043875537762155,80.21386217996283 [32m200[0m 66.883 ms - 1305[0m
[0mGET /api/store/product/getAllProductById/57 [36m304[0m 72.533 ms - -[0m
[0mGET /api/order/list/48 [32m200[0m 115.197 ms - 1429[0m
[0mGET /api/cart/list/48/384 [32m200[0m 50.526 ms - 49[0m
[0mGET /api/cart/list/48 [36m304[0m 40.487 ms - -[0m
[0mGET /api/address/list/48 [36m304[0m 61.865 ms - -[0m
[0mGET /api/address/list/48 [36m304[0m 37.490 ms - -[0m
[0mGET /api/cart/list/48 [36m304[0m 67.159 ms - -[0m
[0mGET /api/cart/list/48 [36m304[0m 30.136 ms - -[0m
[0mGET /api/address/list/48 [36m304[0m 34.569 ms - -[0m
[0mGET /api/cart/list/48 [36m304[0m 34.870 ms - -[0m
[0mGET /api/address/list/48 [36m304[0m 58.101 ms - -[0m
[0mGET /api/cart/list/48 [36m304[0m 72.946 ms - -[0m
[0mGET /api/address/list/48 [36m304[0m 62.933 ms - -[0m
[0mGET /api/cart/list/48 [36m304[0m 30.330 ms - -[0m
[0mGET /api/address/list/48 [36m304[0m 28.015 ms - -[0m
[0mGET /api/cart/list/48 [36m304[0m 31.238 ms - -[0m
[0mGET /api/address/list/48 [36m304[0m 30.604 ms - -[0m
[0mGET /api/cart/list/48 [36m304[0m 37.082 ms - -[0m
[0mGET /api/address/list/48 [36m304[0m 55.246 ms - -[0m
[0mGET /api/cart/list/48 [36m304[0m 73.589 ms - -[0m
[0mGET /api/address/list/48 [36m304[0m 78.684 ms - -[0m
[0mGET /api/cart/list/48 [36m304[0m 71.232 ms - -[0m
[0mGET /api/address/list/48 [36m304[0m 57.784 ms - -[0m
[0mGET /api/address/list/48 [36m304[0m 27.517 ms - -[0m
[0mGET /api/cart/list/48 [36m304[0m 30.043 ms - -[0m
[0mGET /api/address/list/48 [36m304[0m 43.466 ms - -[0m
[0mGET /api/cart/list/48 [36m304[0m 48.274 ms - -[0m
[0mGET /api/cart/list/48 [36m304[0m 52.566 ms - -[0m
[0mGET /api/address/list/48 [36m304[0m 83.934 ms - -[0m
[0mGET /api/auth/user/48 [36m304[0m 150.026 ms - -[0m
[0mGET /api/order/list/48 [36m304[0m 154.574 ms - -[0m
[0mGET /api/cart/list/48 [36m304[0m 28.570 ms - -[0m
[0mGET /api/address/list/48 [36m304[0m 32.681 ms - -[0m
[0mOPTIONS /api/address/update/26 [32m204[0m 0.573 ms - 0[0m
[0mPOST /api/address/update/26 [32m200[0m 120.463 ms - 266[0m
[0mGET /api/address/list/48 [32m200[0m 28.736 ms - 268[0m
[0mOPTIONS /api/address/update/26 [32m204[0m 0.344 ms - 0[0m
[0mPOST /api/address/update/26 [32m200[0m 57.627 ms - 266[0m
[0mGET /api/address/list/48 [32m200[0m 28.233 ms - 268[0m
[0mGET /api/cart/list/48 [36m304[0m 30.196 ms - -[0m
[0mGET /api/address/list/48 [36m304[0m 56.664 ms - -[0m
[0mGET /api/address/list/48 [36m304[0m 33.558 ms - -[0m
[0mGET /api/cart/list/48 [36m304[0m 57.368 ms - -[0m
[0mGET /api/cart/list/48/383 [32m200[0m 54.249 ms - 49[0m
[0mGET /api/cart/list/48/364 [32m200[0m 42.462 ms - 49[0m
[0mGET /api/store/getOpenStores [33m404[0m 40.076 ms - 60[0m
[0mGET /api/store/getAllStoresByFilters?search=null [36m304[0m 58.889 ms - -[0m
[0mGET /api/store/filterByCategory?categoryIds=null [36m304[0m 78.249 ms - -[0m
[0mGET /api/store/getAllStoresByFilters?paymentModes=null [36m304[0m 101.343 ms - -[0m
[0mGET /api/address/list/48 [36m304[0m 35.112 ms - -[0m
[0mGET /api/store/product/getAllProductById/58 [32m200[0m 37.763 ms - 830[0m
[0mGET /api/cart/list/48 [36m304[0m 38.990 ms - -[0m
[0mGET /api/store/list/58?currentLocation=13.04391696903477,80.21387785647926 [32m200[0m 42.500 ms - 1284[0m
[0mGET /api/cart/list/48/385 [32m200[0m 32.679 ms - 49[0m
[0mOPTIONS /api/cart/create [32m204[0m 1.025 ms - 0[0m
[0mPOST /api/cart/create [32m201[0m 67.645 ms - 292[0m
[0mGET /api/cart/list/48/385 [32m200[0m 29.917 ms - 629[0m
[0mGET /api/cart/list/48 [32m200[0m 27.072 ms - 631[0m
[0mGET /api/cart/list/48 [36m304[0m 130.612 ms - -[0m
[0mGET /api/address/list/48 [36m304[0m 143.298 ms - -[0m
[0mGET /api/cart/list/48 [36m304[0m 45.381 ms - -[0m
[0mGET /api/order/list/48 [36m304[0m 128.589 ms - -[0m
[0mGET /api/cart/list/48 [36m304[0m 39.245 ms - -[0m
[0mGET /api/order/list/48 [36m304[0m 73.356 ms - -[0m
[0mGET /api/cart/list/48 [36m304[0m 64.454 ms - -[0m
[0mGET /api/address/list/48 [36m304[0m 75.503 ms - -[0m
[0mGET /api/cart/list/48 [36m304[0m 61.329 ms - -[0m
[0mGET /api/address/list/48 [36m304[0m 63.711 ms - -[0m
[0mGET /api/cart/list/48 [36m304[0m 33.433 ms - -[0m
[0mGET /api/address/list/48 [36m304[0m 57.214 ms - -[0m
[0mGET /api/cart/list/48 [36m304[0m 33.207 ms - -[0m
[0mGET /api/address/list/48 [36m304[0m 35.117 ms - -[0m
[0mGET /api/cart/list/48 [36m304[0m 35.910 ms - -[0m
[0mGET /api/address/list/48 [36m304[0m 39.042 ms - -[0m
[0mGET /api/address/list/48 [36m304[0m 33.468 ms - -[0m
[0mGET /api/cart/list/48 [36m304[0m 35.451 ms - -[0m
[0mGET /api/address/list/48 [36m304[0m 31.473 ms - -[0m
[0mGET /api/cart/list/48 [36m304[0m 36.564 ms - -[0m
[0mGET /api/address/list/48 [36m304[0m 36.969 ms - -[0m
[0mGET /api/cart/list/48 [36m304[0m 42.481 ms - -[0m
[0mGET /api/address/list/48 [36m304[0m 31.194 ms - -[0m
[0mGET /api/cart/list/48 [36m304[0m 37.912 ms - -[0m
[0mGET /api/cart/list/48 [36m304[0m 49.741 ms - -[0m
[0mGET /api/address/list/48 [36m304[0m 56.073 ms - -[0m
[0mGET /api/cart/list/48 [36m304[0m 44.120 ms - -[0m
[0mGET /api/address/list/48 [36m304[0m 44.938 ms - -[0m
[0mGET /api/address/list/48 [36m304[0m 29.029 ms - -[0m
[0mGET /api/cart/list/48 [36m304[0m 39.626 ms - -[0m
[0mGET /api/address/list/48 [36m304[0m 29.968 ms - -[0m
[0mGET /api/cart/list/48 [36m304[0m 32.458 ms - -[0m
[0mGET /api/address/list/48 [36m304[0m 53.730 ms - -[0m
[0mGET /api/cart/list/48 [36m304[0m 44.958 ms - -[0m
[0mGET /api/address/list/48 [36m304[0m 29.738 ms - -[0m
[0mGET /api/cart/list/48 [36m304[0m 35.882 ms - -[0m
[0mGET /api/address/list/48 [36m304[0m 30.473 ms - -[0m
[0mGET /api/cart/list/48 [36m304[0m 32.024 ms - -[0m
[0mGET /api/address/list/48 [36m304[0m 42.939 ms - -[0m
[0mGET /api/cart/list/48 [36m304[0m 76.469 ms - -[0m
[0mGET /api/cart/list/48 [36m304[0m 31.322 ms - -[0m
[0mGET /api/address/list/48 [36m304[0m 55.515 ms - -[0m
[0mOPTIONS /api/order/create [32m204[0m 1.794 ms - 0[0m
[0mPOST /api/order/create [31m500[0m 5.955 ms - 34[0m
[0mOPTIONS /api/cart/delete/48/385 [32m204[0m 0.664 ms - 0[0m
[0mDELETE /api/cart/delete/48/385 [32m200[0m 82.398 ms - 46[0m
[0mGET /api/cart/list/48 [32m200[0m 44.078 ms - 26[0m
[0mGET /api/cart/list/48/385 [32m200[0m 37.577 ms - 49[0m
[0mGET /api/cart/list/48 [36m304[0m 33.258 ms - -[0m
[0mGET /api/address/list/48 [36m304[0m 52.544 ms - -[0m
[0mOPTIONS /api/cart/create [32m204[0m 0.303 ms - 0[0m
[0mPOST /api/cart/create [32m201[0m 58.366 ms - 277[0m
[0mGET /api/cart/list/48/385 [32m200[0m 30.680 ms - 628[0m
[0mGET /api/store/getOpenStores [33m404[0m 45.502 ms - 60[0m
[0mGET /api/store/getAllStoresByFilters?search=null [36m304[0m 63.316 ms - -[0m
[0mGET /api/store/filterByCategory?categoryIds=null [36m304[0m 87.153 ms - -[0m
[0mGET /api/store/getAllStoresByFilters?paymentModes=null [36m304[0m 117.308 ms - -[0m
[0mGET /api/cart/list/48 [32m200[0m 28.118 ms - 630[0m
[0mGET /api/address/list/48 [36m304[0m 29.538 ms - -[0m
[0mGET /api/cart/list/48/385 [36m304[0m 42.964 ms - -[0m
[0mOPTIONS /api/order/create [32m204[0m 0.766 ms - 0[0m
[0mPOST /api/order/create [31m500[0m 2.231 ms - 34[0m
[0mOPTIONS /api/cart/delete/48/385 [32m204[0m 0.761 ms - 0[0m
[0mDELETE /api/cart/delete/48/385 [32m200[0m 76.487 ms - 46[0m
[0mGET /api/cart/list/48 [32m200[0m 36.134 ms - 26[0m
[0mGET /api/cart/list/48/385 [32m200[0m 67.438 ms - 49[0m
[0mOPTIONS /api/cart/create [32m204[0m 1.154 ms - 0[0m
[0mPOST /api/cart/create [32m201[0m 87.447 ms - 277[0m
[0mGET /api/cart/list/48/385 [32m200[0m 47.346 ms - 628[0m
[0mGET /api/cart/list/48 [32m200[0m 39.944 ms - 630[0m
[0mGET /api/address/list/48 [36m304[0m 71.527 ms - -[0m
[0mGET /api/cart/list/48 [36m304[0m 57.181 ms - -[0m
[0mGET /api/address/list/48 [36m304[0m 86.464 ms - -[0m
[0mGET /api/category/getAllCategory [36m304[0m 117.747 ms - -[0m
[0mGET /api/store/list?currentLocation=13.04391696903477,80.21387785647926 [32m200[0m 137.627 ms - 7744[0m
[0mGET /api/auth/user/48 [36m304[0m 147.552 ms - -[0m
[0mGET /api/store/list/58?currentLocation=13.043890155637554,80.21374913038109 [32m200[0m 113.938 ms - 1284[0m
[0mGET /api/store/product/getAllProductById/58 [36m304[0m 83.509 ms - -[0m
[0mGET /api/category/getAllCategory [36m304[0m 53.127 ms - -[0m
[0mGET /api/order/list/48 [36m304[0m 174.688 ms - -[0m
[0mGET /api/cart/list/48/385 [36m304[0m 32.587 ms - -[0m
[0mOPTIONS /api/order/create [32m204[0m 0.503 ms - 0[0m
[0mPOST /api/order/create [31m500[0m 1.350 ms - 34[0m
[0mOPTIONS /api/cart/delete/48/385 [32m204[0m 0.334 ms - 0[0m
[0mDELETE /api/cart/delete/48/385 [32m200[0m 91.199 ms - 46[0m
[0mGET /api/cart/list/48/385 [32m200[0m 31.446 ms - 49[0m
[0mGET /api/cart/list/48 [32m200[0m 47.974 ms - 26[0m
[0mGET /api/cart/list/48 [36m304[0m 57.311 ms - -[0m
[0mGET /api/address/list/48 [36m304[0m 133.785 ms - -[0m
[0mOPTIONS /api/cart/create [32m204[0m 2.095 ms - 0[0m
[0mPOST /api/cart/create [32m201[0m 108.157 ms - 277[0m
[0mGET /api/cart/list/48/385 [32m200[0m 54.293 ms - 628[0m
[0mGET /api/address/list/48 [36m304[0m 67.282 ms - -[0m
[0mGET /api/cart/list/48 [32m200[0m 112.330 ms - 630[0m
[0mGET /api/store/list?currentLocation=13.043890155637554,80.21374913038109 [32m200[0m 144.243 ms - 7744[0m
[0mGET /api/category/getAllCategory [36m304[0m 155.862 ms - -[0m
[0mGET /api/auth/user/48 [36m304[0m 146.461 ms - -[0m
[0mGET /api/store/list/58?currentLocation=13.043918494334669,80.21382749907454 [32m200[0m 113.168 ms - 1284[0m
[0mGET /api/store/product/getAllProductById/58 [36m304[0m 68.426 ms - -[0m
[0mGET /api/category/getAllCategory [36m304[0m 32.755 ms - -[0m
[0mGET /api/order/list/48 [32m200[0m 181.110 ms - 1450[0m
[0mGET /api/cart/list/48/385 [36m304[0m 33.280 ms - -[0m
[0mOPTIONS /api/order/create [32m204[0m 0.548 ms - 0[0m
[0mPOST /api/order/create [31m500[0m 2.681 ms - 34[0m
[0mOPTIONS /api/cart/delete/48/385 [32m204[0m 0.489 ms - 0[0m
[0mDELETE /api/cart/delete/48/385 [32m200[0m 72.005 ms - 46[0m
[0mGET /api/cart/list/48 [32m200[0m 31.578 ms - 26[0m
[0mGET /api/cart/list/48/385 [32m200[0m 58.695 ms - 49[0m
[0mOPTIONS /api/cart/create [32m204[0m 3.651 ms - 0[0m
[0mPOST /api/cart/create [32m201[0m 74.803 ms - 292[0m
[0mGET /api/cart/list/48/385 [32m200[0m 39.807 ms - 629[0m
[0mGET /api/cart/list/48 [32m200[0m 43.419 ms - 631[0m
[0mOPTIONS /api/cart/update/48/385 [32m204[0m 1.702 ms - 0[0m
[0mPOST /api/cart/update/48/385 [32m200[0m 105.187 ms - 292[0m
[0mGET /api/cart/list/48/385 [32m200[0m 37.468 ms - 629[0m
[0mGET /api/cart/list/48 [32m200[0m 33.662 ms - 631[0m
[0mPOST /api/cart/update/48/385 [32m200[0m 82.612 ms - 292[0m
[0mGET /api/cart/list/48/385 [32m200[0m 27.531 ms - 629[0m
[0mGET /api/cart/list/48 [32m200[0m 34.010 ms - 631[0m
[0mPOST /api/cart/update/48/385 [32m200[0m 65.329 ms - 292[0m
[0mGET /api/cart/list/48/385 [32m200[0m 32.830 ms - 629[0m
[0mGET /api/cart/list/48 [32m200[0m 28.406 ms - 631[0m
[0mOPTIONS /api/cart/update/48/385 [32m204[0m 0.387 ms - 0[0m
[0mPOST /api/cart/update/48/385 [32m200[0m 55.714 ms - 292[0m
[0mGET /api/cart/list/48/385 [32m200[0m 27.303 ms - 629[0m
[0mGET /api/cart/list/48 [32m200[0m 33.647 ms - 631[0m
[0mOPTIONS /api/order/create [32m204[0m 0.877 ms - 0[0m
[0mOPTIONS /api/cart/delete/48/385 [32m204[0m 0.623 ms - 0[0m
[0mPOST /api/order/create [32m200[0m 123.761 ms - 304[0m
[0mDELETE /api/cart/delete/48/385 [32m200[0m 138.242 ms - 46[0m
[0mGET /api/cart/list/48/385 [32m200[0m 28.959 ms - 49[0m
[0mGET /api/cart/list/48 [32m200[0m 32.316 ms - 26[0m
[0mGET /api/cart/list/48 [36m304[0m 33.469 ms - -[0m
[0mGET /api/address/list/48 [36m304[0m 56.064 ms - -[0m
[0mGET /api/store/getOpenStores [33m404[0m 62.404 ms - 60[0m
[0mGET /api/store/getAllStoresByFilters?search=null [36m304[0m 92.989 ms - -[0m
[0mGET /api/store/filterByCategory?categoryIds=null [36m304[0m 128.291 ms - -[0m
[0mGET /api/store/getAllStoresByFilters?paymentModes=null [36m304[0m 133.972 ms - -[0m
[0mGET /api/store/list/57?currentLocation=13.043918494334669,80.21382749907454 [32m200[0m 48.282 ms - 1305[0m
[0mGET /api/store/product/getAllProductById/57 [36m304[0m 44.395 ms - -[0m
[0mGET /api/address/list/48 [36m304[0m 45.780 ms - -[0m
[0mGET /api/cart/list/48 [36m304[0m 48.861 ms - -[0m
[0mGET /api/cart/list/48/384 [36m304[0m 44.151 ms - -[0m
[0mGET /api/cart/list/48 [36m304[0m 37.166 ms - -[0m
[0mGET /api/address/list/48 [36m304[0m 59.085 ms - -[0m
[0mGET /api/cart/list/48 [36m304[0m 32.318 ms - -[0m
[0mGET /api/address/list/48 [36m304[0m 59.307 ms - -[0m
[0mGET /api/address/list/48 [36m304[0m 80.415 ms - -[0m
[0mGET /api/cart/list/48 [36m304[0m 97.826 ms - -[0m
[0mGET /api/address/list/48 [36m304[0m 31.881 ms - -[0m
[0mGET /api/cart/list/48 [36m304[0m 34.716 ms - -[0m
[0mGET /api/cart/list/48 [36m304[0m 37.838 ms - -[0m
[0mGET /api/address/list/48 [36m304[0m 36.985 ms - -[0m
[0mOPTIONS /api/order/create [32m204[0m 0.808 ms - 0[0m
[0mPOST /api/order/create [31m500[0m 37.591 ms - 32[0m
[0mGET /api/cart/list/48 [36m304[0m 41.412 ms - -[0m
[0mGET /api/address/list/48 [36m304[0m 74.376 ms - -[0m
[0mOPTIONS /api/order/create [32m204[0m 0.368 ms - 0[0m
[0mPOST /api/order/create [31m500[0m 42.383 ms - 32[0m
[0mOPTIONS /api/order/create [32m204[0m 6.810 ms - 0[0m
[0mPOST /api/order/create [32m200[0m 142.189 ms - 424[0m
[0mGET /api/cart/list/48/384 [36m304[0m 43.476 ms - -[0m
[0mGET /api/cart/list/48 [36m304[0m 36.289 ms - -[0m
[0mGET /api/address/list/48 [36m304[0m 63.794 ms - -[0m
[0mGET /api/order/list/48 [32m200[0m 135.100 ms - 3481[0m
[0mGET /api/cart/list/48/384 [36m304[0m 34.427 ms - -[0m
[0mGET /api/cart/list/48/344 [32m200[0m 33.839 ms - 49[0m
[0mGET /api/store/getOpenStores [33m404[0m 44.940 ms - 60[0m
[0mGET /api/store/filterByCategory?categoryIds=null [36m304[0m 67.987 ms - -[0m
[0mGET /api/store/getAllStoresByFilters?search=null [36m304[0m 94.881 ms - -[0m
[0mGET /api/store/getAllStoresByFilters?paymentModes=null [36m304[0m 123.408 ms - -[0m
[0mGET /api/store/product/getAllProductById/58 [36m304[0m 36.413 ms - -[0m
[0mGET /api/address/list/48 [36m304[0m 40.092 ms - -[0m
[0mGET /api/cart/list/48 [36m304[0m 43.594 ms - -[0m
[0mGET /api/store/list/58?currentLocation=13.043918494334669,80.21382749907454 [36m304[0m 52.725 ms - -[0m
[0mGET /api/cart/list/48/385 [36m304[0m 48.723 ms - -[0m
[0mGET /api/store/getOpenStores [33m404[0m 72.816 ms - 60[0m
[0mGET /api/store/filterByCategory?categoryIds=null [36m304[0m 74.070 ms - -[0m
[0mGET /api/store/getAllStoresByFilters?paymentModes=null [36m304[0m 103.190 ms - -[0m
[0mGET /api/store/getAllStoresByFilters?search=null [36m304[0m 133.903 ms - -[0m
[0mGET /api/store/product/getAllProductById/57 [36m304[0m 47.884 ms - -[0m
[0mGET /api/address/list/48 [36m304[0m 50.853 ms - -[0m
[0mGET /api/store/list/57?currentLocation=13.043918494334669,80.21382749907454 [36m304[0m 58.295 ms - -[0m
[0mGET /api/cart/list/48 [36m304[0m 52.771 ms - -[0m
[0mGET /api/cart/list/48/384 [36m304[0m 35.434 ms - -[0m
[0mGET /api/cart/list/48 [36m304[0m 72.265 ms - -[0m
[0mGET /api/address/list/48 [36m304[0m 100.668 ms - -[0m
[0mGET /api/category/getAllCategory [36m304[0m 138.016 ms - -[0m
[0mGET /api/store/list?currentLocation=13.043918494334669,80.21382749907454 [32m200[0m 160.350 ms - 7744[0m
[0mGET /api/auth/user/48 [36m304[0m 167.876 ms - -[0m
[0mGET /api/store/list/57?currentLocation=13.044009678249575,80.21389622223455 [32m200[0m 97.258 ms - 1305[0m
[0mGET /api/cart/list/48 [36m304[0m 88.597 ms - -[0m
[0mGET /api/order/list/48 [36m304[0m 206.111 ms - -[0m
[0mGET /api/category/getAllCategory [36m304[0m 50.504 ms - -[0m
[0mGET /api/store/product/getAllProductById/57 [36m304[0m 89.925 ms - -[0m
[0mGET /api/category/getAllCategory [36m304[0m 45.870 ms - -[0m
[0mGET /api/cart/list/48 [36m304[0m 58.672 ms - -[0m
[0mGET /api/store/list?currentLocation=13.044009678249575,80.21389622223455 [32m200[0m 60.488 ms - 7744[0m
[0mGET /api/address/list/48 [36m304[0m 63.092 ms - -[0m
[0mGET /api/auth/user/48 [36m304[0m 44.599 ms - -[0m
[0mGET /api/store/list/57?currentLocation=13.044032262726073,80.2138803705233 [32m200[0m 36.197 ms - 1305[0m
[0mGET /api/category/getAllCategory [36m304[0m 87.423 ms - -[0m
[0mGET /api/store/product/getAllProductById/57 [36m304[0m 95.175 ms - -[0m
[0mGET /api/order/list/48 [36m304[0m 142.702 ms - -[0m
[0mGET /api/cart/list/48 [36m304[0m 28.539 ms - -[0m
[0mGET /api/address/list/48 [36m304[0m 56.186 ms - -[0m
[0mGET /api/cart/list/48/384 [36m304[0m 62.808 ms - -[0m
[0mOPTIONS /api/order/create [32m204[0m 4.850 ms - 0[0m
[0mPOST /api/order/create [32m200[0m 128.089 ms - 424[0m
[0mGET /api/cart/list/48 [36m304[0m 35.381 ms - -[0m
[0mGET /api/address/list/48 [36m304[0m 61.953 ms - -[0m
[0mOPTIONS /api/payment/orders [32m204[0m 0.464 ms - 0[0m
[0mPOST /api/payment/orders [32m200[0m 1322.690 ms - 235[0m
[0mOPTIONS /api/order/create [32m204[0m 1.324 ms - 0[0m
[0mPOST /api/order/create [32m200[0m 96.548 ms - 424[0m
[0mGET /api/cart/list/48 [36m304[0m 66.768 ms - -[0m
[0mGET /api/address/list/48 [36m304[0m 104.187 ms - -[0m
[0mGET /api/category/getAllCategory [36m304[0m 144.467 ms - -[0m
[0mGET /api/auth/user/48 [36m304[0m 121.532 ms - -[0m
[0mGET /api/store/list?currentLocation=13.044032262726073,80.2138803705233 [32m200[0m 140.918 ms - 7744[0m
[0mGET /api/category/getAllCategory [36m304[0m 57.624 ms - -[0m
[0mGET /api/store/product/getAllProductById/57 [36m304[0m 112.265 ms - -[0m
[0mGET /api/store/list/57?currentLocation=13.043853260905568,80.2139474496036 [32m200[0m 138.018 ms - 1305[0m
[0mGET /api/order/list/48 [32m200[0m 222.019 ms - 5593[0m
[0mGET /api/cart/list/48 [36m304[0m 49.348 ms - -[0m
[0mGET /api/address/list/48 [36m304[0m 46.201 ms - -[0m
[0mGET /api/auth/user/48 [36m304[0m 42.192 ms - -[0m
[0mGET /api/category/getAllCategory [36m304[0m 59.624 ms - -[0m
[0mGET /api/store/list?currentLocation=13.043853260905568,80.2139474496036 [32m200[0m 57.792 ms - 7744[0m
[0mGET /api/order/list/48 [36m304[0m 97.413 ms - -[0m
[0mGET /api/category/getAllCategory [36m304[0m 44.133 ms - -[0m
[0mGET /api/store/product/getAllProductById/57 [36m304[0m 42.899 ms - -[0m
[0mGET /api/store/list/57?currentLocation=13.043798598546063,80.21381368567478 [32m200[0m 46.046 ms - 1305[0m
[0mGET /api/cart/list/48/384 [36m304[0m 38.215 ms - -[0m
[0mGET /api/address/list/48 [36m304[0m 40.506 ms - -[0m
[0mGET /api/cart/list/48 [36m304[0m 68.634 ms - -[0m
[0mGET /api/cart/list/48 [36m304[0m 40.344 ms - -[0m
[0mGET /api/address/list/48 [36m304[0m 69.719 ms - -[0m
[0mGET /api/cart/list/48 [36m304[0m 40.237 ms - -[0m
[0mGET /api/address/list/48 [36m304[0m 66.355 ms - -[0m
[0mGET /api/address/list/48 [36m304[0m 35.555 ms - -[0m
[0mGET /api/cart/list/48 [36m304[0m 37.925 ms - -[0m
[0mOPTIONS /api/payment/orders [32m204[0m 2.054 ms - 0[0m
[0mPOST /api/payment/orders [32m200[0m 1084.031 ms - 235[0m
[0mOPTIONS /api/payment/orders [32m204[0m 1.467 ms - 0[0m
[0mPOST /api/payment/orders [32m200[0m 182.313 ms - 235[0m
[0mGET /api/cart/list/48 [36m304[0m 38.449 ms - -[0m
[0mGET /api/address/list/48 [36m304[0m 62.264 ms - -[0m
[0mOPTIONS /api/payment/orders [32m204[0m 1.345 ms - 0[0m
[0mPOST /api/payment/orders [32m200[0m 227.949 ms - 235[0m
[0mGET /api/cart/list/48 [36m304[0m 36.446 ms - -[0m
[0mGET /api/address/list/48 [36m304[0m 62.962 ms - -[0m
[0mOPTIONS /api/payment/orders [32m204[0m 1.164 ms - 0[0m
[0mPOST /api/payment/orders [32m200[0m 159.235 ms - 235[0m
[0mGET /api/cart/list/48 [36m304[0m 53.242 ms - -[0m
[0mGET /api/address/list/48 [36m304[0m 74.043 ms - -[0m
[0mOPTIONS /api/payment/orders [32m204[0m 0.957 ms - 0[0m
[0mPOST /api/payment/orders [32m200[0m 132.718 ms - 235[0m
[0mGET /api/cart/list/48 [36m304[0m 43.001 ms - -[0m
[0mGET /api/address/list/48 [36m304[0m 74.414 ms - -[0m
[0mOPTIONS /api/payment/orders [32m204[0m 1.891 ms - 0[0m
[0mPOST /api/payment/orders [32m200[0m 170.612 ms - 235[0m
[0mGET /api/cart/list/48 [36m304[0m 83.958 ms - -[0m
[0mGET /api/address/list/48 [36m304[0m 108.532 ms - -[0m
[0mOPTIONS /api/payment/orders [32m204[0m 0.530 ms - 0[0m
[0mPOST /api/payment/orders [32m200[0m 173.605 ms - 235[0m
[0mGET /api/cart/list/48 [36m304[0m 34.834 ms - -[0m
[0mGET /api/address/list/48 [36m304[0m 60.473 ms - -[0m
[0mGET /api/cart/list/48 [36m304[0m 40.739 ms - -[0m
[0mGET /api/address/list/48 [36m304[0m 42.774 ms - -[0m
[0mGET /api/cart/list/48 [36m304[0m 32.188 ms - -[0m
[0mGET /api/address/list/48 [36m304[0m 56.020 ms - -[0m
[0mOPTIONS /api/payment/orders [32m204[0m 0.725 ms - 0[0m
[0mPOST /api/payment/orders [32m200[0m 146.042 ms - 235[0m
[0mGET /api/cart/list/48 [36m304[0m 36.287 ms - -[0m
[0mGET /api/address/list/48 [36m304[0m 65.238 ms - -[0m
[0mOPTIONS /api/payment/orders [32m204[0m 0.682 ms - 0[0m
[0mPOST /api/payment/orders [32m200[0m 201.248 ms - 235[0m
[0mGET /api/cart/list/48 [36m304[0m 37.496 ms - -[0m
[0mGET /api/address/list/48 [36m304[0m 69.429 ms - -[0m
[0mGET /api/address/list/48 [36m304[0m 35.589 ms - -[0m
[0mGET /api/cart/list/48 [36m304[0m 39.861 ms - -[0m
[0mOPTIONS /api/payment/orders [32m204[0m 0.594 ms - 0[0m
[0mPOST /api/payment/orders [32m200[0m 146.594 ms - 235[0m
[0mGET /api/cart/list/48 [36m304[0m 55.841 ms - -[0m
[0mGET /api/address/list/48 [36m304[0m 70.431 ms - -[0m
[0mGET /api/cart/list/48 [36m304[0m 40.630 ms - -[0m
[0mGET /api/address/list/48 [36m304[0m 37.916 ms - -[0m
[0mGET /api/cart/list/48 [36m304[0m 27.571 ms - -[0m
[0mGET /api/address/list/48 [36m304[0m 49.512 ms - -[0m
[0mOPTIONS /api/payment/orders [32m204[0m 1.908 ms - 0[0m
[0mPOST /api/payment/orders [32m200[0m 171.281 ms - 235[0m
[0mGET /api/cart/list/48 [36m304[0m 49.180 ms - -[0m
[0mGET /api/address/list/48 [36m304[0m 73.133 ms - -[0m
[0mGET /api/cart/list/48 [36m304[0m 44.708 ms - -[0m
[0mGET /api/address/list/48 [36m304[0m 73.845 ms - -[0m
[0mGET /api/address/list/48 [36m304[0m 38.641 ms - -[0m
[0mGET /api/cart/list/48 [36m304[0m 64.447 ms - -[0m
[0mOPTIONS /api/payment/orders [32m204[0m 8.882 ms - 0[0m
[0mPOST /api/payment/orders [32m200[0m 219.908 ms - 248[0m
[0mOPTIONS /api/payment/orders [32m204[0m 1.599 ms - 0[0m
[0mPOST /api/payment/orders [32m200[0m 159.127 ms - 248[0m
[0mGET /api/store/list?currentLocation=13.043798598546063,80.21381368567478 [32m200[0m 50.902 ms - 7744[0m
[0mGET /api/cart/list/48 [36m304[0m 76.529 ms - -[0m
[0mGET /api/category/getAllCategory [36m304[0m 107.519 ms - -[0m
[0mGET /api/auth/user/48 [36m304[0m 137.687 ms - -[0m
[0mGET /api/address/list/48 [36m304[0m 140.993 ms - -[0m
[0mGET /api/store/list/57?currentLocation=13.043879612878639,80.21374657876989 [32m200[0m 110.689 ms - 1305[0m
[0mGET /api/store/product/getAllProductById/57 [36m304[0m 104.261 ms - -[0m
[0mGET /api/order/list/48 [36m304[0m 178.617 ms - -[0m
[0mGET /api/category/getAllCategory [36m304[0m 73.913 ms - -[0m
[0mGET /api/cart/list/48/384 [36m304[0m 31.617 ms - -[0m
[0mOPTIONS /api/payment/orders [32m204[0m 0.960 ms - 0[0m
[0mPOST /api/payment/orders [32m200[0m 153.476 ms - 248[0m
[0mGET /api/cart/list/48 [36m304[0m 36.162 ms - -[0m
[0mGET /api/address/list/48 [36m304[0m 59.347 ms - -[0m
[0mGET /api/address/list/48 [36m304[0m 36.536 ms - -[0m
[0mGET /api/cart/list/48 [36m304[0m 45.327 ms - -[0m
[0mOPTIONS /api/payment/orders [32m204[0m 0.615 ms - 0[0m
[0mPOST /api/payment/orders [32m200[0m 144.281 ms - 248[0m
[0mGET /api/cart/list/48 [36m304[0m 97.282 ms - -[0m
[0mGET /api/address/list/48 [36m304[0m 136.958 ms - -[0m
[0mOPTIONS /api/payment/orders [32m204[0m 0.521 ms - 0[0m
[0mPOST /api/payment/orders [32m200[0m 169.119 ms - 248[0m
[0mGET /api/cart/list/48 [36m304[0m 38.731 ms - -[0m
[0mGET /api/address/list/48 [36m304[0m 74.360 ms - -[0m
[0mGET /api/auth/user/48 [36m304[0m 30.554 ms - -[0m
[0mOPTIONS /api/auth/rootLogin [32m204[0m 0.751 ms - 0[0m
[0mPOST /api/auth/rootLogin [32m200[0m 258.364 ms - 566[0m
[0mOPTIONS /api/product/getAllproductList [32m204[0m 0.306 ms - 0[0m
[0mGET /api/auth/user/48 [36m304[0m 40.661 ms - -[0m
[0mGET /api/order/list [32m200[0m 69.387 ms - 2012[0m
[0mGET /api/product/getAllproductList [32m200[0m 117.545 ms - 35846[0m
[0mGET /api/order/list/48 [36m304[0m 178.392 ms - -[0m
[0mOPTIONS /api/subscription/?subscriptionType=Plan1 [32m204[0m 0.710 ms - 0[0m
[0mGET /api/subscription/?subscriptionType=Plan1 [32m200[0m 34.192 ms - 298[0m
[0mGET /api/cart/list/48 [36m304[0m 39.057 ms - -[0m
[0mGET /api/address/list/48 [36m304[0m 83.577 ms - -[0m
[0mGET /api/cart/list/48 [36m304[0m 35.192 ms - -[0m
[0mGET /api/address/list/48 [36m304[0m 65.494 ms - -[0m
[0mGET /api/address/list/48 [36m304[0m 34.886 ms - -[0m
[0mGET /api/cart/list/48 [36m304[0m 39.065 ms - -[0m
[0mGET /api/address/list/48 [36m304[0m 36.630 ms - -[0m
[0mGET /api/cart/list/48 [36m304[0m 39.638 ms - -[0m
[0mGET /api/address/list/48 [36m304[0m 33.606 ms - -[0m
[0mGET /api/cart/list/48 [36m304[0m 39.196 ms - -[0m
[0mOPTIONS /api/payment/orders [32m204[0m 0.901 ms - 0[0m
[0mPOST /api/payment/orders [32m200[0m 186.109 ms - 248[0m
[0mGET /api/cart/list/48 [36m304[0m 44.751 ms - -[0m
[0mGET /api/address/list/48 [36m304[0m 65.769 ms - -[0m
[0mGET /api/cart/list/48 [36m304[0m 26.754 ms - -[0m
[0mGET /api/address/list/48 [36m304[0m 28.239 ms - -[0m
[0mOPTIONS /api/payment/orders [32m204[0m 0.836 ms - 0[0m
[0mPOST /api/payment/orders [32m200[0m 148.469 ms - 248[0m
[0mGET /api/cart/list/48 [36m304[0m 37.764 ms - -[0m
[0mGET /api/address/list/48 [36m304[0m 92.260 ms - -[0m
[0mGET /api/cart/list/48 [36m304[0m 52.033 ms - -[0m
[0mGET /api/address/list/48 [36m304[0m 58.177 ms - -[0m
[0mGET /api/cart/list/48 [36m304[0m 42.753 ms - -[0m
[0mGET /api/address/list/48 [36m304[0m 73.031 ms - -[0m
[0mOPTIONS /api/payment/orders [32m204[0m 0.538 ms - 0[0m
[0mPOST /api/payment/orders [32m200[0m 141.038 ms - 248[0m
[0mOPTIONS /api/payment/orders [32m204[0m 0.963 ms - 0[0m
[0mPOST /api/payment/orders [32m200[0m 157.385 ms - 248[0m
[0mGET /api/cart/list/48 [36m304[0m 30.612 ms - -[0m
[0mGET /api/address/list/48 [36m304[0m 56.862 ms - -[0m
[0mOPTIONS /api/payment/orders [32m204[0m 1.280 ms - 0[0m
[0mPOST /api/payment/orders [32m200[0m 138.099 ms - 248[0m
[0mGET /api/cart/list/48 [36m304[0m 33.363 ms - -[0m
[0mGET /api/address/list/48 [36m304[0m 63.601 ms - -[0m
[0mOPTIONS /api/payment/orders [32m204[0m 1.069 ms - 0[0m
[0mPOST /api/payment/orders [32m200[0m 136.377 ms - 248[0m
[0mGET /api/cart/list/48 [36m304[0m 54.715 ms - -[0m
[0mGET /api/address/list/48 [36m304[0m 94.870 ms - -[0m
[0mOPTIONS /api/payment/orders [32m204[0m 0.415 ms - 0[0m
[0mPOST /api/payment/orders [32m200[0m 161.594 ms - 248[0m
[0mGET /api/cart/list/48 [36m304[0m 119.712 ms - -[0m
[0mGET /api/address/list/48 [36m304[0m 154.509 ms - -[0m
[0mOPTIONS /api/payment/orders [32m204[0m 1.079 ms - 0[0m
[0mPOST /api/payment/orders [32m200[0m 153.424 ms - 248[0m
[0mGET /api/cart/list/48 [36m304[0m 70.464 ms - -[0m
[0mGET /api/address/list/48 [36m304[0m 138.852 ms - -[0m
[0mOPTIONS /api/payment/orders [32m204[0m 1.780 ms - 0[0m
[0mPOST /api/payment/orders [32m200[0m 172.890 ms - 248[0m
[0mGET /api/cart/list/48 [36m304[0m 46.454 ms - -[0m
[0mGET /api/address/list/48 [36m304[0m 60.031 ms - -[0m
[0mOPTIONS /api/payment/orders [32m204[0m 0.701 ms - 0[0m
[0mPOST /api/payment/orders [32m200[0m 187.841 ms - 248[0m
[0mGET /api/cart/list/48 [36m304[0m 35.119 ms - -[0m
[0mGET /api/address/list/48 [36m304[0m 66.254 ms - -[0m
[0mOPTIONS /api/payment/orders [32m204[0m 0.464 ms - 0[0m
[0mPOST /api/payment/orders [32m200[0m 156.646 ms - 248[0m
[0mGET /api/cart/list/48 [36m304[0m 39.846 ms - -[0m
[0mGET /api/address/list/48 [36m304[0m 74.691 ms - -[0m
[0mGET /api/address/list/48 [36m304[0m 37.475 ms - -[0m
[0mGET /api/cart/list/48 [36m304[0m 39.237 ms - -[0m
[0mGET /api/cart/list/48 [36m304[0m 39.986 ms - -[0m
[0mGET /api/address/list/48 [36m304[0m 73.964 ms - -[0m
[0mGET /api/category/getAllCategory [36m304[0m 109.445 ms - -[0m
[0mGET /api/store/list?currentLocation=13.043879612878639,80.21374657876989 [32m200[0m 150.686 ms - 7744[0m
[0mGET /api/auth/user/48 [36m304[0m 156.111 ms - -[0m
[0mGET /api/store/list/57?currentLocation=13.043925166894406,80.21387856439705 [32m200[0m 84.504 ms - 1305[0m
[0mGET /api/store/product/getAllProductById/57 [36m304[0m 58.534 ms - -[0m
[0mGET /api/cart/list/48 [36m304[0m 96.388 ms - -[0m
[0mGET /api/order/list/48 [36m304[0m 184.111 ms - -[0m
[0mGET /api/category/getAllCategory [36m304[0m 41.286 ms - -[0m
[0mGET /api/cart/list/48/384 [36m304[0m 37.586 ms - -[0m
[0mGET /api/cart/list/48 [36m304[0m 36.555 ms - -[0m
[0mGET /api/address/list/48 [36m304[0m 62.076 ms - -[0m
[0mGET /api/address/list/48 [36m304[0m 32.659 ms - -[0m
[0mGET /api/cart/list/48 [36m304[0m 33.455 ms - -[0m
[0mOPTIONS /api/payment/orders [32m204[0m 1.252 ms - 0[0m
[0mPOST /api/payment/orders [32m200[0m 186.609 ms - 248[0m
[0mGET /api/cart/list/48 [36m304[0m 42.634 ms - -[0m
[0mGET /api/address/list/48 [36m304[0m 74.457 ms - -[0m
[0mGET /api/cart/list/48 [36m304[0m 51.209 ms - -[0m
[0mGET /api/address/list/48 [36m304[0m 40.431 ms - -[0m
[0mGET /api/address/list/48 [36m304[0m 36.793 ms - -[0m
[0mGET /api/cart/list/48 [36m304[0m 42.226 ms - -[0m
[0mGET /api/address/list/48 [36m304[0m 30.615 ms - -[0m
[0mGET /api/cart/list/48 [36m304[0m 40.945 ms - -[0m
[0mGET /api/cart/list/48 [36m304[0m 36.152 ms - -[0m
[0mGET /api/address/list/48 [36m304[0m 38.320 ms - -[0m
[0mGET /api/address/list/48 [36m304[0m 34.839 ms - -[0m
[0mGET /api/cart/list/48 [36m304[0m 37.473 ms - -[0m
[0mGET /api/address/list/48 [36m304[0m 27.691 ms - -[0m
[0mGET /api/cart/list/48 [36m304[0m 36.907 ms - -[0m
[0mGET /api/address/list/48 [36m304[0m 48.875 ms - -[0m
[0mGET /api/cart/list/48 [36m304[0m 58.906 ms - -[0m
[0mGET /api/address/list/48 [36m304[0m 31.857 ms - -[0m
[0mGET /api/cart/list/48 [36m304[0m 37.816 ms - -[0m
[0mGET /api/address/list/48 [36m304[0m 42.316 ms - -[0m
[0mGET /api/cart/list/48 [36m304[0m 48.353 ms - -[0m
[0mGET /api/address/list/48 [36m304[0m 28.561 ms - -[0m
[0mGET /api/cart/list/48 [36m304[0m 37.129 ms - -[0m
[0mOPTIONS /api/payment/orders [32m204[0m 1.310 ms - 0[0m
[0mPOST /api/payment/orders [32m200[0m 155.882 ms - 248[0m
[0mGET /api/address/list/48 [36m304[0m 110.524 ms - -[0m
[0mGET /api/cart/list/48 [36m304[0m 134.882 ms - -[0m
[0mGET /api/address/list/48 [36m304[0m 48.389 ms - -[0m
[0mGET /api/cart/list/48 [36m304[0m 52.238 ms - -[0m
[0mOPTIONS /api/payment/orders [32m204[0m 0.921 ms - 0[0m
[0mPOST /api/payment/orders [32m200[0m 165.668 ms - 248[0m
[0mGET /api/cart/list/48 [36m304[0m 61.214 ms - -[0m
[0mGET /api/address/list/48 [36m304[0m 95.701 ms - -[0m
[0mGET /api/cart/list/48 [36m304[0m 47.262 ms - -[0m
[0mGET /api/address/list/48 [36m304[0m 47.031 ms - -[0m
[0mGET /api/address/list/48 [36m304[0m 31.453 ms - -[0m
[0mGET /api/cart/list/48 [36m304[0m 40.281 ms - -[0m
[0mOPTIONS /api/payment/orders [32m204[0m 0.500 ms - 0[0m
[0mPOST /api/payment/orders [32m200[0m 163.476 ms - 248[0m
[0mGET /api/cart/list/48 [36m304[0m 38.863 ms - -[0m
[0mGET /api/address/list/48 [36m304[0m 67.240 ms - -[0m
[0mGET /api/cart/list/48 [36m304[0m 34.246 ms - -[0m
[0mGET /api/address/list/48 [36m304[0m 35.899 ms - -[0m
[0mGET /api/cart/list/48 [36m304[0m 34.858 ms - -[0m
[0mGET /api/address/list/48 [36m304[0m 34.443 ms - -[0m
[0mGET /api/cart/list/48/384 [36m304[0m 44.750 ms - -[0m
[0mOPTIONS /api/payment/orders [32m204[0m 0.677 ms - 0[0m
[0mPOST /api/payment/orders [32m200[0m 168.794 ms - 248[0m
[0mGET /api/cart/list/48 [36m304[0m 43.509 ms - -[0m
[0mGET /api/address/list/48 [36m304[0m 67.099 ms - -[0m
[0mGET /api/category/getAllCategory [36m304[0m 102.024 ms - -[0m
[0mGET /api/store/list?currentLocation=13.043925166894406,80.21387856439705 [32m200[0m 142.819 ms - 7744[0m
[0mGET /api/auth/user/48 [36m304[0m 149.699 ms - -[0m
[0mGET /api/store/list/57?currentLocation=13.043957351598864,80.21384929885885 [32m200[0m 113.765 ms - 1305[0m
[0mGET /api/cart/list/48 [36m304[0m 107.815 ms - -[0m
[0mGET /api/store/product/getAllProductById/57 [36m304[0m 73.446 ms - -[0m
[0mGET /api/order/list/48 [36m304[0m 182.333 ms - -[0m
[0mGET /api/category/getAllCategory [36m304[0m 37.550 ms - -[0m
[0mGET /api/cart/list/48/384 [36m304[0m 40.945 ms - -[0m
[0mOPTIONS /api/payment/orders [32m204[0m 1.193 ms - 0[0m
[0mPOST /api/payment/orders [32m200[0m 161.337 ms - 248[0m
[0mGET /api/cart/list/48 [36m304[0m 68.298 ms - -[0m
[0mGET /api/address/list/48 [36m304[0m 83.391 ms - -[0m
[0mGET /api/category/getAllCategory [36m304[0m 119.825 ms - -[0m
[0mGET /api/store/list?currentLocation=13.043957351598864,80.21384929885885 [32m200[0m 158.864 ms - 7744[0m
[0mGET /api/auth/user/48 [36m304[0m 160.696 ms - -[0m
[0mGET /api/store/list/57?currentLocation=13.043924565479832,80.21394615820537 [32m200[0m 69.939 ms - 1305[0m
[0mGET /api/cart/list/48 [36m304[0m 69.915 ms - -[0m
[0mGET /api/store/product/getAllProductById/57 [36m304[0m 61.320 ms - -[0m
[0mGET /api/order/list/48 [36m304[0m 184.124 ms - -[0m
[0mGET /api/category/getAllCategory [36m304[0m 32.249 ms - -[0m
[0mGET /api/cart/list/48/384 [36m304[0m 34.696 ms - -[0m
[0mOPTIONS /api/payment/orders [32m204[0m 1.131 ms - 0[0m
[0mPOST /api/payment/orders [32m200[0m 145.078 ms - 248[0m
[0mGET /api/cart/list/48 [36m304[0m 56.249 ms - -[0m
[0mGET /api/address/list/48 [36m304[0m 96.714 ms - -[0m
[0mGET /api/store/list?currentLocation=13.043924565479832,80.21394615820537 [32m200[0m 137.174 ms - 7744[0m
[0mGET /api/category/getAllCategory [36m304[0m 149.515 ms - -[0m
[0mGET /api/auth/user/48 [36m304[0m 160.913 ms - -[0m
[0mGET /api/store/list/57?currentLocation=13.043847062954773,80.21385528138727 [32m200[0m 102.780 ms - 1305[0m
[0mGET /api/store/product/getAllProductById/57 [36m304[0m 99.848 ms - -[0m
[0mGET /api/order/list/48 [36m304[0m 200.162 ms - -[0m
[0mGET /api/category/getAllCategory [36m304[0m 44.161 ms - -[0m
[0mGET /api/cart/list/48/384 [36m304[0m 42.234 ms - -[0m
[0mOPTIONS /api/payment/orders [32m204[0m 0.572 ms - 0[0m
[0mPOST /api/payment/orders [32m200[0m 153.996 ms - 248[0m
[0mGET /api/auth/user/48 [36m304[0m 33.333 ms - -[0m
[0mGET /api/store/list?currentLocation=13.043847062954773,80.21385528138727 [32m200[0m 34.834 ms - 7744[0m
[0mGET /api/address/list/48 [36m304[0m 59.960 ms - -[0m
[0mGET /api/cart/list/48 [36m304[0m 89.706 ms - -[0m
[0mGET /api/auth/user/48 [36m304[0m 119.432 ms - -[0m
[0mGET /api/category/getAllCategory [36m304[0m 148.086 ms - -[0m
[0mGET /api/store/product/getAllProductById/57 [36m304[0m 106.406 ms - -[0m
[0mGET /api/store/list/57?currentLocation=13.043847062954773,80.21385528138727 [36m304[0m 104.908 ms - -[0m
[0mGET /api/order/list/48 [36m304[0m 183.412 ms - -[0m
[0mGET /api/category/getAllCategory [36m304[0m 35.500 ms - -[0m
[0mGET /api/address/list/48 [31m500[0m 48.462 ms - 2026[0m
[0mGET /api/cart/list/48 [36m304[0m 338.264 ms - -[0m
[0mGET /api/cart/list/48/384 [36m304[0m 34.507 ms - -[0m
[0mOPTIONS /api/payment/orders [32m204[0m 0.647 ms - 0[0m
[0mPOST /api/payment/orders [32m200[0m 1085.369 ms - 248[0m
[0mOPTIONS /api/payment/orders [32m204[0m 0.566 ms - 0[0m
[0mPOST /api/payment/orders [32m200[0m 203.763 ms - 248[0m
[0mGET /api/address/list/48 [32m200[0m 33.497 ms - 268[0m
[0mGET /api/store/list?currentLocation=13.043842188582692,80.2138749081224 [32m200[0m 66.675 ms - 7744[0m
[0mGET /api/auth/user/48 [36m304[0m 89.481 ms - -[0m
[0mGET /api/cart/list/48 [36m304[0m 120.914 ms - -[0m
[0mGET /api/category/getAllCategory [36m304[0m 147.187 ms - -[0m
[0mGET /api/store/list/57?currentLocation=13.043948618229594,80.2138824090001 [32m200[0m 109.992 ms - 1305[0m
[0mGET /api/address/list/48 [36m304[0m 109.163 ms - -[0m
[0mGET /api/store/product/getAllProductById/57 [36m304[0m 85.939 ms - -[0m
[0mGET /api/category/getAllCategory [36m304[0m 28.747 ms - -[0m
[0mGET /api/order/list/48 [36m304[0m 202.190 ms - -[0m
[0mGET /api/cart/list/48/384 [36m304[0m 38.681 ms - -[0m
[0mOPTIONS /api/payment/orders [32m204[0m 0.701 ms - 0[0m
[0mPOST /api/payment/orders [32m200[0m 162.513 ms - 248[0m
[0mGET /api/cart/list/48 [36m304[0m 44.700 ms - -[0m
[0mGET /api/address/list/48 [36m304[0m 86.460 ms - -[0m
[0mGET /api/cart/list/48 [36m304[0m 55.295 ms - -[0m
[0mGET /api/address/list/48 [36m304[0m 49.690 ms - -[0m
[0mGET /api/store/list?currentLocation=13.043948618229594,80.2138824090001 [32m200[0m 77.537 ms - 7744[0m
[0mGET /api/category/getAllCategory [36m304[0m 81.261 ms - -[0m
[0mGET /api/auth/user/48 [36m304[0m 113.107 ms - -[0m
[0mGET /api/store/list/57?currentLocation=13.043915455110946,80.21387071074163 [32m200[0m 117.032 ms - 1305[0m
[0mGET /api/category/getAllCategory [36m304[0m 74.817 ms - -[0m
[0mGET /api/store/product/getAllProductById/57 [36m304[0m 129.370 ms - -[0m
[0mGET /api/order/list/48 [36m304[0m 171.750 ms - -[0m
[0mGET /api/cart/list/48/384 [36m304[0m 53.716 ms - -[0m
[0mOPTIONS /api/payment/orders [32m204[0m 0.974 ms - 0[0m
[0mPOST /api/payment/orders [32m200[0m 153.358 ms - 248[0m
[0mGET /api/cart/list/48 [36m304[0m 34.811 ms - -[0m
[0mGET /api/address/list/48 [36m304[0m 65.634 ms - -[0m
[0mGET /api/cart/list/48 [36m304[0m 35.708 ms - -[0m
[0mGET /api/address/list/48 [36m304[0m 48.981 ms - -[0m
[0mGET /api/category/getAllCategory [36m304[0m 77.011 ms - -[0m
[0mGET /api/store/list?currentLocation=13.043915455110946,80.21387071074163 [32m200[0m 108.259 ms - 7744[0m
[0mGET /api/auth/user/48 [36m304[0m 117.946 ms - -[0m
[0mGET /api/store/list/57?currentLocation=13.04391545046613,80.21387071195285 [32m200[0m 97.041 ms - 1305[0m
[0mGET /api/order/list/48 [36m304[0m 157.816 ms - -[0m
[0mGET /api/category/getAllCategory [36m304[0m 88.909 ms - -[0m
[0mGET /api/store/product/getAllProductById/57 [36m304[0m 122.429 ms - -[0m
[0mGET /api/cart/list/48/384 [36m304[0m 41.808 ms - -[0m
[0mOPTIONS /api/payment/orders [32m204[0m 0.943 ms - 0[0m
[0mPOST /api/payment/orders [32m200[0m 152.155 ms - 248[0m
[0mGET /api/cart/list/48 [36m304[0m 143.734 ms - -[0m
[0mGET /api/address/list/48 [36m304[0m 149.004 ms - -[0m
[0mOPTIONS /api/payment/orders [32m204[0m 0.758 ms - 0[0m
[0mPOST /api/payment/orders [32m200[0m 234.850 ms - 248[0m
[0mGET /api/store/getOpenStores [33m404[0m 47.723 ms - 60[0m
[0mGET /api/store/filterByCategory?categoryIds=null [36m304[0m 87.981 ms - -[0m
[0mGET /api/store/getAllStoresByFilters?search=null [36m304[0m 129.975 ms - -[0m
[0mGET /api/store/getAllStoresByFilters?paymentModes=null [36m304[0m 132.897 ms - -[0m
[0mGET /api/cart/list/48 [36m304[0m 31.139 ms - -[0m
[0mGET /api/store/product/getAllProductById/58 [36m304[0m 34.832 ms - -[0m
[0mGET /api/store/list/58?currentLocation=13.04391545046613,80.21387071195285 [32m200[0m 49.389 ms - 1284[0m
[0mGET /api/address/list/48 [36m304[0m 50.031 ms - -[0m
[0mGET /api/cart/list/48/385 [36m304[0m 56.757 ms - -[0m
[0mOPTIONS /api/cart/create [32m204[0m 0.840 ms - 0[0m
[0mPOST /api/cart/create [32m201[0m 101.712 ms - 292[0m
[0mGET /api/cart/list/48/385 [32m200[0m 50.498 ms - 629[0m
[0mGET /api/cart/list/48 [32m200[0m 38.969 ms - 631[0m
[0mOPTIONS /api/payment/orders [32m204[0m 0.955 ms - 0[0m
[0mOPTIONS /api/cart/delete/48/385 [32m204[0m 0.509 ms - 0[0m
[0mDELETE /api/cart/delete/48/385 [32m200[0m 64.425 ms - 46[0m
[0mGET /api/cart/list/48 [32m200[0m 35.406 ms - 26[0m
[0mGET /api/cart/list/48/385 [32m200[0m 61.918 ms - 49[0m
[0mPOST /api/payment/orders [32m200[0m 161.760 ms - 257[0m
[0mOPTIONS /api/order/create [32m204[0m 0.271 ms - 0[0m
[0mPOST /api/order/create [32m200[0m 85.444 ms - 425[0m
[0mOPTIONS /api/cart/create [32m204[0m 0.720 ms - 0[0m
[0mPOST /api/cart/create [32m201[0m 60.938 ms - 292[0m
[0mGET /api/cart/list/48/385 [32m200[0m 31.525 ms - 629[0m
[0mGET /api/cart/list/48 [32m200[0m 37.239 ms - 631[0m
[0mOPTIONS /api/payment/orders [32m204[0m 0.483 ms - 0[0m
[0mOPTIONS /api/cart/delete/48/385 [32m204[0m 0.292 ms - 0[0m
[0mDELETE /api/cart/delete/48/385 [32m200[0m 133.321 ms - 46[0m
[0mGET /api/cart/list/48/385 [32m200[0m 34.359 ms - 49[0m
[0mGET /api/cart/list/48 [32m200[0m 38.669 ms - 26[0m
[0mPOST /api/payment/orders [32m200[0m 233.807 ms - 257[0m
[0mOPTIONS /api/order/create [32m204[0m 0.437 ms - 0[0m
[0mPOST /api/order/create [32m200[0m 101.494 ms - 425[0m
[0mOPTIONS /api/cart/create [32m204[0m 0.733 ms - 0[0m
[0mPOST /api/cart/create [32m201[0m 70.752 ms - 292[0m
[0mGET /api/cart/list/48/385 [32m200[0m 35.359 ms - 629[0m
[0mGET /api/cart/list/48 [32m200[0m 33.182 ms - 631[0m
[0mOPTIONS /api/address/create [32m204[0m 0.730 ms - 0[0m
[0mPOST /api/address/create [32m201[0m 59.615 ms - 252[0m
[0mGET /api/address/list/48 [32m200[0m 34.206 ms - 511[0m
[0mGET /api/store/getOpenStores [33m404[0m 55.036 ms - 60[0m
[0mGET /api/store/filterByCategory?categoryIds=null [36m304[0m 74.784 ms - -[0m
[0mGET /api/store/getAllStoresByFilters?search=null [36m304[0m 104.716 ms - -[0m
[0mGET /api/store/getAllStoresByFilters?paymentModes=null [36m304[0m 133.345 ms - -[0m
[0mGET /api/cart/list/48 [36m304[0m 49.767 ms - -[0m
[0mGET /api/address/list/48 [36m304[0m 52.305 ms - -[0m
[0mGET /api/store/list/57?currentLocation=13.04391545046613,80.21387071195285 [36m304[0m 53.433 ms - -[0m
[0mGET /api/store/product/getAllProductById/57 [36m304[0m 53.416 ms - -[0m
[0mGET /api/cart/list/48/384 [36m304[0m 37.807 ms - -[0m
[0mOPTIONS /api/payment/orders [32m204[0m 0.444 ms - 0[0m
[0mOPTIONS /api/cart/delete/48/385 [32m204[0m 0.400 ms - 0[0m
[0mDELETE /api/cart/delete/48/385 [32m200[0m 68.138 ms - 46[0m
[0mGET /api/cart/list/48 [32m200[0m 37.094 ms - 26[0m
[0mPOST /api/payment/orders [32m200[0m 147.614 ms - 257[0m
[0mOPTIONS /api/order/create [32m204[0m 0.345 ms - 0[0m
[0mPOST /api/order/create [32m200[0m 99.655 ms - 425[0m
[0mGET /api/cart/list/48 [36m304[0m 37.275 ms - -[0m
[0mGET /api/address/list/48 [36m304[0m 38.203 ms - -[0m
[0mGET /api/category/getAllCategory [36m304[0m 41.234 ms - -[0m
[0mGET /api/auth/user/48 [36m304[0m 57.986 ms - -[0m
[0mGET /api/store/list?currentLocation=13.04391545046613,80.21387071195285 [32m200[0m 64.115 ms - 7744[0m
[0mGET /api/category/getAllCategory [36m304[0m 34.477 ms - -[0m
[0mGET /api/store/list/57?currentLocation=13.043885193351784,80.21384881815587 [32m200[0m 47.394 ms - 1305[0m
[0mGET /api/cart/list/48 [36m304[0m 53.864 ms - -[0m
[0mGET /api/order/list/48 [32m200[0m 100.086 ms - 8869[0m
[0mGET /api/store/product/getAllProductById/57 [36m304[0m 45.066 ms - -[0m
[0mGET /api/address/list/48 [36m304[0m 29.274 ms - -[0m
[0mGET /api/cart/list/48 [36m304[0m 53.395 ms - -[0m
[0mGET /api/cart/list/48/384 [36m304[0m 34.120 ms - -[0m
[0mGET /api/cart/list/48 [36m304[0m 33.079 ms - -[0m
[0mGET /api/address/list/48 [36m304[0m 56.168 ms - -[0m
[0mGET /api/cart/list/48 [36m304[0m 68.954 ms - -[0m
[0mGET /api/address/list/48 [36m304[0m 104.610 ms - -[0m
[0mGET /api/address/list/48 [36m304[0m 36.332 ms - -[0m
[0mGET /api/cart/list/48 [36m304[0m 44.777 ms - -[0m
[0mGET /api/cart/list/48 [36m304[0m 33.851 ms - -[0m
[0mGET /api/address/list/48 [36m304[0m 81.226 ms - -[0m
[0mGET /api/cart/list/48 [36m304[0m 27.659 ms - -[0m
[0mGET /api/address/list/48 [36m304[0m 27.817 ms - -[0m
[0mOPTIONS /api/product/getAllproductList [32m204[0m 0.257 ms - 0[0m
[0mGET /api/product/getAllproductList [36m304[0m 69.375 ms - -[0m
[0mOPTIONS /api/category/getAllCategory [32m204[0m 0.235 ms - 0[0m
[0mOPTIONS /api/product/getProductById/384 [32m204[0m 0.140 ms - 0[0m
[0mGET /api/category/getAllCategory [36m304[0m 161.505 ms - -[0m
[0mGET /api/product/getProductById/384 [32m200[0m 167.153 ms - 643[0m
[0mPOST /api/auth/upload-file [33m400[0m 9.624 ms - 82[0m
[0mOPTIONS /api/product/update [32m204[0m 0.389 ms - 0[0m
[0mPOST /api/product/update [31m500[0m 1.907 ms - 34[0m
[0mGET /api/cart/list/48 [36m304[0m 54.396 ms - -[0m
[0mGET /api/address/list/48 [36m304[0m 99.860 ms - -[0m
[0mGET /api/category/getAllCategory [36m304[0m 135.757 ms - -[0m
[0mGET /api/store/list?currentLocation=13.043885193351784,80.21384881815587 [32m200[0m 160.587 ms - 7744[0m
[0mGET /api/auth/user/48 [36m304[0m 169.801 ms - -[0m
[0mGET /api/store/list/57?currentLocation=13.043864800964723,80.21384412057644 [32m200[0m 123.053 ms - 1305[0m
[0mGET /api/store/product/getAllProductById/57 [32m200[0m 98.324 ms - 2943[0m
[0mGET /api/category/getAllCategory [36m304[0m 62.973 ms - -[0m
[0mGET /api/order/list/48 [32m200[0m 209.954 ms - 8854[0m
[0mGET /api/cart/list/48/384 [36m304[0m 44.323 ms - -[0m
[0mGET /api/address/list/48 [36m304[0m 29.272 ms - -[0m
[0mGET /api/auth/user/48 [36m304[0m 29.139 ms - -[0m
[0mGET /api/category/getAllCategory [36m304[0m 37.464 ms - -[0m
[0mGET /api/cart/list/48 [36m304[0m 45.650 ms - -[0m
[0mGET /api/category/getAllCategory [36m304[0m 114.074 ms - -[0m
[0mGET /api/order/list/48 [36m304[0m 153.506 ms - -[0m
[0mGET /api/store/product/getAllProductById/57 [36m304[0m 318.707 ms - -[0m
[0mGET /api/store/list?currentLocation=13.043864800964723,80.21384412057644 [32m200[0m 359.471 ms - 7744[0m
[0mGET /api/store/list/57?currentLocation=13.043846078700472,80.21393535794684 [32m200[0m 328.044 ms - 1305[0m
[0mGET /api/store/getAllStoresByFilters?search=null [36m304[0m 118.745 ms - -[0m
[0mGET /api/store/getAllStoresByFilters?paymentModes=null [36m304[0m 216.264 ms - -[0m
[0mGET /api/store/filterByCategory?categoryIds=null [36m304[0m 219.894 ms - -[0m
[0mGET /api/store/getOpenStores [33m404[0m 223.462 ms - 60[0m
[0mGET /api/cart/list/48 [36m304[0m 34.392 ms - -[0m
[0mGET /api/address/list/48 [36m304[0m 35.949 ms - -[0m
[0mGET /api/cart/list/48/384 [36m304[0m 43.057 ms - -[0m
[0mGET /api/cart/list/48 [36m304[0m 65.474 ms - -[0m
[0mGET /api/address/list/48 [36m304[0m 85.049 ms - -[0m
[0mGET /api/category/getAllCategory [36m304[0m 91.082 ms - -[0m
[0mGET /api/store/list?currentLocation=13.043846078700472,80.21393535794684 [32m200[0m 136.955 ms - 7744[0m
[0mGET /api/auth/user/48 [36m304[0m 136.206 ms - -[0m
[0mGET /api/store/list/57?currentLocation=13.043846077623382,80.21393536527721 [32m200[0m 92.387 ms - 1305[0m
[0mGET /api/category/getAllCategory [36m304[0m 82.640 ms - -[0m
[0mGET /api/store/product/getAllProductById/57 [32m200[0m 112.646 ms - 2943[0m
[0mGET /api/order/list/48 [32m200[0m 173.731 ms - 8854[0m
[0mGET /api/cart/list/48/384 [36m304[0m 53.797 ms - -[0m
[0mOPTIONS /api/payment/orders [32m204[0m 0.548 ms - 0[0m
[0mPOST /api/payment/orders [32m200[0m 162.672 ms - 244[0m
[0mOPTIONS /api/order/orderlist [32m204[0m 0.287 ms - 0[0m
[0mPOST /api/order/orderlist [33m404[0m 0.901 ms - 28[0m
[0mGET /api/store/list?currentLocation=13.043846077623382,80.21393536527721 [32m200[0m 71.631 ms - 7744[0m
[0mGET /api/cart/list/48 [36m304[0m 108.652 ms - -[0m
[0mGET /api/address/list/48 [36m304[0m 152.914 ms - -[0m
[0mGET /api/category/getAllCategory [36m304[0m 158.490 ms - -[0m
[0mGET /api/auth/user/48 [36m304[0m 170.936 ms - -[0m
[0mGET /api/store/product/getAllProductById/57 [36m304[0m 77.862 ms - -[0m
[0mGET /api/category/getAllCategory [36m304[0m 28.790 ms - -[0m
[0mGET /api/store/list/57?currentLocation=13.043872403280055,80.21377603112315 [32m200[0m 132.627 ms - 1305[0m
[0mGET /api/order/list/48 [36m304[0m 197.058 ms - -[0m
[0mGET /api/cart/list/48/384 [36m304[0m 38.736 ms - -[0m
[0mOPTIONS /api/payment/orders [32m204[0m 0.523 ms - 0[0m
[0mPOST /api/payment/orders [32m200[0m 158.398 ms - 244[0m
[0mOPTIONS /api/payment/orderlist [32m204[0m 0.971 ms - 0[0m
[0mPOST /api/payment/orderlist [31m500[0m 191.744 ms - 31[0m
[0mGET /api/cart/list/48 [36m304[0m 48.951 ms - -[0m
[0mGET /api/address/list/48 [36m304[0m 87.974 ms - -[0m
[0mGET /api/cart/list/48/384 [36m304[0m 36.971 ms - -[0m
[0mOPTIONS /api/payment/orders [32m204[0m 0.789 ms - 0[0m
[0mPOST /api/payment/orders [32m200[0m 156.660 ms - 244[0m
[0mOPTIONS /api/payment/orderlist [32m204[0m 0.515 ms - 0[0m
[0mPOST /api/payment/orderlist [31m500[0m 213.375 ms - 31[0m
[0mGET /api/cart/list/48/384 [36m304[0m 156.589 ms - -[0m
[0mOPTIONS /api/payment/orders [32m204[0m 0.963 ms - 0[0m
[0mPOST /api/payment/orders [32m200[0m 224.899 ms - 244[0m
[0mOPTIONS /api/payment/orderlist [32m204[0m 0.550 ms - 0[0m
[0mPOST /api/payment/orderlist [31m500[0m 213.691 ms - 31[0m
[0mGET /api/cart/list/48/384 [36m304[0m 91.832 ms - -[0m
[0mGET /api/cart/list/48 [36m304[0m 52.827 ms - -[0m
[0mGET /api/address/list/48 [36m304[0m 129.142 ms - -[0m
[0mOPTIONS /api/payment/orders [32m204[0m 1.251 ms - 0[0m
[0mPOST /api/payment/orders [32m200[0m 237.292 ms - 244[0m
[0mOPTIONS /api/payment/orderlist [32m204[0m 9.330 ms - 0[0m
[0mPOST /api/payment/orderlist [32m200[0m 204.651 ms - 759[0m
[0mOPTIONS /api/order/create [32m204[0m 0.616 ms - 0[0m
[0mPOST /api/order/create [32m200[0m 107.274 ms - 422[0m
[0mGET /api/cart/list/48 [36m304[0m 33.630 ms - -[0m
[0mGET /api/address/list/48 [36m304[0m 64.407 ms - -[0m
[0mGET /api/cart/list/48 [36m304[0m 69.461 ms - -[0m
[0mGET /api/address/list/48 [36m304[0m 67.949 ms - -[0m
[0mGET /api/cart/list/48/384 [36m304[0m 35.982 ms - -[0m
[0mOPTIONS /api/payment/orders [32m204[0m 0.284 ms - 0[0m
[0mPOST /api/payment/orders [32m200[0m 177.129 ms - 244[0m
[0mGET /api/store/getOpenStores [33m404[0m 37.442 ms - 60[0m
[0mGET /api/store/getAllStoresByFilters?search=null [36m304[0m 59.037 ms - -[0m
[0mGET /api/store/filterByCategory?categoryIds=null [36m304[0m 71.632 ms - -[0m
[0mGET /api/store/getAllStoresByFilters?paymentModes=null [36m304[0m 91.809 ms - -[0m
[0mGET /api/store/product/getAllProductById/58 [36m304[0m 52.302 ms - -[0m
[0mGET /api/store/list/58?currentLocation=13.043872403280055,80.21377603112315 [32m200[0m 59.713 ms - 1284[0m
[0mGET /api/cart/list/48 [36m304[0m 55.814 ms - -[0m
[0mGET /api/address/list/48 [36m304[0m 54.833 ms - -[0m
[0mGET /api/cart/list/48/385 [32m200[0m 40.554 ms - 49[0m
[0mOPTIONS /api/cart/create [32m204[0m 0.769 ms - 0[0m
[0mPOST /api/cart/create [32m201[0m 81.804 ms - 292[0m
[0mGET /api/cart/list/48/385 [32m200[0m 46.667 ms - 629[0m
[0mGET /api/cart/list/48 [32m200[0m 45.808 ms - 631[0m
[0mOPTIONS /api/payment/orders [32m204[0m 0.525 ms - 0[0m
[0mOPTIONS /api/cart/delete/48/385 [32m204[0m 0.403 ms - 0[0m
[0mDELETE /api/cart/delete/48/385 [32m200[0m 78.777 ms - 46[0m
[0mGET /api/cart/list/48 [32m200[0m 40.396 ms - 26[0m
[0mGET /api/cart/list/48/385 [32m200[0m 41.195 ms - 49[0m
[0mPOST /api/payment/orders [32m200[0m 168.104 ms - 250[0m
[0mGET /api/cart/list/48 [36m304[0m 37.682 ms - -[0m
[0mGET /api/address/list/48 [36m304[0m 80.707 ms - -[0m
[0mGET /api/cart/list/48 [36m304[0m 35.030 ms - -[0m
[0mGET /api/address/list/48 [36m304[0m 64.749 ms - -[0m
[0mGET /api/cart/list/48 [36m304[0m 35.150 ms - -[0m
[0mGET /api/address/list/48 [36m304[0m 65.691 ms - -[0m
[0mGET /api/address/list/48 [36m304[0m 35.869 ms - -[0m
[0mGET /api/cart/list/48 [36m304[0m 40.871 ms - -[0m
[0mOPTIONS /api/cart/create [32m204[0m 0.785 ms - 0[0m
[0mPOST /api/cart/create [32m201[0m 71.934 ms - 292[0m
[0mGET /api/cart/list/48/385 [32m200[0m 40.202 ms - 629[0m
[0mGET /api/cart/list/48 [32m200[0m 61.069 ms - 631[0m
[0mOPTIONS /api/cart/update/48/385 [32m204[0m 0.896 ms - 0[0m
[0mPOST /api/cart/update/48/385 [32m200[0m 106.014 ms - 292[0m
[0mGET /api/cart/list/48/385 [32m200[0m 35.681 ms - 629[0m
[0mGET /api/cart/list/48 [32m200[0m 36.782 ms - 631[0m
[0mPOST /api/cart/update/48/385 [32m200[0m 103.404 ms - 292[0m
[0mGET /api/cart/list/48/385 [32m200[0m 34.432 ms - 629[0m
[0mGET /api/cart/list/48 [32m200[0m 34.864 ms - 631[0m
[0mOPTIONS /api/payment/orders [32m204[0m 0.778 ms - 0[0m
[0mPOST /api/payment/orders [32m200[0m 172.491 ms - 250[0m
[0mGET /api/store/getOpenStores [33m404[0m 37.542 ms - 60[0m
[0mGET /api/store/getAllStoresByFilters?search=null [36m304[0m 61.321 ms - -[0m
[0mGET /api/store/filterByCategory?categoryIds=null [36m304[0m 84.038 ms - -[0m
[0mGET /api/store/getAllStoresByFilters?paymentModes=null [36m304[0m 108.899 ms - -[0m
[0mGET /api/address/list/48 [36m304[0m 33.427 ms - -[0m
[0mGET /api/cart/list/48 [36m304[0m 65.379 ms - -[0m
[0mGET /api/cart/list/48 [32m200[0m 39.362 ms - 26[0m
[0mGET /api/address/list/48 [36m304[0m 82.151 ms - -[0m
[0mGET /api/store/list/57?currentLocation=13.043872403280055,80.21377603112315 [36m304[0m 111.721 ms - -[0m
[0mGET /api/store/product/getAllProductById/57 [36m304[0m 143.553 ms - -[0m
[0mGET /api/cart/list/48/364 [32m200[0m 39.431 ms - 634[0m
[0mGET /api/store/getOpenStores [33m404[0m 38.097 ms - 60[0m
[0mGET /api/store/filterByCategory?categoryIds=null [36m304[0m 58.347 ms - -[0m
[0mGET /api/store/getAllStoresByFilters?paymentModes=null [36m304[0m 81.044 ms - -[0m
[0mGET /api/store/getAllStoresByFilters?search=null [36m304[0m 107.893 ms - -[0m
[0mGET /api/address/list/48 [36m304[0m 33.628 ms - -[0m
[0mGET /api/cart/list/48 [32m200[0m 48.413 ms - 1239[0m
[0mGET /api/category/getAllCategory [36m304[0m 44.889 ms - -[0m
[0mGET /api/store/list?currentLocation=13.043872403280055,80.21377603112315 [32m200[0m 50.327 ms - 7744[0m
[0mGET /api/address/list/48 [36m304[0m 58.243 ms - -[0m
[0mGET /api/cart/list/48 [36m304[0m 60.643 ms - -[0m
[0mGET /api/auth/user/48 [36m304[0m 64.041 ms - -[0m
[0mGET /api/category/getAllCategory [36m304[0m 39.929 ms - -[0m
[0mGET /api/order/list/48 [32m200[0m 94.903 ms - 36[0m
[0mGET /api/store/product/getAllProductById/57 [32m200[0m 32.590 ms - 2938[0m
[0mGET /api/store/list/57?currentLocation=13.043918212321294,80.21388300991741 [32m200[0m 40.278 ms - 1305[0m
[0mGET /api/cart/list/48/383 [32m200[0m 27.005 ms - 626[0m
[0mGET /api/cart/list/48/364 [36m304[0m 30.044 ms - -[0m
[0mOPTIONS /api/payment/orders [32m204[0m 0.935 ms - 0[0m
[0mPOST /api/payment/orders [32m200[0m 159.758 ms - 244[0m
[0mOPTIONS /api/payment/orderlist [32m204[0m 0.532 ms - 0[0m
[0mPOST /api/payment/orderlist [32m200[0m 193.248 ms - 759[0m
[0mOPTIONS /api/order/create [32m204[0m 0.604 ms - 0[0m
[0mOPTIONS /api/order/create [32m204[0m 0.428 ms - 0[0m
[0mPOST /api/order/create [31m500[0m 4.176 ms - 32[0m
[0mPOST /api/order/create [31m500[0m 2.605 ms - 32[0m
[0mOPTIONS /api/cart/delete/48/364 [32m204[0m 0.376 ms - 0[0m
[0mOPTIONS /api/cart/delete/48/383 [32m204[0m 0.584 ms - 0[0m
[0mDELETE /api/cart/delete/48/364 [32m200[0m 88.026 ms - 46[0m
[0mDELETE /api/cart/delete/48/383 [32m200[0m 114.063 ms - 46[0m
[0mGET /api/cart/list/48 [32m200[0m 34.659 ms - 26[0m
[0mGET /api/cart/list/48/364 [32m200[0m 59.695 ms - 49[0m
[0mGET /api/cart/list/48/383 [32m200[0m 60.082 ms - 49[0m
[0mGET /api/cart/delete/48/383 [33m404[0m 10.877 ms - 2701[0m
[0mOPTIONS /api/cart/create [32m204[0m 1.170 ms - 0[0m
[0mPOST /api/cart/create [32m201[0m 66.688 ms - 300[0m
[0mGET /api/cart/list/48/364 [32m200[0m 37.512 ms - 637[0m
[0mGET /api/cart/list/48/383 [36m304[0m 48.886 ms - -[0m
[0mGET /api/cart/list/48 [32m200[0m 78.428 ms - 639[0m
[0mPOST /api/cart/create [32m201[0m 74.071 ms - 289[0m
[0mGET /api/cart/list/48/383 [32m200[0m 33.173 ms - 626[0m
[0mGET /api/cart/list/48 [32m200[0m 35.019 ms - 1242[0m
[0mGET /api/cart/list/48/364 [36m304[0m 36.167 ms - -[0m
[0mOPTIONS /api/payment/orders [32m204[0m 0.721 ms - 0[0m
[0mPOST /api/payment/orders [32m200[0m 152.562 ms - 244[0m
[0mOPTIONS /api/payment/orderlist [32m204[0m 0.314 ms - 0[0m
[0mPOST /api/payment/orderlist [32m200[0m 196.499 ms - 759[0m
[0mOPTIONS /api/order/create [32m204[0m 0.391 ms - 0[0m
[0mOPTIONS /api/order/create [32m204[0m 0.270 ms - 0[0m
[0mPOST /api/order/create [31m500[0m 2.862 ms - 32[0m
[0mPOST /api/order/create [31m500[0m 2.035 ms - 32[0m
[0mOPTIONS /api/cart/delete/48/364 [32m204[0m 0.387 ms - 0[0m
[0mOPTIONS /api/cart/delete/48/383 [32m204[0m 0.494 ms - 0[0m
[0mDELETE /api/cart/delete/48/364 [32m200[0m 114.612 ms - 46[0m
[0mDELETE /api/cart/delete/48/383 [32m200[0m 134.264 ms - 46[0m
[0mGET /api/cart/list/48/364 [32m200[0m 43.584 ms - 49[0m
[0mGET /api/cart/list/48 [32m200[0m 45.339 ms - 26[0m
[0mGET /api/cart/list/48/383 [32m200[0m 59.079 ms - 49[0m
[0mOPTIONS /api/cart/create [32m204[0m 11.279 ms - 0[0m
[0mPOST /api/cart/create [32m201[0m 73.005 ms - 300[0m
[0mGET /api/cart/list/48/364 [32m200[0m 37.132 ms - 637[0m
[0mGET /api/cart/list/48 [32m200[0m 54.108 ms - 639[0m
[0mGET /api/cart/list/48/383 [36m304[0m 80.099 ms - -[0m
[0mPOST /api/cart/create [32m201[0m 63.295 ms - 289[0m
[0mGET /api/cart/list/48/383 [32m200[0m 33.384 ms - 626[0m
[0mGET /api/cart/list/48 [32m200[0m 34.452 ms - 1242[0m
[0mGET /api/cart/list/48/364 [36m304[0m 35.958 ms - -[0m
[0mOPTIONS /api/payment/orders [32m204[0m 0.682 ms - 0[0m
[0mPOST /api/payment/orders [32m200[0m 233.964 ms - 244[0m
[0mOPTIONS /api/payment/orderlist [32m204[0m 0.684 ms - 0[0m
[0mPOST /api/payment/orderlist [32m200[0m 195.445 ms - 759[0m
[0mOPTIONS /api/order/create [32m204[0m 0.445 ms - 0[0m
[0mOPTIONS /api/order/create [32m204[0m 0.220 ms - 0[0m
[0mPOST /api/order/create [32m200[0m 144.511 ms - 422[0m
[0mOPTIONS /api/cart/delete/48/364 [32m204[0m 0.416 ms - 0[0m
[0mPOST /api/order/create [32m200[0m 169.087 ms - 422[0m
[0mOPTIONS /api/cart/delete/48/383 [32m204[0m 0.237 ms - 0[0m
[0mDELETE /api/cart/delete/48/364 [32m200[0m 77.767 ms - 46[0m
[0mDELETE /api/cart/delete/48/383 [32m200[0m 59.513 ms - 46[0m
[0mGET /api/cart/list/48/364 [32m200[0m 31.840 ms - 49[0m
[0mGET /api/cart/list/48/383 [32m200[0m 38.167 ms - 49[0m
[0mGET /api/cart/list/48 [32m200[0m 43.049 ms - 26[0m
[0mGET /api/order/list/48 [32m200[0m 93.814 ms - 2777[0m
[0mGET /api/order/list/48 [32m200[0m 75.739 ms - 2783[0m
[0mGET /api/order/list/48 [36m304[0m 60.143 ms - -[0m
[0mGET /api/cart/list/48 [36m304[0m 37.636 ms - -[0m
[0mGET /api/store/list?currentLocation=13.043918212321294,80.21388300991741 [32m200[0m 62.398 ms - 7744[0m
[0mGET /api/address/list/48 [36m304[0m 83.067 ms - -[0m
[0mGET /api/category/getAllCategory [36m304[0m 137.821 ms - -[0m
[0mGET /api/auth/user/48 [36m304[0m 163.899 ms - -[0m
[0mGET /api/store/list/57?currentLocation=13.043842604783283,80.21393165232632 [32m200[0m 145.751 ms - 1305[0m
[0mGET /api/store/product/getAllProductById/57 [36m304[0m 124.173 ms - -[0m
[0mGET /api/order/list/48 [36m304[0m 190.057 ms - -[0m
[0mGET /api/category/getAllCategory [36m304[0m 52.130 ms - -[0m
[0mGET /api/cart/list/48/383 [36m304[0m 48.266 ms - -[0m
[0mGET /api/cart/list/48/364 [36m304[0m 46.341 ms - -[0m
[0mOPTIONS /api/cart/create [32m204[0m 1.546 ms - 0[0m
[0mPOST /api/cart/create [32m201[0m 82.459 ms - 288[0m
[0mGET /api/cart/list/48/364 [32m200[0m 38.253 ms - 639[0m
[0mGET /api/address/list/48 [36m304[0m 55.118 ms - -[0m
[0mGET /api/address/list/48 [36m304[0m 51.516 ms - -[0m
[0mGET /api/cart/list/48 [32m200[0m 69.177 ms - 641[0m
[0mGET /api/address/list/48 [36m304[0m 65.789 ms - -[0m
[0mGET /api/cart/list/48 [36m304[0m 46.959 ms - -[0m
[0mGET /api/address/list/48 [36m304[0m 45.906 ms - -[0m
[0mOPTIONS /api/cart/delete/48/364 [32m204[0m 1.388 ms - 0[0m
[0mDELETE /api/cart/delete/48/364 [32m200[0m 66.716 ms - 46[0m
[0mGET /api/cart/list/48 [32m200[0m 36.348 ms - 26[0m
[0mGET /api/cart/list/48/364 [32m200[0m 62.918 ms - 49[0m
[0mGET /api/cart/list/48/383 [36m304[0m 109.995 ms - -[0m
[0mOPTIONS /api/cart/create [32m204[0m 0.872 ms - 0[0m
[0mPOST /api/cart/create [32m201[0m 66.324 ms - 278[0m
[0mGET /api/cart/list/48/383 [32m200[0m 33.979 ms - 629[0m
[0mGET /api/cart/list/48 [32m200[0m 33.998 ms - 631[0m
[0mGET /api/address/list/48 [36m304[0m 62.028 ms - -[0m
[0mGET /api/cart/list/48 [36m304[0m 32.511 ms - -[0m
[0mGET /api/address/list/48 [36m304[0m 34.133 ms - -[0m
[0mGET /api/cart/list/48 [36m304[0m 31.537 ms - -[0m
[0mGET /api/address/list/48 [36m304[0m 61.637 ms - -[0m
[0mOPTIONS /api/cart/delete/48/383 [32m204[0m 0.415 ms - 0[0m
[0mDELETE /api/cart/delete/48/383 [32m200[0m 71.114 ms - 46[0m
[0mGET /api/cart/list/48/383 [32m200[0m 38.137 ms - 49[0m
[0mGET /api/cart/list/48/364 [36m304[0m 40.904 ms - -[0m
[0mDELETE /api/cart/delete/48/383 [33m404[0m 28.401 ms - 49[0m
[0mGET /api/cart/list/48/364 [36m304[0m 32.461 ms - -[0m
[0mGET /api/cart/list/48/383 [36m304[0m 35.329 ms - -[0m
[0mOPTIONS /api/cart/delete/48/383 [32m204[0m 1.880 ms - 0[0m
[0mDELETE /api/cart/delete/48/383 [33m404[0m 38.040 ms - 49[0m
[0mGET /api/cart/list/48/383 [36m304[0m 33.809 ms - -[0m
[0mGET /api/cart/list/48/364 [36m304[0m 38.157 ms - -[0m
[0mGET /api/address/list/48 [36m304[0m 46.456 ms - -[0m
[0mGET /api/cart/list/48 [32m200[0m 50.894 ms - 26[0m
[0mGET /api/category/getAllCategory [36m304[0m 84.087 ms - -[0m
[0mGET /api/auth/user/48 [36m304[0m 101.481 ms - -[0m
[0mGET /api/store/list?currentLocation=13.043842604783283,80.21393165232632 [32m200[0m 119.112 ms - 7744[0m
[0mGET /api/store/list/57?currentLocation=13.043832048820981,80.21391269045532 [32m200[0m 85.370 ms - 1305[0m
[0mGET /api/order/list/48 [36m304[0m 162.384 ms - -[0m
[0mGET /api/store/product/getAllProductById/57 [36m304[0m 110.160 ms - -[0m
[0mGET /api/category/getAllCategory [36m304[0m 82.045 ms - -[0m
[0mGET /api/cart/list/48/364 [36m304[0m 32.308 ms - -[0m
[0mGET /api/cart/list/48/383 [36m304[0m 37.675 ms - -[0m
[0mOPTIONS /api/cart/create [32m204[0m 0.332 ms - 0[0m
[0mPOST /api/cart/create [32m201[0m 80.789 ms - 278[0m
[0mGET /api/cart/list/48/383 [32m200[0m 42.490 ms - 629[0m
[0mGET /api/cart/list/48 [32m200[0m 34.117 ms - 631[0m
[0mGET /api/address/list/48 [36m304[0m 62.768 ms - -[0m
[0mGET /api/cart/list/48 [36m304[0m 45.457 ms - -[0m
[0mOPTIONS /api/cart/create [32m204[0m 0.890 ms - 0[0m
[0mPOST /api/cart/create [32m201[0m 61.337 ms - 300[0m
[0mGET /api/cart/list/48/364 [32m200[0m 35.830 ms - 637[0m
[0mGET /api/cart/list/48/383 [36m304[0m 37.146 ms - -[0m
[0mGET /api/cart/list/48 [32m200[0m 49.844 ms - 1245[0m
[0mGET /api/cart/list/48 [36m304[0m 40.402 ms - -[0m
[0mOPTIONS /api/cart/delete/48/364 [32m204[0m 0.427 ms - 0[0m
[0mDELETE /api/cart/delete/48/364 [32m200[0m 68.221 ms - 46[0m
[0mGET /api/cart/list/48 [32m200[0m 29.537 ms - 631[0m
[0mGET /api/cart/list/48/383 [36m304[0m 31.382 ms - -[0m
[0mGET /api/cart/list/48/364 [32m200[0m 34.137 ms - 49[0m
[0mOPTIONS /api/cart/delete/48/383 [32m204[0m 0.506 ms - 0[0m
[0mDELETE /api/cart/delete/48/383 [32m200[0m 91.735 ms - 46[0m
[0mGET /api/cart/list/48/383 [32m200[0m 31.199 ms - 49[0m
[0mGET /api/cart/list/48/364 [36m304[0m 35.771 ms - -[0m
[0mGET /api/cart/list/48 [32m200[0m 38.383 ms - 26[0m
[0mGET /api/cart/list/48 [36m304[0m 37.468 ms - -[0m
[0mOPTIONS /api/cart/create [32m204[0m 0.970 ms - 0[0m
[0mPOST /api/cart/create [32m201[0m 71.650 ms - 278[0m
[0mGET /api/cart/list/48/383 [32m200[0m 36.615 ms - 629[0m
[0mGET /api/cart/list/48 [32m200[0m 41.556 ms - 631[0m
[0mGET /api/cart/list/48 [36m304[0m 41.562 ms - -[0m
[0mGET /api/auth/user/48 [36m304[0m 46.540 ms - -[0m
[0mOPTIONS /api/auth/rootLogin [32m204[0m 1.272 ms - 0[0m
[0mPOST /api/auth/rootLogin [32m200[0m 261.207 ms - 589[0m
[0mOPTIONS /api/store/product/getAllProductById/57 [32m204[0m 25.166 ms - 0[0m
[0mGET /api/order/list/122 [0m-[0m - ms - -[0m
[0mGET /api/auth/user/122 [36m304[0m 34.949 ms - -[0m
[0mGET /api/store/product/getAllProductById/57 [32m200[0m 97.752 ms - 2948[0m
[0mGET /api/order/list/122 [32m200[0m 136.164 ms - 36[0m
[0mGET /api/store/product/getAllProductById/57 [36m304[0m 37.480 ms - -[0m
[0mOPTIONS /api/category/getAllCategory [32m204[0m 0.323 ms - 0[0m
[0mOPTIONS /api/subscription/57?subscriptionType=Plan0 [32m204[0m 0.117 ms - 0[0m
[0mOPTIONS /api/subscription/57?subscriptionType=Plan1 [32m204[0m 0.133 ms - 0[0m
[0mOPTIONS /api/subscription/57?subscriptionType=Plan3 [32m204[0m 0.118 ms - 0[0m
[0mOPTIONS /api/subscription/57?subscriptionType=Plan2 [32m204[0m 0.088 ms - 0[0m
[0mOPTIONS /api/product/getProductById/364 [32m204[0m 0.454 ms - 0[0m
[0mGET /api/subscription/57?subscriptionType=Plan3 [33m404[0m 33.053 ms - 52[0m
[0mGET /api/category/getAllCategory [36m304[0m 36.993 ms - -[0m
[0mGET /api/subscription/57?subscriptionType=Plan0 [33m404[0m 39.360 ms - 52[0m
[0mGET /api/subscription/57?subscriptionType=Plan1 [33m404[0m 37.292 ms - 52[0m
[0mGET /api/subscription/57?subscriptionType=Plan2 [33m404[0m 62.214 ms - 52[0m
[0mGET /api/product/getProductById/364 [32m200[0m 60.691 ms - 891[0m
[0mPOST /api/auth/upload-file [33m400[0m 7.158 ms - 108[0m
[0mOPTIONS /api/product/update [32m204[0m 0.356 ms - 0[0m
[0mPOST /api/product/update [32m200[0m 96.563 ms - 45[0m
[0mOPTIONS /api/store/product-add [32m204[0m 0.286 ms - 0[0m
[0mPOST /api/store/product-add [32m200[0m 91.088 ms - 67[0m
[0mOPTIONS /api/store/product/getAllProductById/57 [32m204[0m 0.451 ms - 0[0m
[0mGET /api/store/product/getAllProductById/57 [32m200[0m 45.828 ms - 2948[0m
[0mGET /api/cart/list/122 [36m304[0m 29.236 ms - -[0m
[0mGET /api/address/list/122 [33m404[0m 40.277 ms - 81[0m
[0mGET /api/category/getAllCategory [36m304[0m 33.265 ms - -[0m
[0mGET /api/auth/user/122 [36m304[0m 35.019 ms - -[0m
[0mGET /api/store/list?currentLocation=13.043832048820981,80.21391269045532 [32m200[0m 43.444 ms - 7744[0m
[0mGET /api/order/list/122 [36m304[0m 62.455 ms - -[0m
[0mGET /api/category/getAllCategory [36m304[0m 39.699 ms - -[0m
[0mGET /api/store/product/getAllProductById/57 [36m304[0m 34.464 ms - -[0m
[0mGET /api/store/list/57?currentLocation=13.043849162022447,80.21388302361859 [32m200[0m 35.936 ms - 1305[0m
[0mGET /api/cart/list/122/383 [36m304[0m 32.360 ms - -[0m
[0mGET /api/cart/list/122/364 [32m200[0m 34.961 ms - 49[0m
[0mOPTIONS /api/cart/create [32m204[0m 0.981 ms - 0[0m
[0mPOST /api/cart/create [32m201[0m 72.449 ms - 279[0m
[0mGET /api/cart/list/122/383 [32m200[0m 34.406 ms - 651[0m
[0mGET /api/cart/list/122 [32m200[0m 54.306 ms - 653[0m
[0mGET /api/cart/list/122 [36m304[0m 35.023 ms - -[0m
[0mOPTIONS /api/cart/create [32m204[0m 0.658 ms - 0[0m
[0mPOST /api/cart/create [32m201[0m 37.633 ms - 289[0m
[0mGET /api/cart/list/122/364 [32m200[0m 34.832 ms - 661[0m
[0mGET /api/cart/list/122 [32m200[0m 39.588 ms - 1291[0m
[0mOPTIONS /api/cart/delete/122/383 [32m204[0m 0.390 ms - 0[0m
[0mDELETE /api/cart/delete/122/383 [32m200[0m 64.586 ms - 46[0m
[0mGET /api/cart/list/122 [32m200[0m 35.308 ms - 663[0m
[0mGET /api/cart/list/122/364 [36m304[0m 65.547 ms - -[0m
[0mGET /api/cart/list/122/383 [32m200[0m 86.180 ms - 49[0m
[0mGET /api/cart/list/122 [36m304[0m 36.007 ms - -[0m
[0mOPTIONS /api/cart/create [32m204[0m 0.204 ms - 0[0m
[0mPOST /api/cart/create [32m201[0m 68.347 ms - 279[0m
[0mGET /api/cart/list/122/383 [32m200[0m 29.298 ms - 651[0m
[0mGET /api/cart/list/122 [32m200[0m 34.557 ms - 1291[0m
[0mOPTIONS /api/cart/delete/122/364 [32m204[0m 0.613 ms - 0[0m
[0mDELETE /api/cart/delete/122/364 [32m200[0m 59.712 ms - 46[0m
[0mGET /api/cart/list/122 [32m200[0m 30.593 ms - 653[0m
[0mGET /api/cart/list/122/383 [36m304[0m 29.284 ms - -[0m
[0mGET /api/cart/list/122/364 [32m200[0m 32.990 ms - 49[0m
[0mOPTIONS /api/cart/delete/122/383 [32m204[0m 0.322 ms - 0[0m
[0mDELETE /api/cart/delete/122/383 [32m200[0m 67.165 ms - 46[0m
[0mGET /api/cart/list/122/364 [36m304[0m 34.846 ms - -[0m
[0mGET /api/cart/list/122/383 [32m200[0m 34.246 ms - 49[0m
[0mGET /api/cart/list/122 [32m200[0m 39.640 ms - 26[0m
[0mGET /api/cart/list/122 [36m304[0m 37.424 ms - -[0m
[0mOPTIONS /api/category/getAllCategory [32m204[0m 0.471 ms - 0[0m
[0mOPTIONS /api/subscription/57?subscriptionType=Plan0 [32m204[0m 0.358 ms - 0[0m
[0mOPTIONS /api/subscription/57?subscriptionType=Plan1 [32m204[0m 0.223 ms - 0[0m
[0mOPTIONS /api/subscription/57?subscriptionType=Plan3 [32m204[0m 0.752 ms - 0[0m
[0mOPTIONS /api/subscription/57?subscriptionType=Plan2 [32m204[0m 0.439 ms - 0[0m
[0mOPTIONS /api/product/getProductById/383 [32m204[0m 0.467 ms - 0[0m
[0mGET /api/category/getAllCategory [36m304[0m 40.640 ms - -[0m
[0mGET /api/subscription/57?subscriptionType=Plan1 [33m404[0m 38.402 ms - 52[0m
[0mGET /api/subscription/57?subscriptionType=Plan0 [33m404[0m 46.548 ms - 52[0m
[0mGET /api/subscription/57?subscriptionType=Plan3 [33m404[0m 52.718 ms - 52[0m
[0mGET /api/subscription/57?subscriptionType=Plan2 [33m404[0m 48.135 ms - 52[0m
[0mGET /api/product/getProductById/383 [32m200[0m 55.904 ms - 1039[0m
[0mPOST /api/auth/upload-file [33m400[0m 2.857 ms - 108[0m
[0mOPTIONS /api/product/update [32m204[0m 0.288 ms - 0[0m
[0mPOST /api/product/update [32m200[0m 135.348 ms - 45[0m
[0mOPTIONS /api/store/product-add [32m204[0m 0.336 ms - 0[0m
[0mPOST /api/store/product-add [32m200[0m 131.562 ms - 67[0m
[0mOPTIONS /api/store/product/getAllProductById/57 [32m204[0m 0.475 ms - 0[0m
[0mGET /api/store/product/getAllProductById/57 [32m200[0m 49.383 ms - 2959[0m
[0mGET /api/address/list/122 [33m404[0m 44.010 ms - 81[0m
[0mGET /api/category/getAllCategory [36m304[0m 84.359 ms - -[0m
[0mGET /api/store/list?currentLocation=13.043849162022447,80.21388302361859 [32m200[0m 137.179 ms - 7744[0m
[0mGET /api/cart/list/122 [36m304[0m 131.486 ms - -[0m
[0mGET /api/auth/user/122 [36m304[0m 142.394 ms - -[0m
[0mGET /api/store/product/getAllProductById/57 [36m304[0m 121.786 ms - -[0m
[0mGET /api/store/list/57?currentLocation=13.043849162022447,80.21388302361859 [36m304[0m 96.129 ms - -[0m
[0mGET /api/category/getAllCategory [36m304[0m 48.769 ms - -[0m
[0mGET /api/order/list/122 [36m304[0m 220.790 ms - -[0m
[0mGET /api/cart/list/122/383 [36m304[0m 38.430 ms - -[0m
[0mGET /api/cart/list/122/364 [36m304[0m 51.735 ms - -[0m
[0mGET /api/store/getOpenStores [33m404[0m 52.793 ms - 60[0m
[0mGET /api/store/filterByCategory?categoryIds=null [36m304[0m 63.239 ms - -[0m
[0mGET /api/cart/list/122 [36m304[0m 74.279 ms - -[0m
[0mGET /api/store/getAllStoresByFilters?paymentModes=null [36m304[0m 99.888 ms - -[0m
[0mGET /api/store/getAllStoresByFilters?search=null [36m304[0m 124.655 ms - -[0m
[0mGET /api/order/list [32m200[0m 36.319 ms - 921[0m
[0mGET /api/order/store/list/57 [32m200[0m 77.537 ms - 5313[0m
[0mGET /api/auth/user/122 [36m304[0m 40.052 ms - -[0m
[0mGET /api/order/list [36m304[0m 35.280 ms - -[0m
[0mGET /api/order/store/list/57 [36m304[0m 72.731 ms - -[0m
[0mOPTIONS /api/store/admin/product/getAllProductById/57 [32m204[0m 0.721 ms - 0[0m
[0mGET /api/store/admin/product/getAllProductById/57 [33m404[0m 2.835 ms - 2701[0m
[0mGET /api/auth/user/122 [32m200[0m 49.034 ms - 378[0m
[0mOPTIONS /api/store/admin/product/getAllProductById/57 [32m204[0m 0.713 ms - 0[0m
[0mGET /api/store/admin/product/getAllProductById/57 [33m404[0m 3.724 ms - 2701[0m
[0mGET /api/auth/user/122 [36m304[0m 43.828 ms - -[0m
[0mOPTIONS /api/store/product/admin/getAllProductById/57 [32m204[0m 0.391 ms - 0[0m
[0mGET /api/auth/user/122 [36m304[0m 43.203 ms - -[0m
[0mGET /api/store/product/admin/getAllProductById/57 [32m200[0m 68.883 ms - 3697[0m
[0mOPTIONS /api/category/getAllCategory [32m204[0m 1.114 ms - 0[0m
[0mOPTIONS /api/subscription/57?subscriptionType=Plan0 [32m204[0m 0.414 ms - 0[0m
[0mOPTIONS /api/subscription/57?subscriptionType=Plan1 [32m204[0m 0.580 ms - 0[0m
[0mOPTIONS /api/subscription/57?subscriptionType=Plan3 [32m204[0m 0.426 ms - 0[0m
[0mOPTIONS /api/subscription/57?subscriptionType=Plan2 [32m204[0m 0.133 ms - 0[0m
[0mOPTIONS /api/product/getProductById/386 [32m204[0m 0.247 ms - 0[0m
[0mGET /api/category/getAllCategory [32m200[0m 55.947 ms - 1931[0m
[0mGET /api/subscription/57?subscriptionType=Plan0 [33m404[0m 95.916 ms - 52[0m
[0mGET /api/subscription/57?subscriptionType=Plan3 [33m404[0m 128.623 ms - 52[0m
[0mGET /api/subscription/57?subscriptionType=Plan1 [33m404[0m 157.740 ms - 52[0m
[0mGET /api/product/getProductById/386 [32m200[0m 156.269 ms - 654[0m
[0mGET /api/subscription/57?subscriptionType=Plan2 [33m404[0m 168.762 ms - 52[0m
[0mPOST /api/auth/upload-file [33m400[0m 8.329 ms - 108[0m
[0mOPTIONS /api/product/update [32m204[0m 0.665 ms - 0[0m
[0mPOST /api/product/update [32m200[0m 162.519 ms - 45[0m
[0mOPTIONS /api/store/product-add [32m204[0m 0.644 ms - 0[0m
[0mPOST /api/store/product-add [32m200[0m 138.935 ms - 67[0m
[0mOPTIONS /api/store/product/admin/getAllProductById/57 [32m204[0m 0.444 ms - 0[0m
[0mGET /api/store/product/admin/getAllProductById/57 [32m200[0m 51.428 ms - 3697[0m
[0mOPTIONS /api/subscription/57?subscriptionType=Plan0 [32m204[0m 0.555 ms - 0[0m
[0mOPTIONS /api/subscription/57?subscriptionType=Plan1 [32m204[0m 0.342 ms - 0[0m
[0mOPTIONS /api/subscription/57?subscriptionType=Plan3 [32m204[0m 0.247 ms - 0[0m
[0mOPTIONS /api/subscription/57?subscriptionType=Plan2 [32m204[0m 0.272 ms - 0[0m
[0mOPTIONS /api/product/getProductById/387 [32m204[0m 2.174 ms - 0[0m
[0mGET /api/subscription/57?subscriptionType=Plan2 [33m404[0m 37.549 ms - 52[0m
[0mGET /api/subscription/57?subscriptionType=Plan0 [33m404[0m 52.762 ms - 52[0m
[0mGET /api/subscription/57?subscriptionType=Plan1 [33m404[0m 49.619 ms - 52[0m
[0mGET /api/subscription/57?subscriptionType=Plan3 [33m404[0m 47.796 ms - 52[0m
[0mGET /api/product/getProductById/387 [32m200[0m 49.625 ms - 626[0m
[0mPOST /api/auth/upload-file [33m400[0m 4.045 ms - 108[0m
[0mOPTIONS /api/product/update [32m204[0m 0.414 ms - 0[0m
[0mPOST /api/product/update [32m200[0m 128.928 ms - 45[0m
[0mOPTIONS /api/store/product-add [32m204[0m 1.959 ms - 0[0m
[0mPOST /api/store/product-add [32m200[0m 123.995 ms - 67[0m
[0mOPTIONS /api/store/product/admin/getAllProductById/57 [32m204[0m 2.813 ms - 0[0m
[0mGET /api/store/product/admin/getAllProductById/57 [32m200[0m 48.210 ms - 3697[0m
[0mOPTIONS /api/category/getAllCategory [32m204[0m 3.716 ms - 0[0m
[0mOPTIONS /api/subscription/57?subscriptionType=Plan0 [32m204[0m 0.852 ms - 0[0m
[0mOPTIONS /api/subscription/57?subscriptionType=Plan1 [32m204[0m 1.167 ms - 0[0m
[0mOPTIONS /api/subscription/57?subscriptionType=Plan3 [32m204[0m 0.215 ms - 0[0m
[0mOPTIONS /api/subscription/57?subscriptionType=Plan2 [32m204[0m 0.130 ms - 0[0m
[0mOPTIONS /api/product/getProductById/387 [32m204[0m 0.137 ms - 0[0m
[0mGET /api/category/getAllCategory [36m304[0m 60.644 ms - -[0m
[0mGET /api/subscription/57?subscriptionType=Plan0 [33m404[0m 89.410 ms - 52[0m
[0mGET /api/subscription/57?subscriptionType=Plan1 [33m404[0m 129.923 ms - 52[0m
[0mGET /api/subscription/57?subscriptionType=Plan2 [33m404[0m 163.006 ms - 52[0m
[0mGET /api/subscription/57?subscriptionType=Plan3 [33m404[0m 170.278 ms - 52[0m
[0mGET /api/product/getProductById/387 [32m200[0m 196.584 ms - 626[0m
