[0mGET /api/productFeedback/list/418 [33m404[0m 20.113 ms - 57[0m
[0mGET /api/cart/list/119/418 [36m304[0m 77.135 ms - -[0m
[0mOPTIONS /api/productFeedback/create [32m204[0m 2.336 ms - 0[0m
[0mPOST /api/productFeedback/create [33m404[0m 6.027 ms - 57[0m
[0mOPTIONS /api/store/product/admin/getAllProductById/61 [32m204[0m 0.851 ms - 0[0m
[0mGET /api/auth/user/147 [32m200[0m 43.230 ms - 370[0m
[0mGET /api/store/product/admin/getAllProductById/61 [32m200[0m 96.004 ms - 36[0m
[0mGET /api/order/list/147 [32m200[0m 134.513 ms - 36[0m
[0mGET /api/address/list/119 [33m404[0m 40.661 ms - 81[0m
[0mGET /api/cart/list/119 [36m304[0m 82.867 ms - -[0m
[0mGET /api/category/getAllCategory [32m200[0m 127.281 ms - -[0m
[0mGET /api/auth/user/119 [36m304[0m 210.618 ms - -[0m
[0mGET /api/category/getAllCategory [36m304[0m 98.705 ms - -[0m
[0mGET /api/store/list/55?currentLocation=13.043858383969107%2C80.21384283778684 [32m200[0m 50.270 ms - -[0m
[0mGET /api/order/list/119 [36m304[0m 246.610 ms - -[0m
[0mGET /api/address/list/119 [33m404[0m 50.992 ms - 81[0m
[0mGET /api/store/list?currentLocation=13.043849609713815%2C80.2138725623223 [32m200[0m 243.770 ms - -[0m
[0mGET /api/cart/list/119 [36m304[0m 34.975 ms - -[0m
[0mGET /api/store/product/getAllProductById/55 [36m304[0m 46.515 ms - -[0m
[0mGET /api/productFeedback/list/418 [31m500[0m 415.925 ms - 63[0m
[0mGET /api/cart/list/119/418 [36m304[0m 339.996 ms - -[0m
[0mOPTIONS /api/productFeedback/create [32m204[0m 1.095 ms - 0[0m
[0mPOST /api/productFeedback/create [31m500[0m 13.037 ms - 63[0m
[0mOPTIONS /api/productFeedback/create [32m204[0m 7.570 ms - 0[0m
[0mPOST /api/productFeedback/create [31m500[0m 487.330 ms - 63[0m
[0mPOST /api/productFeedback/create [31m500[0m 237.128 ms - 63[0m
[0mGET /api/productFeedback/list/418 [31m500[0m 595.608 ms - 63[0m
[0mGET /api/productFeedback/list/418 [31m500[0m 42.913 ms - 63[0m
[0mGET /api/productFeedback/list/418 [31m500[0m 40.076 ms - 63[0m
[0mOPTIONS /api/productFeedback/create [32m204[0m 1.603 ms - 0[0m
[0mPOST /api/productFeedback/create [32m200[0m 86.394 ms - 60[0m
[0mGET /api/productFeedback/list/418 [31m500[0m 36.093 ms - 63[0m
[0mGET /api/productFeedback/list/418 [31m500[0m 36.627 ms - 63[0m
[0mGET /api/productFeedback/list/418 [31m500[0m 52.179 ms - 63[0m
[0mGET /api/productFeedback/list/418 [31m500[0m 78.870 ms - 63[0m
[0mGET /api/cart/list/119/418 [36m304[0m 89.958 ms - -[0m
[0mGET /api/auth/user/48 [32m200[0m 522.813 ms - 376[0m
[0mOPTIONS /api/auth/rootLogin [32m204[0m 1.309 ms - 0[0m
[0mPOST /api/auth/rootLogin [32m200[0m 251.449 ms - 566[0m
[0mOPTIONS /api/product/getAllproductList [32m204[0m 0.298 ms - 0[0m
[0mGET /api/auth/user/48 [36m304[0m 41.034 ms - -[0m
[0mGET /api/order/list [32m200[0m 64.288 ms - 470[0m
[0mGET /api/order/list/48 [32m200[0m 165.971 ms - -[0m
[0mGET /api/product/getAllproductList [32m200[0m 185.516 ms - -[0m
[0mGET /api/product/getAllproductList [36m304[0m 128.775 ms - -[0m
[0mOPTIONS /api/category/getAllCategory [32m204[0m 0.353 ms - 0[0m
[0mOPTIONS /api/product/getProductById/502 [32m204[0m 0.360 ms - 0[0m
[0mGET /api/category/getAllCategory [32m200[0m 32.835 ms - -[0m
[0mGET /api/product/getProductById/502 [32m200[0m 32.097 ms - -[0m
[0mOPTIONS /api/product/getProductById/502 [32m204[0m 0.346 ms - 0[0m
[0mGET /api/product/getProductById/502 [36m304[0m 44.713 ms - -[0m
[0mOPTIONS /api/product/getProductById/502 [32m204[0m 0.238 ms - 0[0m
[0mGET /api/product/getProductById/502 [36m304[0m 36.755 ms - -[0m
[0mOPTIONS /api/product/getProductById/502 [32m204[0m 0.539 ms - 0[0m
[0mGET /api/product/getProductById/502 [36m304[0m 33.635 ms - -[0m
[0mGET /api/product/getProductById/502 [36m304[0m 35.422 ms - -[0m
[0mOPTIONS /api/product/getProductById/502 [32m204[0m 0.377 ms - 0[0m
[0mGET /api/product/getProductById/502 [36m304[0m 34.801 ms - -[0m
[0mOPTIONS /api/product/getProductById/502 [32m204[0m 1.086 ms - 0[0m
[0mGET /api/product/getProductById/502 [36m304[0m 43.954 ms - -[0m
[0mOPTIONS /api/product/getProductById/502 [32m204[0m 0.645 ms - 0[0m
[0mGET /api/product/getProductById/502 [36m304[0m 154.451 ms - -[0m
[0mOPTIONS /api/product/getProductById/502 [32m204[0m 0.213 ms - 0[0m
[0mGET /api/product/getProductById/502 [36m304[0m 39.883 ms - -[0m
[0mOPTIONS /api/product/getProductById/502 [32m204[0m 0.302 ms - 0[0m
[0mGET /api/product/getProductById/502 [36m304[0m 103.835 ms - -[0m
[0mOPTIONS /api/product/getProductById/502 [32m204[0m 0.258 ms - 0[0m
[0mGET /api/product/getProductById/502 [36m304[0m 39.205 ms - -[0m
[0mOPTIONS /api/product/getProductById/502 [32m204[0m 36.495 ms - 0[0m
[0mGET /api/product/getProductById/502 [36m304[0m 42.970 ms - -[0m
[0mOPTIONS /api/product/getProductById/502 [32m204[0m 0.331 ms - 0[0m
[0mGET /api/product/getProductById/502 [36m304[0m 37.495 ms - -[0m
[0mOPTIONS /api/product/getProductById/502 [32m204[0m 0.410 ms - 0[0m
[0mGET /api/product/getProductById/502 [36m304[0m 37.070 ms - -[0m
[0mGET /api/auth/user/48 [36m304[0m 38.249 ms - -[0m
[0mOPTIONS /api/category/getAllCategory [32m204[0m 0.631 ms - 0[0m
[0mGET /api/product/getProductById/502 [36m304[0m 42.592 ms - -[0m
[0mGET /api/category/getAllCategory [36m304[0m 74.130 ms - -[0m
[0mOPTIONS /api/product/getProductById/502 [32m204[0m 0.241 ms - 0[0m
[0mGET /api/product/getProductById/502 [36m304[0m 32.867 ms - -[0m
[0mOPTIONS /api/product/getProductById/502 [32m204[0m 0.298 ms - 0[0m
[0mGET /api/product/getProductById/502 [36m304[0m 31.137 ms - -[0m
[0mPOST /api/auth/upload-file [33m400[0m 8.818 ms - 82[0m
[0mOPTIONS /api/product/update [32m204[0m 2.521 ms - 0[0m
[0mPOST /api/product/update [32m200[0m 111.073 ms - 45[0m
[0mOPTIONS /api/store/product-add [32m204[0m 0.285 ms - 0[0m
[0mPOST /api/store/product-add [32m200[0m 81.304 ms - 67[0m
[0mOPTIONS /api/product/getAllproductList [32m204[0m 3.393 ms - 0[0m
[0mGET /api/product/getAllproductList [32m200[0m 104.086 ms - -[0m
[0mOPTIONS /api/product/getAllproductList [32m204[0m 0.617 ms - 0[0m
[0mGET /api/product/getAllproductList [36m304[0m 55.457 ms - -[0m
[0mOPTIONS /api/product/getProductById/501 [32m204[0m 0.485 ms - 0[0m
[0mGET /api/product/getProductById/501 [32m200[0m 34.919 ms - 1009[0m
[0mOPTIONS /api/product/getProductById/501 [32m204[0m 0.256 ms - 0[0m
[0mGET /api/product/getProductById/501 [36m304[0m 38.957 ms - -[0m
[0mPOST /api/auth/upload-file [33m400[0m 12.117 ms - 82[0m
[0mOPTIONS /api/product/update [32m204[0m 0.515 ms - 0[0m
[0mPOST /api/product/update [32m200[0m 119.739 ms - 45[0m
[0mOPTIONS /api/store/product-add [32m204[0m 0.462 ms - 0[0m
[0mPOST /api/store/product-add [32m200[0m 118.491 ms - 67[0m
[0mOPTIONS /api/product/getAllproductList [32m204[0m 1.042 ms - 0[0m
[0mGET /api/product/getAllproductList [32m200[0m 126.130 ms - -[0m
[0mOPTIONS /api/product/getProductById/500 [32m204[0m 0.431 ms - 0[0m
[0mGET /api/product/getProductById/500 [32m200[0m 41.250 ms - 1009[0m
[0mOPTIONS /api/product/getProductById/500 [32m204[0m 0.363 ms - 0[0m
[0mGET /api/product/getProductById/500 [36m304[0m 32.906 ms - -[0m
[0mOPTIONS /api/product/getProductById/500 [32m204[0m 1.338 ms - 0[0m
[0mGET /api/product/getProductById/500 [36m304[0m 38.619 ms - -[0m
[0mOPTIONS /api/product/getProductById/500 [32m204[0m 0.469 ms - 0[0m
[0mGET /api/product/getProductById/500 [36m304[0m 41.098 ms - -[0m
[0mOPTIONS /api/product/getAllproductList [32m204[0m 0.473 ms - 0[0m
[0mGET /api/product/getAllproductList [36m304[0m 105.149 ms - -[0m
[0mOPTIONS /api/product/getAllproductList [32m204[0m 0.770 ms - 0[0m
[0mGET /api/product/getAllproductList [36m304[0m 81.853 ms - -[0m
[0mOPTIONS /api/product/getProductById/500 [32m204[0m 0.774 ms - 0[0m
[0mGET /api/product/getProductById/500 [36m304[0m 53.005 ms - -[0m
[0mPOST /api/auth/upload-file [33m400[0m 3.703 ms - 82[0m
[0mOPTIONS /api/product/update [32m204[0m 0.615 ms - 0[0m
[0mPOST /api/product/update [32m200[0m 93.989 ms - 45[0m
[0mOPTIONS /api/store/product-add [32m204[0m 0.520 ms - 0[0m
[0mPOST /api/store/product-add [32m200[0m 90.947 ms - 67[0m
[0mOPTIONS /api/product/getAllproductList [32m204[0m 2.185 ms - 0[0m
[0mGET /api/product/getAllproductList [32m200[0m 103.339 ms - -[0m
[0mOPTIONS /api/product/getProductById/499 [32m204[0m 0.708 ms - 0[0m
[0mGET /api/product/getProductById/499 [32m200[0m 34.895 ms - -[0m
[0mOPTIONS /api/product/getProductById/499 [32m204[0m 0.408 ms - 0[0m
[0mGET /api/product/getProductById/499 [36m304[0m 30.740 ms - -[0m
[0mGET /api/auth/user/48 [36m304[0m 35.443 ms - -[0m
[0mOPTIONS /api/category/getAllCategory [32m204[0m 0.445 ms - 0[0m
[0mOPTIONS /api/product/getProductById/499 [32m204[0m 0.173 ms - 0[0m
[0mGET /api/product/getProductById/499 [36m304[0m 36.130 ms - -[0m
[0mGET /api/category/getAllCategory [36m304[0m 66.893 ms - -[0m
[0mOPTIONS /api/product/getProductById/499 [32m204[0m 0.257 ms - 0[0m
[0mGET /api/product/getProductById/499 [36m304[0m 33.932 ms - -[0m
[0mOPTIONS /api/product/getProductById/499 [32m204[0m 0.977 ms - 0[0m
[0mGET /api/product/getProductById/499 [36m304[0m 33.858 ms - -[0m
[0mOPTIONS /api/product/getProductById/499 [32m204[0m 0.225 ms - 0[0m
[0mGET /api/product/getProductById/499 [36m304[0m 31.807 ms - -[0m
[0mOPTIONS /api/product/getProductById/499 [32m204[0m 0.284 ms - 0[0m
[0mGET /api/product/getProductById/499 [36m304[0m 34.763 ms - -[0m
[0mOPTIONS /api/product/getProductById/499 [32m204[0m 0.692 ms - 0[0m
[0mGET /api/product/getProductById/499 [36m304[0m 36.380 ms - -[0m
[0mOPTIONS /api/product/getProductById/499 [32m204[0m 0.542 ms - 0[0m
[0mGET /api/product/getProductById/499 [36m304[0m 78.551 ms - -[0m
[0mOPTIONS /api/product/getProductById/499 [32m204[0m 4.284 ms - 0[0m
[0mGET /api/product/getProductById/499 [36m304[0m 46.733 ms - -[0m
[0mOPTIONS /api/product/getProductById/499 [32m204[0m 0.446 ms - 0[0m
[0mGET /api/product/getProductById/499 [36m304[0m 37.957 ms - -[0m
[0mGET /api/product/getProductById/499 [36m304[0m 38.636 ms - -[0m
[0mOPTIONS /api/product/getProductById/499 [32m204[0m 0.442 ms - 0[0m
[0mGET /api/product/getProductById/499 [36m304[0m 464.224 ms - -[0m
[0mGET /api/product/getProductById/499 [36m304[0m 69.203 ms - -[0m
[0mOPTIONS /api/product/getProductById/499 [32m204[0m 0.390 ms - 0[0m
[0mGET /api/product/getProductById/499 [36m304[0m 361.601 ms - -[0m
[0mOPTIONS /api/product/getProductById/499 [32m204[0m 0.214 ms - 0[0m
[0mGET /api/product/getProductById/499 [36m304[0m 41.264 ms - -[0m
[0mOPTIONS /api/product/getProductById/499 [32m204[0m 0.248 ms - 0[0m
[0mGET /api/product/getProductById/499 [36m304[0m 574.644 ms - -[0m
[0mOPTIONS /api/product/getProductById/499 [32m204[0m 0.217 ms - 0[0m
[0mGET /api/product/getProductById/499 [36m304[0m 39.600 ms - -[0m
[0mOPTIONS /api/product/getProductById/499 [32m204[0m 0.258 ms - 0[0m
[0mGET /api/product/getProductById/499 [36m304[0m 36.287 ms - -[0m
[0mOPTIONS /api/product/getProductById/499 [32m204[0m 0.614 ms - 0[0m
[0mGET /api/product/getProductById/499 [36m304[0m 40.912 ms - -[0m
[0mOPTIONS /api/product/getProductById/499 [32m204[0m 0.339 ms - 0[0m
[0mGET /api/product/getProductById/499 [36m304[0m 36.617 ms - -[0m
