[0mGET /api/cart/list/null/321 [31m500[0m 38.344 ms - 2463[0m
[0mGET /api/cart/list/null/320 [31m500[0m 938680.365 ms - 2463[0m
[0mGET /api/category/getAllCategory [32m200[0m 269.405 ms - 1179[0m
[0mGET /api/auth/user/null [31m500[0m 484.993 ms - 17[0m
[0mGET /api/store/list?currentLocation=null,null [32m200[0m 541.718 ms - 1681[0m
[0mGET /api/store/filterByCategory?categoryIds=null [32m200[0m 540.639 ms - 36[0m
[0mGET /api/store/getOpenStores [33m404[0m 392.124 ms - 60[0m
[0mGET /api/store/getAllStoresByFilters?paymentModes=null [32m200[0m 640.602 ms - 36[0m
[0mGET /api/category/getAllCategory [36m304[0m 163.463 ms - -[0m
[0mGET /api/store/getAllStoresByFilters?search=null [32m200[0m 697.165 ms - 36[0m
[0mGET /api/store/getOpenStores [0m-[0m - ms - -[0m
[0mGET /api/auth/user/null [0m-[0m - ms - -[0m
[0mGET /api/store/getAllStoresByFilters?paymentModes=null [0m-[0m - ms - -[0m
[0mGET /api/store/list?currentLocation=12.942524943755254,78.8914930934092 [0m-[0m - ms - -[0m
[0mGET /api/category/getAllCategory [0m-[0m - ms - -[0m
[0mGET /api/store/getAllStoresByFilters?search=null [0m-[0m - ms - -[0m
[0mGET /api/store/getAllStoresByFilters?search=null [32m200[0m 892.531 ms - 36[0m
[0mGET /api/auth/user/null [31m500[0m 910.977 ms - 17[0m
[0mGET /api/store/filterByCategory?categoryIds=null [32m200[0m 897.552 ms - 36[0m
[0mGET /api/store/list?currentLocation=null,null [32m200[0m 904.931 ms - 1681[0m
[0mGET /api/store/getAllStoresByFilters?paymentModes=null [32m200[0m 919.797 ms - 36[0m
[0mGET /api/store/getOpenStores [33m404[0m 81.356 ms - 60[0m
[0mGET /api/store/list/52?currentLocation=null,null [32m200[0m 73.698 ms - 834[0m
[0mGET /api/store/product/getAllProductById/52 [32m200[0m 73.293 ms - 3518[0m
[0mGET /api/cart/list/null/321 [32m200[0m 72.390 ms - 49[0m
[0mGET /api/cart/list/null/320 [32m200[0m 74.776 ms - 49[0m
[0mGET /api/store/getAllStoresByFilters?search=null [36m304[0m 67.065 ms - -[0m
[0mGET /api/store/getAllStoresByFilters?paymentModes=null [36m304[0m 67.096 ms - -[0m
[0mGET /api/store/filterByCategory?categoryIds=null [36m304[0m 71.520 ms - -[0m
[0mGET /api/store/getOpenStores [33m404[0m 77.126 ms - 60[0m
[0mGET /api/cart/list/null/320 [36m304[0m 68.204 ms - -[0m
[0mGET /api/cart/list/null/321 [36m304[0m 71.769 ms - -[0m
[0mGET /api/category/getAllCategory [32m200[0m 69.824 ms - 1179[0m
[0mOPTIONS /api/auth/rootLogin [32m204[0m 0.555 ms - 0[0m
[0mPOST /api/auth/rootLogin [32m200[0m 283.364 ms - 566[0m
[0mGET /api/category/getAllCategory [0m-[0m - ms - -[0m
[0mGET /api/cart/list/48 [0m-[0m - ms - -[0m
[0mGET /api/order/list/48 [0m-[0m - ms - -[0m
[0mGET /api/category/getAllCategory [32m200[0m 76.454 ms - 1179[0m
[0mGET /api/cart/list/48 [32m200[0m 76.585 ms - 26[0m
[0mGET /api/auth/user/48 [32m200[0m 106.645 ms - 357[0m
[0mGET /api/order/list/48 [32m200[0m 148.041 ms - 6018[0m
[0mGET /api/store/list?currentLocation=null,null [36m304[0m 145.672 ms - -[0m
[0mGET /api/store/list/52?currentLocation=null,null [36m304[0m 104.893 ms - -[0m
[0mGET /api/store/product/getAllProductById/52 [36m304[0m 115.694 ms - -[0m
[0mGET /api/category/getAllCategory [36m304[0m 145.504 ms - -[0m
[0mGET /api/cart/list/48/320 [32m200[0m 69.880 ms - 49[0m
[0mGET /api/cart/list/48/321 [32m200[0m 69.423 ms - 49[0m
[0mOPTIONS /api/cart/create [32m204[0m 0.937 ms - 0[0m
[0mPOST /api/cart/create [32m201[0m 151.711 ms - 317[0m
[0mGET /api/cart/list/48/320 [32m200[0m 81.848 ms - 654[0m
[0mGET /api/cart/list/48/321 [36m304[0m 102.103 ms - -[0m
[0mPOST /api/cart/create [32m201[0m 166.594 ms - 317[0m
[0mGET /api/cart/list/48/321 [36m304[0m 67.343 ms - -[0m
[0mGET /api/cart/list/48/320 [36m304[0m 78.020 ms - -[0m
[0mGET /api/cart/list/48 [32m200[0m 66.956 ms - 1287[0m
[0mGET /api/address/list/48 [33m404[0m 70.176 ms - 81[0m
[0mOPTIONS /api/address/update/undefined [32m204[0m 5.628 ms - 0[0m
[0mPOST /api/address/update/undefined [33m404[0m 10.742 ms - 28[0m
[0mOPTIONS /api/address/update/undefined [32m204[0m 0.562 ms - 0[0m
[0mPOST /api/address/update/undefined [33m404[0m 1.452 ms - 28[0m
[0mGET /api/auth/user/48 [36m304[0m 413.952 ms - -[0m
[0mGET /api/category/getAllCategory [36m304[0m 419.441 ms - -[0m
[0mGET /api/store/list?currentLocation=null,null [36m304[0m 416.048 ms - -[0m
[0mGET /api/cart/list/48 [36m304[0m 416.864 ms - -[0m
[0mGET /api/order/list/48 [36m304[0m 478.121 ms - -[0m
[0mGET /api/store/list/52?currentLocation=null,null [36m304[0m 394.655 ms - -[0m
[0mGET /api/store/product/getAllProductById/52 [36m304[0m 66.698 ms - -[0m
[0mGET /api/category/getAllCategory [36m304[0m 64.514 ms - -[0m
[0mGET /api/category/getAllCategory [36m304[0m 89.522 ms - -[0m
[0mGET /api/cart/list/48 [36m304[0m 157.641 ms - -[0m
[0mGET /api/auth/user/48 [36m304[0m 282.910 ms - -[0m
[0mGET /api/store/list?currentLocation=null,null [36m304[0m 297.311 ms - -[0m
[0mGET /api/store/list/52?currentLocation=null,null [36m304[0m 303.228 ms - -[0m
[0mGET /api/store/product/getAllProductById/52 [36m304[0m 309.041 ms - -[0m
[0mGET /api/order/list/48 [36m304[0m 378.714 ms - -[0m
[0mGET /api/category/getAllCategory [36m304[0m 230.750 ms - -[0m
[0mGET /api/cart/list/48/321 [36m304[0m 65.393 ms - -[0m
[0mGET /api/cart/list/48/320 [36m304[0m 79.251 ms - -[0m
[0mGET /api/address/list/48 [33m404[0m 68.345 ms - 81[0m
[0mGET /api/cart/list/48 [36m304[0m 74.754 ms - -[0m
[0mOPTIONS /api/address/update/48 [32m204[0m 1.488 ms - 0[0m
[0mPOST /api/address/update/48 [33m404[0m 5.502 ms - 28[0m
[0mOPTIONS /api/address/update/48 [32m204[0m 6.229 ms - 0[0m
[0mPOST /api/address/update/48 [33m404[0m 10.854 ms - 28[0m
[0mOPTIONS /api/address/update/48 [32m204[0m 5.078 ms - 0[0m
[0mPOST /api/address/update/48 [33m404[0m 228.367 ms - 47[0m
[0mGET /api/category/getAllCategory [31m500[0m 190.831 ms - 2727[0m
[0mGET /api/auth/user/48 [36m304[0m 601.581 ms - -[0m
[0mGET /api/cart/list/48 [36m304[0m 631.424 ms - -[0m
[0mGET /api/store/list/52?currentLocation=null,null [36m304[0m 546.908 ms - -[0m
[0mGET /api/store/list?currentLocation=null,null [36m304[0m 705.864 ms - -[0m
[0mGET /api/store/product/getAllProductById/52 [36m304[0m 661.963 ms - -[0m
[0mGET /api/category/getAllCategory [32m200[0m 117.545 ms - 1179[0m
[0mGET /api/order/list/48 [36m304[0m 718.518 ms - -[0m
[0mGET /api/cart/list/48/321 [31m500[0m 10.019 ms - 2463[0m
[0mGET /api/cart/list/48/320 [31m500[0m 130256.844 ms - 2463[0m
[0mGET /api/category/getAllCategory [36m304[0m 687.387 ms - -[0m
[0mGET /api/cart/list/48 [36m304[0m 686.382 ms - -[0m
[0mGET /api/store/list/52?currentLocation=null,null [36m304[0m 659.591 ms - -[0m
[0mGET /api/auth/user/48 [36m304[0m 715.943 ms - -[0m
[0mGET /api/store/list?currentLocation=null,null [36m304[0m 714.582 ms - -[0m
[0mGET /api/category/getAllCategory [36m304[0m 113.903 ms - -[0m
[0mGET /api/store/product/getAllProductById/52 [36m304[0m 121.644 ms - -[0m
[0mGET /api/order/list/48 [36m304[0m 804.916 ms - -[0m
[0mGET /api/category/getAllCategory [36m304[0m 1263.440 ms - -[0m
[0mGET /api/auth/user/48 [36m304[0m 1262.523 ms - -[0m
[0mGET /api/cart/list/48 [36m304[0m 1265.754 ms - -[0m
[0mGET /api/store/list/52?currentLocation=null,null [36m304[0m 1313.972 ms - -[0m
[0mGET /api/store/list?currentLocation=null,null [36m304[0m 1386.597 ms - -[0m
[0mGET /api/store/product/getAllProductById/52 [36m304[0m 146.113 ms - -[0m
[0mGET /api/category/getAllCategory [36m304[0m 164.330 ms - -[0m
[0mGET /api/order/list/48 [36m304[0m 1430.185 ms - -[0m
[0mGET /api/category/getAllCategory [36m304[0m 1202.538 ms - -[0m
[0mGET /api/auth/user/48 [36m304[0m 1211.212 ms - -[0m
[0mGET /api/store/list?currentLocation=null,null [36m304[0m 1215.476 ms - -[0m
[0mGET /api/store/list/52?currentLocation=null,null [36m304[0m 1227.816 ms - -[0m
[0mGET /api/store/product/getAllProductById/52 [36m304[0m 130.860 ms - -[0m
[0mGET /api/category/getAllCategory [36m304[0m 124.150 ms - -[0m
[0mGET /api/order/list/48 [36m304[0m 1343.631 ms - -[0m
[0mGET /api/cart/list/48/321 [32m200[0m 604.832 ms - 49[0m
[0mGET /api/cart/list/48/320 [32m200[0m 695.233 ms - 654[0m
[0mGET /api/cart/list/48 [0m-[0m - ms - -[0m
[0mGET /api/category/getAllCategory [36m304[0m 75.764 ms - -[0m
[0mGET /api/cart/list/48 [32m200[0m 125.638 ms - 1287[0m
[0mGET /api/store/list?currentLocation=null,null [36m304[0m 209.786 ms - -[0m
[0mGET /api/auth/user/48 [36m304[0m 237.650 ms - -[0m
[0mGET /api/store/list/52?currentLocation=null,null [36m304[0m 251.425 ms - -[0m
[0mGET /api/store/product/getAllProductById/52 [36m304[0m 278.286 ms - -[0m
[0mGET /api/category/getAllCategory [36m304[0m 271.319 ms - -[0m
[0mGET /api/order/list/48 [36m304[0m 454.604 ms - -[0m
[0mGET /api/cart/list/48/320 [36m304[0m 78.012 ms - -[0m
[0mGET /api/cart/list/48/321 [36m304[0m 188.600 ms - -[0m
[0mGET /api/cart/list/48 [36m304[0m 119.088 ms - -[0m
[0mGET /api/address/list/48 [33m404[0m 125.319 ms - 81[0m
[0mOPTIONS /api/address/update/48 [32m204[0m 1.315 ms - 0[0m
[0mPOST /api/address/update/48 [33m404[0m 235.850 ms - 47[0m
[0mGET /api/category/getAllCategory [36m304[0m 642.933 ms - -[0m
[0mGET /api/auth/user/48 [36m304[0m 637.634 ms - -[0m
[0mGET /api/store/list/52?currentLocation=null,null [36m304[0m 555.036 ms - -[0m
[0mGET /api/store/list?currentLocation=null,null [36m304[0m 649.116 ms - -[0m
[0mGET /api/cart/list/48 [36m304[0m 653.899 ms - -[0m
[0mGET /api/category/getAllCategory [36m304[0m 74.498 ms - -[0m
[0mGET /api/store/product/getAllProductById/52 [36m304[0m 118.694 ms - -[0m
[0mGET /api/order/list/48 [36m304[0m 806.698 ms - -[0m
[0mGET /api/cart/list/48/321 [31m500[0m 122.708 ms - 2463[0m
[0mGET /api/cart/list/48/320 [36m304[0m 677.150 ms - -[0m
[0mGET /api/address/list/48 [31m500[0m 152.659 ms - 2026[0m
[0mGET /api/cart/list/48 [36m304[0m 615.016 ms - -[0m
[0mOPTIONS /api/address/create [32m204[0m 0.933 ms - 0[0m
[0mPOST /api/address/create [32m201[0m 260.644 ms - 242[0m
[0mGET /api/address/list/48 [32m200[0m 141.165 ms - 258[0m
[0mOPTIONS /api/address/update/48 [32m204[0m 1.002 ms - 0[0m
[0mPOST /api/address/update/48 [33m404[0m 200.801 ms - 47[0m
[0mGET /api/category/getAllCategory [36m304[0m 137.250 ms - -[0m
[0mGET /api/cart/list/48 [36m304[0m 224.882 ms - -[0m
[0mGET /api/auth/user/48 [36m304[0m 403.484 ms - -[0m
[0mGET /api/store/list?currentLocation=null,null [36m304[0m 493.808 ms - -[0m
[0mGET /api/store/product/getAllProductById/52 [36m304[0m 454.748 ms - -[0m
[0mGET /api/category/getAllCategory [36m304[0m 365.969 ms - -[0m
[0mGET /api/store/list/52?currentLocation=null,null [36m304[0m 512.429 ms - -[0m
[0mGET /api/order/list/48 [36m304[0m 602.176 ms - -[0m
[0mGET /api/cart/list/48/321 [32m200[0m 113.154 ms - 49[0m
[0mGET /api/cart/list/48/320 [36m304[0m 149.915 ms - -[0m
[0mGET /api/address/list/48 [36m304[0m 124.864 ms - -[0m
[0mGET /api/cart/list/48 [36m304[0m 137.693 ms - -[0m
[0mOPTIONS /api/address/update/undefined [32m204[0m 0.856 ms - 0[0m
[0mPOST /api/address/update/undefined [33m404[0m 230.514 ms - 47[0m
[0mGET /api/cart/list/48 [36m304[0m 116.732 ms - -[0m
[0mGET /api/address/list/48 [36m304[0m 229.337 ms - -[0m
[0mOPTIONS /api/address/update/18 [32m204[0m 2.344 ms - 0[0m
[0mPOST /api/address/update/18 [32m200[0m 320.349 ms - 256[0m
[0mGET /api/address/list/48 [32m200[0m 133.045 ms - 258[0m
[0mGET /api/cart/list/48 [31m500[0m 137.464 ms - 2464[0m
[0mGET /api/address/list/48 [36m304[0m 584.204 ms - -[0m
[0mGET /api/cart/list/48 [32m200[0m 115.588 ms - 1287[0m
[0mGET /api/address/list/48 [36m304[0m 211.570 ms - -[0m
[0mGET /api/cart/list/48 [36m304[0m 456.942 ms - -[0m
[0mGET /api/address/list/48 [36m304[0m 605.469 ms - -[0m
[0mGET /api/cart/list/48 [36m304[0m 139.154 ms - -[0m
[0mGET /api/address/list/48 [36m304[0m 462.444 ms - -[0m
[0mGET /api/address/list/48 [36m304[0m 154.984 ms - -[0m
[0mGET /api/cart/list/48 [36m304[0m 157.830 ms - -[0m
[0mGET /api/cart/list/48 [36m304[0m 161.399 ms - -[0m
[0mGET /api/address/list/48 [36m304[0m 335.349 ms - -[0m
[0mOPTIONS /api/address/create [32m204[0m 0.292 ms - 0[0m
[0mPOST /api/address/create [32m201[0m 259.304 ms - 249[0m
[0mGET /api/address/list/48 [32m200[0m 146.324 ms - 498[0m
[0mGET /api/cart/list/48 [36m304[0m 168.627 ms - -[0m
[0mGET /api/address/list/48 [36m304[0m 289.234 ms - -[0m
[0mGET /api/cart/list/48 [36m304[0m 79.744 ms - -[0m
[0mGET /api/address/list/48 [36m304[0m 150.964 ms - -[0m
[0mGET /api/address/list/48 [36m304[0m 76.480 ms - -[0m
[0mGET /api/cart/list/48 [36m304[0m 120.658 ms - -[0m
[0mGET /api/cart/list/48 [36m304[0m 157.938 ms - -[0m
[0mGET /api/address/list/48 [36m304[0m 262.231 ms - -[0m
[0mGET /api/cart/list/48 [36m304[0m 134.006 ms - -[0m
[0mGET /api/address/list/48 [36m304[0m 233.039 ms - -[0m
[0mGET /api/cart/list/48 [36m304[0m 121.569 ms - -[0m
[0mGET /api/address/list/48 [36m304[0m 232.394 ms - -[0m
[0mGET /api/cart/list/48 [36m304[0m 121.746 ms - -[0m
[0mGET /api/address/list/48 [36m304[0m 401.422 ms - -[0m
[0mGET /api/cart/list/48 [36m304[0m 96.354 ms - -[0m
[0mGET /api/address/list/48 [36m304[0m 111.804 ms - -[0m
[0mGET /api/address/list/48 [36m304[0m 146.990 ms - -[0m
[0mGET /api/cart/list/48 [36m304[0m 151.105 ms - -[0m
[0mGET /api/address/list/48 [36m304[0m 98.074 ms - -[0m
[0mGET /api/cart/list/48 [36m304[0m 110.517 ms - -[0m
[0mGET /api/address/list/48 [36m304[0m 459.969 ms - -[0m
[0mGET /api/cart/list/48 [36m304[0m 481.416 ms - -[0m
[0mOPTIONS /api/address/create [32m204[0m 1.279 ms - 0[0m
[0mPOST /api/address/create [32m201[0m 128.540 ms - 242[0m
[0mGET /api/address/list/48 [32m200[0m 72.170 ms - 731[0m
[0mOPTIONS /api/address/update/18 [32m204[0m 0.772 ms - 0[0m
[0mPOST /api/address/update/18 [32m200[0m 292.106 ms - 256[0m
[0mGET /api/address/list/48 [32m200[0m 92.611 ms - 731[0m
[0mGET /api/address/list/48 [32m200[0m 1020.612 ms - 731[0m
[0mGET /api/address/list/48 [36m304[0m 100.592 ms - -[0m
[0mGET /api/category/getAllCategory [36m304[0m 99.381 ms - -[0m
[0mGET /api/cart/list/48 [36m304[0m 221.556 ms - -[0m
[0mGET /api/auth/user/48 [36m304[0m 504.754 ms - -[0m
[0mGET /api/category/getAllCategory [36m304[0m 516.666 ms - -[0m
[0mGET /api/store/list/52?currentLocation=null,null [36m304[0m 515.754 ms - -[0m
[0mGET /api/store/product/getAllProductById/52 [36m304[0m 398.029 ms - -[0m
[0mGET /api/store/list?currentLocation=null,null [36m304[0m 615.187 ms - -[0m
[0mGET /api/order/list/48 [36m304[0m 638.028 ms - -[0m
[0mGET /api/cart/list/48/321 [31m500[0m 14.621 ms - 2463[0m
[0mGET /api/cart/list/48/320 [31m500[0m 934849.022 ms - 2463[0m
