[0mOPTIONS /api/category/getAllCategory [32m204[0m 5.012 ms - 0[0m
[0mGET /api/category/getAllCategory [31m500[0m 130861.339 ms - 2727[0m
[0mGET /api/auth/user/48 [36m304[0m 433.208 ms - -[0m
[0mGET /api/cart/list/107/321 [31m500[0m 6.794 ms - 2463[0m
[0mGET /api/cart/list/107/320 [31m500[0m 27960.010 ms - 2463[0m
[0mOPTIONS /api/store/product/getAllProductById/53 [32m204[0m 0.378 ms - 0[0m
[0mOPTIONS /api/category/getAllCategory [32m204[0m 2.979 ms - 0[0m
[0mGET /api/auth/user/107 [36m304[0m 856.562 ms - -[0m
[0mGET /api/store/product/getAllProductById/53 [36m304[0m 832.415 ms - -[0m
[0mGET /api/category/getAllCategory [36m304[0m 718.561 ms - -[0m
[0mGET /api/cart/list/107 [36m304[0m 716.666 ms - -[0m
[0mGET /api/store/list [36m304[0m 686.775 ms - -[0m
[0mGET /api/category/getAllCategory [32m200[0m 710.214 ms - 484[0m
[0mGET /api/auth/user/48 [36m304[0m 703.445 ms - -[0m
[0mGET /api/store/list [36m304[0m 708.255 ms - -[0m
[0mGET /api/cart/list/48 [36m304[0m 707.083 ms - -[0m
[0mGET /api/store/product/getAllProductById/52 [36m304[0m 175.579 ms - -[0m
[0mGET /api/auth/user/107 [36m304[0m 174.995 ms - -[0m
[0mGET /api/category/getAllCategory [36m304[0m 174.516 ms - -[0m
[0mGET /api/store/getOpenStores [33m404[0m 835.871 ms - 60[0m
[0mGET /api/order/list/107 [36m304[0m 884.918 ms - -[0m
[0mGET /api/store/list/52 [36m304[0m 179.153 ms - -[0m
[0mGET /api/store/getAllStoresByFilters?paymentModes=null [36m304[0m 153.802 ms - -[0m
[0mGET /api/store/filterByCategory?categoryIds=null [36m304[0m 154.751 ms - -[0m
[0mGET /api/store/getAllStoresByFilters?search=null [36m304[0m 164.623 ms - -[0m
[0mGET /api/category/getAllCategory [36m304[0m 167.204 ms - -[0m
[0mGET /api/auth/user/48 [36m304[0m 159.478 ms - -[0m
[0mGET /api/category/getAllCategory [36m304[0m 143.136 ms - -[0m
[0mGET /api/order/list/48 [36m304[0m 1013.161 ms - -[0m
[0mOPTIONS /api/category/getAllCategory [32m204[0m 2.352 ms - 0[0m
[0mGET /api/category/getAllCategory [0m-[0m - ms - -[0m
[0mGET /api/category/getAllCategory [36m304[0m 683.662 ms - -[0m
[0mGET /api/cart/list/107 [36m304[0m 660.238 ms - -[0m
[0mGET /api/auth/user/107 [36m304[0m 800.479 ms - -[0m
[0mGET /api/store/list [36m304[0m 799.281 ms - -[0m
[0mGET /api/store/list/52 [36m304[0m 667.523 ms - -[0m
[0mGET /api/order/list/107 [36m304[0m 977.565 ms - -[0m
[0mGET /api/category/getAllCategory [36m304[0m 319.839 ms - -[0m
[0mGET /api/store/product/getAllProductById/52 [36m304[0m 674.341 ms - -[0m
[0mGET /api/auth/user/48 [36m304[0m 48.672 ms - -[0m
[0mGET /api/category/getAllCategory [32m200[0m 38.393 ms - 484[0m
[0mGET /api/auth/user/48 [36m304[0m 66.552 ms - -[0m
[0mGET /api/cart/list/48 [36m304[0m 128.635 ms - -[0m
[0mGET /api/store/list [36m304[0m 165.167 ms - -[0m
[0mGET /api/category/getAllCategory [36m304[0m 148.063 ms - -[0m
[0mGET /api/order/list/48 [36m304[0m 210.565 ms - -[0m
[0mGET /api/store/getOpenStores [33m404[0m 50.844 ms - 60[0m
[0mGET /api/store/filterByCategory?categoryIds=null [36m304[0m 44.925 ms - -[0m
[0mGET /api/store/getAllStoresByFilters?paymentModes=null [36m304[0m 48.047 ms - -[0m
[0mGET /api/store/getAllStoresByFilters?search=null [36m304[0m 381.231 ms - -[0m
[0mGET /api/store/getAllStoresByFilters?paymentModes=null [36m304[0m 39.518 ms - -[0m
[0mGET /api/store/getAllStoresByFilters?search=null [36m304[0m 46.693 ms - -[0m
[0mGET /api/store/filterByCategory?categoryIds=null [36m304[0m 48.445 ms - -[0m
[0mGET /api/store/getOpenStores [33m404[0m 52.404 ms - 60[0m
[0mGET /api/order/list/48 [36m304[0m 193.903 ms - -[0m
[0mGET /api/auth/user/48 [36m304[0m 45.191 ms - -[0m
[0mGET /api/vendor/list [32m200[0m 46.172 ms - 36[0m
[0mOPTIONS /api/store/list/53 [32m204[0m 1.187 ms - 0[0m
[0mGET /api/store/list/53 [32m200[0m 52.942 ms - 640[0m
[0mOPTIONS /api/store/update [32m204[0m 0.484 ms - 0[0m
[0mPOST /api/store/update [32m200[0m 235.489 ms - 56[0m
[0mOPTIONS /api/auth/user/update [32m204[0m 0.738 ms - 0[0m
[0mPOST /api/auth/user/update [32m200[0m 333.837 ms - 50[0m
[0mOPTIONS /api/store/list/53 [32m204[0m 0.280 ms - 0[0m
[0mOPTIONS /api/subscription/create [32m204[0m 0.203 ms - 0[0m
[0mOPTIONS /api/store/list [32m204[0m 0.524 ms - 0[0m
[0mGET /api/store/list/53 [32m200[0m 119.407 ms - 842[0m
[0mPOST /api/subscription/create [32m200[0m 204.358 ms - 254[0m
[0mGET /api/store/list [32m200[0m 217.627 ms - 1649[0m
[0mGET /api/store/list/53 [32m200[0m 42.421 ms - 842[0m
[0mGET /api/store/product/getAllProductById/53 [36m304[0m 49.399 ms - -[0m
[0mGET /api/store/getOpenStores [33m404[0m 184.623 ms - 60[0m
[0mGET /api/store/getAllStoresByFilters?search=null [36m304[0m 227.118 ms - -[0m
[0mGET /api/store/filterByCategory?categoryIds=null [36m304[0m 228.869 ms - -[0m
[0mGET /api/store/getAllStoresByFilters?paymentModes=null [36m304[0m 244.137 ms - -[0m
[0mGET /api/product/getAllproductList [36m304[0m 45.545 ms - -[0m
[0mGET /api/product/getProductsByOpenStores [31m500[0m 180.710 ms - 2489[0m
[0mGET /api/store/list/52 [36m304[0m 109.695 ms - -[0m
[0mGET /api/store/product/getAllProductById/52 [36m304[0m 37.754 ms - -[0m
[0mGET /api/store/filterByCategory?categoryIds=null [36m304[0m 44.735 ms - -[0m
[0mGET /api/store/getOpenStores [33m404[0m 44.317 ms - 60[0m
[0mGET /api/store/getAllStoresByFilters?paymentModes=null [36m304[0m 41.866 ms - -[0m
[0mGET /api/store/getAllStoresByFilters?search=null [36m304[0m 43.674 ms - -[0m
[0mGET /api/category/getAllCategory [36m304[0m 64.869 ms - -[0m
[0mGET /api/cart/list/48 [36m304[0m 105.829 ms - -[0m
[0mGET /api/auth/user/48 [36m304[0m 243.488 ms - -[0m
[0mGET /api/store/list [32m200[0m 250.707 ms - 1649[0m
[0mGET /api/store/getOpenStores [33m404[0m 213.341 ms - 60[0m
[0mGET /api/store/filterByCategory?categoryIds=null [36m304[0m 209.624 ms - -[0m
[0mGET /api/store/getAllStoresByFilters?search=null [36m304[0m 171.689 ms - -[0m
[0mGET /api/order/list/48 [36m304[0m 288.009 ms - -[0m
[0mGET /api/store/getAllStoresByFilters?paymentModes=null [36m304[0m 44.761 ms - -[0m
[0mGET /api/category/getAllCategory [36m304[0m 46.909 ms - -[0m
[0mGET /api/store/getOpenStores [33m404[0m 145.631 ms - 60[0m
[0mGET /api/store/getAllStoresByFilters?paymentModes=null [36m304[0m 217.105 ms - -[0m
[0mGET /api/cart/list/48 [36m304[0m 254.618 ms - -[0m
[0mGET /api/store/filterByCategory?categoryIds=null [36m304[0m 271.860 ms - -[0m
[0mGET /api/cart/list/107 [36m304[0m 267.673 ms - -[0m
[0mGET /api/store/getAllStoresByFilters?search=null [36m304[0m 276.259 ms - -[0m
[0mGET /api/cart/list/107/320 [32m200[0m 271.478 ms - 49[0m
[0mGET /api/auth/user/107 [32m200[0m 269.837 ms - 359[0m
[0mGET /api/cart/list/107/321 [32m200[0m 273.439 ms - 49[0m
[0mGET /api/auth/user/48 [36m304[0m 169.247 ms - -[0m
[0mGET /api/order/list/48 [36m304[0m 304.364 ms - -[0m
[0mGET /api/order/list/107 [36m304[0m 310.293 ms - -[0m
[0mGET /api/auth/user/107 [36m304[0m 251.915 ms - -[0m
[0mGET /api/auth/user/48 [36m304[0m 1215.722 ms - -[0m
[0mGET /api/store/list/13.02286052040179,80.22026823999997 [32m200[0m 109.285 ms - 1649[0m
[0mGET /api/category/getAllCategory [36m304[0m 122.171 ms - -[0m
[0mGET /api/cart/list/48 [36m304[0m 213.822 ms - -[0m
[0mGET /api/auth/user/48 [36m304[0m 251.773 ms - -[0m
[0mGET /api/store/getOpenStores [33m404[0m 275.823 ms - 60[0m
[0mGET /api/store/filterByCategory?categoryIds=null [36m304[0m 206.097 ms - -[0m
[0mGET /api/store/getAllStoresByFilters?search=null [36m304[0m 175.078 ms - -[0m
[0mGET /api/store/getAllStoresByFilters?paymentModes=null [36m304[0m 82.895 ms - -[0m
[0mGET /api/order/list/48 [36m304[0m 300.133 ms - -[0m
[0mGET /api/category/getAllCategory [36m304[0m 47.882 ms - -[0m
[0mGET /api/category/getAllCategory [36m304[0m 124.082 ms - -[0m
[0mGET /api/auth/user/107 [36m304[0m 122.195 ms - -[0m
[0mGET /api/cart/list/107 [36m304[0m 123.544 ms - -[0m
[0mGET /api/store/list/null,null [32m200[0m 123.307 ms - 1649[0m
[0mGET /api/store/list/52 [32m200[0m 130.755 ms - 1649[0m
[0mGET /api/category/getAllCategory [36m304[0m 42.657 ms - -[0m
[0mGET /api/store/product/getAllProductById/52 [36m304[0m 47.955 ms - -[0m
[0mGET /api/order/list/107 [36m304[0m 173.488 ms - -[0m
[0mGET /api/product/getAllproductList [36m304[0m 96.872 ms - -[0m
[0mGET /api/product/getProductsByOpenStores [31m500[0m 153.648 ms - 2585[0m
[0mGET /api/store/list/52 [32m200[0m 59.782 ms - 1649[0m
[0mGET /api/store/list/53 [32m200[0m 76.775 ms - 1649[0m
[0mGET /api/store/getOpenStores [33m404[0m 53.241 ms - 60[0m
[0mGET /api/store/getAllStoresByFilters?search=null [36m304[0m 37.891 ms - -[0m
[0mGET /api/store/getAllStoresByFilters?paymentModes=null [36m304[0m 45.090 ms - -[0m
[0mGET /api/store/filterByCategory?categoryIds=null [36m304[0m 44.809 ms - -[0m
[0mGET /api/store/list?currentLocation=13.02286047351361,80.22026819789153 [32m200[0m 125.028 ms - 1649[0m
[0mGET /api/category/getAllCategory [36m304[0m 117.672 ms - -[0m
[0mGET /api/cart/list/48 [36m304[0m 142.585 ms - -[0m
[0mGET /api/auth/user/48 [36m304[0m 165.900 ms - -[0m
[0mGET /api/store/getAllStoresByFilters?search=null [36m304[0m 142.247 ms - -[0m
[0mGET /api/store/getOpenStores [33m404[0m 183.908 ms - 60[0m
[0mGET /api/store/filterByCategory?categoryIds=null [36m304[0m 177.156 ms - -[0m
[0mGET /api/store/getAllStoresByFilters?paymentModes=null [36m304[0m 116.320 ms - -[0m
[0mGET /api/order/list/48 [36m304[0m 214.779 ms - -[0m
[0mGET /api/category/getAllCategory [36m304[0m 52.094 ms - -[0m
[0mGET /api/category/getAllCategory [36m304[0m 46.440 ms - -[0m
[0mGET /api/cart/list/107 [36m304[0m 45.283 ms - -[0m
[0mGET /api/store/list?currentLocation=null,null [32m200[0m 45.008 ms - 1649[0m
[0mGET /api/auth/user/107 [36m304[0m 50.341 ms - -[0m
[0mGET /api/category/getAllCategory [36m304[0m 36.584 ms - -[0m
[0mGET /api/store/product/getAllProductById/52 [36m304[0m 42.188 ms - -[0m
[0mGET /api/store/list/52 [32m200[0m 48.272 ms - 818[0m
[0mGET /api/order/list/107 [36m304[0m 88.087 ms - -[0m
[0mGET /api/product/getAllproductList [36m304[0m 88.159 ms - -[0m
[0mGET /api/product/getProductsByOpenStores [31m500[0m 148.001 ms - 2585[0m
[0mGET /api/store/list/53 [32m200[0m 65.087 ms - 842[0m
[0mGET /api/store/product/getAllProductById/53 [36m304[0m 37.745 ms - -[0m
[0mGET /api/store/list/52 [32m200[0m 106.988 ms - 818[0m
[0mGET /api/store/product/getAllProductById/52 [36m304[0m 48.903 ms - -[0m
[0mGET /api/store/getAllStoresByFilters?search=null [36m304[0m 35.693 ms - -[0m
[0mGET /api/store/getAllStoresByFilters?paymentModes=null [36m304[0m 37.801 ms - -[0m
[0mGET /api/store/filterByCategory?categoryIds=null [36m304[0m 41.021 ms - -[0m
[0mGET /api/store/getOpenStores [33m404[0m 53.155 ms - 60[0m
[0mGET /api/product/getAllproductList [36m304[0m 41.937 ms - -[0m
[0mGET /api/product/getProductsByOpenStores [31m500[0m 94.615 ms - 2489[0m
[0mGET /api/store/getAllStoresByFilters?paymentModes=null [36m304[0m 112.338 ms - -[0m
[0mGET /api/store/filterByCategory?categoryIds=null [36m304[0m 118.888 ms - -[0m
[0mGET /api/store/getAllStoresByFilters?search=null [36m304[0m 116.470 ms - -[0m
[0mGET /api/store/getOpenStores [33m404[0m 136.564 ms - 60[0m
[0mGET /api/category/getAllCategory [36m304[0m 57.202 ms - -[0m
[0mGET /api/store/list?currentLocation=13.02286052552581,80.22026824500537 [32m200[0m 65.702 ms - 1649[0m
[0mGET /api/cart/list/48 [36m304[0m 53.817 ms - -[0m
[0mGET /api/auth/user/48 [36m304[0m 82.470 ms - -[0m
[0mGET /api/category/getAllCategory [36m304[0m 41.692 ms - -[0m
[0mGET /api/order/list/48 [36m304[0m 98.218 ms - -[0m
[0mGET /api/store/getOpenStores [33m404[0m 38.174 ms - 60[0m
[0mGET /api/store/filterByCategory?categoryIds=null [36m304[0m 37.257 ms - -[0m
[0mGET /api/store/getAllStoresByFilters?search=null [36m304[0m 48.884 ms - -[0m
[0mGET /api/store/getAllStoresByFilters?paymentModes=null [36m304[0m 57.026 ms - -[0m
[0mGET /api/store/list?currentLocation=13.022996862257951,80.22026823994821 [32m200[0m 106.669 ms - 1681[0m
[0mGET /api/category/getAllCategory [36m304[0m 140.608 ms - -[0m
[0mGET /api/cart/list/48 [36m304[0m 173.266 ms - -[0m
[0mGET /api/store/getOpenStores [33m404[0m 182.200 ms - 60[0m
[0mGET /api/auth/user/48 [36m304[0m 184.240 ms - -[0m
[0mGET /api/store/getAllStoresByFilters?paymentModes=null [36m304[0m 175.891 ms - -[0m
[0mGET /api/store/getAllStoresByFilters?search=null [36m304[0m 133.479 ms - -[0m
[0mGET /api/store/filterByCategory?categoryIds=null [36m304[0m 96.779 ms - -[0m
[0mGET /api/order/list/48 [36m304[0m 220.556 ms - -[0m
[0mGET /api/category/getAllCategory [36m304[0m 38.203 ms - -[0m
[0mOPTIONS /api/store/list/53 [32m204[0m 1.367 ms - 0[0m
[0mGET /api/auth/user/107 [36m304[0m 162.376 ms - -[0m
[0mGET /api/store/list?currentLocation=13.022911074384657,80.2203140173995 [32m200[0m 230.555 ms - 1681[0m
[0mGET /api/category/getAllCategory [36m304[0m 367.840 ms - -[0m
[0mGET /api/cart/list/48 [36m304[0m 395.356 ms - -[0m
[0mGET /api/category/getAllCategory [36m304[0m 382.621 ms - -[0m
[0mGET /api/auth/user/48 [36m304[0m 535.909 ms - -[0m
[0mGET /api/cart/list/107 [36m304[0m 511.625 ms - -[0m
[0mGET /api/store/list/52 [36m304[0m 450.860 ms - -[0m
[0mGET /api/store/product/getAllProductById/52 [36m304[0m 448.715 ms - -[0m
[0mGET /api/store/list/53 [36m304[0m 181.773 ms - -[0m
[0mGET /api/store/getOpenStores [33m404[0m 451.496 ms - 60[0m
[0mGET /api/store/getAllStoresByFilters?search=null [36m304[0m 494.864 ms - -[0m
[0mGET /api/auth/user/107 [36m304[0m 173.294 ms - -[0m
[0mGET /api/category/getAllCategory [36m304[0m 175.384 ms - -[0m
[0mGET /api/store/list?currentLocation=null,null [32m200[0m 683.312 ms - 1681[0m
[0mGET /api/store/filterByCategory?categoryIds=null [36m304[0m 322.371 ms - -[0m
[0mGET /api/store/getAllStoresByFilters?paymentModes=null [36m304[0m 354.687 ms - -[0m
[0mGET /api/order/list/48 [36m304[0m 717.796 ms - -[0m
[0mGET /api/order/list/107 [36m304[0m 708.267 ms - -[0m
[0mGET /api/category/getAllCategory [36m304[0m 158.840 ms - -[0m
[0mGET /api/product/getAllproductList [36m304[0m 168.409 ms - -[0m
[0mGET /api/product/getProductsByOpenStores [31m500[0m 213.700 ms - 2585[0m
[0mGET /api/store/list/52 [31m500[0m 52.803 ms - 2474[0m
[0mGET /api/store/list/53 [31m500[0m 61.930 ms - 2474[0m
[0mGET /api/store/getAllStoresByFilters?paymentModes=null [36m304[0m 109.482 ms - -[0m
[0mGET /api/store/getAllStoresByFilters?search=null [36m304[0m 114.564 ms - -[0m
[0mGET /api/store/filterByCategory?categoryIds=null [36m304[0m 117.074 ms - -[0m
[0mGET /api/store/getOpenStores [33m404[0m 131.370 ms - 60[0m
[0mGET /api/product/getAllproductList [36m304[0m 138.640 ms - -[0m
[0mGET /api/store/list/52 [31m500[0m 134.232 ms - 2570[0m
[0mGET /api/store/list/53 [31m500[0m 137.548 ms - 2570[0m
[0mGET /api/product/getProductsByOpenStores [31m500[0m 200.884 ms - 2489[0m
[0mGET /api/store/filterByCategory?categoryIds=null [36m304[0m 40.934 ms - -[0m
[0mGET /api/store/getOpenStores [33m404[0m 47.024 ms - 60[0m
[0mGET /api/store/getAllStoresByFilters?search=null [36m304[0m 45.138 ms - -[0m
[0mGET /api/store/getAllStoresByFilters?paymentModes=null [36m304[0m 48.541 ms - -[0m
[0mGET /api/auth/user/48 [36m304[0m 71.951 ms - -[0m
[0mGET /api/category/getAllCategory [36m304[0m 83.511 ms - -[0m
[0mGET /api/store/list?currentLocation=13.022911073206915,80.2203140225974 [32m200[0m 89.490 ms - 1681[0m
[0mGET /api/cart/list/48 [36m304[0m 79.860 ms - -[0m
[0mGET /api/store/filterByCategory?categoryIds=null [36m304[0m 74.205 ms - -[0m
[0mGET /api/order/list/48 [36m304[0m 160.891 ms - -[0m
[0mGET /api/store/getAllStoresByFilters?paymentModes=null [36m304[0m 76.044 ms - -[0m
[0mGET /api/store/getOpenStores [33m404[0m 129.362 ms - 60[0m
[0mGET /api/store/getAllStoresByFilters?search=null [36m304[0m 82.903 ms - -[0m
[0mGET /api/category/getAllCategory [36m304[0m 105.566 ms - -[0m
[0mOPTIONS /api/store/list/53 [32m204[0m 0.626 ms - 0[0m
[0mGET /api/store/list?currentLocation=13.022892482789768,80.2202971864225 [32m200[0m 215.110 ms - 1681[0m
[0mGET /api/auth/user/107 [36m304[0m 368.828 ms - -[0m
[0mGET /api/category/getAllCategory [36m304[0m 544.791 ms - -[0m
[0mGET /api/auth/user/48 [36m304[0m 713.842 ms - -[0m
[0mGET /api/cart/list/48 [36m304[0m 747.056 ms - -[0m
[0mGET /api/store/getOpenStores [33m404[0m 888.522 ms - 60[0m
[0mGET /api/store/list/53 [31m500[0m 856.751 ms - 2570[0m
[0mGET /api/category/getAllCategory [36m304[0m 851.919 ms - -[0m
[0mGET /api/cart/list/107 [36m304[0m 850.387 ms - -[0m
[0mGET /api/store/list/52 [31m500[0m 561.908 ms - 2474[0m
[0mGET /api/store/getAllStoresByFilters?paymentModes=null [36m304[0m 744.541 ms - -[0m
[0mGET /api/auth/user/107 [36m304[0m 162.976 ms - -[0m
[0mGET /api/category/getAllCategory [36m304[0m 319.665 ms - -[0m
[0mGET /api/store/product/getAllProductById/52 [36m304[0m 166.914 ms - -[0m
[0mGET /api/store/list?currentLocation=null,null [36m304[0m 1018.958 ms - -[0m
[0mGET /api/store/filterByCategory?categoryIds=null [36m304[0m 523.605 ms - -[0m
[0mGET /api/store/getAllStoresByFilters?search=null [36m304[0m 352.783 ms - -[0m
[0mGET /api/order/list/48 [36m304[0m 1067.578 ms - -[0m
[0mGET /api/category/getAllCategory [36m304[0m 162.252 ms - -[0m
[0mGET /api/order/list/107 [36m304[0m 1020.429 ms - -[0m
