[0mOPTIONS /api/product/getAllproductList [32m204[0m 7.575 ms - 0[0m
[0mGET /api/product/getAllproductList [31m500[0m 259.852 ms - 63[0m
[0mOPTIONS /api/product/getAllproductList [32m204[0m 0.238 ms - 0[0m
[0mGET /api/auth/user/48 [36m304[0m 6460.200 ms - -[0m
[0mGET /api/product/getAllproductList [32m200[0m 7707.934 ms - -[0m
[0mOPTIONS /api/category/getAllCategory [32m204[0m 1.634 ms - 0[0m
[0mGET /api/category/getAllCategory [36m304[0m 963.390 ms - -[0m
[0mOPTIONS /api/product/getAllproductList [32m204[0m 1.269 ms - 0[0m
[0mGET /api/product/getAllproductList [36m304[0m 2870.354 ms - -[0m
[0mOPTIONS /api/product/getAllproductList [32m204[0m 3.907 ms - 0[0m
[0mOPTIONS /api/auth/rootLogin [32m204[0m 5.591 ms - 0[0m
[0mPOST /api/auth/rootLogin [32m200[0m 1076.501 ms - 582[0m
[0mGET /api/auth/user/119 [32m200[0m 45.700 ms - 390[0m
[0mOPTIONS /api/store/product/admin/getAllProductById/55 [32m204[0m 0.206 ms - 0[0m
[0mGET /api/order/list/119 [32m200[0m 175.539 ms - 36[0m
[0mGET /api/store/product/admin/getAllProductById/55 [32m200[0m 171.614 ms - -[0m
[0mOPTIONS /api/store/product/admin/getAllProductById/55 [32m204[0m 0.802 ms - 0[0m
[0mGET /api/auth/user/119 [36m304[0m 42.516 ms - -[0m
[0mGET /api/order/list/119 [36m304[0m 83.948 ms - -[0m
[0mGET /api/store/product/admin/getAllProductById/55 [36m304[0m 121.389 ms - -[0m
[0mOPTIONS /api/subscription/55?subscriptionType=Plan3 [32m204[0m 0.573 ms - 0[0m
[0mGET /api/subscription/55?subscriptionType=Plan3 [33m404[0m 35.306 ms - 52[0m
[0mOPTIONS /api/subscription/55?subscriptionType=Plan2 [32m204[0m 1.232 ms - 0[0m
[0mGET /api/subscription/55?subscriptionType=Plan2 [33m404[0m 39.470 ms - 52[0m
[0mOPTIONS /api/subscription/55?subscriptionType=Plan1 [32m204[0m 0.504 ms - 0[0m
[0mGET /api/subscription/55?subscriptionType=Plan1 [33m404[0m 33.575 ms - 52[0m
[0mOPTIONS /api/subscription/55?subscriptionType=Plan1 [32m204[0m 2.554 ms - 0[0m
[0mGET /api/subscription/55?subscriptionType=Plan1 [31m500[0m 43.484 ms - 63[0m
[0mOPTIONS /api/subscription/create [32m204[0m 0.225 ms - 0[0m
[0mPOST /api/subscription/create [32m200[0m 200.135 ms - 292[0m
[0mGET /api/subscription/55?subscriptionType=Plan1 [33m404[0m 30.958 ms - 52[0m
[0mOPTIONS /api/subscription/55?subscriptionType=Plan1 [32m204[0m 25.924 ms - 0[0m
[0mGET /api/subscription/55?subscriptionType=Plan1 [33m404[0m 50.145 ms - 52[0m
[0mGET /api/auth/user/119 [36m304[0m 46.935 ms - -[0m
[0mGET /api/auth/user/119 [36m304[0m 441.956 ms - -[0m
[0mGET /api/auth/user/119 [32m200[0m 438.654 ms - 666[0m
[0mOPTIONS /api/subscription/55?subscriptionType=Plan1 [32m204[0m 1.273 ms - 0[0m
[0mGET /api/subscription/55?subscriptionType=Plan1 [33m404[0m 41.098 ms - 52[0m
[0mOPTIONS /api/subscription/55?subscriptionType=Plan1 [32m204[0m 0.578 ms - 0[0m
[0mGET /api/subscription/55?subscriptionType=Plan1 [33m404[0m 32.982 ms - 52[0m
[0mOPTIONS /api/subscription/55?subscriptionType=Plan1 [32m204[0m 2.691 ms - 0[0m
[0mGET /api/subscription/55?subscriptionType=Plan1 [33m404[0m 31.804 ms - 52[0m
[0mOPTIONS /api/subscription/55?subscriptionType=Plan1 [32m204[0m 0.645 ms - 0[0m
[0mGET /api/subscription/55?subscriptionType=Plan1 [33m404[0m 30.975 ms - 52[0m
[0mGET /api/subscription/55?subscriptionType=Plan1 [33m404[0m 28.878 ms - 52[0m
[0mOPTIONS /api/subscription/55?subscriptionType=Plan1 [32m204[0m 0.365 ms - 0[0m
[0mGET /api/subscription/55?subscriptionType=Plan1 [33m404[0m 28.942 ms - 52[0m
[0mGET /api/subscription/55?subscriptionType=Plan1 [33m404[0m 58.294 ms - 52[0m
[0mOPTIONS /api/subscription/55?subscriptionType=Plan1 [32m204[0m 0.414 ms - 0[0m
[0mGET /api/subscription/55?subscriptionType=Plan1 [33m404[0m 32.122 ms - 52[0m
[0mOPTIONS /api/subscription/55?subscriptionType=Plan1 [32m204[0m 0.614 ms - 0[0m
[0mGET /api/subscription/55?subscriptionType=Plan1 [33m404[0m 30.705 ms - 52[0m
[0mOPTIONS /api/store/list/55 [32m204[0m 0.725 ms - 0[0m
[0mOPTIONS /api/store/product/admin/getAllProductById/55 [32m204[0m 0.421 ms - 0[0m
[0mGET /api/store/list/55 [32m200[0m 713.784 ms - -[0m
[0mGET /api/store/product/admin/getAllProductById/55 [36m304[0m 1493.125 ms - -[0m
[0mOPTIONS /api/store/list/55 [32m204[0m 0.423 ms - 0[0m
[0mOPTIONS /api/store/product/admin/getAllProductById/55 [32m204[0m 1.364 ms - 0[0m
[0mGET /api/store/product/admin/getAllProductById/55 [31m500[0m 14123.186 ms - 63[0m
[0mGET /api/store/list/55 [36m304[0m 17649.584 ms - -[0m
[0mOPTIONS /api/store/list/55 [32m204[0m 0.725 ms - 0[0m
[0mOPTIONS /api/store/product/admin/getAllProductById/55 [32m204[0m 0.110 ms - 0[0m
[0mGET /api/store/product/admin/getAllProductById/55 [32m200[0m 120.509 ms - -[0m
[0mGET /api/store/list/55 [36m304[0m 134.025 ms - -[0m
[0mGET /api/store/list/55 [36m304[0m 36.960 ms - -[0m
[0mGET /api/store/product/admin/getAllProductById/55 [36m304[0m 91.105 ms - -[0m
[0mOPTIONS /api/store/list/55 [32m204[0m 0.590 ms - 0[0m
[0mOPTIONS /api/store/product/admin/getAllProductById/55 [32m204[0m 0.254 ms - 0[0m
[0mGET /api/store/list/55 [36m304[0m 75.976 ms - -[0m
[0mGET /api/store/product/admin/getAllProductById/55 [36m304[0m 59.823 ms - -[0m
[0mOPTIONS /api/product/getProductById/119 [32m204[0m 0.702 ms - 0[0m
[0mGET /api/product/getProductById/119 [33m404[0m 39.468 ms - 47[0m
[0mOPTIONS /api/product/getProductById/431 [32m204[0m 0.982 ms - 0[0m
[0mGET /api/product/getProductById/431 [32m200[0m 58.345 ms - 1002[0m
[0mOPTIONS /api/product/getProductById/431 [32m204[0m 4.022 ms - 0[0m
[0mGET /api/product/getProductById/431 [36m304[0m 51.678 ms - -[0m
[0mGET /api/product/getProductById/431 [36m304[0m 47.770 ms - -[0m
[0mOPTIONS /api/product/getProductById/431 [32m204[0m 2.112 ms - 0[0m
[0mGET /api/product/getProductById/431 [36m304[0m 38.148 ms - -[0m
[0mOPTIONS /api/product/getProductById/431 [32m204[0m 0.813 ms - 0[0m
[0mGET /api/product/getProductById/431 [31m500[0m 3622.924 ms - 63[0m
[0mOPTIONS /api/product/getProductById/431 [32m204[0m 5.534 ms - 0[0m
[0mGET /api/product/getProductById/431 [32m200[0m 1461.113 ms - 1002[0m
[0mOPTIONS /api/product/getProductById/431 [32m204[0m 0.647 ms - 0[0m
[0mGET /api/product/getProductById/431 [36m304[0m 32.984 ms - -[0m
[0mOPTIONS /api/product/getProductById/431 [32m204[0m 0.475 ms - 0[0m
[0mGET /api/product/getProductById/431 [36m304[0m 35.772 ms - -[0m
[0mOPTIONS /api/product/getProductById/431 [32m204[0m 0.390 ms - 0[0m
[0mGET /api/product/getProductById/431 [36m304[0m 32.793 ms - -[0m
[0mGET /api/product/getProductById/431 [36m304[0m 33.176 ms - -[0m
[0mOPTIONS /api/product/getProductById/431 [32m204[0m 0.383 ms - 0[0m
[0mGET /api/product/getProductById/431 [36m304[0m 32.914 ms - -[0m
[0mOPTIONS /api/product/getProductById/431 [32m204[0m 0.360 ms - 0[0m
[0mGET /api/product/getProductById/431 [36m304[0m 33.303 ms - -[0m
[0mOPTIONS /api/product/getProductById/431 [32m204[0m 3.571 ms - 0[0m
[0mGET /api/product/getProductById/431 [36m304[0m 47.938 ms - -[0m
[0mOPTIONS /api/product/getProductById/431 [32m204[0m 2.195 ms - 0[0m
[0mGET /api/product/getProductById/431 [36m304[0m 38.566 ms - -[0m
[0mOPTIONS /api/product/getProductById/431 [32m204[0m 0.472 ms - 0[0m
[0mGET /api/product/getProductById/431 [36m304[0m 34.644 ms - -[0m
[0mOPTIONS /api/product/getProductById/431 [32m204[0m 0.795 ms - 0[0m
[0mGET /api/product/getProductById/431 [36m304[0m 36.413 ms - -[0m
[0mOPTIONS /api/store/list/55 [32m204[0m 3.053 ms - 0[0m
[0mOPTIONS /api/store/product/admin/getAllProductById/55 [32m204[0m 0.611 ms - 0[0m
[0mGET /api/store/list/55 [36m304[0m 37.964 ms - -[0m
[0mGET /api/store/product/admin/getAllProductById/55 [36m304[0m 120.527 ms - -[0m
[0mOPTIONS /api/category/getAllCategory [32m204[0m 0.498 ms - 0[0m
[0mOPTIONS /api/subscription/55?subscriptionType=Plan1 [32m204[0m 0.138 ms - 0[0m
[0mOPTIONS /api/subscription/55?subscriptionType=Plan3 [32m204[0m 0.135 ms - 0[0m
[0mOPTIONS /api/subscription/55?subscriptionType=Plan2 [32m204[0m 0.168 ms - 0[0m
[0mOPTIONS /api/store/product/admin/getAllProductById/55 [32m204[0m 0.200 ms - 0[0m
[0mOPTIONS /api/product/getProductById/418 [32m204[0m 0.806 ms - 0[0m
[0mGET /api/category/getAllCategory [36m304[0m 40.224 ms - -[0m
[0mGET /api/subscription/55?subscriptionType=Plan1 [33m404[0m 42.028 ms - 52[0m
[0mGET /api/subscription/55?subscriptionType=Plan3 [33m404[0m 61.703 ms - 52[0m
[0mGET /api/subscription/55?subscriptionType=Plan2 [33m404[0m 65.264 ms - 52[0m
[0mGET /api/product/getProductById/418 [32m200[0m 89.401 ms - -[0m
[0mGET /api/store/product/admin/getAllProductById/55 [36m304[0m 146.988 ms - -[0m
[0mOPTIONS /api/subscription/55?subscriptionType=Plan1 [32m204[0m 1.345 ms - 0[0m
[0mOPTIONS /api/subscription/55?subscriptionType=Plan3 [32m204[0m 0.414 ms - 0[0m
[0mOPTIONS /api/subscription/55?subscriptionType=Plan2 [32m204[0m 0.899 ms - 0[0m
[0mOPTIONS /api/store/product/admin/getAllProductById/55 [32m204[0m 0.198 ms - 0[0m
[0mOPTIONS /api/product/getProductById/418 [32m204[0m 0.374 ms - 0[0m
[0mGET /api/subscription/55?subscriptionType=Plan1 [31m500[0m 32.589 ms - 63[0m
[0mGET /api/subscription/55?subscriptionType=Plan3 [33m404[0m 308.992 ms - 52[0m
[0mGET /api/subscription/55?subscriptionType=Plan2 [33m404[0m 301.875 ms - 52[0m
[0mGET /api/product/getProductById/418 [36m304[0m 324.320 ms - -[0m
[0mGET /api/store/product/admin/getAllProductById/55 [36m304[0m 372.243 ms - -[0m
[0mOPTIONS /api/subscription/55?subscriptionType=Plan1 [32m204[0m 0.798 ms - 0[0m
[0mOPTIONS /api/subscription/55?subscriptionType=Plan3 [32m204[0m 0.322 ms - 0[0m
[0mOPTIONS /api/subscription/55?subscriptionType=Plan2 [32m204[0m 0.449 ms - 0[0m
[0mOPTIONS /api/store/product/admin/getAllProductById/55 [32m204[0m 0.473 ms - 0[0m
[0mOPTIONS /api/product/getProductById/418 [32m204[0m 0.169 ms - 0[0m
[0mGET /api/subscription/55?subscriptionType=Plan1 [33m404[0m 44.163 ms - 52[0m
[0mGET /api/subscription/55?subscriptionType=Plan3 [33m404[0m 70.897 ms - 52[0m
[0mGET /api/subscription/55?subscriptionType=Plan2 [33m404[0m 98.723 ms - 52[0m
[0mGET /api/product/getProductById/418 [36m304[0m 131.871 ms - -[0m
[0mGET /api/store/product/admin/getAllProductById/55 [36m304[0m 178.991 ms - -[0m
[0mOPTIONS /api/subscription/55?subscriptionType=Plan1 [32m204[0m 0.336 ms - 0[0m
[0mOPTIONS /api/subscription/55?subscriptionType=Plan3 [32m204[0m 0.140 ms - 0[0m
[0mOPTIONS /api/subscription/55?subscriptionType=Plan2 [32m204[0m 0.093 ms - 0[0m
[0mOPTIONS /api/store/product/admin/getAllProductById/55 [32m204[0m 0.307 ms - 0[0m
[0mOPTIONS /api/product/getProductById/418 [32m204[0m 0.115 ms - 0[0m
[0mGET /api/subscription/55?subscriptionType=Plan3 [33m404[0m 27.883 ms - 52[0m
[0mGET /api/subscription/55?subscriptionType=Plan1 [33m404[0m 32.339 ms - 52[0m
[0mGET /api/subscription/55?subscriptionType=Plan2 [33m404[0m 53.308 ms - 52[0m
[0mGET /api/product/getProductById/418 [36m304[0m 50.248 ms - -[0m
[0mGET /api/store/product/admin/getAllProductById/55 [36m304[0m 144.715 ms - -[0m
[0mOPTIONS /api/subscription/55?subscriptionType=Plan1 [32m204[0m 18.269 ms - 0[0m
[0mOPTIONS /api/subscription/55?subscriptionType=Plan3 [32m204[0m 0.388 ms - 0[0m
[0mOPTIONS /api/subscription/55?subscriptionType=Plan2 [32m204[0m 0.338 ms - 0[0m
[0mOPTIONS /api/store/product/admin/getAllProductById/55 [32m204[0m 0.157 ms - 0[0m
[0mOPTIONS /api/product/getProductById/418 [32m204[0m 0.173 ms - 0[0m
[0mGET /api/subscription/55?subscriptionType=Plan1 [31m500[0m 36.920 ms - 63[0m
[0mGET /api/subscription/55?subscriptionType=Plan3 [33m404[0m 160.362 ms - 52[0m
[0mGET /api/subscription/55?subscriptionType=Plan2 [33m404[0m 159.875 ms - 52[0m
[0mGET /api/product/getProductById/418 [36m304[0m 303.750 ms - -[0m
[0mGET /api/store/product/admin/getAllProductById/55 [36m304[0m 315.014 ms - -[0m
[0mOPTIONS /api/subscription/55?subscriptionType=Plan1 [32m204[0m 0.505 ms - 0[0m
[0mOPTIONS /api/subscription/55?subscriptionType=Plan3 [32m204[0m 0.464 ms - 0[0m
[0mOPTIONS /api/subscription/55?subscriptionType=Plan2 [32m204[0m 0.098 ms - 0[0m
[0mOPTIONS /api/store/product/admin/getAllProductById/55 [32m204[0m 0.096 ms - 0[0m
[0mOPTIONS /api/product/getProductById/418 [32m204[0m 0.310 ms - 0[0m
[0mGET /api/subscription/55?subscriptionType=Plan1 [33m404[0m 32.744 ms - 52[0m
[0mGET /api/subscription/55?subscriptionType=Plan3 [33m404[0m 36.857 ms - 52[0m
[0mGET /api/subscription/55?subscriptionType=Plan2 [33m404[0m 40.446 ms - 52[0m
[0mGET /api/product/getProductById/418 [36m304[0m 41.775 ms - -[0m
[0mGET /api/store/product/admin/getAllProductById/55 [36m304[0m 90.388 ms - -[0m
[0mOPTIONS /api/subscription/55?subscriptionType=Plan1 [32m204[0m 1.326 ms - 0[0m
[0mOPTIONS /api/subscription/55?subscriptionType=Plan3 [32m204[0m 0.138 ms - 0[0m
[0mOPTIONS /api/subscription/55?subscriptionType=Plan2 [32m204[0m 0.435 ms - 0[0m
[0mOPTIONS /api/store/product/admin/getAllProductById/55 [32m204[0m 0.114 ms - 0[0m
[0mOPTIONS /api/product/getProductById/418 [32m204[0m 0.247 ms - 0[0m
[0mGET /api/subscription/55?subscriptionType=Plan1 [33m404[0m 52.856 ms - 52[0m
[0mGET /api/subscription/55?subscriptionType=Plan3 [33m404[0m 78.237 ms - 52[0m
[0mGET /api/subscription/55?subscriptionType=Plan2 [33m404[0m 107.167 ms - 52[0m
[0mGET /api/product/getProductById/418 [36m304[0m 158.744 ms - -[0m
[0mGET /api/store/product/admin/getAllProductById/55 [36m304[0m 235.189 ms - -[0m
[0mOPTIONS /api/subscription/55?subscriptionType=Plan1 [32m204[0m 0.805 ms - 0[0m
[0mOPTIONS /api/subscription/55?subscriptionType=Plan3 [32m204[0m 0.334 ms - 0[0m
[0mOPTIONS /api/subscription/55?subscriptionType=Plan2 [32m204[0m 0.177 ms - 0[0m
[0mOPTIONS /api/store/product/admin/getAllProductById/55 [32m204[0m 0.243 ms - 0[0m
[0mOPTIONS /api/product/getProductById/418 [32m204[0m 0.134 ms - 0[0m
[0mGET /api/subscription/55?subscriptionType=Plan1 [33m404[0m 82.391 ms - 52[0m
[0mGET /api/subscription/55?subscriptionType=Plan3 [33m404[0m 83.537 ms - 52[0m
[0mGET /api/subscription/55?subscriptionType=Plan2 [33m404[0m 135.585 ms - 52[0m
[0mGET /api/product/getProductById/418 [36m304[0m 163.548 ms - -[0m
[0mGET /api/store/product/admin/getAllProductById/55 [36m304[0m 214.690 ms - -[0m
[0mOPTIONS /api/subscription/55?subscriptionType=Plan1 [32m204[0m 0.345 ms - 0[0m
[0mOPTIONS /api/subscription/55?subscriptionType=Plan3 [32m204[0m 0.322 ms - 0[0m
[0mOPTIONS /api/subscription/55?subscriptionType=Plan2 [32m204[0m 0.083 ms - 0[0m
[0mOPTIONS /api/store/product/admin/getAllProductById/55 [32m204[0m 0.105 ms - 0[0m
[0mOPTIONS /api/product/getProductById/418 [32m204[0m 0.103 ms - 0[0m
[0mGET /api/subscription/55?subscriptionType=Plan2 [33m404[0m 32.216 ms - 52[0m
[0mGET /api/subscription/55?subscriptionType=Plan1 [33m404[0m 34.546 ms - 52[0m
[0mGET /api/subscription/55?subscriptionType=Plan3 [33m404[0m 36.003 ms - 52[0m
[0mGET /api/product/getProductById/418 [36m304[0m 38.812 ms - -[0m
[0mGET /api/store/product/admin/getAllProductById/55 [36m304[0m 101.101 ms - -[0m
[0mOPTIONS /api/subscription/55?subscriptionType=Plan1 [32m204[0m 0.365 ms - 0[0m
[0mOPTIONS /api/subscription/55?subscriptionType=Plan3 [32m204[0m 0.107 ms - 0[0m
[0mOPTIONS /api/subscription/55?subscriptionType=Plan2 [32m204[0m 0.525 ms - 0[0m
[0mOPTIONS /api/store/product/admin/getAllProductById/55 [32m204[0m 0.197 ms - 0[0m
[0mOPTIONS /api/product/getProductById/418 [32m204[0m 0.347 ms - 0[0m
[0mGET /api/subscription/55?subscriptionType=Plan1 [33m404[0m 39.305 ms - 52[0m
[0mGET /api/product/getProductById/418 [36m304[0m 31.331 ms - -[0m
[0mGET /api/subscription/55?subscriptionType=Plan3 [33m404[0m 51.579 ms - 52[0m
[0mGET /api/subscription/55?subscriptionType=Plan2 [33m404[0m 55.381 ms - 52[0m
[0mGET /api/store/product/admin/getAllProductById/55 [36m304[0m 78.701 ms - -[0m
[0mOPTIONS /api/billing/getByStoreId/55 [32m204[0m 4.281 ms - 0[0m
[0mGET /api/billing/getByStoreId/55 [32m200[0m 53.444 ms - 26[0m
[0mOPTIONS /api/store/product/admin/getAllProductById/55 [32m204[0m 0.262 ms - 0[0m
[0mGET /api/store/product/admin/getAllProductById/55 [36m304[0m 113.546 ms - -[0m
[0mOPTIONS /api/billing/add [32m204[0m 2.670 ms - 0[0m
[0mPOST /api/billing/add [32m201[0m 110.499 ms - 485[0m
[0mOPTIONS /api/product/getProductById/418 [32m204[0m 0.515 ms - 0[0m
[0mGET /api/product/getProductById/418 [36m304[0m 41.584 ms - -[0m
[0mOPTIONS /api/product/update [32m204[0m 0.579 ms - 0[0m
[0mPOST /api/product/update [32m200[0m 117.294 ms - 45[0m
[0mOPTIONS /api/store/product/admin/getAllProductById/55 [32m204[0m 6.817 ms - 0[0m
[0mOPTIONS /api/billing/getByStoreId/55 [32m204[0m 0.597 ms - 0[0m
[0mGET /api/store/product/admin/getAllProductById/55 [32m200[0m 104.259 ms - -[0m
[0mGET /api/billing/getByStoreId/55 [32m200[0m 108.358 ms - -[0m
[0mOPTIONS /api/billing/getById/33 [32m204[0m 0.832 ms - 0[0m
[0mOPTIONS /api/store/list/55 [32m204[0m 0.275 ms - 0[0m
[0mGET /api/store/list/55 [36m304[0m 45.734 ms - -[0m
[0mGET /api/billing/getById/33 [32m200[0m 46.547 ms - -[0m
[0mOPTIONS /api/billing/getByStoreId/55 [32m204[0m 0.261 ms - 0[0m
[0mGET /api/billing/getByStoreId/55 [36m304[0m 38.776 ms - -[0m
[0mOPTIONS /api/store/product/admin/getAllProductById/55 [32m204[0m 0.567 ms - 0[0m
[0mGET /api/store/product/admin/getAllProductById/55 [36m304[0m 104.056 ms - -[0m
[0mOPTIONS /api/store/product/admin/getAllProductById/55 [32m204[0m 0.623 ms - 0[0m
[0mGET /api/auth/user/119 [36m304[0m 96.930 ms - -[0m
[0mGET /api/store/product/admin/getAllProductById/55 [36m304[0m 135.939 ms - -[0m
[0mOPTIONS /api/store/list/55 [32m204[0m 15.484 ms - 0[0m
[0mGET /api/store/list/55 [36m304[0m 44.614 ms - -[0m
[0mOPTIONS /api/store/product/admin/getAllProductById/55 [32m204[0m 1.244 ms - 0[0m
[0mGET /api/store/list/55 [36m304[0m 39.069 ms - -[0m
[0mGET /api/store/product/admin/getAllProductById/55 [36m304[0m 131.769 ms - -[0m
[0mOPTIONS /api/category/getAllCategory [32m204[0m 0.567 ms - 0[0m
[0mOPTIONS /api/subscription/55?subscriptionType=Plan1 [32m204[0m 0.562 ms - 0[0m
[0mOPTIONS /api/subscription/55?subscriptionType=Plan3 [32m204[0m 0.381 ms - 0[0m
[0mOPTIONS /api/subscription/55?subscriptionType=Plan2 [32m204[0m 0.179 ms - 0[0m
[0mGET /api/subscription/55?subscriptionType=Plan1 [33m404[0m 49.215 ms - 52[0m
[0mGET /api/subscription/55?subscriptionType=Plan3 [33m404[0m 76.755 ms - 52[0m
[0mGET /api/store/product/admin/getAllProductById/55 [36m304[0m 131.715 ms - -[0m
[0mGET /api/category/getAllCategory [36m304[0m 116.937 ms - -[0m
[0mGET /api/subscription/55?subscriptionType=Plan2 [33m404[0m 175.712 ms - 52[0m
[0mOPTIONS /api/subscription/55?subscriptionType=Plan1 [32m204[0m 1.233 ms - 0[0m
[0mOPTIONS /api/subscription/55?subscriptionType=Plan3 [32m204[0m 0.793 ms - 0[0m
[0mOPTIONS /api/subscription/55?subscriptionType=Plan2 [32m204[0m 0.164 ms - 0[0m
[0mOPTIONS /api/store/product/admin/getAllProductById/55 [32m204[0m 0.543 ms - 0[0m
[0mGET /api/subscription/55?subscriptionType=Plan1 [33m404[0m 41.451 ms - 52[0m
[0mGET /api/subscription/55?subscriptionType=Plan3 [33m404[0m 71.648 ms - 52[0m
[0mGET /api/subscription/55?subscriptionType=Plan2 [33m404[0m 95.819 ms - 52[0m
[0mGET /api/store/product/admin/getAllProductById/55 [36m304[0m 191.560 ms - -[0m
[0mOPTIONS /api/subscription/55?subscriptionType=Plan1 [32m204[0m 5.717 ms - 0[0m
[0mOPTIONS /api/subscription/55?subscriptionType=Plan3 [32m204[0m 0.142 ms - 0[0m
[0mOPTIONS /api/subscription/55?subscriptionType=Plan2 [32m204[0m 0.088 ms - 0[0m
[0mOPTIONS /api/store/product/admin/getAllProductById/55 [32m204[0m 10.379 ms - 0[0m
[0mGET /api/subscription/55?subscriptionType=Plan1 [33m404[0m 48.168 ms - 52[0m
[0mGET /api/subscription/55?subscriptionType=Plan3 [33m404[0m 79.179 ms - 52[0m
[0mGET /api/subscription/55?subscriptionType=Plan2 [33m404[0m 94.816 ms - 52[0m
[0mGET /api/store/product/admin/getAllProductById/55 [36m304[0m 182.983 ms - -[0m
[0mOPTIONS /api/subscription/55?subscriptionType=Plan1 [32m204[0m 0.729 ms - 0[0m
[0mOPTIONS /api/subscription/55?subscriptionType=Plan3 [32m204[0m 0.299 ms - 0[0m
[0mOPTIONS /api/subscription/55?subscriptionType=Plan2 [32m204[0m 0.151 ms - 0[0m
[0mOPTIONS /api/store/product/admin/getAllProductById/55 [32m204[0m 0.501 ms - 0[0m
[0mGET /api/subscription/55?subscriptionType=Plan1 [33m404[0m 37.807 ms - 52[0m
[0mGET /api/subscription/55?subscriptionType=Plan2 [33m404[0m 48.433 ms - 52[0m
[0mGET /api/subscription/55?subscriptionType=Plan3 [33m404[0m 52.282 ms - 52[0m
[0mGET /api/store/product/admin/getAllProductById/55 [36m304[0m 104.393 ms - -[0m
[0mOPTIONS /api/subscription/55?subscriptionType=Plan1 [32m204[0m 0.291 ms - 0[0m
[0mOPTIONS /api/subscription/55?subscriptionType=Plan3 [32m204[0m 0.322 ms - 0[0m
[0mOPTIONS /api/subscription/55?subscriptionType=Plan2 [32m204[0m 0.111 ms - 0[0m
[0mOPTIONS /api/store/product/admin/getAllProductById/55 [32m204[0m 0.097 ms - 0[0m
[0mGET /api/subscription/55?subscriptionType=Plan1 [33m404[0m 41.644 ms - 52[0m
[0mGET /api/subscription/55?subscriptionType=Plan2 [33m404[0m 39.672 ms - 52[0m
[0mGET /api/subscription/55?subscriptionType=Plan3 [33m404[0m 41.145 ms - 52[0m
[0mGET /api/store/product/admin/getAllProductById/55 [36m304[0m 136.976 ms - -[0m
[0mOPTIONS /api/store/list/55 [32m204[0m 0.694 ms - 0[0m
[0mOPTIONS /api/category/getAllCategory [32m204[0m 0.278 ms - 0[0m
[0mOPTIONS /api/subscription/55?subscriptionType=Plan1 [32m204[0m 0.206 ms - 0[0m
[0mOPTIONS /api/store/product/admin/getAllProductById/55 [32m204[0m 0.329 ms - 0[0m
[0mOPTIONS /api/subscription/55?subscriptionType=Plan3 [32m204[0m 0.608 ms - 0[0m
[0mOPTIONS /api/subscription/55?subscriptionType=Plan2 [32m204[0m 0.231 ms - 0[0m
[0mGET /api/auth/user/119 [36m304[0m 112.695 ms - -[0m
[0mGET /api/store/list/55 [36m304[0m 47.976 ms - -[0m
[0mGET /api/category/getAllCategory [36m304[0m 79.920 ms - -[0m
[0mGET /api/subscription/55?subscriptionType=Plan1 [33m404[0m 107.993 ms - 52[0m
[0mGET /api/subscription/55?subscriptionType=Plan3 [33m404[0m 140.616 ms - 52[0m
[0mGET /api/subscription/55?subscriptionType=Plan2 [33m404[0m 153.160 ms - 52[0m
[0mGET /api/store/product/admin/getAllProductById/55 [36m304[0m 220.079 ms - -[0m
[0mOPTIONS /api/store/list/55 [32m204[0m 7.479 ms - 0[0m
[0mOPTIONS /api/category/getAllCategory [32m204[0m 0.344 ms - 0[0m
[0mOPTIONS /api/store/product/admin/getAllProductById/55 [32m204[0m 0.857 ms - 0[0m
[0mGET /api/store/list/55 [36m304[0m 61.696 ms - -[0m
[0mGET /api/category/getAllCategory [36m304[0m 78.418 ms - -[0m
[0mGET /api/auth/user/119 [36m304[0m 162.109 ms - -[0m
[0mGET /api/store/product/admin/getAllProductById/55 [36m304[0m 171.613 ms - -[0m
[0mOPTIONS /api/store/product/admin/getAllProductById/55 [32m204[0m 0.383 ms - 0[0m
[0mGET /api/store/product/admin/getAllProductById/55 [36m304[0m 108.225 ms - -[0m
[0mOPTIONS /api/store/product/admin/getAllProductById/55 [32m204[0m 0.369 ms - 0[0m
[0mGET /api/store/product/admin/getAllProductById/55 [36m304[0m 102.715 ms - -[0m
[0mOPTIONS /api/store/product/admin/getAllProductById/55 [32m204[0m 0.454 ms - 0[0m
[0mGET /api/store/product/admin/getAllProductById/55 [36m304[0m 69.127 ms - -[0m
[0mOPTIONS /api/billing/getByStoreId/55 [32m204[0m 0.495 ms - 0[0m
[0mGET /api/billing/getByStoreId/55 [36m304[0m 40.434 ms - -[0m
[0mOPTIONS /api/auth/rootLogin [32m204[0m 1.223 ms - 0[0m
[0mPOST /api/auth/rootLogin [32m200[0m 232.281 ms - 582[0m
[0mOPTIONS /api/store/product/admin/getAllProductById/55 [32m204[0m 0.484 ms - 0[0m
[0mGET /api/store/product/admin/getAllProductById/55 [36m304[0m 147.169 ms - -[0m
[0mGET /api/auth/user/119 [36m304[0m 196.612 ms - -[0m
[0mGET /api/order/list/119 [32m200[0m 185.258 ms - 36[0m
[0mOPTIONS /api/store/list/55 [32m204[0m 0.543 ms - 0[0m
[0mGET /api/store/list/55 [36m304[0m 33.765 ms - -[0m
[0mGET /api/store/product/admin/getAllProductById/55 [36m304[0m 152.905 ms - -[0m
[0mOPTIONS /api/category/getAllCategory [32m204[0m 0.745 ms - 0[0m
[0mOPTIONS /api/store/product/admin/getAllProductById/55 [32m204[0m 0.416 ms - 0[0m
[0mGET /api/category/getAllCategory [36m304[0m 36.363 ms - -[0m
[0mGET /api/store/product/admin/getAllProductById/55 [36m304[0m 95.436 ms - -[0m
[0mOPTIONS /api/billing/getByStoreId/55 [32m204[0m 0.429 ms - 0[0m
[0mGET /api/billing/getByStoreId/55 [36m304[0m 39.747 ms - -[0m
[0mOPTIONS /api/billing/getById/33 [32m204[0m 0.565 ms - 0[0m
[0mOPTIONS /api/store/list/55 [32m204[0m 0.243 ms - 0[0m
[0mGET /api/billing/getById/33 [36m304[0m 38.081 ms - -[0m
[0mGET /api/store/list/55 [36m304[0m 37.399 ms - -[0m
[0mOPTIONS /api/billing/getByStoreId/55 [32m204[0m 0.552 ms - 0[0m
[0mGET /api/billing/getByStoreId/55 [36m304[0m 42.337 ms - -[0m
[0mOPTIONS /api/store/product/admin/getAllProductById/55 [32m204[0m 0.437 ms - 0[0m
[0mGET /api/store/product/admin/getAllProductById/55 [36m304[0m 58.229 ms - -[0m
[0mOPTIONS /api/billing/getByStoreId/55 [32m204[0m 0.629 ms - 0[0m
[0mGET /api/billing/getByStoreId/55 [36m304[0m 35.069 ms - -[0m
[0mOPTIONS /api/auth/user/119 [32m204[0m 6.440 ms - 0[0m
[0mOPTIONS /api/store/list/55 [32m204[0m 0.684 ms - 0[0m
[0mGET /api/store/list/55 [32m200[0m 469.504 ms - -[0m
[0mGET /api/auth/user/119 [32m200[0m 594.080 ms - 945[0m
[0mGET /api/auth/user/119 [36m304[0m 78.031 ms - -[0m
[0mGET /favicon.ico [33m404[0m 2.342 ms - 57[0m
[0mGET /api/auth/users [33m404[0m 3.046 ms - 57[0m
[0mGET /api/auth/user [33m404[0m 2.846 ms - 57[0m
[0mGET /api/auth/user/119 [33m401[0m 3.748 ms - 161[0m
[0mOPTIONS /api/auth/user/119 [32m204[0m 1.204 ms - 0[0m
[0mGET /api/auth/user/119 [31m500[0m 4.977 ms - 36[0m
[0mOPTIONS /api/store/list/55 [32m204[0m 0.496 ms - 0[0m
[0mGET /api/store/list/55 [31m500[0m 1.024 ms - 36[0m
[0mOPTIONS /api/auth/rootLogin [32m204[0m 0.696 ms - 0[0m
[0mPOST /api/auth/rootLogin [32m200[0m 548.827 ms - 566[0m
[0mOPTIONS /api/auth/user/48 [32m204[0m 0.442 ms - 0[0m
[0mGET /api/auth/user/48 [31m500[0m 2.377 ms - 36[0m
[0mOPTIONS /api/order/list [32m204[0m 0.284 ms - 0[0m
[0mOPTIONS /api/product/getAllproductList [32m204[0m 0.259 ms - 0[0m
[0mGET /api/order/list [31m500[0m 0.515 ms - 36[0m
[0mOPTIONS /api/order/list/48 [32m204[0m 1.984 ms - 0[0m
[0mGET /api/product/getAllproductList [31m500[0m 0.437 ms - 36[0m
[0mGET /api/order/list/48 [31m500[0m 0.942 ms - 36[0m
[0mOPTIONS /api/auth/user/48 [32m204[0m 1.144 ms - 0[0m
[0mGET /api/auth/user/48 [31m500[0m 7.292 ms - 36[0m
[0mOPTIONS /api/order/list [32m204[0m 2.193 ms - 0[0m
[0mOPTIONS /api/product/getAllproductList [32m204[0m 0.831 ms - 0[0m
[0mGET /api/product/getAllproductList [31m500[0m 2.571 ms - 36[0m
[0mGET /api/order/list [31m500[0m 0.502 ms - 36[0m
[0mOPTIONS /api/order/list/48 [32m204[0m 0.321 ms - 0[0m
[0mGET /api/order/list/48 [31m500[0m 4.213 ms - 36[0m
[0mGET /api/auth/user/48 [31m500[0m 2.550 ms - 36[0m
[0mGET /api/order/list [31m500[0m 0.935 ms - 36[0m
[0mGET /api/product/getAllproductList [31m500[0m 0.851 ms - 36[0m
[0mGET /api/order/list/48 [31m500[0m 0.547 ms - 36[0m
[0mGET /api/auth/user/48 [31m500[0m 1.652 ms - 36[0m
[0mGET /api/order/list [31m500[0m 0.782 ms - 36[0m
[0mGET /api/product/getAllproductList [31m500[0m 1.558 ms - 36[0m
[0mGET /api/order/list/48 [31m500[0m 1.664 ms - 36[0m
[0mGET /api/auth/user/48 [31m500[0m 0.677 ms - 36[0m
[0mGET /api/order/list [31m500[0m 2.617 ms - 36[0m
[0mGET /api/product/getAllproductList [31m500[0m 1.083 ms - 36[0m
[0mGET /api/order/list/48 [31m500[0m 1.868 ms - 36[0m
[0mGET /api/auth/user/48 [31m500[0m 3.518 ms - 36[0m
[0mGET /api/order/list [31m500[0m 0.807 ms - 36[0m
[0mGET /api/product/getAllproductList [31m500[0m 0.532 ms - 36[0m
[0mGET /api/order/list/48 [31m500[0m 0.540 ms - 36[0m
[0mOPTIONS /api/auth/user/48 [32m204[0m 0.551 ms - 0[0m
[0mGET /api/auth/user/48 [31m500[0m 2.678 ms - 36[0m
[0mOPTIONS /api/order/list [32m204[0m 0.486 ms - 0[0m
[0mOPTIONS /api/product/getAllproductList [32m204[0m 1.013 ms - 0[0m
[0mGET /api/order/list [31m500[0m 0.512 ms - 36[0m
[0mOPTIONS /api/order/list/48 [32m204[0m 0.433 ms - 0[0m
[0mGET /api/product/getAllproductList [31m500[0m 0.470 ms - 36[0m
[0mGET /api/order/list/48 [31m500[0m 0.335 ms - 36[0m
[0mOPTIONS /api/auth/rootLogin [32m204[0m 0.623 ms - 0[0m
[0mPOST /api/auth/rootLogin [33m429[0m 1.819 ms - 106[0m
[0mOPTIONS /api/auth/rootLogin [32m204[0m 0.937 ms - 0[0m
[0mPOST /api/auth/rootLogin [33m429[0m 0.683 ms - 106[0m
[0mOPTIONS /api/auth/rootLogin [32m204[0m 0.701 ms - 0[0m
[0mPOST /api/auth/rootLogin [33m429[0m 1.526 ms - 106[0m
[0mOPTIONS /api/auth/rootLogin [32m204[0m 0.990 ms - 0[0m
[0mPOST /api/auth/rootLogin [33m429[0m 1.429 ms - 106[0m
[0mOPTIONS /api/auth/rootLogin [32m204[0m 5.181 ms - 0[0m
[0mPOST /api/auth/rootLogin [32m200[0m 563.103 ms - 566[0m
[0mOPTIONS /api/auth/user/48 [32m204[0m 0.652 ms - 0[0m
[0mGET /api/auth/user/48 [31m500[0m 2.173 ms - 36[0m
[0mOPTIONS /api/order/list [32m204[0m 0.642 ms - 0[0m
[0mGET /api/order/list [31m500[0m 0.831 ms - 36[0m
[0mOPTIONS /api/product/getAllproductList [32m204[0m 0.173 ms - 0[0m
[0mGET /api/product/getAllproductList [31m500[0m 4.552 ms - 36[0m
[0mOPTIONS /api/order/list/48 [32m204[0m 0.458 ms - 0[0m
[0mGET /api/order/list/48 [31m500[0m 0.413 ms - 36[0m
[0mOPTIONS /api/vendor/list [32m204[0m 0.339 ms - 0[0m
[0mGET /api/vendor/list [31m500[0m 0.688 ms - 36[0m
[0mOPTIONS /api/auth/user/48 [32m204[0m 6.055 ms - 0[0m
[0mGET /api/auth/user/48 [31m500[0m 0.637 ms - 36[0m
[0mOPTIONS /api/vendor/list [32m204[0m 0.372 ms - 0[0m
[0mGET /api/vendor/list [31m500[0m 1.025 ms - 36[0m
[0mOPTIONS /api/auth/user/48 [32m204[0m 2.708 ms - 0[0m
[0mGET /api/auth/user/48 [31m500[0m 0.926 ms - 36[0m
[0mOPTIONS /api/vendor/list [32m204[0m 0.713 ms - 0[0m
[0mGET /api/vendor/list [31m500[0m 0.401 ms - 36[0m
[0mOPTIONS /api/auth/user/48 [32m204[0m 9.810 ms - 0[0m
[0mGET /api/auth/user/48 [31m500[0m 3.966 ms - 36[0m
[0mOPTIONS /api/vendor/list [32m204[0m 1.821 ms - 0[0m
[0mGET /api/vendor/list [31m500[0m 1.039 ms - 36[0m
[0mGET /api/auth/user/48 [31m500[0m 1.526 ms - 36[0m
[0mOPTIONS /api/vendor/list [32m204[0m 0.446 ms - 0[0m
[0mOPTIONS /api/auth/user/48 [32m204[0m 0.179 ms - 0[0m
[0mGET /api/vendor/list [31m500[0m 0.587 ms - 36[0m
[0mGET /api/auth/user/48 [31m500[0m 0.735 ms - 36[0m
[0mOPTIONS /api/auth/user/48 [32m204[0m 0.693 ms - 0[0m
[0mGET /api/auth/user/48 [31m500[0m 2.106 ms - 36[0m
[0mOPTIONS /api/vendor/list [32m204[0m 0.422 ms - 0[0m
[0mGET /api/vendor/list [31m500[0m 0.629 ms - 36[0m
[0mOPTIONS /api/auth/rootLogin [32m204[0m 0.631 ms - 0[0m
[0mPOST /api/auth/rootLogin [33m429[0m 11.248 ms - 106[0m
[0mOPTIONS /api/auth/rootLogin [32m204[0m 3.644 ms - 0[0m
[0mPOST /api/auth/rootLogin [32m200[0m 565.828 ms - 566[0m
[0mOPTIONS /api/auth/user/48 [32m204[0m 37.502 ms - 0[0m
[0mGET /api/auth/user/48 [31m500[0m 3.553 ms - 36[0m
[0mOPTIONS /api/order/list [32m204[0m 1.614 ms - 0[0m
[0mOPTIONS /api/product/getAllproductList [32m204[0m 0.206 ms - 0[0m
[0mGET /api/order/list [31m500[0m 1.426 ms - 36[0m
[0mOPTIONS /api/order/list/48 [32m204[0m 0.865 ms - 0[0m
[0mGET /api/product/getAllproductList [31m500[0m 1.700 ms - 36[0m
[0mGET /api/order/list/48 [31m500[0m 0.542 ms - 36[0m
[0mOPTIONS /api/auth/user/48 [32m204[0m 9.667 ms - 0[0m
[0mGET /api/auth/user/48 [33m401[0m 10.061 ms - 107[0m
[0mOPTIONS /api/order/list [32m204[0m 0.620 ms - 0[0m
[0mOPTIONS /api/product/getAllproductList [32m204[0m 0.244 ms - 0[0m
[0mGET /api/order/list [33m401[0m 1.185 ms - 107[0m
[0mOPTIONS /api/order/list/48 [32m204[0m 0.398 ms - 0[0m
[0mGET /api/product/getAllproductList [33m401[0m 0.652 ms - 107[0m
[0mGET /api/order/list/48 [33m401[0m 0.480 ms - 107[0m
[0mOPTIONS /api/auth/rootLogin [32m204[0m 1.200 ms - 0[0m
[0mPOST /api/auth/rootLogin [33m429[0m 12.220 ms - 106[0m
[0mOPTIONS /api/auth/rootLogin [32m204[0m 2.261 ms - 0[0m
[0mPOST /api/auth/rootLogin [32m200[0m 556.854 ms - 566[0m
[0mOPTIONS /api/order/list [32m204[0m 11.963 ms - 0[0m
[0mOPTIONS /api/product/getAllproductList [32m204[0m 1.071 ms - 0[0m
[0mOPTIONS /api/order/list/48 [32m204[0m 0.925 ms - 0[0m
[0mOPTIONS /api/auth/user/48 [32m204[0m 0.440 ms - 0[0m
[0mGET /api/auth/user/48 [33m401[0m 2.510 ms - 107[0m
[0mGET /api/order/list [33m401[0m 3.759 ms - 107[0m
[0mGET /api/product/getAllproductList [33m401[0m 1.113 ms - 107[0m
[0mGET /api/order/list/48 [33m401[0m 1.925 ms - 107[0m
[0mOPTIONS /api/auth/user/48 [32m204[0m 0.592 ms - 0[0m
[0mGET /api/auth/user/48 [33m401[0m 0.525 ms - 107[0m
[0mOPTIONS /api/order/list [32m204[0m 0.142 ms - 0[0m
[0mOPTIONS /api/product/getAllproductList [32m204[0m 0.126 ms - 0[0m
[0mOPTIONS /api/order/list/48 [32m204[0m 0.298 ms - 0[0m
[0mGET /api/order/list/48 [33m401[0m 1.075 ms - 107[0m
[0mGET /api/order/list [33m401[0m 0.965 ms - 107[0m
[0mGET /api/product/getAllproductList [33m401[0m 2.159 ms - 107[0m
[0mOPTIONS /api/auth/user/48 [32m204[0m 0.315 ms - 0[0m
[0mGET /api/auth/user/48 [33m401[0m 0.291 ms - 107[0m
[0mOPTIONS /api/auth/user/48 [32m204[0m 0.813 ms - 0[0m
[0mGET /api/auth/user/48 [33m401[0m 0.971 ms - 107[0m
[0mOPTIONS /api/order/list [32m204[0m 12.777 ms - 0[0m
[0mGET /api/order/list [33m401[0m 2.715 ms - 107[0m
[0mOPTIONS /api/product/getAllproductList [32m204[0m 1.278 ms - 0[0m
[0mOPTIONS /api/order/list/48 [32m204[0m 0.199 ms - 0[0m
[0mGET /api/product/getAllproductList [33m401[0m 0.635 ms - 107[0m
[0mGET /api/order/list/48 [33m401[0m 11.293 ms - 107[0m
[0mOPTIONS /api/auth/rootLogin [32m204[0m 0.846 ms - 0[0m
[0mPOST /api/auth/rootLogin [33m429[0m 2.530 ms - 106[0m
[0mOPTIONS /api/auth/rootLogin [32m204[0m 3.074 ms - 0[0m
[0mPOST /api/auth/rootLogin [32m200[0m 522.018 ms - 566[0m
[0mOPTIONS /api/auth/user/48 [32m204[0m 0.951 ms - 0[0m
[0mGET /api/auth/user/48 [33m401[0m 1.173 ms - 107[0m
[0mOPTIONS /api/order/list [32m204[0m 0.501 ms - 0[0m
[0mGET /api/order/list [33m401[0m 0.984 ms - 161[0m
[0mOPTIONS /api/product/getAllproductList [32m204[0m 0.704 ms - 0[0m
[0mGET /api/product/getAllproductList [33m401[0m 1.442 ms - 161[0m
[0mOPTIONS /api/auth/rootLogin [32m204[0m 0.858 ms - 0[0m
[0mPOST /api/auth/rootLogin [33m429[0m 3.899 ms - 106[0m
[0mOPTIONS /api/auth/rootLogin [32m204[0m 3.881 ms - 0[0m
[0mPOST /api/auth/rootLogin [32m200[0m 558.257 ms - 566[0m
[0mOPTIONS /api/auth/user/48 [32m204[0m 0.545 ms - 0[0m
[0mGET /api/auth/user/48 [33m401[0m 3.420 ms - 107[0m
[0mOPTIONS /api/order/list [32m204[0m 1.779 ms - 0[0m
[0mOPTIONS /api/product/getAllproductList [32m204[0m 0.178 ms - 0[0m
[0mGET /api/order/list [33m401[0m 0.464 ms - 161[0m
[0mGET /api/product/getAllproductList [33m401[0m 0.349 ms - 161[0m
[0mOPTIONS /api/auth/rootLogin [32m204[0m 1.117 ms - 0[0m
[0mPOST /api/auth/rootLogin [33m429[0m 2.265 ms - 106[0m
[0mOPTIONS /api/auth/rootLogin [32m204[0m 3.465 ms - 0[0m
[0mPOST /api/auth/rootLogin [32m200[0m 567.892 ms - 566[0m
[0mOPTIONS /api/auth/user/48 [32m204[0m 37.406 ms - 0[0m
[0mOPTIONS /api/order/list [32m204[0m 3.053 ms - 0[0m
[0mOPTIONS /api/product/getAllproductList [32m204[0m 6.145 ms - 0[0m
[0mOPTIONS /api/order/list/48 [32m204[0m 0.167 ms - 0[0m
[0mGET /api/auth/user/48 [33m401[0m 0.862 ms - 107[0m
[0mGET /api/order/list [33m401[0m 7.041 ms - 107[0m
[0mGET /api/product/getAllproductList [33m401[0m 4.494 ms - 107[0m
[0mGET /api/order/list/48 [33m401[0m 0.618 ms - 107[0m
[0mOPTIONS /api/auth/rootLogin [32m204[0m 0.934 ms - 0[0m
[0mPOST /api/auth/rootLogin [33m429[0m 1.677 ms - 106[0m
[0mOPTIONS /api/auth/rootLogin [32m204[0m 0.695 ms - 0[0m
[0mPOST /api/auth/rootLogin [33m429[0m 2.097 ms - 106[0m
[0mGET /api/auth/rootLogin [33m404[0m 4.545 ms - 57[0m
[0mOPTIONS /api/auth/rootLogin [32m204[0m 3.152 ms - 0[0m
[0mPOST /api/auth/rootLogin [32m200[0m 587.880 ms - 566[0m
[0mOPTIONS /api/auth/user/48 [32m204[0m 0.585 ms - 0[0m
[0mGET /api/auth/user/48 [33m401[0m 15.044 ms - 107[0m
[0mOPTIONS /api/order/list [32m204[0m 0.276 ms - 0[0m
[0mGET /api/order/list [33m401[0m 1.915 ms - 107[0m
[0mOPTIONS /api/product/getAllproductList [32m204[0m 0.447 ms - 0[0m
[0mOPTIONS /api/order/list/48 [32m204[0m 0.628 ms - 0[0m
[0mGET /api/order/list/48 [33m401[0m 0.501 ms - 107[0m
[0mGET /api/product/getAllproductList [33m401[0m 0.368 ms - 107[0m
[0mOPTIONS /api/auth/rootLogin [32m204[0m 0.760 ms - 0[0m
[0mPOST /api/auth/rootLogin [33m429[0m 1.814 ms - 106[0m
[0mOPTIONS /api/auth/rootLogin [32m204[0m 5.027 ms - 0[0m
[0mPOST /api/auth/rootLogin [32m200[0m 568.101 ms - 566[0m
[0mOPTIONS /api/auth/user/48 [32m204[0m 0.625 ms - 0[0m
[0mGET /api/auth/user/48 [33m401[0m 1.560 ms - 107[0m
[0mOPTIONS /api/order/list [32m204[0m 0.754 ms - 0[0m
[0mOPTIONS /api/product/getAllproductList [32m204[0m 0.285 ms - 0[0m
[0mGET /api/order/list [33m401[0m 0.398 ms - 161[0m
[0mGET /api/product/getAllproductList [33m401[0m 0.624 ms - 161[0m
[0mOPTIONS /api/auth/rootLogin [32m204[0m 1.567 ms - 0[0m
[0mPOST /api/auth/rootLogin [33m429[0m 2.753 ms - 106[0m
[0mOPTIONS /api/auth/rootLogin [32m204[0m 3.454 ms - 0[0m
[0mPOST /api/auth/rootLogin [32m200[0m 626.206 ms - 566[0m
[0mOPTIONS /api/auth/user/48 [32m204[0m 0.636 ms - 0[0m
[0mGET /api/auth/user/48 [33m401[0m 2.954 ms - 107[0m
[0mOPTIONS /api/order/list [32m204[0m 2.625 ms - 0[0m
[0mGET /api/order/list [33m401[0m 0.367 ms - 161[0m
[0mOPTIONS /api/product/getAllproductList [32m204[0m 0.331 ms - 0[0m
[0mGET /api/product/getAllproductList [33m401[0m 0.229 ms - 161[0m
[0mOPTIONS /api/auth/rootLogin [32m204[0m 0.865 ms - 0[0m
[0mPOST /api/auth/rootLogin [33m429[0m 2.089 ms - 106[0m
[0mOPTIONS /api/auth/rootLogin [32m204[0m 45.598 ms - 0[0m
[0mPOST /api/auth/rootLogin [32m200[0m 580.730 ms - 566[0m
[0mPOST /api/auth/rootLogin [32m200[0m 204.867 ms - 566[0m
[0mOPTIONS /api/auth/rootLogin [32m204[0m 1.388 ms - 0[0m
[0mPOST /api/auth/rootLogin [32m200[0m 212.260 ms - 566[0m
[0mOPTIONS /api/auth/user/48 [32m204[0m 0.740 ms - 0[0m
[0mGET /api/auth/user/48 [33m401[0m 6.800 ms - 107[0m
[0mOPTIONS /api/order/list [32m204[0m 1.200 ms - 0[0m
[0mOPTIONS /api/product/getAllproductList [32m204[0m 2.657 ms - 0[0m
[0mGET /api/order/list [33m401[0m 0.798 ms - 107[0m
[0mOPTIONS /api/order/list/48 [32m204[0m 0.618 ms - 0[0m
[0mGET /api/product/getAllproductList [33m401[0m 0.322 ms - 107[0m
[0mGET /api/order/list/48 [33m401[0m 6.630 ms - 107[0m
[0mOPTIONS /api/auth/rootLogin [32m204[0m 3.953 ms - 0[0m
[0mPOST /api/auth/rootLogin [32m200[0m 652.881 ms - 566[0m
[0mOPTIONS /api/auth/user/48 [32m204[0m 0.485 ms - 0[0m
[0mGET /api/auth/user/48 [33m401[0m 3.083 ms - 107[0m
[0mOPTIONS /api/order/list [32m204[0m 1.705 ms - 0[0m
[0mGET /api/order/list [33m401[0m 1.029 ms - 107[0m
[0mOPTIONS /api/product/getAllproductList [32m204[0m 0.273 ms - 0[0m
[0mGET /api/product/getAllproductList [33m401[0m 3.028 ms - 107[0m
[0mOPTIONS /api/order/list/48 [32m204[0m 3.118 ms - 0[0m
[0mGET /api/order/list/48 [33m401[0m 1.301 ms - 107[0m
[0mOPTIONS /api/auth/rootLogin [32m204[0m 3.848 ms - 0[0m
[0mPOST /api/auth/rootLogin [32m200[0m 551.921 ms - 566[0m
[0mOPTIONS /api/auth/user/48 [32m204[0m 0.774 ms - 0[0m
[0mGET /api/auth/user/48 [33m401[0m 2.089 ms - 107[0m
[0mOPTIONS /api/auth/rootLogin [32m204[0m 1.190 ms - 0[0m
[0mPOST /api/auth/rootLogin [32m200[0m 239.900 ms - 566[0m
[0mOPTIONS /api/auth/rootLogin [32m204[0m 1.482 ms - 0[0m
[0mPOST /api/auth/rootLogin [32m200[0m 233.351 ms - 566[0m
[0mOPTIONS /api/auth/rootLogin [32m204[0m 0.675 ms - 0[0m
[0mPOST /api/auth/rootLogin [33m429[0m 2.667 ms - 106[0m
[0mOPTIONS /api/auth/rootLogin [32m204[0m 3.182 ms - 0[0m
[0mPOST /api/auth/rootLogin [32m200[0m 627.175 ms - 566[0m
[0mOPTIONS /api/auth/user/48 [32m204[0m 2.369 ms - 0[0m
[0mGET /api/auth/user/48 [33m401[0m 1.852 ms - 107[0m
[0mOPTIONS /api/auth/rootLogin [32m204[0m 1.356 ms - 0[0m
[0mPOST /api/auth/rootLogin [32m200[0m 248.537 ms - 566[0m
[0mOPTIONS /api/auth/user/48 [32m204[0m 0.665 ms - 0[0m
[0mGET /api/auth/user/48 [33m401[0m 2.467 ms - 107[0m
[0mOPTIONS /api/order/list [32m204[0m 1.078 ms - 0[0m
[0mGET /api/order/list [33m401[0m 0.844 ms - 107[0m
[0mOPTIONS /api/product/getAllproductList [32m204[0m 0.650 ms - 0[0m
[0mOPTIONS /api/order/list/48 [32m204[0m 1.074 ms - 0[0m
[0mGET /api/product/getAllproductList [33m401[0m 2.219 ms - 107[0m
[0mGET /api/order/list/48 [33m401[0m 1.156 ms - 107[0m
[0mOPTIONS /api/auth/rootLogin [32m204[0m 0.480 ms - 0[0m
[0mPOST /api/auth/rootLogin [33m429[0m 0.961 ms - 106[0m
[0mOPTIONS /api/auth/rootLogin [32m204[0m 3.469 ms - 0[0m
[0mPOST /api/auth/rootLogin [32m200[0m 538.609 ms - 566[0m
[0mOPTIONS /api/auth/user/48 [32m204[0m 4.768 ms - 0[0m
[0mGET /api/auth/user/48 [33m401[0m 0.966 ms - 107[0m
[0mOPTIONS /api/order/list [32m204[0m 0.288 ms - 0[0m
[0mGET /api/order/list [33m401[0m 0.616 ms - 107[0m
[0mOPTIONS /api/product/getAllproductList [32m204[0m 1.118 ms - 0[0m
[0mGET /api/product/getAllproductList [33m401[0m 3.618 ms - 107[0m
[0mOPTIONS /api/order/list/48 [32m204[0m 1.149 ms - 0[0m
[0mGET /api/order/list/48 [33m401[0m 4.047 ms - 107[0m
[0mOPTIONS /api/auth/rootLogin [32m204[0m 4.399 ms - 0[0m
[0mPOST /api/auth/rootLogin [32m200[0m 571.290 ms - 566[0m
[0mOPTIONS /api/auth/user/48 [32m204[0m 0.426 ms - 0[0m
[0mGET /api/auth/user/48 [33m401[0m 2.418 ms - 107[0m
[0mOPTIONS /api/order/list [32m204[0m 0.584 ms - 0[0m
[0mGET /api/order/list [33m401[0m 2.215 ms - 107[0m
[0mOPTIONS /api/product/getAllproductList [32m204[0m 0.379 ms - 0[0m
[0mOPTIONS /api/order/list/48 [32m204[0m 0.816 ms - 0[0m
[0mGET /api/product/getAllproductList [33m401[0m 0.979 ms - 107[0m
[0mGET /api/order/list/48 [33m401[0m 0.414 ms - 107[0m
[0mOPTIONS /api/auth/rootLogin [32m204[0m 3.428 ms - 0[0m
[0mPOST /api/auth/rootLogin [32m200[0m 550.677 ms - 566[0m
[0mOPTIONS /api/auth/user/48 [32m204[0m 0.876 ms - 0[0m
[0mGET /api/auth/user/48 [33m401[0m 2.293 ms - 107[0m
[0mOPTIONS /api/order/list [32m204[0m 1.467 ms - 0[0m
[0mGET /api/order/list [33m401[0m 2.202 ms - 107[0m
[0mOPTIONS /api/product/getAllproductList [32m204[0m 0.803 ms - 0[0m
[0mOPTIONS /api/order/list/48 [32m204[0m 0.639 ms - 0[0m
[0mGET /api/product/getAllproductList [33m401[0m 7.475 ms - 107[0m
[0mGET /api/order/list/48 [33m401[0m 0.353 ms - 107[0m
[0mOPTIONS /api/auth/rootLogin [32m204[0m 3.858 ms - 0[0m
[0mPOST /api/auth/rootLogin [32m200[0m 577.722 ms - 566[0m
[0mOPTIONS /api/auth/user/48 [32m204[0m 0.470 ms - 0[0m
[0mGET /api/auth/user/48 [33m401[0m 0.977 ms - 107[0m
[0mOPTIONS /api/auth/user/689086f8cc95bff225b107fe [32m204[0m 8.042 ms - 0[0m
[0mGET /api/auth/user/689086f8cc95bff225b107fe [33m401[0m 1.988 ms - 107[0m
[0mGET /api/auth/user/689086f8cc95bff225b107fe [33m401[0m 5.120 ms - 107[0m
[0mGET /api/auth/user/689086f8cc95bff225b107fe [33m401[0m 7.421 ms - 107[0m
[0mGET /api/auth/user/689086f8cc95bff225b107fe [33m401[0m 2.288 ms - 107[0m
[0mGET /api/auth/user/689086f8cc95bff225b107fe [33m401[0m 1.006 ms - 107[0m
[0mGET /api/auth/user/689086f8cc95bff225b107fe [33m401[0m 0.413 ms - 107[0m
[0mGET /api/auth/user/689086f8cc95bff225b107fe [33m401[0m 0.492 ms - 107[0m
[0mGET /api/auth/user/689086f8cc95bff225b107fe [33m401[0m 2.178 ms - 107[0m
[0mGET /api/auth/user/689086f8cc95bff225b107fe [33m401[0m 1.075 ms - 107[0m
[0mGET /api/auth/user/689086f8cc95bff225b107fe [33m401[0m 1.332 ms - 107[0m
[0mGET /api/auth/user/689086f8cc95bff225b107fe [33m401[0m 1.249 ms - 107[0m
[0mGET /api/auth/user/689086f8cc95bff225b107fe [33m401[0m 0.919 ms - 107[0m
[0mGET /api/auth/user/689086f8cc95bff225b107fe [33m401[0m 0.358 ms - 107[0m
[0mGET /api/auth/user/689086f8cc95bff225b107fe [33m401[0m 0.341 ms - 107[0m
[0mGET /api/auth/user/689086f8cc95bff225b107fe [33m401[0m 0.321 ms - 107[0m
[0mGET /api/auth/user/689086f8cc95bff225b107fe [33m401[0m 0.335 ms - 107[0m
[0mGET /api/auth/user/689086f8cc95bff225b107fe [33m401[0m 0.344 ms - 107[0m
[0mGET /api/auth/user/689086f8cc95bff225b107fe [33m401[0m 0.354 ms - 107[0m
[0mGET /api/auth/user/689086f8cc95bff225b107fe [33m401[0m 0.339 ms - 107[0m
[0mGET /api/auth/user/689086f8cc95bff225b107fe [33m401[0m 0.324 ms - 107[0m
[0mGET /api/auth/user/689086f8cc95bff225b107fe [33m401[0m 0.318 ms - 107[0m
[0mGET /api/auth/user/689086f8cc95bff225b107fe [33m401[0m 0.303 ms - 107[0m
[0mGET /api/auth/user/689086f8cc95bff225b107fe [33m401[0m 0.390 ms - 107[0m
[0mGET /api/auth/user/689086f8cc95bff225b107fe [33m401[0m 2.020 ms - 107[0m
[0mOPTIONS /api/auth/user/689086f8cc95bff225b107fe [32m204[0m 2.515 ms - 0[0m
[0mGET /api/auth/user/689086f8cc95bff225b107fe [33m401[0m 0.467 ms - 107[0m
[0mGET /api/auth/user/689086f8cc95bff225b107fe [33m401[0m 0.463 ms - 107[0m
[0mGET /api/auth/user/689086f8cc95bff225b107fe [33m401[0m 0.331 ms - 107[0m
[0mGET /api/auth/user/689086f8cc95bff225b107fe [33m401[0m 1.278 ms - 107[0m
[0mGET /api/auth/user/689086f8cc95bff225b107fe [33m401[0m 0.565 ms - 107[0m
[0mGET /api/auth/user/689086f8cc95bff225b107fe [33m401[0m 0.369 ms - 107[0m
[0mGET /api/auth/user/689086f8cc95bff225b107fe [33m401[0m 0.344 ms - 107[0m
[0mGET /api/auth/user/689086f8cc95bff225b107fe [33m401[0m 0.312 ms - 107[0m
[0mGET /api/auth/user/689086f8cc95bff225b107fe [33m401[0m 0.523 ms - 107[0m
[0mGET /api/auth/user/689086f8cc95bff225b107fe [33m401[0m 0.337 ms - 107[0m
[0mGET /api/auth/user/689086f8cc95bff225b107fe [33m401[0m 1.483 ms - 107[0m
[0mGET /api/auth/user/689086f8cc95bff225b107fe [33m401[0m 0.374 ms - 107[0m
[0mGET /api/auth/user/689086f8cc95bff225b107fe [33m401[0m 0.344 ms - 107[0m
[0mGET /api/auth/user/689086f8cc95bff225b107fe [33m401[0m 1.233 ms - 107[0m
[0mGET /api/auth/user/689086f8cc95bff225b107fe [33m401[0m 0.323 ms - 107[0m
[0mGET /api/auth/user/689086f8cc95bff225b107fe [33m401[0m 1.118 ms - 107[0m
[0mGET /api/auth/user/689086f8cc95bff225b107fe [33m401[0m 0.363 ms - 107[0m
[0mGET /api/auth/user/689086f8cc95bff225b107fe [33m401[0m 2.536 ms - 107[0m
[0mGET /api/auth/user/689086f8cc95bff225b107fe [33m401[0m 0.711 ms - 107[0m
[0mGET /api/auth/user/689086f8cc95bff225b107fe [33m401[0m 1.907 ms - 107[0m
[0mGET /api/auth/user/689086f8cc95bff225b107fe [33m401[0m 4.221 ms - 107[0m
[0mGET /api/auth/user/689086f8cc95bff225b107fe [33m401[0m 0.654 ms - 107[0m
[0mGET /api/auth/user/689086f8cc95bff225b107fe [33m401[0m 0.862 ms - 107[0m
[0mOPTIONS /api/auth/user/689086f8cc95bff225b107fe [32m204[0m 0.505 ms - 0[0m
[0mGET /api/auth/user/689086f8cc95bff225b107fe [33m401[0m 0.766 ms - 107[0m
[0mGET /api/auth/user/689086f8cc95bff225b107fe [33m401[0m 1.061 ms - 107[0m
[0mGET /api/auth/user/689086f8cc95bff225b107fe [33m401[0m 0.357 ms - 107[0m
[0mGET /api/auth/user/689086f8cc95bff225b107fe [33m401[0m 0.343 ms - 107[0m
[0mGET /api/auth/user/689086f8cc95bff225b107fe [33m401[0m 0.357 ms - 107[0m
[0mGET /api/auth/user/689086f8cc95bff225b107fe [33m401[0m 0.355 ms - 107[0m
[0mGET /api/auth/user/689086f8cc95bff225b107fe [33m401[0m 1.440 ms - 107[0m
[0mGET /api/auth/user/689086f8cc95bff225b107fe [33m401[0m 1.463 ms - 107[0m
[0mGET /api/auth/user/689086f8cc95bff225b107fe [33m401[0m 0.596 ms - 107[0m
[0mGET /api/auth/user/689086f8cc95bff225b107fe [33m401[0m 0.321 ms - 107[0m
[0mGET /api/auth/user/689086f8cc95bff225b107fe [33m401[0m 0.336 ms - 107[0m
[0mGET /api/auth/user/689086f8cc95bff225b107fe [33m401[0m 0.337 ms - 107[0m
[0mOPTIONS /api/auth/user/689086f8cc95bff225b107fe [32m204[0m 26.311 ms - 0[0m
[0mGET /api/auth/user/689086f8cc95bff225b107fe [33m401[0m 6.714 ms - 107[0m
[0mGET /api/auth/user/689086f8cc95bff225b107fe [33m401[0m 0.857 ms - 107[0m
[0mGET /api/auth/user/689086f8cc95bff225b107fe [33m401[0m 1.597 ms - 107[0m
[0mGET /api/auth/user/689086f8cc95bff225b107fe [33m401[0m 3.177 ms - 107[0m
[0mGET /api/auth/user/689086f8cc95bff225b107fe [33m401[0m 0.454 ms - 107[0m
[0mGET /api/auth/user/689086f8cc95bff225b107fe [33m401[0m 0.501 ms - 107[0m
[0mGET /api/auth/user/689086f8cc95bff225b107fe [33m401[0m 2.726 ms - 107[0m
[0mGET /api/auth/user/689086f8cc95bff225b107fe [33m401[0m 0.922 ms - 107[0m
[0mGET /api/auth/user/689086f8cc95bff225b107fe [33m401[0m 2.324 ms - 107[0m
[0mGET /api/auth/user/689086f8cc95bff225b107fe [33m401[0m 0.830 ms - 107[0m
[0mGET /api/auth/user/689086f8cc95bff225b107fe [33m401[0m 0.386 ms - 107[0m
[0mGET /api/auth/user/689086f8cc95bff225b107fe [33m401[0m 1.430 ms - 107[0m
[0mGET /api/auth/user/689086f8cc95bff225b107fe [33m401[0m 2.772 ms - 107[0m
[0mGET /api/auth/user/689086f8cc95bff225b107fe [33m401[0m 0.891 ms - 107[0m
[0mGET /api/auth/user/689086f8cc95bff225b107fe [33m401[0m 0.969 ms - 107[0m
[0mGET /api/auth/user/689086f8cc95bff225b107fe [33m401[0m 0.680 ms - 107[0m
[0mGET /api/auth/user/689086f8cc95bff225b107fe [33m401[0m 0.390 ms - 107[0m
[0mGET /api/auth/user/689086f8cc95bff225b107fe [33m401[0m 1.292 ms - 107[0m
[0mGET /api/auth/user/689086f8cc95bff225b107fe [33m401[0m 0.832 ms - 107[0m
[0mGET /api/auth/user/689086f8cc95bff225b107fe [33m401[0m 0.938 ms - 107[0m
[0mGET /api/auth/user/689086f8cc95bff225b107fe [33m401[0m 0.336 ms - 107[0m
[0mGET /api/auth/user/689086f8cc95bff225b107fe [33m401[0m 0.604 ms - 107[0m
[0mOPTIONS /api/auth/user/689086f8cc95bff225b107fe [32m204[0m 0.416 ms - 0[0m
[0mGET /api/auth/user/689086f8cc95bff225b107fe [33m401[0m 0.482 ms - 107[0m
[0mGET /api/auth/user/689086f8cc95bff225b107fe [33m401[0m 0.960 ms - 107[0m
[0mGET /api/auth/user/689086f8cc95bff225b107fe [33m401[0m 0.419 ms - 107[0m
[0mGET /api/auth/user/689086f8cc95bff225b107fe [33m401[0m 0.663 ms - 107[0m
[0mGET /api/auth/user/689086f8cc95bff225b107fe [33m401[0m 0.623 ms - 107[0m
[0mGET /api/auth/user/689086f8cc95bff225b107fe [33m401[0m 1.227 ms - 107[0m
[0mGET /api/auth/user/689086f8cc95bff225b107fe [33m401[0m 0.801 ms - 107[0m
[0mGET /api/auth/user/689086f8cc95bff225b107fe [33m401[0m 0.832 ms - 107[0m
[0mGET /api/auth/user/689086f8cc95bff225b107fe [33m401[0m 0.965 ms - 107[0m
[0mGET /api/auth/user/689086f8cc95bff225b107fe [33m401[0m 1.081 ms - 107[0m
[0mGET /api/auth/user/689086f8cc95bff225b107fe [33m401[0m 2.456 ms - 107[0m
[0mGET /api/auth/user/689086f8cc95bff225b107fe [33m401[0m 1.243 ms - 107[0m
[0mGET /api/auth/user/689086f8cc95bff225b107fe [33m401[0m 2.060 ms - 107[0m
[0mGET /api/auth/user/689086f8cc95bff225b107fe [33m401[0m 0.419 ms - 107[0m
[0mGET /api/auth/user/689086f8cc95bff225b107fe [33m401[0m 0.488 ms - 107[0m
[0mGET /api/auth/user/689086f8cc95bff225b107fe [33m401[0m 0.479 ms - 107[0m
[0mGET /api/auth/user/689086f8cc95bff225b107fe [33m401[0m 1.820 ms - 107[0m
[0mGET /api/auth/user/689086f8cc95bff225b107fe [33m401[0m 0.716 ms - 107[0m
[0mGET /api/auth/user/689086f8cc95bff225b107fe [33m401[0m 0.492 ms - 107[0m
[0mOPTIONS /api/auth/user/689086f8cc95bff225b107fe [32m204[0m 1.532 ms - 0[0m
[0mGET /api/auth/user/689086f8cc95bff225b107fe [33m401[0m 1.234 ms - 107[0m
[0mGET /api/auth/user/689086f8cc95bff225b107fe [33m401[0m 0.463 ms - 107[0m
[0mGET /api/auth/user/689086f8cc95bff225b107fe [33m401[0m 0.795 ms - 107[0m
[0mGET /api/auth/user/689086f8cc95bff225b107fe [33m401[0m 0.878 ms - 107[0m
[0mGET /api/auth/user/689086f8cc95bff225b107fe [33m401[0m 0.811 ms - 107[0m
[0mGET /api/auth/user/689086f8cc95bff225b107fe [33m401[0m 1.022 ms - 107[0m
[0mGET /api/auth/user/689086f8cc95bff225b107fe [33m401[0m 1.063 ms - 107[0m
[0mGET /api/auth/user/689086f8cc95bff225b107fe [33m401[0m 3.971 ms - 107[0m
[0mGET /api/auth/user/689086f8cc95bff225b107fe [33m401[0m 0.844 ms - 107[0m
[0mGET /api/auth/user/689086f8cc95bff225b107fe [33m401[0m 32.972 ms - 107[0m
[0mGET /api/auth/user/689086f8cc95bff225b107fe [33m401[0m 2.419 ms - 107[0m
[0mGET /api/auth/user/689086f8cc95bff225b107fe [33m401[0m 0.436 ms - 107[0m
[0mGET /api/auth/user/689086f8cc95bff225b107fe [33m401[0m 0.894 ms - 107[0m
[0mGET /api/auth/user/689086f8cc95bff225b107fe [33m401[0m 0.363 ms - 107[0m
[0mGET /api/auth/user/689086f8cc95bff225b107fe [33m401[0m 0.544 ms - 107[0m
[0mGET /api/auth/user/689086f8cc95bff225b107fe [33m401[0m 0.661 ms - 107[0m
[0mGET /api/auth/user/689086f8cc95bff225b107fe [33m401[0m 0.959 ms - 107[0m
[0mGET /api/auth/user/689086f8cc95bff225b107fe [33m401[0m 0.743 ms - 107[0m
[0mGET /api/auth/user/689086f8cc95bff225b107fe [33m401[0m 0.733 ms - 107[0m
[0mGET /api/auth/user/689086f8cc95bff225b107fe [33m401[0m 1.060 ms - 107[0m
[0mOPTIONS /api/auth/user/689086f8cc95bff225b107fe [32m204[0m 0.479 ms - 0[0m
[0mGET /api/auth/user/689086f8cc95bff225b107fe [33m401[0m 0.461 ms - 107[0m
[0mGET /api/auth/user/689086f8cc95bff225b107fe [33m401[0m 0.703 ms - 107[0m
[0mGET /api/auth/user/689086f8cc95bff225b107fe [33m401[0m 0.736 ms - 107[0m
[0mGET /api/auth/user/689086f8cc95bff225b107fe [33m401[0m 1.176 ms - 107[0m
[0mGET /api/auth/user/689086f8cc95bff225b107fe [33m401[0m 1.319 ms - 107[0m
[0mGET /api/auth/user/689086f8cc95bff225b107fe [33m401[0m 0.607 ms - 107[0m
[0mGET /api/auth/user/689086f8cc95bff225b107fe [33m401[0m 1.015 ms - 107[0m
[0mGET /api/auth/user/689086f8cc95bff225b107fe [33m401[0m 2.123 ms - 107[0m
[0mGET /api/auth/user/689086f8cc95bff225b107fe [33m401[0m 0.585 ms - 107[0m
[0mGET /api/auth/user/689086f8cc95bff225b107fe [33m401[0m 0.851 ms - 107[0m
[0mGET /api/auth/user/689086f8cc95bff225b107fe [33m401[0m 0.579 ms - 107[0m
[0mGET /api/auth/user/689086f8cc95bff225b107fe [33m401[0m 0.543 ms - 107[0m
[0mGET /api/auth/user/689086f8cc95bff225b107fe [33m401[0m 0.623 ms - 107[0m
[0mGET /api/auth/user/689086f8cc95bff225b107fe [33m401[0m 0.620 ms - 107[0m
[0mGET /api/auth/user/689086f8cc95bff225b107fe [33m401[0m 0.566 ms - 107[0m
[0mGET /api/auth/user/689086f8cc95bff225b107fe [33m401[0m 0.584 ms - 107[0m
[0mGET /api/auth/user/689086f8cc95bff225b107fe [33m401[0m 1.040 ms - 107[0m
[0mGET /api/auth/user/689086f8cc95bff225b107fe [33m401[0m 1.607 ms - 107[0m
[0mGET /api/auth/user/689086f8cc95bff225b107fe [33m401[0m 1.869 ms - 107[0m
[0mGET /api/auth/user/689086f8cc95bff225b107fe [33m401[0m 4.632 ms - 107[0m
[0mGET /api/auth/user/689086f8cc95bff225b107fe [33m401[0m 0.802 ms - 107[0m
[0mOPTIONS /api/auth/user/689086f8cc95bff225b107fe [32m204[0m 0.778 ms - 0[0m
[0mGET /api/auth/user/689086f8cc95bff225b107fe [33m401[0m 1.125 ms - 107[0m
[0mGET /api/auth/user/689086f8cc95bff225b107fe [33m401[0m 1.269 ms - 107[0m
[0mGET /api/auth/user/689086f8cc95bff225b107fe [33m401[0m 1.142 ms - 107[0m
[0mGET /api/auth/user/689086f8cc95bff225b107fe [33m401[0m 0.631 ms - 107[0m
[0mGET /api/auth/user/689086f8cc95bff225b107fe [33m401[0m 0.670 ms - 107[0m
[0mGET /api/auth/user/689086f8cc95bff225b107fe [33m401[0m 1.296 ms - 107[0m
[0mGET /api/auth/user/689086f8cc95bff225b107fe [33m401[0m 0.615 ms - 107[0m
[0mGET /api/auth/user/689086f8cc95bff225b107fe [33m401[0m 0.560 ms - 107[0m
[0mGET /api/auth/user/689086f8cc95bff225b107fe [33m401[0m 0.815 ms - 107[0m
[0mGET /api/auth/user/689086f8cc95bff225b107fe [33m401[0m 0.812 ms - 107[0m
[0mGET /api/auth/user/689086f8cc95bff225b107fe [33m401[0m 1.340 ms - 107[0m
[0mGET /api/auth/user/689086f8cc95bff225b107fe [33m401[0m 1.669 ms - 107[0m
[0mGET /api/auth/user/689086f8cc95bff225b107fe [33m401[0m 0.759 ms - 107[0m
[0mGET /api/auth/user/689086f8cc95bff225b107fe [33m401[0m 1.230 ms - 107[0m
[0mGET /api/auth/user/689086f8cc95bff225b107fe [33m401[0m 1.040 ms - 107[0m
[0mGET /api/auth/user/689086f8cc95bff225b107fe [33m401[0m 0.924 ms - 107[0m
[0mGET /api/auth/user/689086f8cc95bff225b107fe [33m401[0m 0.828 ms - 107[0m
[0mGET /api/auth/user/689086f8cc95bff225b107fe [33m401[0m 0.670 ms - 107[0m
[0mGET /api/auth/user/689086f8cc95bff225b107fe [33m429[0m 0.835 ms - 102[0m
[0mOPTIONS /api/auth/user/689086f8cc95bff225b107fe [32m204[0m 0.905 ms - 0[0m
[0mGET /api/auth/user/689086f8cc95bff225b107fe [33m429[0m 0.802 ms - 102[0m
[0mGET /api/auth/user/689086f8cc95bff225b107fe [33m429[0m 1.216 ms - 102[0m
[0mOPTIONS /api/auth/rootLogin [32m204[0m 4.067 ms - 0[0m
[0mPOST /api/auth/rootLogin [32m200[0m 556.156 ms - 566[0m
[0mOPTIONS /api/auth/user/48 [32m204[0m 2.649 ms - 0[0m
[0mGET /api/auth/user/48 [33m401[0m 4.787 ms - 107[0m
[0mOPTIONS /api/order/list [32m204[0m 3.251 ms - 0[0m
[0mOPTIONS /api/product/getAllproductList [32m204[0m 0.444 ms - 0[0m
[0mGET /api/order/list [33m401[0m 0.934 ms - 107[0m
[0mOPTIONS /api/order/list/48 [32m204[0m 0.213 ms - 0[0m
[0mGET /api/product/getAllproductList [33m401[0m 1.158 ms - 107[0m
[0mGET /api/order/list/48 [33m401[0m 0.299 ms - 107[0m
[0mOPTIONS /api/auth/user/689086f8cc95bff225b107fe [32m204[0m 0.242 ms - 0[0m
[0mGET /api/auth/user/689086f8cc95bff225b107fe [33m401[0m 0.534 ms - 107[0m
[0mGET /api/auth/user/689086f8cc95bff225b107fe [33m401[0m 0.733 ms - 107[0m
[0mGET /api/auth/user/689086f8cc95bff225b107fe [33m401[0m 0.854 ms - 107[0m
[0mGET /api/auth/user/689086f8cc95bff225b107fe [33m401[0m 1.780 ms - 107[0m
[0mGET /api/auth/user/689086f8cc95bff225b107fe [33m401[0m 0.707 ms - 107[0m
[0mGET /api/auth/user/689086f8cc95bff225b107fe [33m401[0m 0.662 ms - 107[0m
[0mGET /api/auth/user/689086f8cc95bff225b107fe [33m401[0m 0.785 ms - 107[0m
[0mGET /api/auth/user/689086f8cc95bff225b107fe [33m401[0m 0.739 ms - 107[0m
[0mGET /api/auth/user/689086f8cc95bff225b107fe [33m401[0m 0.678 ms - 107[0m
[0mGET /api/auth/user/689086f8cc95bff225b107fe [33m401[0m 0.651 ms - 107[0m
[0mGET /api/auth/user/689086f8cc95bff225b107fe [33m401[0m 1.152 ms - 107[0m
[0mGET /api/auth/user/689086f8cc95bff225b107fe [33m401[0m 0.715 ms - 107[0m
[0mGET /api/auth/user/689086f8cc95bff225b107fe [33m401[0m 0.607 ms - 107[0m
[0mGET /api/auth/user/689086f8cc95bff225b107fe [33m401[0m 30.563 ms - 107[0m
[0mGET /api/auth/user/689086f8cc95bff225b107fe [33m401[0m 0.706 ms - 107[0m
[0mGET /api/auth/user/689086f8cc95bff225b107fe [33m401[0m 0.686 ms - 107[0m
[0mGET /api/auth/user/689086f8cc95bff225b107fe [33m401[0m 1.025 ms - 107[0m
[0mGET /api/auth/user/689086f8cc95bff225b107fe [33m401[0m 0.577 ms - 107[0m
[0mGET /api/auth/user/689086f8cc95bff225b107fe [33m401[0m 0.565 ms - 107[0m
[0mOPTIONS /api/auth/user/689086f8cc95bff225b107fe [32m204[0m 1.108 ms - 0[0m
[0mGET /api/auth/user/689086f8cc95bff225b107fe [33m401[0m 0.764 ms - 107[0m
[0mGET /api/auth/user/689086f8cc95bff225b107fe [33m401[0m 0.720 ms - 107[0m
[0mGET /api/auth/user/689086f8cc95bff225b107fe [33m401[0m 0.684 ms - 107[0m
[0mGET /api/auth/user/689086f8cc95bff225b107fe [33m401[0m 0.602 ms - 107[0m
[0mGET /api/auth/user/689086f8cc95bff225b107fe [33m401[0m 0.573 ms - 107[0m
[0mGET /api/auth/user/689086f8cc95bff225b107fe [33m401[0m 0.698 ms - 107[0m
[0mGET /api/auth/user/689086f8cc95bff225b107fe [33m401[0m 0.783 ms - 107[0m
[0mGET /api/auth/user/689086f8cc95bff225b107fe [33m401[0m 0.786 ms - 107[0m
[0mGET /api/auth/user/689086f8cc95bff225b107fe [33m401[0m 0.570 ms - 107[0m
[0mGET /api/auth/user/689086f8cc95bff225b107fe [33m401[0m 1.159 ms - 107[0m
[0mGET /api/auth/user/689086f8cc95bff225b107fe [33m401[0m 0.375 ms - 107[0m
[0mGET /api/auth/user/689086f8cc95bff225b107fe [33m401[0m 1.549 ms - 107[0m
[0mGET /api/auth/user/689086f8cc95bff225b107fe [33m401[0m 0.615 ms - 107[0m
[0mGET /api/auth/user/689086f8cc95bff225b107fe [33m401[0m 0.755 ms - 107[0m
[0mGET /api/auth/user/689086f8cc95bff225b107fe [33m401[0m 0.597 ms - 107[0m
[0mGET /api/auth/user/689086f8cc95bff225b107fe [33m401[0m 0.685 ms - 107[0m
[0mGET /api/auth/user/689086f8cc95bff225b107fe [33m401[0m 2.011 ms - 107[0m
[0mGET /api/auth/user/689086f8cc95bff225b107fe [33m401[0m 0.835 ms - 107[0m
[0mOPTIONS /api/auth/user/689086f8cc95bff225b107fe [32m204[0m 0.377 ms - 0[0m
[0mGET /api/auth/user/689086f8cc95bff225b107fe [33m401[0m 0.438 ms - 107[0m
[0mGET /api/auth/user/689086f8cc95bff225b107fe [33m401[0m 0.573 ms - 107[0m
[0mGET /api/auth/user/689086f8cc95bff225b107fe [33m401[0m 0.588 ms - 107[0m
[0mGET /api/auth/user/689086f8cc95bff225b107fe [33m401[0m 2.030 ms - 107[0m
[0mGET /api/auth/user/689086f8cc95bff225b107fe [33m401[0m 0.664 ms - 107[0m
[0mGET /api/auth/user/689086f8cc95bff225b107fe [33m401[0m 0.650 ms - 107[0m
[0mGET /api/auth/user/689086f8cc95bff225b107fe [33m401[0m 0.558 ms - 107[0m
[0mOPTIONS /api/auth/rootLogin [32m204[0m 6.167 ms - 0[0m
[0mPOST /api/auth/rootLogin [32m200[0m 755.410 ms - 566[0m
[0mOPTIONS /api/auth/rootLogin [32m204[0m 1.160 ms - 0[0m
[0mPOST /api/auth/rootLogin [32m200[0m 237.944 ms - 566[0m
[0mOPTIONS /api/auth/rootLogin [32m204[0m 1.477 ms - 0[0m
[0mPOST /api/auth/rootLogin [32m200[0m 234.288 ms - 566[0m
