[0mGET /api/vendor/list [31m500[0m 77.738 ms - 2723[0m
[0mOPTIONS /api/store/product/getAllProductById/53 [32m204[0m 0.555 ms - 0[0m
[0mGET /api/store/product/getAllProductById/53 [36m304[0m 156.460 ms - -[0m
[0mOPTIONS /api/category/getAllCategory [32m204[0m 0.404 ms - 0[0m
[0mOPTIONS /api/subscription/53?subscriptionType=Plan0 [32m204[0m 0.236 ms - 0[0m
[0mOPTIONS /api/subscription/53?subscriptionType=Plan1 [32m204[0m 0.172 ms - 0[0m
[0mOPTIONS /api/subscription/53?subscriptionType=Plan2 [32m204[0m 0.338 ms - 0[0m
[0mOPTIONS /api/product/getProductById/329 [32m204[0m 0.262 ms - 0[0m
[0mGET /api/category/getAllCategory [32m200[0m 33.355 ms - 1628[0m
[0mGET /api/subscription/53?subscriptionType=Plan0 [32m200[0m 36.298 ms - 259[0m
[0mGET /api/subscription/53?subscriptionType=Plan1 [36m304[0m 59.342 ms - -[0m
[0mGET /api/subscription/53?subscriptionType=Plan2 [36m304[0m 67.129 ms - -[0m
[0mGET /api/product/getProductById/329 [32m200[0m 89.428 ms - 628[0m
[0mGET /api/order/list [32m200[0m 74.900 ms - 4558[0m
[0mGET /api/order/store/list/53 [32m200[0m 110.448 ms - 36[0m
[0mGET /api/vendor/list [32m200[0m 48.402 ms - 1805[0m
[0mGET /api/ [33m404[0m 1.726 ms - 2707[0m
[0mGET /api/ [33m404[0m 0.596 ms - 2707[0m
[0mGET /api/vendor/product/getAllProductById/60 [36m304[0m 43.354 ms - -[0m
[0mGET /api/vendor/product/getAllProductById/59 [36m304[0m 80.385 ms - -[0m
[0mGET /api/vendor/product/getAllProductById/61 [36m304[0m 116.736 ms - -[0m
[0mGET /api/store/list?currentLocation=13.044001014970682,80.21401762062985 [32m200[0m 97.170 ms - 5256[0m
[0mGET /api/category/getAllCategory [32m200[0m 87.520 ms - 391[0m
[0mGET /api/cart/list/107 [36m304[0m 132.353 ms - -[0m
[0mGET /api/auth/user/107 [31m500[0m 157.413 ms - 17[0m
[0mGET /api/store/getOpenStores [33m404[0m 173.273 ms - 60[0m
[0mGET /api/store/filterByCategory?categoryIds=null [36m304[0m 135.758 ms - -[0m
[0mGET /api/store/getAllStoresByFilters?search=null [36m304[0m 105.949 ms - -[0m
[0mGET /api/category/getAllCategory [36m304[0m 42.048 ms - -[0m
[0mGET /api/store/getAllStoresByFilters?paymentModes=null [36m304[0m 63.062 ms - -[0m
[0mGET /api/order/list/107 [36m304[0m 216.026 ms - -[0m
[0mGET /api/auth/user/107 [31m500[0m 61.697 ms - 17[0m
[0mGET /api/category/getAllCategory [36m304[0m 90.965 ms - -[0m
[0mGET /api/cart/list/107 [36m304[0m 122.581 ms - -[0m
[0mGET /api/store/list?currentLocation=13.044001014970682,80.21401762062985 [32m200[0m 220.225 ms - 5256[0m
[0mGET /api/store/getOpenStores [33m404[0m 182.206 ms - 60[0m
[0mGET /api/store/filterByCategory?categoryIds=null [36m304[0m 169.994 ms - -[0m
[0mGET /api/store/getAllStoresByFilters?search=null [36m304[0m 136.651 ms - -[0m
[0mGET /api/store/getAllStoresByFilters?paymentModes=null [36m304[0m 105.815 ms - -[0m
[0mGET /api/order/list/107 [36m304[0m 261.032 ms - -[0m
[0mGET /api/category/getAllCategory [36m304[0m 45.167 ms - -[0m
[0mGET /api/auth/user/107 [31m500[0m 69.588 ms - 17[0m
[0mGET /api/store/list?currentLocation=13.043743341520642,80.21391372579413 [32m200[0m 92.119 ms - 5258[0m
[0mGET /api/category/getAllCategory [36m304[0m 119.238 ms - -[0m
[0mGET /api/cart/list/107 [36m304[0m 154.496 ms - -[0m
[0mGET /api/store/getOpenStores [33m404[0m 145.659 ms - 60[0m
[0mGET /api/store/filterByCategory?categoryIds=null [36m304[0m 130.626 ms - -[0m
[0mGET /api/store/getAllStoresByFilters?search=null [36m304[0m 99.692 ms - -[0m
[0mGET /api/store/getAllStoresByFilters?paymentModes=null [36m304[0m 75.234 ms - -[0m
[0mGET /api/category/getAllCategory [36m304[0m 49.483 ms - -[0m
[0mGET /api/order/list/107 [36m304[0m 198.614 ms - -[0m
[0mGET /api/store/list/54?currentLocation=13.043879579301345,80.2138503990278 [32m200[0m 50.062 ms - 1736[0m
[0mGET /api/store/product/getAllProductById/54 [32m200[0m 96.084 ms - 1424[0m
[0mGET /api/cart/list/107/340 [32m200[0m 45.932 ms - 49[0m
[0mGET /api/cart/list/107/341 [32m200[0m 64.980 ms - 49[0m
[0mGET /api/store/getOpenStores [33m404[0m 56.153 ms - 60[0m
[0mGET /api/store/getAllStoresByFilters?paymentModes=null [36m304[0m 70.123 ms - -[0m
[0mGET /api/store/filterByCategory?categoryIds=null [36m304[0m 94.704 ms - -[0m
[0mGET /api/store/getAllStoresByFilters?search=null [36m304[0m 122.288 ms - -[0m
[0mGET /api/cart/list/107/340 [36m304[0m 49.723 ms - -[0m
[0mGET /api/cart/list/107/341 [36m304[0m 46.335 ms - -[0m
[0mGET /api/cart/list/121 [32m200[0m 45.203 ms - 26[0m
[0mGET /api/store/getOpenStores [33m404[0m 111.963 ms - 60[0m
[0mGET /api/store/filterByCategory?categoryIds=null [36m304[0m 142.106 ms - -[0m
[0mGET /api/store/getAllStoresByFilters?search=null [36m304[0m 154.068 ms - -[0m
[0mGET /api/store/getAllStoresByFilters?paymentModes=null [36m304[0m 172.205 ms - -[0m
[0mGET /api/order/list/121 [32m200[0m 188.516 ms - 36[0m
[0mGET /api/auth/user/121 [32m200[0m 61.191 ms - 355[0m
[0mGET /api/category/getAllCategory [36m304[0m 58.695 ms - -[0m
[0mGET /api/store/list?currentLocation=13.043879579301345,80.2138503990278 [32m200[0m 60.075 ms - 5258[0m
[0mGET /api/cart/list/121 [36m304[0m 58.941 ms - -[0m
[0mGET /api/order/list/121 [36m304[0m 84.208 ms - -[0m
[0mGET /api/store/getOpenStores [33m404[0m 52.229 ms - 60[0m
[0mGET /api/category/getAllCategory [36m304[0m 32.697 ms - -[0m
[0mGET /api/store/getAllStoresByFilters?search=null [36m304[0m 35.135 ms - -[0m
[0mGET /api/store/getAllStoresByFilters?paymentModes=null [36m304[0m 35.652 ms - -[0m
[0mGET /api/store/filterByCategory?categoryIds=null [36m304[0m 41.213 ms - -[0m
[0mGET /api/product/getAllproductList [32m200[0m 40.050 ms - 4723[0m
[0mGET /api/product/getProductsByOpenStores [31m500[0m 85.477 ms - 2489[0m
[0mGET /api/store/list/54?currentLocation=13.044176674666895,80.21381244395705 [32m200[0m 35.632 ms - 1736[0m
[0mGET /api/store/list/56?currentLocation=13.044176674666895,80.21381244395705 [32m200[0m 40.519 ms - 1557[0m
[0mGET /api/store/list/55?currentLocation=13.044176674666895,80.21381244395705 [32m200[0m 42.075 ms - 1999[0m
[0mGET /api/store/product/getAllProductById/54 [36m304[0m 39.251 ms - -[0m
[0mGET /api/store/product/getAllProductById/55 [32m200[0m 46.087 ms - 2294[0m
[0mGET /api/store/product/getAllProductById/56 [32m200[0m 47.460 ms - 1720[0m
[0mGET /api/store/getAllStoresByFilters?search=null [36m304[0m 36.654 ms - -[0m
[0mGET /api/store/filterByCategory?categoryIds=null [36m304[0m 42.309 ms - -[0m
[0mGET /api/store/getOpenStores [33m404[0m 47.180 ms - 60[0m
[0mGET /api/store/getAllStoresByFilters?paymentModes=null [36m304[0m 44.313 ms - -[0m
[0mGET /api/product/getAllproductList [36m304[0m 47.849 ms - -[0m
[0mGET /api/product/getProductsByOpenStores [31m500[0m 95.580 ms - 2489[0m
[0mGET /api/store/getAllStoresByFilters?paymentModes=null [36m304[0m 36.754 ms - -[0m
[0mGET /api/store/getAllStoresByFilters?search=null [36m304[0m 40.913 ms - -[0m
[0mGET /api/store/getOpenStores [33m404[0m 41.336 ms - 60[0m
[0mGET /api/store/filterByCategory?categoryIds=null [36m304[0m 44.817 ms - -[0m
[0mGET /api/store/list/56?currentLocation=13.044176674666895,80.21381244395705 [36m304[0m 45.141 ms - -[0m
[0mGET /api/store/product/getAllProductById/56 [36m304[0m 78.782 ms - -[0m
[0mGET /api/cart/list/121/345 [32m200[0m 37.743 ms - 49[0m
[0mGET /api/cart/list/121/342 [32m200[0m 35.756 ms - 49[0m
[0mGET /api/auth/user/null [31m500[0m 36.064 ms - 17[0m
[0mGET /api/category/getAllCategory [32m200[0m 62.995 ms - 391[0m
[0mGET /api/store/list?currentLocation=null,null [32m200[0m 99.467 ms - 5255[0m
[0mGET /api/store/getOpenStores [33m404[0m 107.937 ms - 60[0m
[0mGET /api/store/getAllStoresByFilters?paymentModes=null [36m304[0m 136.415 ms - -[0m
[0mGET /api/store/filterByCategory?categoryIds=null [36m304[0m 154.266 ms - -[0m
[0mGET /api/store/getAllStoresByFilters?search=null [36m304[0m 155.654 ms - -[0m
[0mGET /api/category/getAllCategory [36m304[0m 128.520 ms - -[0m
[0mGET /api/store/getOpenStores [33m404[0m 131.332 ms - 60[0m
[0mGET /api/store/getAllStoresByFilters?search=null [36m304[0m 156.312 ms - -[0m
[0mGET /api/store/filterByCategory?categoryIds=null [36m304[0m 181.008 ms - -[0m
[0mGET /api/store/getAllStoresByFilters?paymentModes=null [36m304[0m 188.263 ms - -[0m
[0mGET /api/product/getAllproductList [36m304[0m 72.002 ms - -[0m
[0mGET /api/product/getProductsByOpenStores [31m500[0m 87.800 ms - 2489[0m
[0mGET /api/store/list/54?currentLocation=13.044176674666895,80.21381244395705 [36m304[0m 35.033 ms - -[0m
[0mGET /api/store/list/55?currentLocation=13.044176674666895,80.21381244395705 [36m304[0m 42.572 ms - -[0m
[0mGET /api/store/product/getAllProductById/54 [36m304[0m 44.069 ms - -[0m
[0mGET /api/store/product/getAllProductById/55 [36m304[0m 39.512 ms - -[0m
[0mGET /api/cart/list/121 [36m304[0m 36.562 ms - -[0m
[0mGET /api/order/list/121 [36m304[0m 81.483 ms - -[0m
[0mGET /api/cart/list/121 [36m304[0m 40.704 ms - -[0m
[0mGET /api/order/list/121 [36m304[0m 65.889 ms - -[0m
[0mGET /api/store/getAllStoresByFilters?search=null [36m304[0m 32.951 ms - -[0m
[0mGET /api/store/getOpenStores [33m404[0m 46.296 ms - 60[0m
[0mGET /api/store/getAllStoresByFilters?paymentModes=null [36m304[0m 36.350 ms - -[0m
[0mGET /api/store/filterByCategory?categoryIds=null [36m304[0m 46.274 ms - -[0m
[0mGET /api/cart/list/121/344 [32m200[0m 40.040 ms - 49[0m
[0mGET /api/cart/list/121/343 [32m200[0m 46.234 ms - 49[0m
[0mGET /api/store/getAllStoresByFilters?paymentModes=null [36m304[0m 35.061 ms - -[0m
[0mGET /api/store/getAllStoresByFilters?search=null [36m304[0m 39.701 ms - -[0m
[0mGET /api/store/filterByCategory?categoryIds=null [36m304[0m 44.958 ms - -[0m
[0mGET /api/store/getOpenStores [33m404[0m 52.833 ms - 60[0m
[0mGET /api/cart/list/121/345 [36m304[0m 41.743 ms - -[0m
[0mGET /api/category/getAllCategory [36m304[0m 34.983 ms - -[0m
[0mGET /api/auth/user/null [31m500[0m 39.755 ms - 17[0m
[0mGET /api/store/list?currentLocation=null,null [36m304[0m 38.989 ms - -[0m
[0mGET /api/store/getOpenStores [33m404[0m 34.701 ms - 60[0m
[0mGET /api/store/filterByCategory?categoryIds=null [36m304[0m 36.515 ms - -[0m
[0mGET /api/store/getAllStoresByFilters?search=null [36m304[0m 47.125 ms - -[0m
[0mGET /api/category/getAllCategory [36m304[0m 33.445 ms - -[0m
[0mGET /api/store/getAllStoresByFilters?paymentModes=null [36m304[0m 40.019 ms - -[0m
[0mGET /api/category/getAllCategory [36m304[0m 29.560 ms - -[0m
[0mGET /api/auth/user/121 [36m304[0m 42.496 ms - -[0m
[0mGET /api/cart/list/121 [36m304[0m 44.538 ms - -[0m
[0mGET /api/store/list?currentLocation=13.044176674666895,80.21381244395705 [32m200[0m 48.594 ms - 5258[0m
[0mGET /api/category/getAllCategory [36m304[0m 32.757 ms - -[0m
[0mGET /api/order/list/121 [36m304[0m 90.478 ms - -[0m
[0mGET /api/store/product/getAllProductById/56 [36m304[0m 35.521 ms - -[0m
[0mGET /api/store/list/56?currentLocation=13.0438974518688,80.2138599676741 [32m200[0m 39.697 ms - 1557[0m
[0mGET /api/cart/list/121/345 [36m304[0m 32.028 ms - -[0m
[0mGET /api/store/product/getAllProductById/56 [32m200[0m 34.628 ms - 1720[0m
[0mGET /api/store/list/56?currentLocation=null,null [32m200[0m 38.459 ms - 1557[0m
[0mGET /api/cart/list/null/345 [32m200[0m 31.149 ms - 49[0m
[0mGET /api/category/getAllCategory [36m304[0m 34.822 ms - -[0m
[0mGET /api/auth/user/null [31m500[0m 37.430 ms - 17[0m
[0mGET /api/store/list?currentLocation=null,null [36m304[0m 45.963 ms - -[0m
[0mGET /api/store/product/getAllProductById/56 [36m304[0m 34.320 ms - -[0m
[0mGET /api/category/getAllCategory [36m304[0m 36.994 ms - -[0m
[0mGET /api/store/list/56?currentLocation=null,null [36m304[0m 36.561 ms - -[0m
[0mGET /api/cart/list/null/345 [36m304[0m 30.954 ms - -[0m
[0mGET /api/store/list?currentLocation=13.0438974518688,80.2138599676741 [32m200[0m 51.468 ms - 5258[0m
[0mGET /api/category/getAllCategory [36m304[0m 116.744 ms - -[0m
[0mGET /api/cart/list/121 [36m304[0m 149.694 ms - -[0m
[0mGET /api/auth/user/121 [36m304[0m 156.603 ms - -[0m
[0mGET /api/store/list/56?currentLocation=13.04391152173903,80.2138961732449 [32m200[0m 131.795 ms - 1557[0m
[0mGET /api/store/product/getAllProductById/56 [36m304[0m 128.589 ms - -[0m
[0mGET /api/order/list/121 [36m304[0m 191.595 ms - -[0m
[0mGET /api/category/getAllCategory [36m304[0m 76.518 ms - -[0m
[0mGET /api/cart/list/121/345 [36m304[0m 33.279 ms - -[0m
[0mGET /api/cart/list/121/342 [36m304[0m 34.267 ms - -[0m
[0mGET /api/cart/list/121/345 [36m304[0m 62.025 ms - -[0m
[0mGET /api/cart/list/121/345 [36m304[0m 68.658 ms - -[0m
[0mGET /api/cart/list/121/345 [36m304[0m 39.640 ms - -[0m
[0mGET /api/cart/list/121/345 [36m304[0m 32.507 ms - -[0m
[0mGET /api/cart/list/121/345 [36m304[0m 58.838 ms - -[0m
[0mGET /api/cart/list/121/345 [36m304[0m 40.268 ms - -[0m
[0mOPTIONS /api/cart/create [32m204[0m 2.172 ms - 0[0m
[0mPOST /api/cart/create [32m201[0m 91.545 ms - 287[0m
[0mGET /api/cart/list/121/345 [32m200[0m 34.693 ms - 622[0m
[0mGET /api/address/list/121 [33m404[0m 41.007 ms - 81[0m
[0mGET /api/cart/list/121 [32m200[0m 70.465 ms - 624[0m
[0mGET /api/auth/user/null [31m500[0m 47.284 ms - 17[0m
[0mGET /api/store/list?currentLocation=13.04391152173903,80.2138961732449 [32m200[0m 75.215 ms - 5258[0m
[0mGET /api/category/getAllCategory [36m304[0m 97.243 ms - -[0m
[0mGET /api/store/list/56?currentLocation=13.04391152173903,80.2138961732449 [36m304[0m 131.419 ms - -[0m
[0mGET /api/store/product/getAllProductById/56 [36m304[0m 152.317 ms - -[0m
[0mGET /api/category/getAllCategory [36m304[0m 60.629 ms - -[0m
[0mGET /api/auth/user/null [31m500[0m 57.654 ms - 17[0m
[0mGET /api/category/getAllCategory [36m304[0m 60.913 ms - -[0m
[0mGET /api/store/list?currentLocation=13.043860998591407,80.21381545837335 [32m200[0m 66.169 ms - 5258[0m
[0mGET /api/category/getAllCategory [36m304[0m 34.397 ms - -[0m
[0mGET /api/store/list/56?currentLocation=13.04386099878173,80.21381545459779 [32m200[0m 33.964 ms - 1557[0m
[0mGET /api/store/product/getAllProductById/56 [36m304[0m 35.443 ms - -[0m
[0mGET /api/cart/list/null/345 [32m200[0m 74.117 ms - 49[0m
[0mGET /api/auth/user/null [31m500[0m 80.401 ms - 17[0m
[0mGET /api/cart/list/null/345 [36m304[0m 98.442 ms - -[0m
[0mOPTIONS /api/address/create [32m204[0m 0.868 ms - 0[0m
[0mPOST /api/address/create [32m201[0m 58.455 ms - 209[0m
[0mOPTIONS /api/address/create [32m204[0m 2.576 ms - 0[0m
[0mPOST /api/address/create [32m201[0m 33.878 ms - 209[0m
[0mGET /api/cart/list/null/345 [36m304[0m 45.965 ms - -[0m
[0mGET /api/cart/list/null/345 [36m304[0m 79.599 ms - -[0m
[0mGET /api/cart/list/null/345 [36m304[0m 38.449 ms - -[0m
[0mGET /api/cart/list/null/345 [36m304[0m 39.578 ms - -[0m
[0mGET /api/cart/list/null/345 [36m304[0m 32.950 ms - -[0m
[0mGET /api/cart/list/null/345 [36m304[0m 34.082 ms - -[0m
[0mOPTIONS /api/cart/create [32m204[0m 1.456 ms - 0[0m
[0mPOST /api/cart/create [31m500[0m 71.593 ms - 34[0m
[0mPOST /api/cart/create [31m500[0m 40.801 ms - 34[0m
[0mOPTIONS /api/cart/create [32m204[0m 2.069 ms - 0[0m
[0mPOST /api/cart/create [31m500[0m 69.843 ms - 34[0m
[0mGET /api/cart/list/null/342 [32m200[0m 45.091 ms - 49[0m
[0mGET /api/store/getOpenStores [33m404[0m 42.988 ms - 60[0m
[0mGET /api/store/filterByCategory?categoryIds=null [36m304[0m 72.913 ms - -[0m
[0mGET /api/store/getAllStoresByFilters?paymentModes=null [36m304[0m 104.326 ms - -[0m
[0mGET /api/store/getAllStoresByFilters?search=null [36m304[0m 134.627 ms - -[0m
[0mGET /api/store/product/getAllProductById/55 [36m304[0m 43.419 ms - -[0m
[0mGET /api/store/list/55?currentLocation=13.043860998472564,80.21381546202518 [32m200[0m 48.380 ms - 1999[0m
[0mGET /api/cart/list/null/344 [32m200[0m 40.456 ms - 49[0m
[0mGET /api/cart/list/null/343 [32m200[0m 43.136 ms - 49[0m
[0mOPTIONS /api/cart/create [32m204[0m 0.900 ms - 0[0m
[0mPOST /api/cart/create [31m500[0m 86.637 ms - 34[0m
[0mOPTIONS /api/auth/rootLogin [32m204[0m 0.344 ms - 0[0m
[0mPOST /api/auth/rootLogin [32m200[0m 243.102 ms - 566[0m
[0mGET /api/order/list/48 [0m-[0m - ms - -[0m
[0mGET /api/cart/list/48 [0m-[0m - ms - -[0m
[0mGET /api/category/getAllCategory [36m304[0m 38.289 ms - -[0m
[0mGET /api/store/list?currentLocation=13.043860998472564,80.21381546202518 [32m200[0m 40.208 ms - 5258[0m
[0mGET /api/cart/list/48 [32m200[0m 48.468 ms - 622[0m
[0mGET /api/auth/user/48 [36m304[0m 77.436 ms - -[0m
[0mGET /api/category/getAllCategory [36m304[0m 37.513 ms - -[0m
[0mGET /api/order/list/48 [32m200[0m 79.955 ms - 36[0m
[0mGET /api/store/product/getAllProductById/55 [36m304[0m 59.939 ms - -[0m
[0mGET /api/store/list/55?currentLocation=13.043909334147394,80.21382927726832 [32m200[0m 68.414 ms - 1999[0m
[0mGET /api/cart/list/48/344 [32m200[0m 33.082 ms - 49[0m
[0mGET /api/cart/list/48/343 [32m200[0m 41.430 ms - 49[0m
[0mOPTIONS /api/cart/create [32m204[0m 0.592 ms - 0[0m
[0mPOST /api/cart/create [32m201[0m 65.291 ms - 310[0m
[0mGET /api/cart/list/48/344 [32m200[0m 36.286 ms - 647[0m
[0mGET /api/cart/list/48/343 [36m304[0m 40.077 ms - -[0m
[0mGET /api/address/list/48 [33m404[0m 35.910 ms - 81[0m
[0mGET /api/cart/list/48 [32m200[0m 45.045 ms - 1246[0m
[0mOPTIONS /api/order/create [32m204[0m 0.976 ms - 0[0m
[0mPOST /api/order/create [32m200[0m 97.877 ms - 265[0m
[0mOPTIONS /api/cart/update/48/344 [32m204[0m 1.856 ms - 0[0m
[0mPOST /api/cart/update/48/344 [32m200[0m 107.577 ms - 309[0m
[0mGET /api/cart/list/48/344 [32m200[0m 34.011 ms - 646[0m
[0mGET /api/store/list?currentLocation=13.043909334147394,80.21382927726832 [32m200[0m 49.947 ms - 5258[0m
[0mGET /api/auth/user/48 [36m304[0m 64.084 ms - -[0m
[0mGET /api/category/getAllCategory [36m304[0m 94.490 ms - -[0m
[0mGET /api/cart/list/48 [32m200[0m 101.389 ms - 1245[0m
[0mGET /api/category/getAllCategory [36m304[0m 64.569 ms - -[0m
[0mGET /api/store/product/getAllProductById/55 [36m304[0m 32.580 ms - -[0m
[0mGET /api/store/list/55?currentLocation=13.043853790329223,80.21390574412926 [32m200[0m 34.051 ms - 1999[0m
[0mGET /api/order/list/48 [32m200[0m 157.358 ms - 1380[0m
[0mGET /api/cart/list/48/344 [36m304[0m 29.875 ms - -[0m
[0mGET /api/cart/list/48/343 [36m304[0m 32.315 ms - -[0m
[0mOPTIONS /api/cart/update/48/344 [32m204[0m 4.199 ms - 0[0m
[0mPOST /api/cart/update/48/344 [32m200[0m 111.260 ms - 307[0m
[0mGET /api/cart/list/48/344 [32m200[0m 36.612 ms - 644[0m
[0mGET /api/store/list/54?currentLocation=13.043853790329223,80.21390574412926 [32m200[0m 36.448 ms - 1736[0m
[0mGET /api/store/product/getAllProductById/54 [36m304[0m 60.888 ms - -[0m
[0mGET /api/cart/list/48/340 [32m200[0m 33.713 ms - 620[0m
[0mGET /api/cart/list/48/341 [32m200[0m 60.069 ms - 49[0m
[0mGET /api/store/filterByCategory?categoryIds=null [36m304[0m 31.077 ms - -[0m
[0mGET /api/store/getAllStoresByFilters?paymentModes=null [36m304[0m 33.661 ms - -[0m
[0mGET /api/store/getOpenStores [33m404[0m 40.102 ms - 60[0m
[0mGET /api/store/getAllStoresByFilters?search=null [36m304[0m 59.930 ms - -[0m
[0mGET /api/store/product/getAllProductById/56 [36m304[0m 37.515 ms - -[0m
[0mGET /api/store/list/56?currentLocation=13.043853790329223,80.21390574412926 [32m200[0m 45.627 ms - 1557[0m
[0mGET /api/cart/list/48/345 [32m200[0m 36.644 ms - 49[0m
[0mGET /api/cart/list/48/342 [32m200[0m 42.231 ms - 49[0m
[0mOPTIONS /api/cart/create [32m204[0m 0.807 ms - 0[0m
[0mPOST /api/cart/create [32m201[0m 67.479 ms - 271[0m
[0mGET /api/cart/list/48/345 [32m200[0m 37.732 ms - 622[0m
[0mOPTIONS /api/cart/update/48/345 [32m204[0m 1.326 ms - 0[0m
[0mPOST /api/cart/update/48/345 [32m200[0m 108.258 ms - 283[0m
[0mGET /api/cart/list/48/345 [32m200[0m 37.251 ms - 620[0m
[0mGET /api/address/list/48 [33m404[0m 49.017 ms - 81[0m
[0mGET /api/cart/list/48 [32m200[0m 75.536 ms - 1840[0m
[0mGET /api/address/list/48 [33m404[0m 34.093 ms - 81[0m
[0mGET /api/cart/list/48 [36m304[0m 35.950 ms - -[0m
[0mGET /api/address/list/48 [33m404[0m 32.516 ms - 81[0m
[0mGET /api/cart/list/48 [36m304[0m 32.669 ms - -[0m
[0mGET /api/address/list/48 [33m404[0m 40.980 ms - 81[0m
[0mGET /api/cart/list/48 [36m304[0m 68.976 ms - -[0m
[0mGET /api/address/list/48 [33m404[0m 35.270 ms - 81[0m
[0mGET /api/cart/list/48 [36m304[0m 34.999 ms - -[0m
[0mGET /api/address/list/48 [33m404[0m 32.004 ms - 81[0m
[0mGET /api/cart/list/48 [36m304[0m 35.067 ms - -[0m
[0mOPTIONS /api/address/create [32m204[0m 1.210 ms - 0[0m
[0mPOST /api/address/create [32m201[0m 73.994 ms - 209[0m
[0mGET /api/address/list/48 [32m200[0m 35.435 ms - 225[0m
[0mGET /api/address/list/48 [36m304[0m 146.215 ms - -[0m
[0mGET /api/cart/list/48 [36m304[0m 150.264 ms - -[0m
[0mGET /api/cart/list/48 [36m304[0m 41.826 ms - -[0m
[0mGET /api/address/list/48 [36m304[0m 65.771 ms - -[0m
[0mGET /api/cart/list/48 [36m304[0m 37.739 ms - -[0m
[0mGET /api/address/list/48 [36m304[0m 64.844 ms - -[0m
[0mGET /api/cart/list/48 [36m304[0m 32.768 ms - -[0m
[0mGET /api/address/list/48 [36m304[0m 35.703 ms - -[0m
[0mGET /api/cart/list/48 [36m304[0m 41.958 ms - -[0m
[0mGET /api/address/list/48 [36m304[0m 70.686 ms - -[0m
[0mGET /api/cart/list/48 [36m304[0m 36.838 ms - -[0m
[0mGET /api/address/list/48 [36m304[0m 39.899 ms - -[0m
[0mGET /api/cart/list/48 [36m304[0m 35.251 ms - -[0m
[0mGET /api/address/list/48 [36m304[0m 65.731 ms - -[0m
[0mGET /api/address/list/48 [36m304[0m 40.390 ms - -[0m
[0mGET /api/cart/list/48 [36m304[0m 47.357 ms - -[0m
[0mOPTIONS /api/cart/update/48/340 [32m204[0m 0.955 ms - 0[0m
[0mPOST /api/cart/update/48/340 [32m200[0m 128.551 ms - 283[0m
[0mGET /api/cart/list/48 [32m200[0m 48.083 ms - 1840[0m
[0mOPTIONS /api/cart/update/48/345 [32m204[0m 1.010 ms - 0[0m
[0mPOST /api/cart/update/48/345 [32m200[0m 83.034 ms - 282[0m
[0mGET /api/cart/list/48 [32m200[0m 47.132 ms - 1839[0m
[0mOPTIONS /api/cart/update/48/344 [32m204[0m 0.819 ms - 0[0m
[0mPOST /api/cart/update/48/344 [32m200[0m 85.853 ms - 309[0m
[0mGET /api/cart/list/48 [32m200[0m 46.721 ms - 1841[0m
[0mPOST /api/cart/update/48/340 [32m200[0m 90.347 ms - 283[0m
[0mGET /api/cart/list/48 [32m200[0m 42.896 ms - 1841[0m
[0mPOST /api/cart/update/48/345 [32m200[0m 86.861 ms - 283[0m
[0mGET /api/cart/list/48 [32m200[0m 40.404 ms - 1842[0m
[0mGET /api/product/getAllproductList [36m304[0m 82.776 ms - -[0m
[0mGET /api/product/getProductsByOpenStores [31m500[0m 129.555 ms - 2585[0m
[0mGET /api/store/list/55?currentLocation=13.043853790329223,80.21390574412926 [36m304[0m 44.967 ms - -[0m
[0mGET /api/store/list/54?currentLocation=13.043853790329223,80.21390574412926 [36m304[0m 45.745 ms - -[0m
[0mGET /api/store/product/getAllProductById/54 [36m304[0m 40.666 ms - -[0m
[0mGET /api/store/product/getAllProductById/55 [36m304[0m 51.070 ms - -[0m
[0mGET /api/cart/list/48/344 [32m200[0m 46.999 ms - 646[0m
[0mGET /api/address/list/48 [36m304[0m 34.410 ms - -[0m
[0mGET /api/cart/list/48 [36m304[0m 41.447 ms - -[0m
[0mGET /api/store/getAllStoresByFilters?search=null [36m304[0m 31.637 ms - -[0m
[0mGET /api/store/getAllStoresByFilters?paymentModes=null [36m304[0m 33.125 ms - -[0m
[0mGET /api/store/getOpenStores [33m404[0m 44.062 ms - 60[0m
[0mGET /api/store/filterByCategory?categoryIds=null [36m304[0m 39.752 ms - -[0m
[0mGET /api/cart/list/48/343 [36m304[0m 36.882 ms - -[0m
[0mGET /api/cart/list/48/344 [36m304[0m 42.718 ms - -[0m
[0mGET /api/address/list/48 [36m304[0m 39.648 ms - -[0m
[0mGET /api/cart/list/48 [36m304[0m 45.774 ms - -[0m
[0mGET /api/product/getAllproductList [36m304[0m 38.821 ms - -[0m
[0mGET /api/product/getProductsByOpenStores [31m500[0m 86.129 ms - 2489[0m
[0mGET /api/cart/list/null/343 [36m304[0m 45.324 ms - -[0m
[0mGET /api/cart/list/null/341 [32m200[0m 45.852 ms - 49[0m
[0mGET /api/cart/list/null/341 [36m304[0m 50.335 ms - -[0m
[0mGET /api/cart/list/null/341 [36m304[0m 44.327 ms - -[0m
[0mGET /api/cart/list/null/344 [36m304[0m 49.041 ms - -[0m
[0mGET /api/cart/list/null/345 [36m304[0m 48.895 ms - -[0m
[0mGET /api/cart/list/null/341 [36m304[0m 46.977 ms - -[0m
[0mGET /api/cart/list/null/341 [36m304[0m 45.777 ms - -[0m
[0mGET /api/cart/list/null/343 [36m304[0m 35.434 ms - -[0m
[0mGET /api/cart/list/null/344 [36m304[0m 36.228 ms - -[0m
[0mGET /api/cart/list/null/342 [36m304[0m 52.378 ms - -[0m
[0mGET /api/cart/list/null/341 [36m304[0m 33.726 ms - -[0m
[0mGET /api/cart/list/null/345 [36m304[0m 40.319 ms - -[0m
[0mGET /api/cart/list/null/340 [32m200[0m 39.931 ms - 49[0m
[0mGET /api/auth/user/null [31m500[0m 49.672 ms - 17[0m
[0mGET /api/store/list?currentLocation=13.043992806934098,80.21380558741167 [32m200[0m 61.497 ms - 5258[0m
[0mGET /api/category/getAllCategory [32m200[0m 88.977 ms - 561[0m
[0mGET /api/category/getAllCategory [36m304[0m 54.158 ms - -[0m
[0mGET /api/store/getOpenStores [33m404[0m 37.727 ms - 60[0m
[0mGET /api/store/filterByCategory?categoryIds=null [36m304[0m 58.140 ms - -[0m
[0mGET /api/store/getAllStoresByFilters?search=null [36m304[0m 85.000 ms - -[0m
[0mGET /api/store/getAllStoresByFilters?paymentModes=null [36m304[0m 109.105 ms - -[0m
[0mGET /api/store/filterByCategory?categoryIds=88 [31m500[0m 96.366 ms - 2486[0m
[0mGET /api/store/filterByCategory?categoryIds=89 [31m500[0m 83.451 ms - 2486[0m
[0mGET /api/store/filterByCategory?categoryIds=90 [32m200[0m 87.798 ms - 1483[0m
[0mGET /api/store/filterByCategory?categoryIds=89 [32m200[0m 76.839 ms - 3005[0m
[0mGET /api/store/filterByCategory?categoryIds=88 [32m200[0m 63.919 ms - 1483[0m
