[0mGET /api/auth/user/null [31m500[0m 383.726 ms - 17[0m
[0mGET /api/category/getAllCategory [32m200[0m 361.211 ms - 1753[0m
[0mGET /api/store/list?currentLocation=null,null [32m200[0m 368.605 ms - 6538[0m
[0mGET /api/store/getOpenStores [33m404[0m 376.305 ms - 60[0m
[0mGET /api/store/getAllStoresByFilters?search=null [36m304[0m 380.864 ms - -[0m
[0mGET /api/store/getAllStoresByFilters?paymentModes=null [36m304[0m 48.977 ms - -[0m
[0mGET /api/store/filterByCategory?categoryIds=null [36m304[0m 396.435 ms - -[0m
[0mGET /api/category/getAllCategory [36m304[0m 60.866 ms - -[0m
[0mGET /api/auth/user/null [31m500[0m 37.791 ms - 17[0m
[0mGET /api/category/getAllCategory [36m304[0m 65.103 ms - -[0m
[0mGET /api/store/list?currentLocation=null,null [36m304[0m 100.122 ms - -[0m
[0mGET /api/store/getOpenStores [33m404[0m 112.868 ms - 60[0m
[0mGET /api/store/filterByCategory?categoryIds=null [36m304[0m 129.896 ms - -[0m
[0mGET /api/store/getAllStoresByFilters?search=null [36m304[0m 139.567 ms - -[0m
[0mGET /api/store/getAllStoresByFilters?paymentModes=null [36m304[0m 141.270 ms - -[0m
[0mGET /api/category/getAllCategory [36m304[0m 114.094 ms - -[0m
[0mGET /api/auth/user/122 [32m200[0m 41.950 ms - 378[0m
[0mOPTIONS /api/auth/rootLogin [32m204[0m 1.394 ms - 0[0m
[0mPOST /api/auth/rootLogin [32m200[0m 247.445 ms - 566[0m
[0mOPTIONS /api/product/getAllproductList [32m204[0m 2.090 ms - 0[0m
[0mGET /api/auth/user/48 [36m304[0m 35.570 ms - -[0m
[0mGET /api/order/list [32m200[0m 54.454 ms - 322[0m
[0mGET /api/product/getAllproductList [32m200[0m 98.122 ms - 33133[0m
[0mGET /api/order/list/48 [32m200[0m 159.534 ms - 1380[0m
[0mOPTIONS /api/store/admin/list [32m204[0m 0.601 ms - 0[0m
[0mGET /api/store/admin/list [32m200[0m 39.545 ms - 6480[0m
[0mOPTIONS /api/auth/rootLogin [32m204[0m 1.815 ms - 0[0m
[0mPOST /api/auth/rootLogin [32m200[0m 257.945 ms - 589[0m
[0mOPTIONS /api/store/product/getAllProductById/57 [32m204[0m 1.071 ms - 0[0m
[0mGET /api/order/list/122 [0m-[0m - ms - -[0m
[0mGET /api/auth/user/122 [36m304[0m 38.197 ms - -[0m
[0mGET /api/store/product/getAllProductById/57 [32m200[0m 104.104 ms - 2123[0m
[0mGET /api/order/list/122 [32m200[0m 140.074 ms - 36[0m
[0mOPTIONS /api/store/product/getAllProductById/57 [32m204[0m 0.381 ms - 0[0m
[0mGET /api/store/product/getAllProductById/57 [36m304[0m 32.429 ms - -[0m
[0mOPTIONS /api/category/getAllCategory [32m204[0m 0.288 ms - 0[0m
[0mOPTIONS /api/subscription/57?subscriptionType=Plan0 [32m204[0m 0.211 ms - 0[0m
[0mOPTIONS /api/subscription/57?subscriptionType=Plan1 [32m204[0m 0.600 ms - 0[0m
[0mOPTIONS /api/subscription/57?subscriptionType=Plan2 [32m204[0m 0.567 ms - 0[0m
[0mOPTIONS /api/product/getProductById/364 [32m204[0m 0.374 ms - 0[0m
[0mGET /api/subscription/57?subscriptionType=Plan0 [32m200[0m 40.860 ms - 274[0m
[0mGET /api/category/getAllCategory [32m200[0m 47.636 ms - 1842[0m
[0mGET /api/subscription/57?subscriptionType=Plan1 [32m200[0m 46.665 ms - 282[0m
[0mGET /api/subscription/57?subscriptionType=Plan2 [33m404[0m 43.847 ms - 52[0m
[0mGET /api/product/getProductById/364 [32m200[0m 50.852 ms - 847[0m
[0mPOST /api/auth/upload-file [32m200[0m 1851.359 ms - 136[0m
[0mOPTIONS /api/product/update [32m204[0m 0.217 ms - 0[0m
[0mPOST /api/product/update [32m200[0m 119.418 ms - 45[0m
[0mOPTIONS /api/store/product/getAllProductById/57 [32m204[0m 0.914 ms - 0[0m
[0mGET /api/store/product/getAllProductById/57 [32m200[0m 38.482 ms - 2127[0m
[0mOPTIONS /api/subscription/57?subscriptionType=Plan2 [32m204[0m 1.095 ms - 0[0m
[0mGET /api/subscription/57?subscriptionType=Plan2 [33m404[0m 43.817 ms - 52[0m
[0mOPTIONS /api/store/product/getAllProductById/57 [32m204[0m 0.494 ms - 0[0m
[0mGET /api/store/product/getAllProductById/57 [36m304[0m 41.108 ms - -[0m
[0mOPTIONS /api/subscription/57?subscriptionType=Plan2 [32m204[0m 0.458 ms - 0[0m
[0mGET /api/subscription/57?subscriptionType=Plan2 [33m404[0m 37.465 ms - 52[0m
[0mGET /api/auth/user/122 [36m304[0m 36.585 ms - -[0m
[0mOPTIONS /api/category/getAllCategory [32m204[0m 1.048 ms - 0[0m
[0mOPTIONS /api/subscription/57?subscriptionType=Plan0 [32m204[0m 0.537 ms - 0[0m
[0mOPTIONS /api/subscription/57?subscriptionType=Plan1 [32m204[0m 0.381 ms - 0[0m
[0mOPTIONS /api/subscription/57?subscriptionType=Plan2 [32m204[0m 0.182 ms - 0[0m
[0mOPTIONS /api/store/product/getAllProductById/57 [32m204[0m 1.873 ms - 0[0m
[0mOPTIONS /api/product/getProductById/364 [32m204[0m 0.317 ms - 0[0m
[0mGET /api/category/getAllCategory [36m304[0m 45.596 ms - -[0m
[0mGET /api/subscription/57?subscriptionType=Plan0 [36m304[0m 80.358 ms - -[0m
[0mGET /api/subscription/57?subscriptionType=Plan1 [36m304[0m 109.548 ms - -[0m
[0mGET /api/subscription/57?subscriptionType=Plan2 [33m404[0m 129.974 ms - 52[0m
[0mGET /api/store/product/getAllProductById/57 [36m304[0m 146.610 ms - -[0m
[0mGET /api/product/getProductById/364 [32m200[0m 159.318 ms - 851[0m
[0mOPTIONS /api/store/product/getAllProductById/57 [32m204[0m 1.569 ms - 0[0m
[0mGET /api/store/product/getAllProductById/57 [36m304[0m 39.140 ms - -[0m
[0mOPTIONS /api/auth/rootLogin [32m204[0m 14.622 ms - 0[0m
[0mGET /api/auth/user/122 [36m304[0m 46.789 ms - -[0m
[0mOPTIONS /api/auth/rootLogin [32m204[0m 1.079 ms - 0[0m
[0mPOST /api/auth/rootLogin [32m200[0m 259.609 ms - 589[0m
[0mOPTIONS /api/store/product/getAllProductById/57 [32m204[0m 0.411 ms - 0[0m
[0mGET /api/auth/user/122 [36m304[0m 34.996 ms - -[0m
[0mGET /api/store/product/getAllProductById/57 [36m304[0m 92.411 ms - -[0m
[0mGET /api/order/list/122 [36m304[0m 130.846 ms - -[0m
[0mOPTIONS /api/category/getAllCategory [32m204[0m 0.397 ms - 0[0m
[0mGET /api/category/getAllCategory [36m304[0m 36.470 ms - -[0m
[0mGET /api/category/getAllCategory [36m304[0m 41.703 ms - -[0m
[0mOPTIONS /api/store/product/getAllProductById/57 [32m204[0m 0.401 ms - 0[0m
[0mGET /api/store/product/getAllProductById/57 [36m304[0m 38.993 ms - -[0m
[0mOPTIONS /api/subscription/57?subscriptionType=Plan0 [32m204[0m 0.611 ms - 0[0m
[0mOPTIONS /api/subscription/57?subscriptionType=Plan1 [32m204[0m 0.596 ms - 0[0m
[0mOPTIONS /api/subscription/57?subscriptionType=Plan2 [32m204[0m 0.795 ms - 0[0m
[0mGET /api/subscription/57?subscriptionType=Plan0 [36m304[0m 51.714 ms - -[0m
[0mGET /api/subscription/57?subscriptionType=Plan1 [36m304[0m 79.863 ms - -[0m
[0mGET /api/subscription/57?subscriptionType=Plan2 [33m404[0m 109.758 ms - 52[0m
[0mOPTIONS /api/subscription/57?subscriptionType=Plan2 [32m204[0m 0.636 ms - 0[0m
[0mGET /api/subscription/57?subscriptionType=Plan2 [33m404[0m 36.691 ms - 52[0m
[0mOPTIONS /api/subscription/57?subscriptionType=Plan2 [32m204[0m 0.697 ms - 0[0m
[0mGET /api/subscription/57?subscriptionType=Plan2 [33m404[0m 39.182 ms - 52[0m
[0mOPTIONS /api/subscription/57?subscriptionType=Plan2 [32m204[0m 0.839 ms - 0[0m
[0mGET /api/subscription/57?subscriptionType=Plan2 [33m404[0m 50.042 ms - 52[0m
[0mOPTIONS /api/subscription/57?subscriptionType=Plan2 [32m204[0m 0.234 ms - 0[0m
[0mGET /api/subscription/57?subscriptionType=Plan2 [33m404[0m 38.092 ms - 52[0m
[0mOPTIONS /api/subscription/57?subscriptionType=Plan2 [32m204[0m 0.278 ms - 0[0m
[0mGET /api/subscription/57?subscriptionType=Plan2 [33m404[0m 38.584 ms - 52[0m
[0mOPTIONS /api/subscription/57?subscriptionType=Plan2 [32m204[0m 0.240 ms - 0[0m
[0mGET /api/subscription/57?subscriptionType=Plan2 [33m404[0m 40.576 ms - 52[0m
[0mOPTIONS /api/subscription/57?subscriptionType=Plan2 [32m204[0m 0.452 ms - 0[0m
[0mGET /api/subscription/57?subscriptionType=Plan2 [33m404[0m 40.312 ms - 52[0m
[0mOPTIONS /api/subscription/57?subscriptionType=Plan2 [32m204[0m 0.225 ms - 0[0m
[0mGET /api/subscription/57?subscriptionType=Plan2 [33m404[0m 39.479 ms - 52[0m
[0mOPTIONS /api/subscription/57?subscriptionType=Plan2 [32m204[0m 0.302 ms - 0[0m
[0mGET /api/subscription/57?subscriptionType=Plan2 [33m404[0m 36.923 ms - 52[0m
[0mGET /api/subscription/57?subscriptionType=Plan2 [33m404[0m 37.069 ms - 52[0m
[0mOPTIONS /api/subscription/57?subscriptionType=Plan2 [32m204[0m 0.350 ms - 0[0m
[0mGET /api/subscription/57?subscriptionType=Plan2 [33m404[0m 41.411 ms - 52[0m
[0mGET /api/subscription/57?subscriptionType=Plan2 [33m404[0m 42.633 ms - 52[0m
[0mOPTIONS /api/subscription/57?subscriptionType=Plan2 [32m204[0m 0.216 ms - 0[0m
[0mGET /api/subscription/57?subscriptionType=Plan2 [33m404[0m 38.816 ms - 52[0m
[0mOPTIONS /api/subscription/57?subscriptionType=Plan2 [32m204[0m 0.271 ms - 0[0m
[0mGET /api/subscription/57?subscriptionType=Plan2 [33m404[0m 37.008 ms - 52[0m
[0mOPTIONS /api/subscription/57?subscriptionType=Plan2 [32m204[0m 0.623 ms - 0[0m
[0mGET /api/subscription/57?subscriptionType=Plan2 [33m404[0m 31.736 ms - 52[0m
[0mGET /api/auth/user/122 [36m304[0m 34.963 ms - -[0m
[0mOPTIONS /api/category/getAllCategory [32m204[0m 0.636 ms - 0[0m
[0mOPTIONS /api/subscription/57?subscriptionType=Plan0 [32m204[0m 0.974 ms - 0[0m
[0mOPTIONS /api/subscription/57?subscriptionType=Plan1 [32m204[0m 0.311 ms - 0[0m
[0mOPTIONS /api/subscription/57?subscriptionType=Plan2 [32m204[0m 0.522 ms - 0[0m
[0mOPTIONS /api/store/product/getAllProductById/57 [32m204[0m 0.345 ms - 0[0m
[0mGET /api/category/getAllCategory [36m304[0m 33.753 ms - -[0m
[0mGET /api/subscription/57?subscriptionType=Plan0 [36m304[0m 58.473 ms - -[0m
[0mGET /api/subscription/57?subscriptionType=Plan1 [36m304[0m 73.842 ms - -[0m
[0mGET /api/subscription/57?subscriptionType=Plan2 [33m404[0m 100.024 ms - 52[0m
[0mGET /api/store/product/getAllProductById/57 [36m304[0m 129.285 ms - -[0m
[0mOPTIONS /api/subscription/57?subscriptionType=Plan2 [32m204[0m 1.345 ms - 0[0m
[0mGET /api/subscription/57?subscriptionType=Plan2 [33m404[0m 34.634 ms - 52[0m
[0mOPTIONS /api/subscription/57?subscriptionType=Plan2 [32m204[0m 0.375 ms - 0[0m
[0mGET /api/subscription/57?subscriptionType=Plan2 [33m404[0m 48.797 ms - 52[0m
[0mOPTIONS /api/subscription/57?subscriptionType=Plan2 [32m204[0m 0.355 ms - 0[0m
[0mGET /api/subscription/57?subscriptionType=Plan2 [33m404[0m 36.896 ms - 52[0m
[0mOPTIONS /api/subscription/57?subscriptionType=Plan2 [32m204[0m 0.441 ms - 0[0m
[0mGET /api/subscription/57?subscriptionType=Plan2 [33m404[0m 35.331 ms - 52[0m
[0mOPTIONS /api/subscription/57?subscriptionType=Plan2 [32m204[0m 0.755 ms - 0[0m
[0mGET /api/subscription/57?subscriptionType=Plan2 [33m404[0m 31.425 ms - 52[0m
[0mOPTIONS /api/subscription/57?subscriptionType=Plan2 [32m204[0m 0.254 ms - 0[0m
[0mGET /api/subscription/57?subscriptionType=Plan2 [33m404[0m 38.159 ms - 52[0m
[0mOPTIONS /api/subscription/57?subscriptionType=Plan2 [32m204[0m 0.466 ms - 0[0m
[0mGET /api/subscription/57?subscriptionType=Plan2 [33m404[0m 32.706 ms - 52[0m
[0mGET /api/subscription/57?subscriptionType=Plan2 [33m404[0m 35.499 ms - 52[0m
[0mOPTIONS /api/subscription/57?subscriptionType=Plan2 [32m204[0m 0.360 ms - 0[0m
[0mGET /api/subscription/57?subscriptionType=Plan2 [33m404[0m 32.655 ms - 52[0m
[0mOPTIONS /api/subscription/57?subscriptionType=Plan2 [32m204[0m 0.243 ms - 0[0m
[0mGET /api/subscription/57?subscriptionType=Plan2 [33m404[0m 53.271 ms - 52[0m
[0mOPTIONS /api/subscription/57?subscriptionType=Plan2 [32m204[0m 1.408 ms - 0[0m
[0mGET /api/subscription/57?subscriptionType=Plan2 [33m404[0m 37.506 ms - 52[0m
[0mOPTIONS /api/subscription/57?subscriptionType=Plan2 [32m204[0m 0.279 ms - 0[0m
[0mGET /api/subscription/57?subscriptionType=Plan2 [33m404[0m 35.229 ms - 52[0m
[0mOPTIONS /api/subscription/57?subscriptionType=Plan2 [32m204[0m 0.292 ms - 0[0m
[0mGET /api/subscription/57?subscriptionType=Plan2 [33m404[0m 34.470 ms - 52[0m
[0mOPTIONS /api/subscription/57?subscriptionType=Plan2 [32m204[0m 0.396 ms - 0[0m
[0mGET /api/subscription/57?subscriptionType=Plan2 [33m404[0m 34.957 ms - 52[0m
[0mOPTIONS /api/subscription/57?subscriptionType=Plan2 [32m204[0m 0.302 ms - 0[0m
[0mGET /api/subscription/57?subscriptionType=Plan2 [33m404[0m 38.239 ms - 52[0m
[0mOPTIONS /api/subscription/57?subscriptionType=Plan2 [32m204[0m 0.748 ms - 0[0m
[0mGET /api/subscription/57?subscriptionType=Plan2 [33m404[0m 34.792 ms - 52[0m
[0mOPTIONS /api/subscription/57?subscriptionType=Plan2 [32m204[0m 0.453 ms - 0[0m
[0mGET /api/subscription/57?subscriptionType=Plan2 [33m404[0m 35.268 ms - 52[0m
[0mOPTIONS /api/subscription/57?subscriptionType=Plan2 [32m204[0m 0.274 ms - 0[0m
[0mGET /api/subscription/57?subscriptionType=Plan2 [33m404[0m 36.376 ms - 52[0m
[0mOPTIONS /api/subscription/57?subscriptionType=Plan2 [32m204[0m 1.623 ms - 0[0m
[0mGET /api/subscription/57?subscriptionType=Plan2 [33m404[0m 40.013 ms - 52[0m
[0mOPTIONS /api/subscription/57?subscriptionType=Plan2 [32m204[0m 1.779 ms - 0[0m
[0mGET /api/subscription/57?subscriptionType=Plan2 [33m404[0m 56.630 ms - 52[0m
[0mOPTIONS /api/subscription/57?subscriptionType=Plan3 [32m204[0m 0.931 ms - 0[0m
[0mOPTIONS /api/subscription/57?subscriptionType=Plan2 [32m204[0m 0.260 ms - 0[0m
[0mGET /api/subscription/57?subscriptionType=Plan3 [33m404[0m 38.963 ms - 52[0m
[0mGET /api/subscription/57?subscriptionType=Plan2 [33m404[0m 69.575 ms - 52[0m
[0mOPTIONS /api/subscription/57?subscriptionType=Plan3 [32m204[0m 0.814 ms - 0[0m
[0mOPTIONS /api/subscription/57?subscriptionType=Plan2 [32m204[0m 0.209 ms - 0[0m
[0mGET /api/subscription/57?subscriptionType=Plan3 [33m404[0m 36.622 ms - 52[0m
[0mGET /api/subscription/57?subscriptionType=Plan2 [33m404[0m 68.508 ms - 52[0m
[0mOPTIONS /api/store/list/57 [32m204[0m 0.442 ms - 0[0m
[0mGET /api/store/list/57 [32m200[0m 44.227 ms - 1305[0m
[0mOPTIONS /api/store/product/getAllProductById/57 [32m204[0m 0.964 ms - 0[0m
[0mGET /api/store/product/getAllProductById/57 [32m200[0m 47.066 ms - 2161[0m
[0mOPTIONS /api/subscription/57?subscriptionType=Plan3 [32m204[0m 0.619 ms - 0[0m
[0mOPTIONS /api/subscription/57?subscriptionType=Plan2 [32m204[0m 0.394 ms - 0[0m
[0mGET /api/subscription/57?subscriptionType=Plan3 [33m404[0m 43.942 ms - 52[0m
[0mGET /api/subscription/57?subscriptionType=Plan2 [33m404[0m 68.809 ms - 52[0m
[0mOPTIONS /api/subscription/57?subscriptionType=Plan3 [32m204[0m 0.412 ms - 0[0m
[0mOPTIONS /api/subscription/57?subscriptionType=Plan2 [32m204[0m 0.587 ms - 0[0m
[0mGET /api/subscription/57?subscriptionType=Plan2 [33m404[0m 37.646 ms - 52[0m
[0mGET /api/subscription/57?subscriptionType=Plan3 [33m404[0m 68.406 ms - 52[0m
[0mOPTIONS /api/subscription/57?subscriptionType=Plan3 [32m204[0m 3.303 ms - 0[0m
[0mOPTIONS /api/subscription/57?subscriptionType=Plan2 [32m204[0m 2.907 ms - 0[0m
[0mGET /api/subscription/57?subscriptionType=Plan3 [33m404[0m 61.237 ms - 52[0m
[0mGET /api/subscription/57?subscriptionType=Plan2 [33m404[0m 82.117 ms - 52[0m
[0mOPTIONS /api/subscription/57?subscriptionType=Plan3 [32m204[0m 0.756 ms - 0[0m
[0mOPTIONS /api/subscription/57?subscriptionType=Plan2 [32m204[0m 0.659 ms - 0[0m
[0mGET /api/subscription/57?subscriptionType=Plan3 [33m404[0m 37.318 ms - 52[0m
[0mGET /api/subscription/57?subscriptionType=Plan2 [33m404[0m 39.087 ms - 52[0m
[0mOPTIONS /api/subscription/57?subscriptionType=Plan3 [32m204[0m 2.101 ms - 0[0m
[0mOPTIONS /api/subscription/57?subscriptionType=Plan2 [32m204[0m 0.208 ms - 0[0m
[0mGET /api/subscription/57?subscriptionType=Plan3 [33m404[0m 81.286 ms - 52[0m
[0mGET /api/subscription/57?subscriptionType=Plan2 [33m404[0m 83.356 ms - 52[0m
[0mOPTIONS /api/subscription/57?subscriptionType=Plan3 [32m204[0m 0.458 ms - 0[0m
[0mOPTIONS /api/subscription/57?subscriptionType=Plan2 [32m204[0m 0.348 ms - 0[0m
[0mGET /api/subscription/57?subscriptionType=Plan3 [33m404[0m 37.171 ms - 52[0m
[0mGET /api/subscription/57?subscriptionType=Plan2 [33m404[0m 70.363 ms - 52[0m
[0mOPTIONS /api/subscription/57?subscriptionType=Plan3 [32m204[0m 0.255 ms - 0[0m
[0mOPTIONS /api/subscription/57?subscriptionType=Plan2 [32m204[0m 0.254 ms - 0[0m
[0mGET /api/subscription/57?subscriptionType=Plan3 [33m404[0m 52.262 ms - 52[0m
[0mGET /api/subscription/57?subscriptionType=Plan2 [33m404[0m 59.073 ms - 52[0m
[0mOPTIONS /api/subscription/57?subscriptionType=Plan3 [32m204[0m 1.048 ms - 0[0m
[0mOPTIONS /api/subscription/57?subscriptionType=Plan2 [32m204[0m 0.411 ms - 0[0m
[0mGET /api/subscription/57?subscriptionType=Plan3 [33m404[0m 56.415 ms - 52[0m
[0mGET /api/subscription/57?subscriptionType=Plan2 [33m404[0m 102.317 ms - 52[0m
[0mOPTIONS /api/subscription/57?subscriptionType=Plan3 [32m204[0m 1.529 ms - 0[0m
[0mOPTIONS /api/subscription/57?subscriptionType=Plan2 [32m204[0m 0.466 ms - 0[0m
[0mGET /api/subscription/57?subscriptionType=Plan3 [33m404[0m 52.183 ms - 52[0m
[0mGET /api/subscription/57?subscriptionType=Plan2 [33m404[0m 77.024 ms - 52[0m
[0mOPTIONS /api/subscription/57?subscriptionType=Plan3 [32m204[0m 0.678 ms - 0[0m
[0mOPTIONS /api/subscription/57?subscriptionType=Plan2 [32m204[0m 0.523 ms - 0[0m
[0mGET /api/subscription/57?subscriptionType=Plan2 [33m404[0m 32.118 ms - 52[0m
[0mGET /api/subscription/57?subscriptionType=Plan3 [33m404[0m 35.728 ms - 52[0m
[0mOPTIONS /api/subscription/57?subscriptionType=Plan3 [32m204[0m 3.250 ms - 0[0m
[0mOPTIONS /api/subscription/57?subscriptionType=Plan2 [32m204[0m 0.650 ms - 0[0m
[0mGET /api/subscription/57?subscriptionType=Plan3 [33m404[0m 43.378 ms - 52[0m
[0mGET /api/subscription/57?subscriptionType=Plan2 [33m404[0m 34.554 ms - 52[0m
[0mOPTIONS /api/subscription/57?subscriptionType=Plan3 [32m204[0m 0.227 ms - 0[0m
[0mOPTIONS /api/subscription/57?subscriptionType=Plan2 [32m204[0m 1.200 ms - 0[0m
[0mGET /api/subscription/57?subscriptionType=Plan3 [33m404[0m 44.072 ms - 52[0m
[0mGET /api/subscription/57?subscriptionType=Plan2 [33m404[0m 80.103 ms - 52[0m
[0mOPTIONS /api/subscription/57?subscriptionType=Plan3 [32m204[0m 1.103 ms - 0[0m
[0mOPTIONS /api/subscription/57?subscriptionType=Plan2 [32m204[0m 0.159 ms - 0[0m
[0mGET /api/subscription/57?subscriptionType=Plan3 [33m404[0m 40.211 ms - 52[0m
[0mGET /api/subscription/57?subscriptionType=Plan2 [33m404[0m 75.523 ms - 52[0m
[0mOPTIONS /api/subscription/57?subscriptionType=Plan3 [32m204[0m 0.351 ms - 0[0m
[0mOPTIONS /api/subscription/57?subscriptionType=Plan2 [32m204[0m 0.270 ms - 0[0m
[0mGET /api/subscription/57?subscriptionType=Plan3 [33m404[0m 38.045 ms - 52[0m
[0mGET /api/subscription/57?subscriptionType=Plan2 [33m404[0m 75.822 ms - 52[0m
[0mOPTIONS /api/subscription/57?subscriptionType=Plan3 [32m204[0m 0.251 ms - 0[0m
[0mOPTIONS /api/subscription/57?subscriptionType=Plan2 [32m204[0m 0.722 ms - 0[0m
[0mGET /api/subscription/57?subscriptionType=Plan3 [33m404[0m 37.626 ms - 52[0m
[0mGET /api/subscription/57?subscriptionType=Plan2 [33m404[0m 73.055 ms - 52[0m
[0mGET /api/subscription/57?subscriptionType=Plan2 [33m404[0m 34.332 ms - 52[0m
[0mGET /api/subscription/57?subscriptionType=Plan3 [33m404[0m 44.335 ms - 52[0m
[0mPOST /api/auth/upload-file [32m200[0m 1968.728 ms - 150[0m
[0mOPTIONS /api/product/add [32m204[0m 0.917 ms - 0[0m
[0mPOST /api/product/add [32m200[0m 96.381 ms - 599[0m
[0mOPTIONS /api/store/product-add [32m204[0m 0.375 ms - 0[0m
[0mPOST /api/store/product-add [32m200[0m 96.876 ms - 67[0m
[0mOPTIONS /api/store/product/getAllProductById/57 [32m204[0m 0.938 ms - 0[0m
[0mGET /api/store/product/getAllProductById/57 [32m200[0m 60.121 ms - 2948[0m
[0mOPTIONS /api/subscription/57?subscriptionType=Plan3 [32m204[0m 1.456 ms - 0[0m
[0mOPTIONS /api/subscription/57?subscriptionType=Plan2 [32m204[0m 1.096 ms - 0[0m
[0mOPTIONS /api/product/getProductById/364 [32m204[0m 2.442 ms - 0[0m
[0mGET /api/subscription/57?subscriptionType=Plan3 [33m404[0m 50.396 ms - 52[0m
[0mGET /api/subscription/57?subscriptionType=Plan2 [33m404[0m 70.925 ms - 52[0m
[0mGET /api/product/getProductById/364 [32m200[0m 91.109 ms - 883[0m
[0mOPTIONS /api/subscription/57?subscriptionType=Plan3 [32m204[0m 0.550 ms - 0[0m
[0mOPTIONS /api/subscription/57?subscriptionType=Plan2 [32m204[0m 0.434 ms - 0[0m
[0mGET /api/subscription/57?subscriptionType=Plan2 [33m404[0m 38.548 ms - 52[0m
[0mGET /api/subscription/57?subscriptionType=Plan3 [33m404[0m 70.810 ms - 52[0m
[0mGET /api/auth/user/122 [36m304[0m 38.586 ms - -[0m
[0mOPTIONS /api/category/getAllCategory [32m204[0m 0.394 ms - 0[0m
[0mOPTIONS /api/subscription/57?subscriptionType=Plan0 [32m204[0m 0.310 ms - 0[0m
[0mOPTIONS /api/subscription/57?subscriptionType=Plan1 [32m204[0m 3.739 ms - 0[0m
[0mOPTIONS /api/product/getProductById/364 [32m204[0m 0.652 ms - 0[0m
[0mOPTIONS /api/store/product/getAllProductById/57 [32m204[0m 0.292 ms - 0[0m
[0mGET /api/subscription/57?subscriptionType=Plan3 [33m404[0m 60.923 ms - 52[0m
[0mGET /api/category/getAllCategory [32m200[0m 70.753 ms - 1931[0m
[0mGET /api/subscription/57?subscriptionType=Plan1 [36m304[0m 79.339 ms - -[0m
[0mGET /api/subscription/57?subscriptionType=Plan0 [36m304[0m 79.053 ms - -[0m
[0mGET /api/subscription/57?subscriptionType=Plan2 [33m404[0m 110.923 ms - 52[0m
[0mGET /api/product/getProductById/364 [36m304[0m 108.338 ms - -[0m
[0mGET /api/store/product/getAllProductById/57 [36m304[0m 104.472 ms - -[0m
[0mGET /api/product/getProductById/364 [36m304[0m 34.735 ms - -[0m
[0mGET /favicon.ico [33m404[0m 3.258 ms - 2658[0m
[0mOPTIONS /api/store/product/getAllProductById/57 [32m204[0m 0.778 ms - 0[0m
[0mGET /api/store/product/getAllProductById/57 [36m304[0m 33.102 ms - -[0m
[0mOPTIONS /api/subscription/57?subscriptionType=Plan3 [32m204[0m 0.388 ms - 0[0m
[0mOPTIONS /api/subscription/57?subscriptionType=Plan2 [32m204[0m 0.252 ms - 0[0m
[0mOPTIONS /api/product/getProductById/384 [32m204[0m 0.165 ms - 0[0m
[0mGET /api/subscription/57?subscriptionType=Plan2 [33m404[0m 37.793 ms - 52[0m
[0mGET /api/product/getProductById/384 [32m200[0m 65.329 ms - 643[0m
[0mGET /api/subscription/57?subscriptionType=Plan3 [33m404[0m 95.214 ms - 52[0m
[0mOPTIONS /api/subscription/57?subscriptionType=Plan3 [32m204[0m 0.812 ms - 0[0m
[0mOPTIONS /api/subscription/57?subscriptionType=Plan2 [32m204[0m 0.466 ms - 0[0m
[0mGET /api/subscription/57?subscriptionType=Plan3 [33m404[0m 41.990 ms - 52[0m
[0mGET /api/subscription/57?subscriptionType=Plan2 [33m404[0m 34.524 ms - 52[0m
[0mOPTIONS /api/store/product/getAllProductById/57 [32m204[0m 1.422 ms - 0[0m
[0mGET /api/store/product/getAllProductById/57 [36m304[0m 44.183 ms - -[0m
[0mOPTIONS /api/subscription/57?subscriptionType=Plan3 [32m204[0m 2.244 ms - 0[0m
[0mOPTIONS /api/subscription/57?subscriptionType=Plan2 [32m204[0m 0.524 ms - 0[0m
[0mGET /api/subscription/57?subscriptionType=Plan3 [33m404[0m 43.616 ms - 52[0m
[0mGET /api/subscription/57?subscriptionType=Plan2 [33m404[0m 37.310 ms - 52[0m
[0mOPTIONS /api/subscription/57?subscriptionType=Plan3 [32m204[0m 0.725 ms - 0[0m
[0mOPTIONS /api/subscription/57?subscriptionType=Plan2 [32m204[0m 0.412 ms - 0[0m
[0mGET /api/subscription/57?subscriptionType=Plan3 [33m404[0m 43.615 ms - 52[0m
[0mGET /api/subscription/57?subscriptionType=Plan2 [33m404[0m 68.599 ms - 52[0m
[0mOPTIONS /api/subscription/57?subscriptionType=Plan3 [32m204[0m 0.411 ms - 0[0m
[0mOPTIONS /api/subscription/57?subscriptionType=Plan2 [32m204[0m 0.263 ms - 0[0m
[0mGET /api/subscription/57?subscriptionType=Plan3 [33m404[0m 33.738 ms - 52[0m
[0mGET /api/subscription/57?subscriptionType=Plan2 [33m404[0m 32.925 ms - 52[0m
[0mOPTIONS /api/store/product/getAllProductById/57 [32m204[0m 0.639 ms - 0[0m
[0mGET /api/store/product/getAllProductById/57 [36m304[0m 47.357 ms - -[0m
[0mOPTIONS /api/subscription/57?subscriptionType=Plan3 [32m204[0m 0.357 ms - 0[0m
[0mOPTIONS /api/subscription/57?subscriptionType=Plan2 [32m204[0m 0.407 ms - 0[0m
[0mGET /api/subscription/57?subscriptionType=Plan3 [33m404[0m 37.726 ms - 52[0m
[0mGET /api/subscription/57?subscriptionType=Plan2 [33m404[0m 37.300 ms - 52[0m
[0mOPTIONS /api/subscription/57?subscriptionType=Plan3 [32m204[0m 0.369 ms - 0[0m
[0mOPTIONS /api/subscription/57?subscriptionType=Plan2 [32m204[0m 0.276 ms - 0[0m
[0mGET /api/subscription/57?subscriptionType=Plan3 [33m404[0m 39.812 ms - 52[0m
[0mGET /api/subscription/57?subscriptionType=Plan2 [33m404[0m 73.047 ms - 52[0m
[0mOPTIONS /api/subscription/57?subscriptionType=Plan3 [32m204[0m 0.226 ms - 0[0m
[0mOPTIONS /api/subscription/57?subscriptionType=Plan2 [32m204[0m 0.225 ms - 0[0m
[0mGET /api/subscription/57?subscriptionType=Plan3 [33m404[0m 35.108 ms - 52[0m
[0mGET /api/subscription/57?subscriptionType=Plan2 [33m404[0m 40.158 ms - 52[0m
[0mOPTIONS /api/subscription/57?subscriptionType=Plan3 [32m204[0m 0.224 ms - 0[0m
[0mOPTIONS /api/subscription/57?subscriptionType=Plan2 [32m204[0m 0.155 ms - 0[0m
[0mGET /api/subscription/57?subscriptionType=Plan2 [33m404[0m 28.597 ms - 52[0m
[0mGET /api/subscription/57?subscriptionType=Plan3 [33m404[0m 36.935 ms - 52[0m
[0mOPTIONS /api/store/product/getAllProductById/57 [32m204[0m 0.646 ms - 0[0m
[0mGET /api/store/product/getAllProductById/57 [36m304[0m 40.662 ms - -[0m
[0mGET /api/subscription/57?subscriptionType=Plan2 [33m404[0m 30.257 ms - 52[0m
[0mGET /api/subscription/57?subscriptionType=Plan3 [33m404[0m 36.871 ms - 52[0m
[0mGET /api/store/product/getAllProductById/57 [36m304[0m 41.146 ms - -[0m
[0mOPTIONS /api/subscription/57?subscriptionType=Plan3 [32m204[0m 0.373 ms - 0[0m
[0mOPTIONS /api/subscription/57?subscriptionType=Plan2 [32m204[0m 0.448 ms - 0[0m
[0mOPTIONS /api/product/getProductById/364 [32m204[0m 0.314 ms - 0[0m
[0mGET /api/subscription/57?subscriptionType=Plan2 [33m404[0m 31.480 ms - 52[0m
[0mGET /api/subscription/57?subscriptionType=Plan3 [33m404[0m 38.423 ms - 52[0m
[0mGET /api/product/getProductById/364 [36m304[0m 59.495 ms - -[0m
[0mOPTIONS /api/subscription/57?subscriptionType=Plan3 [32m204[0m 0.840 ms - 0[0m
[0mOPTIONS /api/subscription/57?subscriptionType=Plan2 [32m204[0m 0.167 ms - 0[0m
[0mGET /api/subscription/57?subscriptionType=Plan2 [33m404[0m 31.836 ms - 52[0m
[0mGET /api/subscription/57?subscriptionType=Plan3 [33m404[0m 34.611 ms - 52[0m
[0mOPTIONS /api/subscription/57?subscriptionType=Plan3 [32m204[0m 0.390 ms - 0[0m
[0mOPTIONS /api/subscription/57?subscriptionType=Plan2 [32m204[0m 0.291 ms - 0[0m
[0mGET /api/subscription/57?subscriptionType=Plan2 [33m404[0m 33.108 ms - 52[0m
[0mGET /api/subscription/57?subscriptionType=Plan3 [33m404[0m 36.656 ms - 52[0m
[0mGET /api/order/list/122 [36m304[0m 74.961 ms - -[0m
[0mOPTIONS /api/store/product/getAllProductById/57 [32m204[0m 0.476 ms - 0[0m
[0mGET /api/store/product/getAllProductById/57 [36m304[0m 37.861 ms - -[0m
[0mOPTIONS /api/subscription/57?subscriptionType=Plan3 [32m204[0m 0.335 ms - 0[0m
[0mOPTIONS /api/subscription/57?subscriptionType=Plan2 [32m204[0m 0.449 ms - 0[0m
[0mGET /api/subscription/57?subscriptionType=Plan3 [33m404[0m 36.757 ms - 52[0m
[0mGET /api/subscription/57?subscriptionType=Plan2 [33m404[0m 69.775 ms - 52[0m
[0mGET /api/auth/user/122 [36m304[0m 51.676 ms - -[0m
[0mOPTIONS /api/category/getAllCategory [32m204[0m 0.342 ms - 0[0m
[0mOPTIONS /api/product/getProductById/384 [32m204[0m 1.297 ms - 0[0m
[0mOPTIONS /api/subscription/57?subscriptionType=Plan0 [32m204[0m 0.203 ms - 0[0m
[0mOPTIONS /api/subscription/57?subscriptionType=Plan1 [32m204[0m 3.439 ms - 0[0m
[0mOPTIONS /api/subscription/57?subscriptionType=Plan3 [32m204[0m 0.136 ms - 0[0m
[0mOPTIONS /api/subscription/57?subscriptionType=Plan2 [32m204[0m 0.443 ms - 0[0m
[0mOPTIONS /api/store/product/getAllProductById/57 [32m204[0m 0.162 ms - 0[0m
[0mGET /api/category/getAllCategory [36m304[0m 45.198 ms - -[0m
[0mGET /api/product/getProductById/384 [36m304[0m 67.546 ms - -[0m
[0mGET /api/subscription/57?subscriptionType=Plan0 [36m304[0m 106.602 ms - -[0m
[0mGET /api/subscription/57?subscriptionType=Plan1 [36m304[0m 141.743 ms - -[0m
[0mGET /api/subscription/57?subscriptionType=Plan3 [33m404[0m 172.306 ms - 52[0m
[0mGET /api/store/product/getAllProductById/57 [36m304[0m 147.632 ms - -[0m
[0mGET /api/subscription/57?subscriptionType=Plan2 [33m404[0m 175.456 ms - 52[0m
[0mOPTIONS /api/subscription/57?subscriptionType=Plan2 [32m204[0m 1.806 ms - 0[0m
[0mGET /api/subscription/57?subscriptionType=Plan2 [31m500[0m 44.249 ms - 2492[0m
[0mOPTIONS /api/subscription/57?subscriptionType=Plan1 [32m204[0m 2.536 ms - 0[0m
[0mGET /api/subscription/57?subscriptionType=Plan1 [36m304[0m 319.195 ms - -[0m
[0mOPTIONS /api/subscription/57?subscriptionType=Plan3 [32m204[0m 1.379 ms - 0[0m
[0mGET /api/subscription/57?subscriptionType=Plan3 [33m404[0m 39.504 ms - 52[0m
[0mOPTIONS /api/subscription/57?subscriptionType=Plan3 [32m204[0m 1.146 ms - 0[0m
[0mGET /api/subscription/57?subscriptionType=Plan3 [33m404[0m 39.331 ms - 52[0m
[0mOPTIONS /api/subscription/57?subscriptionType=Plan3 [32m204[0m 0.488 ms - 0[0m
[0mGET /api/subscription/57?subscriptionType=Plan3 [33m404[0m 48.169 ms - 52[0m
[0mOPTIONS /api/subscription/57?subscriptionType=Plan3 [32m204[0m 1.886 ms - 0[0m
[0mGET /api/subscription/57?subscriptionType=Plan3 [33m404[0m 38.468 ms - 52[0m
[0mGET /api/subscription/57?subscriptionType=Plan3 [33m404[0m 36.859 ms - 52[0m
[0mOPTIONS /api/subscription/57?subscriptionType=Plan3 [32m204[0m 1.023 ms - 0[0m
[0mGET /api/subscription/57?subscriptionType=Plan3 [33m404[0m 34.649 ms - 52[0m
[0mOPTIONS /api/subscription/57?subscriptionType=Plan3 [32m204[0m 0.490 ms - 0[0m
[0mGET /api/subscription/57?subscriptionType=Plan3 [33m404[0m 34.879 ms - 52[0m
[0mOPTIONS /api/subscription/57?subscriptionType=Plan3 [32m204[0m 0.841 ms - 0[0m
[0mGET /api/subscription/57?subscriptionType=Plan3 [33m404[0m 35.285 ms - 52[0m
[0mGET /api/subscription/57?subscriptionType=Plan3 [33m404[0m 34.066 ms - 52[0m
[0mOPTIONS /api/subscription/57?subscriptionType=Plan3 [32m204[0m 0.815 ms - 0[0m
[0mGET /api/subscription/57?subscriptionType=Plan3 [33m404[0m 41.452 ms - 52[0m
[0mOPTIONS /api/subscription/57?subscriptionType=Plan3 [32m204[0m 0.537 ms - 0[0m
[0mGET /api/subscription/57?subscriptionType=Plan3 [33m404[0m 31.331 ms - 52[0m
[0mOPTIONS /api/subscription/57?subscriptionType=Plan2 [32m204[0m 0.978 ms - 0[0m
[0mGET /api/subscription/57?subscriptionType=Plan2 [33m404[0m 31.860 ms - 52[0m
[0mOPTIONS /api/subscription/57?subscriptionType=Plan2 [32m204[0m 0.652 ms - 0[0m
[0mGET /api/subscription/57?subscriptionType=Plan2 [33m404[0m 36.132 ms - 52[0m
[0mOPTIONS /api/subscription/57?subscriptionType=Plan2 [32m204[0m 1.021 ms - 0[0m
[0mGET /api/subscription/57?subscriptionType=Plan2 [33m404[0m 32.787 ms - 52[0m
[0mOPTIONS /api/subscription/57?subscriptionType=Plan3 [32m204[0m 0.665 ms - 0[0m
[0mGET /api/subscription/57?subscriptionType=Plan3 [33m404[0m 32.911 ms - 52[0m
[0mOPTIONS /api/subscription/57?subscriptionType=Plan1 [32m204[0m 0.782 ms - 0[0m
[0mGET /api/subscription/57?subscriptionType=Plan1 [36m304[0m 36.730 ms - -[0m
[0mOPTIONS /api/subscription/57?subscriptionType=Plan3 [32m204[0m 1.712 ms - 0[0m
[0mGET /api/subscription/57?subscriptionType=Plan3 [33m404[0m 35.880 ms - 52[0m
[0mGET /api/auth/user/122 [36m304[0m 41.304 ms - -[0m
