[0mGET /api/category/getAllCategory [32m200[0m 69.988 ms - 1039[0m
[0mGET /api/cart/list/0 [32m200[0m 85.622 ms - 26[0m
[0mGET /api/auth/user/null [31m500[0m 141.296 ms - 17[0m
[0mGET /api/store/list [32m200[0m 162.064 ms - 7865[0m
[0mGET /api/store/getAllStoresByFilters?search=null [32m200[0m 69.352 ms - 26[0m
[0mGET /api/order/list/0 [32m200[0m 175.617 ms - 26[0m
[0mGET /api/store/getAllStoresByFilters?paymentModes=null [32m200[0m 72.713 ms - 26[0m
[0mGET /api/store/getOpenStores [33m404[0m 52.399 ms - 50[0m
[0mGET /api/store/filterByCategory?categoryIds=null [32m200[0m 100.633 ms - 26[0m
[0mGET /api/uploads/storeImage_1738955303490.png [33m404[0m 3.064 ms - 2707[0m
[0mGET /api/uploads/storeImage_1739464053870.jpg [33m404[0m 4.236 ms - 2707[0m
[0mGET /api/uploads/storeImage_1739381181217.webp [33m404[0m 4.527 ms - 2707[0m
[0mGET /api/uploads/storeImage_1739465019962.png [33m404[0m 6.263 ms - 2707[0m
[0mGET /api/uploads/storeImage_1740288240579.jpg [33m404[0m 3.155 ms - 2707[0m
[0mGET /api/uploads/storeImage_1740288768609.jpg [33m404[0m 2.047 ms - 2707[0m
[0mGET /api/store/product/getAllProductById/50 [32m200[0m 46.220 ms - 744[0m
[0mGET /api/store/product/getAllProductById/42 [32m200[0m 50.323 ms - 2399[0m
[0mGET /api/uploads/storeImage_1742743175127.jpg [33m404[0m 0.829 ms - 2707[0m
[0mGET /api/store/product/getAllProductById/47 [32m200[0m 54.650 ms - 1716[0m
[0mGET /api/store/product/getAllProductById/49 [32m200[0m 55.057 ms - 715[0m
[0mGET /api/store/product/getAllProductById/45 [32m200[0m 56.063 ms - 4894[0m
[0mGET /api/store/product/getAllProductById/44 [32m200[0m 58.475 ms - 672[0m
[0mGET /api/store/product/getAllProductById/51 [32m200[0m 38.588 ms - 5374[0m
[0mGET /api/auth/user/null [31m500[0m 39.710 ms - 17[0m
[0mGET /api/category/getAllCategory [32m200[0m 72.590 ms - 26[0m
[0mGET /api/cart/list/0 [36m304[0m 107.466 ms - -[0m
[0mGET /api/store/list [32m200[0m 159.939 ms - 26[0m
[0mGET /api/store/getOpenStores [33m404[0m 119.658 ms - 50[0m
[0mGET /api/store/getAllStoresByFilters?search=null [36m304[0m 139.141 ms - -[0m
[0mGET /api/order/list/0 [36m304[0m 192.784 ms - -[0m
[0mGET /api/store/getAllStoresByFilters?paymentModes=null [36m304[0m 90.956 ms - -[0m
[0mGET /api/store/filterByCategory?categoryIds=null [36m304[0m 154.838 ms - -[0m
[0mOPTIONS /api/auth/register [32m204[0m 1.472 ms - 0[0m
[0mPOST /api/auth/register [32m200[0m 345.297 ms - 296[0m
[0mPOST /api/store/create [32m200[0m 129.256 ms - 504[0m
[0mOPTIONS /api/auth/user/update [32m204[0m 0.834 ms - 0[0m
[0mPOST /api/auth/user/update [32m200[0m 326.357 ms - 50[0m
[0mOPTIONS /api/store/list [32m204[0m 0.717 ms - 0[0m
[0mGET /api/auth/user/48 [32m200[0m 56.019 ms - 357[0m
[0mGET /api/store/list [32m200[0m 70.937 ms - 643[0m
[0mGET /api/auth/user/null [31m500[0m 49.111 ms - 17[0m
[0mOPTIONS /api/store/list/52 [32m204[0m 1.064 ms - 0[0m
[0mGET /api/store/list/52 [32m200[0m 61.876 ms - 647[0m
[0mOPTIONS /api/store/update [32m204[0m 22.317 ms - 0[0m
[0mPOST /api/store/update [31m500[0m 987.191 ms - 2695[0m
[0mGET /api/auth/user/null [31m500[0m 138.776 ms - 17[0m
[0mGET /api/cart/list/48 [32m200[0m 193.723 ms - 26[0m
[0mGET /api/category/getAllCategory [36m304[0m 382.150 ms - -[0m
[0mGET /api/auth/user/48 [36m304[0m 373.712 ms - -[0m
[0mGET /api/store/list [36m304[0m 376.384 ms - -[0m
[0mOPTIONS /api/store/list/52 [32m204[0m 0.279 ms - 0[0m
[0mGET /api/store/getOpenStores [33m404[0m 493.584 ms - 50[0m
[0mGET /api/order/list/48 [32m200[0m 566.089 ms - 26[0m
[0mGET /api/store/getAllStoresByFilters?search=null [36m304[0m 161.823 ms - -[0m
[0mGET /api/store/getAllStoresByFilters?paymentModes=null [36m304[0m 158.097 ms - -[0m
[0mGET /api/auth/user/48 [36m304[0m 296.229 ms - -[0m
[0mGET /api/store/list/52 [36m304[0m 169.041 ms - -[0m
[0mGET /api/store/filterByCategory?categoryIds=null [36m304[0m 520.421 ms - -[0m
[0mGET /api/auth/user/48 [36m304[0m 685.667 ms - -[0m
[0mGET /api/store/list [36m304[0m 681.932 ms - -[0m
[0mGET /api/cart/list/48 [36m304[0m 705.669 ms - -[0m
[0mGET /api/store/getOpenStores [33m404[0m 707.862 ms - 50[0m
[0mOPTIONS /api/store/list/52 [32m204[0m 0.341 ms - 0[0m
[0mGET /api/auth/user/null [31m500[0m 846.425 ms - 17[0m
[0mGET /api/store/getAllStoresByFilters?search=null [36m304[0m 158.713 ms - -[0m
[0mGET /api/order/list/48 [36m304[0m 862.709 ms - -[0m
[0mGET /api/store/getAllStoresByFilters?paymentModes=null [36m304[0m 184.309 ms - -[0m
[0mGET /api/store/list/52 [36m304[0m 174.841 ms - -[0m
[0mGET /api/auth/user/48 [36m304[0m 311.113 ms - -[0m
[0mGET /api/store/filterByCategory?categoryIds=null [36m304[0m 337.471 ms - -[0m
[0mGET /api/category/getAllCategory [31m500[0m 962953.918 ms - 2727[0m
[0mGET /api/auth/user/null [31m500[0m 374.500 ms - 17[0m
[0mGET /api/auth/user/null [31m500[0m 35.748 ms - 17[0m
[0mGET /api/auth/user/null [31m500[0m 34.615 ms - 17[0m
[0mGET /api/auth/user/null [31m500[0m 241.946 ms - 17[0m
[0mGET /api/category/getAllCategory [32m200[0m 217.166 ms - 26[0m
[0mGET /api/cart/list/48 [36m304[0m 245.630 ms - -[0m
[0mGET /api/auth/user/48 [36m304[0m 372.121 ms - -[0m
[0mGET /api/store/list [36m304[0m 368.568 ms - -[0m
[0mOPTIONS /api/store/list/52 [32m204[0m 0.214 ms - 0[0m
[0mGET /api/store/getOpenStores [33m404[0m 368.254 ms - 50[0m
[0mGET /api/store/getAllStoresByFilters?paymentModes=null [36m304[0m 37.688 ms - -[0m
[0mGET /api/auth/user/48 [36m304[0m 36.913 ms - -[0m
[0mGET /api/store/getAllStoresByFilters?search=null [36m304[0m 245.491 ms - -[0m
[0mGET /api/order/list/48 [36m304[0m 489.108 ms - -[0m
[0mGET /api/store/list/52 [36m304[0m 79.857 ms - -[0m
[0mGET /api/store/filterByCategory?categoryIds=null [36m304[0m 417.570 ms - -[0m
