[0mGET /api/cart/list/48 [36m304[0m 47.211 ms - -[0m
[0mGET /api/order/list/48 [36m304[0m 115.940 ms - -[0m
[0mGET /api/cart/list/107 [36m304[0m 38.782 ms - -[0m
[0mGET /api/order/list/107 [36m304[0m 77.060 ms - -[0m
[0mGET /api/cart/list/48 [36m304[0m 81.863 ms - -[0m
[0mGET /api/order/list/48 [36m304[0m 140.506 ms - -[0m
[0mGET /api/cart/list/107 [36m304[0m 37.990 ms - -[0m
[0mGET /api/order/list/107 [36m304[0m 113.480 ms - -[0m
[0mGET /api/product/getAllByCategory?categoryIds=71 [36m304[0m 40.767 ms - -[0m
[0mGET /api/product/getAllByCategory?categoryIds=72 [36m304[0m 40.114 ms - -[0m
[0mOPTIONS /api/category/getAllCategory [32m204[0m 0.463 ms - 0[0m
[0mGET /api/category/getAllCategory [32m200[0m 38.112 ms - 484[0m
[0mGET /api/category/getAllCategory [36m304[0m 35.986 ms - -[0m
[0mGET /api/category/getAllCategory [36m304[0m 39.410 ms - -[0m
[0mGET /api/cart/list/48 [36m304[0m 71.885 ms - -[0m
[0mGET /api/order/list/48 [36m304[0m 142.508 ms - -[0m
[0mGET /api/cart/list/107 [36m304[0m 41.711 ms - -[0m
[0mGET /api/category/getAllCategory [36m304[0m 44.888 ms - -[0m
[0mGET /api/order/list/107 [36m304[0m 81.958 ms - -[0m
[0mGET /api/cart/list/48 [36m304[0m 40.370 ms - -[0m
[0mGET /api/order/list/48 [36m304[0m 75.080 ms - -[0m
[0mGET /api/cart/list/107 [36m304[0m 36.843 ms - -[0m
[0mGET /api/order/list/107 [36m304[0m 84.155 ms - -[0m
[0mGET /api/cart/list/48 [36m304[0m 44.121 ms - -[0m
[0mGET /api/order/list/48 [36m304[0m 125.302 ms - -[0m
[0mGET /api/cart/list/107 [36m304[0m 37.118 ms - -[0m
[0mGET /api/order/list/107 [36m304[0m 83.433 ms - -[0m
[0mGET /api/product/getAllByCategory?categoryIds=73 [32m200[0m 59.924 ms - 610[0m
[0mGET /api/product/getAllByCategory?categoryIds=74 [32m200[0m 45.711 ms - 596[0m
[0mGET /api/product/getAllByCategory?categoryIds=71 [36m304[0m 43.242 ms - -[0m
[0mGET /api/vendor/list [36m304[0m 45.200 ms - -[0m
[0mGET /api/vendor/list [36m304[0m 42.655 ms - -[0m
[0mGET /api/product/getAllproductList [36m304[0m 85.411 ms - -[0m
[0mGET /api/product/getProductsByOpenStores [31m500[0m 129.251 ms - 2489[0m
[0mGET /api/store/getOpenStores [33m404[0m 42.568 ms - 60[0m
[0mGET /api/store/getAllStoresByFilters?search=null [36m304[0m 43.441 ms - -[0m
[0mGET /api/store/getAllStoresByFilters?paymentModes=null [36m304[0m 67.595 ms - -[0m
[0mGET /api/store/filterByCategory?categoryIds=71 [36m304[0m 76.707 ms - -[0m
[0mGET /api/product/getAllproductList [36m304[0m 45.820 ms - -[0m
[0mGET /api/product/getProductsByOpenStores [31m500[0m 90.900 ms - 2489[0m
[0mGET /api/vendor/list [36m304[0m 39.266 ms - -[0m
[0mGET /api/vendor/list [36m304[0m 38.197 ms - -[0m
[0mGET /api/product/getAllproductList [36m304[0m 43.721 ms - -[0m
[0mGET /api/product/getProductsByOpenStores [31m500[0m 71.760 ms - 2489[0m
[0mGET /api/store/getOpenStores [33m404[0m 39.106 ms - 60[0m
[0mGET /api/store/getAllStoresByFilters?paymentModes=null [36m304[0m 34.823 ms - -[0m
[0mGET /api/store/getAllStoresByFilters?search=null [36m304[0m 38.616 ms - -[0m
[0mGET /api/store/filterByCategory?categoryIds=71 [36m304[0m 78.516 ms - -[0m
[0mGET /api/cart/list/48 [36m304[0m 40.581 ms - -[0m
[0mGET /api/order/list/48 [36m304[0m 76.452 ms - -[0m
[0mGET /api/cart/list/107 [36m304[0m 37.422 ms - -[0m
[0mGET /api/order/list/107 [36m304[0m 75.948 ms - -[0m
[0mGET /api/cart/list/48 [36m304[0m 40.413 ms - -[0m
[0mGET /api/order/list/48 [36m304[0m 80.199 ms - -[0m
[0mGET /api/cart/list/48 [36m304[0m 38.867 ms - -[0m
[0mGET /api/cart/list/107 [36m304[0m 40.354 ms - -[0m
[0mGET /api/order/list/48 [36m304[0m 79.352 ms - -[0m
[0mGET /api/order/list/107 [36m304[0m 80.517 ms - -[0m
[0mGET /api/store/filterByCategory?categoryIds=null [36m304[0m 38.488 ms - -[0m
[0mGET /api/store/filterByCategory?categoryIds=71 [36m304[0m 76.210 ms - -[0m
[0mGET /api/store/filterByCategory?categoryIds=null [36m304[0m 44.436 ms - -[0m
[0mGET /api/store/filterByCategory?categoryIds=72 [36m304[0m 34.530 ms - -[0m
[0mGET /api/store/filterByCategory?categoryIds=73 [32m200[0m 76.164 ms - 634[0m
[0mGET /api/store/filterByCategory?categoryIds=74 [32m200[0m 76.015 ms - 634[0m
[0mGET /api/store/filterByCategory?categoryIds=null [36m304[0m 36.985 ms - -[0m
[0mGET /api/store/getAllStoresByFilters?paymentModes=3 [32m200[0m 71.994 ms - 1447[0m
[0mGET /api/store/getAllStoresByFilters?paymentModes=null [36m304[0m 37.149 ms - -[0m
[0mGET /api/store/getAllStoresByFilters?paymentModes=2 [32m200[0m 70.457 ms - 830[0m
[0mGET /api/store/getAllStoresByFilters?paymentModes=null [36m304[0m 34.118 ms - -[0m
[0mGET /api/store/getAllStoresByFilters?paymentModes=1 [36m304[0m 72.962 ms - -[0m
[0mGET /api/store/getAllStoresByFilters?paymentModes=null [36m304[0m 94.907 ms - -[0m
[0mGET /api/cart/list/48 [36m304[0m 69.093 ms - -[0m
[0mGET /api/order/list/48 [36m304[0m 110.182 ms - -[0m
[0mGET /api/cart/list/107 [36m304[0m 39.345 ms - -[0m
[0mGET /api/order/list/107 [36m304[0m 70.608 ms - -[0m
[0mGET /api/cart/list/48 [36m304[0m 38.084 ms - -[0m
[0mGET /api/order/list/48 [36m304[0m 77.134 ms - -[0m
[0mGET /api/cart/list/107 [36m304[0m 36.729 ms - -[0m
[0mGET /api/order/list/107 [36m304[0m 71.604 ms - -[0m
[0mGET /api/order/list/48 [36m304[0m 77.852 ms - -[0m
[0mGET /api/store/getOpenStores [33m404[0m 45.298 ms - 60[0m
[0mGET /api/store/filterByCategory?categoryIds=null [36m304[0m 74.368 ms - -[0m
[0mGET /api/store/getAllStoresByFilters?search=null [36m304[0m 111.928 ms - -[0m
[0mGET /api/store/getAllStoresByFilters?paymentModes=null [36m304[0m 145.975 ms - -[0m
[0mGET /api/order/list/48 [36m304[0m 96.796 ms - -[0m
[0mGET /api/order/list/48 [36m304[0m 82.249 ms - -[0m
[0mGET /api/store/getAllStoresByFilters?paymentModes=2 [36m304[0m 81.612 ms - -[0m
[0mGET /api/category/getAllCategory [36m304[0m 60.888 ms - -[0m
[0mGET /api/cart/list/48 [36m304[0m 87.573 ms - -[0m
[0mGET /api/auth/user/48 [36m304[0m 155.919 ms - -[0m
[0mGET /api/store/list [36m304[0m 165.990 ms - -[0m
[0mGET /api/store/getOpenStores [33m404[0m 125.939 ms - 60[0m
[0mGET /api/store/getAllStoresByFilters?search=null [36m304[0m 138.661 ms - -[0m
[0mGET /api/store/getAllStoresByFilters?paymentModes=null [36m304[0m 101.553 ms - -[0m
[0mGET /api/order/list/48 [36m304[0m 197.181 ms - -[0m
[0mGET /api/store/filterByCategory?categoryIds=null [36m304[0m 41.780 ms - -[0m
[0mGET /api/category/getAllCategory [36m304[0m 34.818 ms - -[0m
[0mGET /api/https://pub-5622c42961cc4ef29b17f85c86ab7834.r2.dev/f9e81d6a-420b-4a25-9d36-c0f889049614-Photoroom.png [33m404[0m 2.903 ms - 2707[0m
[0mGET /api/cart/list/48 [36m304[0m 39.697 ms - -[0m
[0mGET /api/cart/list/48 [36m304[0m 41.269 ms - -[0m
[0mGET /api/cart/list/48 [36m304[0m 38.364 ms - -[0m
[0mGET /api/cart/list/48 [36m304[0m 35.986 ms - -[0m
[0mGET /api/product/getAllproductList [36m304[0m 75.479 ms - -[0m
[0mGET /api/product/getProductsByOpenStores [31m500[0m 116.270 ms - 2585[0m
[0mGET /api/store/list/53 [36m304[0m 51.146 ms - -[0m
[0mGET /api/store/list/52 [36m304[0m 75.428 ms - -[0m
[0mGET /api/store/product/getAllProductById/53 [36m304[0m 45.072 ms - -[0m
[0mGET /api/store/product/getAllProductById/52 [36m304[0m 40.236 ms - -[0m
[0mGET /api/cart/list/48/330 [32m200[0m 36.731 ms - 49[0m
[0mGET /api/cart/list/48/328 [32m200[0m 40.723 ms - 49[0m
[0mGET /api/cart/list/48 [36m304[0m 51.259 ms - -[0m
[0mGET /api/order/list/48 [36m304[0m 193.798 ms - -[0m
[0mGET /api/cart/list/48/320 [36m304[0m 94.978 ms - -[0m
[0mGET /api/cart/list/48 [36m304[0m 43.798 ms - -[0m
[0mOPTIONS /api/cart/update/48/320 [32m204[0m 2.059 ms - 0[0m
[0mPOST /api/cart/update/48/320 [32m200[0m 113.850 ms - 317[0m
[0mGET /api/cart/list/48/320 [32m200[0m 41.826 ms - 654[0m
[0mGET /api/cart/list/48 [32m200[0m 38.191 ms - 656[0m
[0mGET /api/store/getOpenStores [33m404[0m 42.055 ms - 60[0m
[0mGET /api/store/filterByCategory?categoryIds=null [36m304[0m 76.397 ms - -[0m
[0mGET /api/store/getAllStoresByFilters?search=null [36m304[0m 110.815 ms - -[0m
[0mGET /api/store/getAllStoresByFilters?paymentModes=null [36m304[0m 144.357 ms - -[0m
[0mGET /api/order/list/48 [36m304[0m 82.014 ms - -[0m
[0mGET /api/cart/list/48 [36m304[0m 43.409 ms - -[0m
[0mGET /api/vendor/list [36m304[0m 42.136 ms - -[0m
[0mGET /api/store/getAllStoresByFilters?paymentModes=Within%205Km [32m200[0m 65.460 ms - 36[0m
[0mGET /api/store/getOpenStores [33m404[0m 80.403 ms - 60[0m
[0mGET /api/store/filterByCategory?categoryIds=null [36m304[0m 113.318 ms - -[0m
[0mGET /api/store/getAllStoresByFilters?search=null [36m304[0m 149.950 ms - -[0m
[0mGET /api/auth/user/48 [36m304[0m 41.294 ms - -[0m
[0mGET /api/category/getAllCategory [36m304[0m 42.079 ms - -[0m
[0mGET /api/cart/list/48 [36m304[0m 41.792 ms - -[0m
[0mGET /api/store/list [36m304[0m 75.965 ms - -[0m
[0mGET /api/category/getAllCategory [36m304[0m 37.482 ms - -[0m
[0mGET /api/order/list/48 [36m304[0m 86.200 ms - -[0m
[0mGET /api/store/getOpenStores [33m404[0m 43.382 ms - 60[0m
[0mGET /api/store/filterByCategory?categoryIds=null [36m304[0m 70.100 ms - -[0m
[0mGET /api/store/getAllStoresByFilters?paymentModes=Within%205Km [36m304[0m 97.903 ms - -[0m
[0mGET /api/store/getAllStoresByFilters?search=null [36m304[0m 126.019 ms - -[0m
[0mGET /api/product/gcatalogsearch/result?paymentModes=Within%205Km [32m200[0m 48.380 ms - 26[0m
[0mGET /api/product/getAllproductList [36m304[0m 50.502 ms - -[0m
[0mGET /api/product/getProductsByOpenStores [31m500[0m 74.720 ms - 2489[0m
[0mGET /api/store/list/53 [36m304[0m 37.180 ms - -[0m
[0mGET /api/store/list/52 [36m304[0m 39.105 ms - -[0m
[0mGET /api/store/product/getAllProductById/53 [36m304[0m 39.924 ms - -[0m
[0mGET /api/store/product/getAllProductById/52 [36m304[0m 33.958 ms - -[0m
[0mGET /api/category/getAllCategory [36m304[0m 85.292 ms - -[0m
[0mGET /api/auth/user/48 [36m304[0m 37.314 ms - -[0m
[0mGET /api/cart/list/48 [36m304[0m 43.054 ms - -[0m
[0mGET /api/store/list [36m304[0m 74.506 ms - -[0m
[0mGET /api/store/list/NaN [33m404[0m 63.732 ms - 45[0m
[0mGET /api/store/product/getAllProductById/NaN [32m200[0m 41.437 ms - 36[0m
[0mGET /api/order/list/48 [36m304[0m 84.171 ms - -[0m
[0mGET /api/category/getAllCategory [36m304[0m 66.545 ms - -[0m
[0mGET /api/store/getAllStoresByFilters?paymentModes=Within%205Km [36m304[0m 32.314 ms - -[0m
[0mGET /api/store/filterByCategory?categoryIds=null [36m304[0m 31.597 ms - -[0m
[0mGET /api/store/getOpenStores [33m404[0m 38.004 ms - 60[0m
[0mGET /api/store/getAllStoresByFilters?search=null [36m304[0m 38.688 ms - -[0m
[0mGET /api/cart/list/48/321 [36m304[0m 36.826 ms - -[0m
[0mGET /api/cart/list/48/320 [36m304[0m 41.213 ms - -[0m
[0mGET /api/cart/list/48/321 [36m304[0m 37.547 ms - -[0m
[0mGET /api/cart/list/48/320 [36m304[0m 43.119 ms - -[0m
[0mGET /api/store/getAllStoresByFilters?search=null [36m304[0m 32.174 ms - -[0m
[0mGET /api/store/filterByCategory?categoryIds=null [36m304[0m 34.723 ms - -[0m
[0mGET /api/store/getAllStoresByFilters?paymentModes=Within%205Km [36m304[0m 41.361 ms - -[0m
[0mGET /api/store/getOpenStores [33m404[0m 68.125 ms - 60[0m
[0mGET /api/store/getOpenStores [33m404[0m 50.220 ms - 60[0m
[0mGET /api/store/filterByCategory?categoryIds=null [36m304[0m 78.508 ms - -[0m
[0mGET /api/store/getAllStoresByFilters?search=null [36m304[0m 113.972 ms - -[0m
[0mGET /api/store/getAllStoresByFilters?paymentModes=Within%205Km [36m304[0m 147.369 ms - -[0m
[0mOPTIONS /api/store/product/getAllProductById/53 [32m204[0m 2.052 ms - 0[0m
[0mGET /api/category/getAllCategory [36m304[0m 191.828 ms - -[0m
[0mGET /api/cart/list/48 [36m304[0m 232.199 ms - -[0m
[0mGET /api/store/list [36m304[0m 299.254 ms - -[0m
[0mGET /api/auth/user/48 [36m304[0m 306.415 ms - -[0m
[0mOPTIONS /api/category/getAllCategory [32m204[0m 0.389 ms - 0[0m
[0mGET /api/store/getOpenStores [33m404[0m 398.429 ms - 60[0m
[0mGET /api/auth/user/107 [36m304[0m 388.280 ms - -[0m
[0mGET /api/store/product/getAllProductById/53 [36m304[0m 378.925 ms - -[0m
[0mGET /api/category/getAllCategory [36m304[0m 350.103 ms - -[0m
[0mGET /api/cart/list/107 [36m304[0m 349.476 ms - -[0m
[0mGET /api/store/list [32m200[0m 351.992 ms - 1447[0m
[0mGET /api/store/getAllStoresByFilters?paymentModes=null [36m304[0m 251.032 ms - -[0m
[0mGET /api/store/filterByCategory?categoryIds=null [36m304[0m 219.820 ms - -[0m
[0mGET /api/order/list/48 [36m304[0m 451.645 ms - -[0m
[0mGET /api/store/getAllStoresByFilters?search=null [36m304[0m 141.845 ms - -[0m
[0mGET /api/category/getAllCategory [36m304[0m 129.811 ms - -[0m
[0mGET /api/store/list/52 [32m200[0m 102.241 ms - 818[0m
[0mGET /api/auth/user/107 [36m304[0m 101.578 ms - -[0m
[0mGET /api/auth/user/48 [36m304[0m 107.281 ms - -[0m
[0mGET /api/category/getAllCategory [36m304[0m 101.120 ms - -[0m
[0mGET /api/store/product/getAllProductById/52 [36m304[0m 102.844 ms - -[0m
[0mGET /api/order/list/107 [36m304[0m 457.326 ms - -[0m
[0mGET /api/category/getAllCategory [36m304[0m 209.707 ms - -[0m
