[0mGET /api/category/getAllCategory [32m200[0m 88.076 ms - 1628[0m
[0mGET /api/auth/user/null [31m500[0m 114.894 ms - 17[0m
[0mGET /api/store/list?currentLocation=13.043828970364117,80.21369932907515 [32m200[0m 147.734 ms - 1681[0m
[0mGET /api/store/filterByCategory?categoryIds=null [32m200[0m 141.778 ms - 36[0m
[0mGET /api/store/getAllStoresByFilters?paymentModes=null [32m200[0m 139.361 ms - 36[0m
[0mGET /api/store/getAllStoresByFilters?search=null [32m200[0m 153.937 ms - 36[0m
[0mGET /api/store/getOpenStores [33m404[0m 144.159 ms - 60[0m
[0mGET /api/category/getAllCategory [36m304[0m 116.904 ms - -[0m
[0mGET /api/store/getOpenStores [33m404[0m 64.991 ms - 60[0m
[0mGET /api/store/getAllStoresByFilters?search=null [36m304[0m 84.615 ms - -[0m
[0mGET /api/store/getAllStoresByFilters?paymentModes=null [36m304[0m 122.942 ms - -[0m
[0mGET /api/store/filterByCategory?categoryIds=null [36m304[0m 161.723 ms - -[0m
[0mGET /api/product/getAllproductList [32m200[0m 57.375 ms - 8895[0m
[0mGET /api/product/getProductsByOpenStores [31m500[0m 91.818 ms - 2489[0m
[0mGET /api/store/list/52?currentLocation=13.043828930180256,80.21369937380074 [32m200[0m 48.784 ms - 834[0m
[0mGET /api/store/list/53?currentLocation=13.043828930180256,80.21369937380074 [32m200[0m 60.686 ms - 858[0m
[0mGET /api/store/product/getAllProductById/53 [32m200[0m 53.751 ms - 4312[0m
[0mGET /api/store/product/getAllProductById/52 [32m200[0m 56.148 ms - 2803[0m
[0mGET /api/vendor/list [32m200[0m 58.772 ms - 1805[0m
[0mGET /api/store/getAllStoresByFilters?paymentModes=null [36m304[0m 31.070 ms - -[0m
[0mGET /api/store/getAllStoresByFilters?search=null [36m304[0m 46.209 ms - -[0m
[0mGET /api/store/getOpenStores [33m404[0m 56.404 ms - 60[0m
[0mGET /api/store/filterByCategory?categoryIds=null [36m304[0m 46.719 ms - -[0m
[0mGET /api/store/getAllStoresByFilters?search=null [0m-[0m - ms - -[0m
[0mGET /api/store/list?currentLocation=null,null [0m-[0m - ms - -[0m
[0mGET /api/store/filterByCategory?categoryIds=null [0m-[0m - ms - -[0m
[0mGET /api/category/getAllCategory [0m-[0m - ms - -[0m
[0mGET /api/store/getAllStoresByFilters?paymentModes=null [0m-[0m - ms - -[0m
[0mGET /api/auth/user/null [0m-[0m - ms - -[0m
[0mGET /api/store/getOpenStores [0m-[0m - ms - -[0m
[0mGET /api/store/getOpenStores [33m404[0m 52.729 ms - 60[0m
[0mGET /api/store/getAllStoresByFilters?search=null [36m304[0m 53.047 ms - -[0m
[0mGET /api/store/filterByCategory?categoryIds=null [36m304[0m 65.640 ms - -[0m
[0mGET /api/store/getAllStoresByFilters?paymentModes=null [36m304[0m 49.555 ms - -[0m
[0mGET /api/store/getAllStoresByFilters?search=null [36m304[0m 39.404 ms - -[0m
[0mGET /api/store/filterByCategory?categoryIds=null [36m304[0m 47.789 ms - -[0m
[0mGET /api/store/getAllStoresByFilters?paymentModes=null [36m304[0m 38.693 ms - -[0m
[0mGET /api/store/getOpenStores [33m404[0m 62.422 ms - 60[0m
[0mGET /api/store/product/getAllProductById/52 [36m304[0m 44.117 ms - -[0m
[0mGET /api/store/list/52?currentLocation=13.043828930180256,80.21369937380074 [36m304[0m 74.685 ms - -[0m
[0mGET /api/cart/list/null/321 [32m200[0m 44.923 ms - 49[0m
[0mGET /api/category/getAllCategory [36m304[0m 44.978 ms - -[0m
[0mGET /api/auth/user/null [31m500[0m 50.412 ms - 17[0m
[0mGET /api/store/list?currentLocation=13.043828930180256,80.21369937380074 [32m200[0m 57.278 ms - 1681[0m
[0mGET /api/category/getAllCategory [36m304[0m 39.600 ms - -[0m
[0mGET /api/store/product/getAllProductById/52 [36m304[0m 38.820 ms - -[0m
[0mGET /api/store/list/52?currentLocation=13.043939583116943,80.2136688464377 [32m200[0m 48.680 ms - 834[0m
[0mGET /api/cart/list/null/321 [36m304[0m 47.932 ms - -[0m
[0mOPTIONS /api/cart/create [32m204[0m 1.009 ms - 0[0m
[0mPOST /api/cart/create [31m500[0m 123.272 ms - 34[0m
[0mGET /api/auth/user/null [31m500[0m 68.683 ms - 17[0m
[0mGET /api/store/list?currentLocation=13.043939583116943,80.2136688464377 [32m200[0m 94.579 ms - 1681[0m
[0mGET /api/category/getAllCategory [36m304[0m 84.207 ms - -[0m
[0mGET /api/store/list/52?currentLocation=13.043939610587177,80.21366876631261 [32m200[0m 117.024 ms - 834[0m
[0mGET /api/category/getAllCategory [36m304[0m 83.803 ms - -[0m
[0mGET /api/store/product/getAllProductById/52 [36m304[0m 159.880 ms - -[0m
[0mGET /api/cart/list/null/321 [36m304[0m 50.155 ms - -[0m
[0mGET /api/auth/user/null [31m500[0m 75.368 ms - 17[0m
[0mGET /api/store/list?currentLocation=13.043939610587177,80.21366876631261 [32m200[0m 109.591 ms - 1681[0m
[0mGET /api/category/getAllCategory [36m304[0m 146.207 ms - -[0m
[0mGET /api/store/product/getAllProductById/52 [36m304[0m 107.551 ms - -[0m
[0mGET /api/store/list/52?currentLocation=13.043880959026449,80.21384100711911 [32m200[0m 113.859 ms - 834[0m
[0mGET /api/category/getAllCategory [36m304[0m 56.757 ms - -[0m
[0mGET /api/cart/list/null/321 [36m304[0m 43.722 ms - -[0m
[0mOPTIONS /api/cart/create [32m204[0m 0.421 ms - 0[0m
[0mPOST /api/cart/create [31m500[0m 75.447 ms - 34[0m
[0mGET /api/auth/user/null [31m500[0m 63.357 ms - 17[0m
[0mGET /api/store/list?currentLocation=13.043880959026449,80.21384100711911 [32m200[0m 99.078 ms - 1681[0m
[0mGET /api/category/getAllCategory [36m304[0m 131.893 ms - -[0m
[0mGET /api/store/product/getAllProductById/52 [36m304[0m 158.369 ms - -[0m
[0mGET /api/store/list/52?currentLocation=13.044008788648334,80.2140516317954 [32m200[0m 175.450 ms - 834[0m
[0mGET /api/category/getAllCategory [36m304[0m 63.168 ms - -[0m
[0mGET /api/cart/list/null/321 [36m304[0m 35.339 ms - -[0m
[0mGET /api/category/getAllCategory [32m200[0m 36.719 ms - 1628[0m
[0mGET /api/auth/user/null [31m500[0m 66.733 ms - 17[0m
[0mGET /api/store/list?currentLocation=null,null [32m200[0m 99.525 ms - 1681[0m
[0mGET /api/store/filterByCategory?categoryIds=null [32m200[0m 100.768 ms - 36[0m
[0mGET /api/store/getAllStoresByFilters?search=null [32m200[0m 130.424 ms - 36[0m
[0mGET /api/store/getAllStoresByFilters?paymentModes=null [32m200[0m 130.204 ms - 36[0m
[0mGET /api/store/getOpenStores [33m404[0m 161.991 ms - 60[0m
[0mGET /api/category/getAllCategory [36m304[0m 131.145 ms - -[0m
[0mGET /api/store/product/getAllProductById/52 [32m200[0m 43.336 ms - 2803[0m
[0mGET /api/store/list/52?currentLocation=null,null [32m200[0m 49.796 ms - 834[0m
[0mGET /api/cart/list/null/321 [32m200[0m 40.818 ms - 49[0m
[0mGET /api/category/getAllCategory [36m304[0m 42.714 ms - -[0m
[0mGET /api/auth/user/null [31m500[0m 45.966 ms - 17[0m
[0mGET /api/store/list?currentLocation=null,null [36m304[0m 74.559 ms - -[0m
[0mGET /api/store/product/getAllProductById/52 [36m304[0m 45.320 ms - -[0m
[0mGET /api/category/getAllCategory [36m304[0m 63.024 ms - -[0m
[0mGET /api/store/list/52?currentLocation=null,null [36m304[0m 81.092 ms - -[0m
[0mGET /api/cart/list/null/321 [36m304[0m 31.881 ms - -[0m
[0mGET /api/auth/user/null [31m500[0m 42.470 ms - 17[0m
[0mGET /api/store/list?currentLocation=null,null [36m304[0m 77.522 ms - -[0m
[0mGET /api/category/getAllCategory [36m304[0m 114.175 ms - -[0m
[0mGET /api/store/list/52?currentLocation=null,null [36m304[0m 109.123 ms - -[0m
[0mGET /api/store/product/getAllProductById/52 [36m304[0m 142.566 ms - -[0m
[0mGET /api/category/getAllCategory [36m304[0m 71.910 ms - -[0m
[0mGET /api/cart/list/null/321 [36m304[0m 47.782 ms - -[0m
[0mGET /api/auth/user/null [31m500[0m 66.673 ms - 17[0m
[0mGET /api/category/getAllCategory [36m304[0m 102.627 ms - -[0m
[0mGET /api/store/getAllStoresByFilters?search=null [0m-[0m - ms - -[0m
[0mGET /api/store/getOpenStores [0m-[0m - ms - -[0m
[0mGET /api/category/getAllCategory [0m-[0m - ms - -[0m
[0mGET /api/store/list?currentLocation=null,null [0m-[0m - ms - -[0m
[0mGET /api/store/filterByCategory?categoryIds=null [0m-[0m - ms - -[0m
[0mGET /api/store/getAllStoresByFilters?paymentModes=null [0m-[0m - ms - -[0m
[0mGET /api/category/getAllCategory [32m200[0m 38.345 ms - 1628[0m
[0mGET /api/store/list?currentLocation=null,null [32m200[0m 44.970 ms - 1681[0m
[0mGET /api/auth/user/null [31m500[0m 48.752 ms - 17[0m
[0mGET /api/category/getAllCategory [36m304[0m 35.509 ms - -[0m
[0mGET /api/store/product/getAllProductById/52 [36m304[0m 38.864 ms - -[0m
[0mGET /api/store/list/52?currentLocation=null,null [36m304[0m 41.092 ms - -[0m
[0mGET /api/cart/list/null/321 [36m304[0m 37.101 ms - -[0m
[0mGET /api/auth/user/null [31m500[0m 36.929 ms - 17[0m
[0mGET /api/category/getAllCategory [36m304[0m 36.216 ms - -[0m
[0mGET /api/store/list?currentLocation=null,null [36m304[0m 39.819 ms - -[0m
[0mGET /api/category/getAllCategory [36m304[0m 34.872 ms - -[0m
[0mGET /api/store/filterByCategory?categoryIds=null [32m200[0m 38.011 ms - 36[0m
[0mGET /api/store/getAllStoresByFilters?search=null [32m200[0m 37.286 ms - 36[0m
[0mGET /api/store/getOpenStores [33m404[0m 43.583 ms - 60[0m
[0mGET /api/store/getAllStoresByFilters?paymentModes=null [32m200[0m 49.738 ms - 36[0m
[0mGET /api/store/product/getAllProductById/52 [36m304[0m 45.341 ms - -[0m
[0mGET /api/store/list/52?currentLocation=null,null [36m304[0m 48.253 ms - -[0m
[0mGET /api/cart/list/null/321 [36m304[0m 46.486 ms - -[0m
[0mGET /api/category/getAllCategory [36m304[0m 38.234 ms - -[0m
[0mGET /api/store/list?currentLocation=null,null [36m304[0m 37.720 ms - -[0m
[0mGET /api/auth/user/null [31m500[0m 48.080 ms - 17[0m
[0mGET /api/store/product/getAllProductById/52 [36m304[0m 37.318 ms - -[0m
[0mGET /api/store/list/52?currentLocation=null,null [36m304[0m 40.212 ms - -[0m
[0mGET /api/category/getAllCategory [36m304[0m 37.717 ms - -[0m
[0mGET /api/cart/list/null/321 [36m304[0m 37.105 ms - -[0m
[0mGET /api/auth/user/null [31m500[0m 113.568 ms - 17[0m
[0mGET /api/store/list?currentLocation=13.044008788648334,80.2140516317954 [32m200[0m 133.835 ms - 1681[0m
[0mGET /api/category/getAllCategory [36m304[0m 156.892 ms - -[0m
[0mGET /api/store/list/52?currentLocation=13.044008788648334,80.2140516317954 [36m304[0m 191.315 ms - -[0m
[0mGET /api/store/product/getAllProductById/52 [36m304[0m 188.748 ms - -[0m
[0mGET /api/category/getAllCategory [36m304[0m 62.999 ms - -[0m
[0mGET /api/auth/user/null [31m500[0m 64.437 ms - 17[0m
[0mGET /api/cart/list/null/321 [36m304[0m 61.775 ms - -[0m
[0mGET /api/auth/user/null [31m500[0m 69.775 ms - 17[0m
[0mGET /api/store/list?currentLocation=13.043848490155098,80.21391654098065 [32m200[0m 70.547 ms - 1681[0m
[0mGET /api/category/getAllCategory [36m304[0m 65.969 ms - -[0m
[0mGET /api/store/list/52?currentLocation=13.043848490155098,80.21391654098065 [32m200[0m 55.049 ms - 834[0m
[0mGET /api/store/product/getAllProductById/52 [36m304[0m 56.863 ms - -[0m
[0mGET /api/category/getAllCategory [36m304[0m 120.069 ms - -[0m
[0mGET /api/cart/list/null/321 [36m304[0m 53.478 ms - -[0m
[0mGET /api/auth/user/null [31m500[0m 244.903 ms - 17[0m
[0mGET /api/cart/list/null/321 [36m304[0m 258.996 ms - -[0m
[0mGET /api/cart/list/null/321 [36m304[0m 47.003 ms - -[0m
[0mGET /api/auth/user/null [31m500[0m 60.782 ms - 17[0m
[0mGET /api/cart/list/null/321 [36m304[0m 34.584 ms - -[0m
[0mGET /api/auth/user/null [31m500[0m 47.475 ms - 17[0m
[0mGET /api/store/list/52?currentLocation=13.043848488131083,80.21391654792818 [32m200[0m 70.972 ms - 834[0m
[0mGET /api/auth/user/null [31m500[0m 109.625 ms - 17[0m
[0mGET /api/store/list?currentLocation=13.043848488131083,80.21391654792818 [32m200[0m 151.046 ms - 1681[0m
[0mGET /api/category/getAllCategory [36m304[0m 170.732 ms - -[0m
[0mGET /api/store/product/getAllProductById/52 [36m304[0m 188.245 ms - -[0m
[0mGET /api/category/getAllCategory [36m304[0m 43.042 ms - -[0m
[0mGET /api/auth/user/null [31m500[0m 51.930 ms - 17[0m
[0mGET /api/store/list?currentLocation=13.043848487614211,80.2139165503552 [32m200[0m 86.564 ms - 1681[0m
[0mGET /api/category/getAllCategory [36m304[0m 121.248 ms - -[0m
[0mGET /api/store/list/52?currentLocation=13.043949100131986,80.21393203104302 [32m200[0m 95.417 ms - 834[0m
[0mGET /api/store/product/getAllProductById/52 [36m304[0m 115.686 ms - -[0m
[0mGET /api/category/getAllCategory [36m304[0m 76.291 ms - -[0m
[0mGET /api/cart/list/null/321 [36m304[0m 49.411 ms - -[0m
[0mOPTIONS /api/cart/create [32m204[0m 1.020 ms - 0[0m
[0mPOST /api/cart/create [31m500[0m 76.039 ms - 34[0m
[0mGET /api/auth/user/null [31m500[0m 55.475 ms - 17[0m
[0mGET /api/store/list?currentLocation=13.043949100131986,80.21393203104302 [32m200[0m 102.746 ms - 1681[0m
[0mGET /api/category/getAllCategory [36m304[0m 146.133 ms - -[0m
[0mGET /api/store/list/52?currentLocation=13.04395494307161,80.21382441986933 [32m200[0m 98.790 ms - 834[0m
[0mGET /api/category/getAllCategory [36m304[0m 35.533 ms - -[0m
[0mGET /api/store/product/getAllProductById/52 [36m304[0m 137.063 ms - -[0m
[0mGET /api/cart/list/null/321 [36m304[0m 43.213 ms - -[0m
[0mGET /api/auth/user/null [31m500[0m 48.652 ms - 17[0m
[0mGET /api/store/list?currentLocation=13.04395494307161,80.21382441986933 [32m200[0m 89.955 ms - 1681[0m
[0mGET /api/category/getAllCategory [36m304[0m 129.379 ms - -[0m
[0mGET /api/store/list/52?currentLocation=13.04395494307161,80.21382441986933 [36m304[0m 160.836 ms - -[0m
[0mGET /api/store/product/getAllProductById/52 [36m304[0m 172.870 ms - -[0m
[0mGET /api/category/getAllCategory [36m304[0m 50.152 ms - -[0m
[0mGET /api/address/list/null [31m500[0m 120.075 ms - 2026[0m
[0mGET /api/auth/user/null [31m500[0m 269.959 ms - 17[0m
[0mGET /api/store/list/52?currentLocation=13.043917691388438,80.21363851085293 [32m200[0m 277.381 ms - 834[0m
[0mGET /api/store/list?currentLocation=13.043917691388438,80.21363851085293 [32m200[0m 262.641 ms - 1681[0m
[0mGET /api/cart/list/0 [32m200[0m 203.263 ms - 26[0m
[0mGET /api/category/getAllCategory [36m304[0m 203.718 ms - -[0m
[0mGET /api/store/product/getAllProductById/52 [36m304[0m 196.501 ms - -[0m
[0mGET /api/category/getAllCategory [36m304[0m 38.449 ms - -[0m
[0mGET /api/cart/list/null/321 [36m304[0m 45.575 ms - -[0m
[0mGET /api/cart/list/0 [36m304[0m 41.915 ms - -[0m
[0mGET /api/address/list/null [33m404[0m 58.299 ms - 81[0m
[0mGET /api/store/filterByCategory?categoryIds=null [36m304[0m 39.431 ms - -[0m
[0mGET /api/store/getOpenStores [33m404[0m 51.572 ms - 60[0m
[0mGET /api/store/getAllStoresByFilters?paymentModes=null [36m304[0m 74.290 ms - -[0m
[0mGET /api/store/getAllStoresByFilters?search=null [36m304[0m 83.796 ms - -[0m
[0mGET /api/cart/list/null/321 [36m304[0m 42.342 ms - -[0m
[0mGET /api/cart/list/0 [36m304[0m 35.557 ms - -[0m
[0mGET /api/address/list/null [33m404[0m 39.829 ms - 81[0m
[0mOPTIONS /api/auth/rootLogin [32m204[0m 1.545 ms - 0[0m
[0mPOST /api/auth/rootLogin [32m200[0m 265.597 ms - 566[0m
[0mGET /api/cart/list/48 [0m-[0m - ms - -[0m
[0mGET /api/order/list/48 [0m-[0m - ms - -[0m
[0mGET /api/cart/list/48 [32m200[0m 44.108 ms - 1250[0m
[0mGET /api/store/list?currentLocation=13.043828993948024,80.21369926895784 [32m200[0m 83.422 ms - 1681[0m
[0mGET /api/category/getAllCategory [36m304[0m 86.522 ms - -[0m
[0mGET /api/auth/user/48 [32m200[0m 116.814 ms - 357[0m
[0mGET /api/order/list/48 [32m200[0m 130.225 ms - 12875[0m
[0mGET /api/store/product/getAllProductById/52 [36m304[0m 109.688 ms - -[0m
[0mGET /api/store/list/52?currentLocation=13.043852266441867,80.21385796052765 [32m200[0m 113.007 ms - 834[0m
[0mGET /api/category/getAllCategory [36m304[0m 80.141 ms - -[0m
[0mGET /api/cart/list/48/321 [32m200[0m 49.417 ms - 617[0m
[0mGET /api/cart/list/48 [36m304[0m 36.877 ms - -[0m
[0mGET /api/address/list/48 [32m200[0m 54.291 ms - 741[0m
[0mGET /api/cart/list/48 [36m304[0m 42.149 ms - -[0m
[0mGET /api/address/list/48 [36m304[0m 78.944 ms - -[0m
[0mGET /api/cart/list/48 [36m304[0m 49.487 ms - -[0m
[0mGET /api/address/list/48 [36m304[0m 72.285 ms - -[0m
[0mGET /api/address/list/48 [36m304[0m 37.022 ms - -[0m
[0mGET /api/cart/list/48 [36m304[0m 39.440 ms - -[0m
[0mGET /api/cart/list/48 [36m304[0m 38.993 ms - -[0m
[0mGET /api/address/list/48 [36m304[0m 38.207 ms - -[0m
[0mGET /api/address/list/48 [36m304[0m 71.394 ms - -[0m
[0mGET /api/cart/list/48 [36m304[0m 73.362 ms - -[0m
[0mGET /api/address/list/48 [36m304[0m 38.764 ms - -[0m
[0mGET /api/cart/list/48 [36m304[0m 38.892 ms - -[0m
[0mGET /api/address/list/48 [36m304[0m 35.325 ms - -[0m
[0mGET /api/cart/list/48 [36m304[0m 36.538 ms - -[0m
[0mGET /api/address/list/48 [36m304[0m 42.674 ms - -[0m
[0mGET /api/cart/list/48 [36m304[0m 65.437 ms - -[0m
[0mGET /api/cart/list/48 [36m304[0m 191.661 ms - -[0m
[0mGET /api/address/list/48 [36m304[0m 202.641 ms - -[0m
[0mGET /api/cart/list/48 [36m304[0m 62.067 ms - -[0m
[0mGET /api/address/list/48 [36m304[0m 60.137 ms - -[0m
[0mGET /api/address/list/48 [36m304[0m 60.880 ms - -[0m
[0mGET /api/cart/list/48 [36m304[0m 82.412 ms - -[0m
[0mGET /api/cart/list/48 [36m304[0m 38.468 ms - -[0m
[0mGET /api/address/list/48 [36m304[0m 47.499 ms - -[0m
[0mGET /api/address/list/48 [36m304[0m 45.514 ms - -[0m
[0mGET /api/cart/list/48 [36m304[0m 61.786 ms - -[0m
[0mGET /api/address/list/48 [36m304[0m 48.654 ms - -[0m
[0mGET /api/cart/list/48 [36m304[0m 49.744 ms - -[0m
[0mGET /api/address/list/48 [36m304[0m 42.135 ms - -[0m
[0mGET /api/cart/list/48 [36m304[0m 54.544 ms - -[0m
[0mGET /api/address/list/48 [36m304[0m 37.539 ms - -[0m
[0mGET /api/cart/list/48 [36m304[0m 51.151 ms - -[0m
[0mGET /api/address/list/48 [36m304[0m 39.753 ms - -[0m
[0mGET /api/cart/list/48 [36m304[0m 48.639 ms - -[0m
[0mGET /api/address/list/48 [36m304[0m 89.269 ms - -[0m
[0mGET /api/cart/list/48 [36m304[0m 117.433 ms - -[0m
[0mGET /api/cart/list/48 [36m304[0m 54.513 ms - -[0m
[0mGET /api/address/list/48 [36m304[0m 66.967 ms - -[0m
[0mGET /api/address/list/48 [36m304[0m 50.450 ms - -[0m
[0mGET /api/cart/list/48 [36m304[0m 65.718 ms - -[0m
[0mGET /api/address/list/48 [36m304[0m 34.928 ms - -[0m
[0mGET /api/cart/list/48 [36m304[0m 74.436 ms - -[0m
[0mGET /api/address/list/48 [36m304[0m 29.637 ms - -[0m
[0mGET /api/cart/list/48 [36m304[0m 54.862 ms - -[0m
[0mOPTIONS /api/address/update/undefined [32m204[0m 2.042 ms - 0[0m
[0mPOST /api/address/update/undefined [33m404[0m 77.621 ms - 47[0m
[0mOPTIONS /api/address/update/undefined [32m204[0m 1.010 ms - 0[0m
[0mPOST /api/address/update/undefined [33m404[0m 38.252 ms - 47[0m
[0mGET /api/cart/list/48 [36m304[0m 39.334 ms - -[0m
[0mGET /api/address/list/48 [36m304[0m 72.731 ms - -[0m
[0mOPTIONS /api/address/update/undefined [32m204[0m 1.256 ms - 0[0m
[0mPOST /api/address/update/undefined [33m404[0m 68.000 ms - 47[0m
[0mGET /api/cart/list/48 [36m304[0m 43.053 ms - -[0m
[0mGET /api/address/list/48 [36m304[0m 75.480 ms - -[0m
[0mGET /api/address/list/48 [36m304[0m 40.870 ms - -[0m
[0mGET /api/cart/list/48 [36m304[0m 69.188 ms - -[0m
[0mGET /api/cart/list/48 [36m304[0m 42.675 ms - -[0m
[0mGET /api/address/list/48 [36m304[0m 81.892 ms - -[0m
[0mGET /api/cart/list/48 [36m304[0m 40.203 ms - -[0m
[0mGET /api/address/list/48 [36m304[0m 43.985 ms - -[0m
[0mOPTIONS /api/address/update/48 [32m204[0m 0.730 ms - 0[0m
[0mPOST /api/address/update/48 [33m404[0m 87.696 ms - 47[0m
[0mGET /api/cart/list/48 [36m304[0m 34.316 ms - -[0m
[0mGET /api/address/list/48 [36m304[0m 62.335 ms - -[0m
[0mOPTIONS /api/address/update/19 [32m204[0m 0.245 ms - 0[0m
[0mPOST /api/address/update/19 [32m200[0m 143.536 ms - 268[0m
[0mGET /api/address/list/48 [32m200[0m 46.237 ms - 741[0m
[0mOPTIONS /api/address/create [32m204[0m 0.351 ms - 0[0m
[0mPOST /api/address/create [32m201[0m 92.037 ms - 251[0m
[0mGET /api/address/list/48 [32m200[0m 47.218 ms - 983[0m
[0mGET /api/cart/list/48 [36m304[0m 35.879 ms - -[0m
[0mGET /api/address/list/48 [36m304[0m 65.896 ms - -[0m
[0mGET /api/cart/list/48 [36m304[0m 61.159 ms - -[0m
[0mGET /api/address/list/48 [36m304[0m 73.400 ms - -[0m
[0mGET /api/address/list/48 [36m304[0m 37.719 ms - -[0m
[0mGET /api/cart/list/48 [36m304[0m 43.580 ms - -[0m
[0mGET /api/address/list/48 [36m304[0m 83.839 ms - -[0m
[0mGET /api/cart/list/48 [36m304[0m 86.109 ms - -[0m
[0mGET /api/address/list/48 [36m304[0m 45.177 ms - -[0m
[0mGET /api/cart/list/48 [36m304[0m 70.902 ms - -[0m
[0mGET /api/address/list/48 [36m304[0m 35.851 ms - -[0m
[0mGET /api/cart/list/48 [36m304[0m 45.490 ms - -[0m
[0mGET /api/cart/list/48 [36m304[0m 53.768 ms - -[0m
[0mGET /api/address/list/48 [36m304[0m 90.056 ms - -[0m
[0mGET /api/address/list/48 [36m304[0m 44.003 ms - -[0m
[0mGET /api/cart/list/48 [36m304[0m 47.664 ms - -[0m
[0mGET /api/store/getOpenStores [33m404[0m 40.789 ms - 60[0m
[0mGET /api/store/getAllStoresByFilters?search=null [36m304[0m 69.387 ms - -[0m
[0mGET /api/store/filterByCategory?categoryIds=null [36m304[0m 101.478 ms - -[0m
[0mGET /api/store/getAllStoresByFilters?paymentModes=null [36m304[0m 128.704 ms - -[0m
[0mGET /api/store/list/53?currentLocation=13.043852266441867,80.21385796052765 [32m200[0m 41.189 ms - 858[0m
[0mGET /api/store/product/getAllProductById/53 [36m304[0m 40.861 ms - -[0m
[0mGET /api/cart/list/48/334 [32m200[0m 36.486 ms - 49[0m
[0mGET /api/cart/list/48/338 [32m200[0m 36.348 ms - 49[0m
[0mGET /api/cart/list/48/329 [32m200[0m 37.189 ms - 49[0m
[0mGET /api/cart/list/48/331 [32m200[0m 36.045 ms - 49[0m
[0mGET /api/category/getAllCategory [36m304[0m 46.404 ms - -[0m
[0mGET /api/store/list?currentLocation=13.043852266441867,80.21385796052765 [32m200[0m 49.822 ms - 1681[0m
[0mGET /api/cart/list/48 [36m304[0m 47.710 ms - -[0m
[0mGET /api/auth/user/48 [36m304[0m 80.143 ms - -[0m
[0mGET /api/order/list/48 [36m304[0m 87.589 ms - -[0m
[0mGET /api/category/getAllCategory [36m304[0m 39.299 ms - -[0m
[0mGET /api/store/list/53?currentLocation=13.044012571061725,80.21404730319794 [32m200[0m 34.364 ms - 858[0m
[0mGET /api/store/product/getAllProductById/53 [36m304[0m 62.967 ms - -[0m
[0mGET /api/cart/list/48/334 [36m304[0m 32.913 ms - -[0m
[0mGET /api/cart/list/48/329 [36m304[0m 35.896 ms - -[0m
[0mGET /api/cart/list/48/338 [36m304[0m 35.550 ms - -[0m
[0mGET /api/auth/user/48 [36m304[0m 43.290 ms - -[0m
[0mOPTIONS /api/auth/rootLogin [32m204[0m 2.266 ms - 0[0m
[0mPOST /api/auth/rootLogin [32m200[0m 245.716 ms - 570[0m
[0mOPTIONS /api/store/product/getAllProductById/53 [32m204[0m 0.158 ms - 0[0m
[0mGET /api/auth/user/107 [32m200[0m 42.531 ms - 359[0m
[0mGET /api/store/product/getAllProductById/53 [36m304[0m 111.286 ms - -[0m
[0mGET /api/order/list/107 [32m200[0m 156.114 ms - 36[0m
[0mGET /api/store/product/getAllProductById/53 [36m304[0m 47.962 ms - -[0m
[0mOPTIONS /api/category/getAllCategory [32m204[0m 0.426 ms - 0[0m
[0mOPTIONS /api/subscription/53?subscriptionType=Plan0 [32m204[0m 0.162 ms - 0[0m
[0mOPTIONS /api/subscription/53?subscriptionType=Plan1 [32m204[0m 0.100 ms - 0[0m
[0mOPTIONS /api/subscription/53?subscriptionType=Plan2 [32m204[0m 0.099 ms - 0[0m
[0mGET /api/subscription/53?subscriptionType=Plan2 [32m200[0m 34.218 ms - 266[0m
[0mGET /api/subscription/53?subscriptionType=Plan1 [32m200[0m 35.160 ms - 265[0m
[0mGET /api/category/getAllCategory [36m304[0m 42.532 ms - -[0m
[0mGET /api/subscription/53?subscriptionType=Plan0 [32m200[0m 42.625 ms - 259[0m
[0mGET /api/vendor/list [36m304[0m 51.162 ms - -[0m
[0mGET /api/ [33m404[0m 2.415 ms - 2707[0m
[0mGET /api/vendor/product/getAllProductById/59 [32m200[0m 51.692 ms - 36[0m
[0mGET /api/vendor/product/getAllProductById/60 [32m200[0m 98.822 ms - 36[0m
[0mGET /api/vendor/product/getAllProductById/61 [32m200[0m 149.075 ms - 36[0m
[0mOPTIONS /api/store/list/53 [32m204[0m 0.648 ms - 0[0m
[0mGET /api/store/list/53 [32m200[0m 50.347 ms - 858[0m
[0mGET /api/ [33m404[0m 2.385 ms - 2707[0m
[0mGET /api/ [33m404[0m 0.995 ms - 2707[0m
[0mGET /api/vendor/list [36m304[0m 52.109 ms - -[0m
[0mGET /api/ [33m404[0m 1.321 ms - 2707[0m
[0mGET /api/ [33m404[0m 2.204 ms - 2707[0m
[0mGET /api/vendor/list [36m304[0m 56.346 ms - -[0m
[0mOPTIONS /api/store/product/getAllProductById/53 [32m204[0m 1.047 ms - 0[0m
[0mGET /api/store/product/getAllProductById/53 [36m304[0m 78.072 ms - -[0m
[0mGET /api/order/list/107 [36m304[0m 118.899 ms - -[0m
[0mGET /api/order/list [32m200[0m 41.102 ms - 4558[0m
[0mGET /api/order/store/list/53 [32m200[0m 93.013 ms - 36[0m
[0mOPTIONS /api/subscription/53?subscriptionType=Plan0 [32m204[0m 0.254 ms - 0[0m
[0mGET /api/subscription/53?subscriptionType=Plan0 [36m304[0m 45.251 ms - -[0m
[0mOPTIONS /api/subscription/53?subscriptionType=Plan3 [32m204[0m 0.514 ms - 0[0m
[0mGET /api/subscription/53?subscriptionType=Plan3 [33m404[0m 36.587 ms - 52[0m
[0mOPTIONS /api/subscription/53?subscriptionType=Plan2 [32m204[0m 1.156 ms - 0[0m
[0mGET /api/subscription/53?subscriptionType=Plan2 [36m304[0m 33.834 ms - -[0m
[0mOPTIONS /api/subscription/53?subscriptionType=Plan1 [32m204[0m 0.295 ms - 0[0m
[0mGET /api/subscription/53?subscriptionType=Plan1 [36m304[0m 35.115 ms - -[0m
[0mOPTIONS /api/subscription/53?subscriptionType=Plan2 [32m204[0m 0.382 ms - 0[0m
[0mGET /api/subscription/53?subscriptionType=Plan2 [36m304[0m 35.259 ms - -[0m
[0mOPTIONS /api/subscription/53?subscriptionType=Plan1 [32m204[0m 0.466 ms - 0[0m
[0mGET /api/subscription/53?subscriptionType=Plan1 [36m304[0m 35.635 ms - -[0m
[0mGET /api/cart/list/107 [32m200[0m 40.620 ms - 26[0m
[0mGET /api/order/list/107 [36m304[0m 105.678 ms - -[0m
[0mGET /api/auth/user/107 [36m304[0m 84.966 ms - -[0m
[0mGET /api/auth/user/107 [36m304[0m 71.696 ms - -[0m
[0mGET /api/vendor/list [36m304[0m 57.155 ms - -[0m
[0mGET /api/ [33m404[0m 22.440 ms - 2707[0m
[0mGET /api/vendor/product/getAllProductById/59 [36m304[0m 60.150 ms - -[0m
[0mGET /api/vendor/product/getAllProductById/60 [36m304[0m 94.667 ms - -[0m
[0mGET /api/vendor/product/getAllProductById/61 [36m304[0m 137.568 ms - -[0m
[0mOPTIONS /api/store/list/53 [32m204[0m 0.911 ms - 0[0m
[0mGET /api/store/list/53 [36m304[0m 50.071 ms - -[0m
[0mGET /api/category/getAllCategory [36m304[0m 75.866 ms - -[0m
[0mGET /api/store/list?currentLocation=13.044012571061725,80.21404730319794 [32m200[0m 80.000 ms - 1681[0m
[0mGET /api/cart/list/107 [36m304[0m 99.493 ms - -[0m
[0mGET /api/auth/user/107 [36m304[0m 113.026 ms - -[0m
[0mGET /api/order/list/107 [36m304[0m 117.013 ms - -[0m
[0mGET /api/store/getOpenStores [33m404[0m 61.488 ms - 60[0m
[0mGET /api/store/filterByCategory?categoryIds=null [36m304[0m 68.324 ms - -[0m
[0mGET /api/store/getAllStoresByFilters?search=null [36m304[0m 70.532 ms - -[0m
[0mGET /api/store/getAllStoresByFilters?paymentModes=null [36m304[0m 66.368 ms - -[0m
[0mGET /api/category/getAllCategory [36m304[0m 100.629 ms - -[0m
[0mOPTIONS /api/subscription/53?subscriptionType=Plan1 [32m204[0m 2.075 ms - 0[0m
[0mGET /api/auth/user/107 [36m304[0m 120.833 ms - -[0m
[0mGET /api/store/list?currentLocation=13.043888387600706,80.21380096207662 [32m200[0m 85.346 ms - 1681[0m
[0mGET /api/category/getAllCategory [36m304[0m 114.402 ms - -[0m
[0mGET /api/cart/list/107 [36m304[0m 144.492 ms - -[0m
[0mGET /api/store/filterByCategory?categoryIds=null [36m304[0m 133.403 ms - -[0m
[0mGET /api/store/getOpenStores [33m404[0m 171.117 ms - 60[0m
[0mOPTIONS /api/store/list/53 [32m204[0m 0.490 ms - 0[0m
[0mGET /api/store/getAllStoresByFilters?search=null [36m304[0m 119.389 ms - -[0m
[0mGET /api/store/getAllStoresByFilters?paymentModes=null [36m304[0m 82.984 ms - -[0m
[0mGET /api/subscription/53?subscriptionType=Plan1 [36m304[0m 65.198 ms - -[0m
[0mGET /api/order/list/107 [36m304[0m 208.471 ms - -[0m
[0mGET /api/auth/user/107 [36m304[0m 45.331 ms - -[0m
[0mGET /api/category/getAllCategory [36m304[0m 42.657 ms - -[0m
[0mGET /api/store/list/53 [36m304[0m 56.795 ms - -[0m
[0mGET /api/auth/user/107 [36m304[0m 36.734 ms - -[0m
