[0mOPTIONS /api/store/visit [32m204[0m 1.631 ms - 0[0m
[0mOPTIONS /api/cart/list/396 [32m204[0m 1.190 ms - 0[0m
[0mOPTIONS /api/address/list/396 [32m204[0m 0.538 ms - 0[0m
[0mOPTIONS /api/store/list?currentLocation=13.028787609999995%2C78.91521452999997&page=1&limit=20 [32m204[0m 0.299 ms - 0[0m
[0mOPTIONS /api/auth/user/396 [32m204[0m 0.125 ms - 0[0m
[0mOPTIONS /api/category/getAllCategory [32m204[0m 0.346 ms - 0[0m
[0mOPTIONS /api/order/list/396 [32m204[0m 0.209 ms - 0[0m
[0mOPTIONS /api/category/getAllCategory [32m204[0m 0.382 ms - 0[0m
[0mGET /api/auth/user/396 [33m401[0m 1.352 ms - 107[0m
[0mGET /api/cart/list/396 [36m304[0m 2260.872 ms - -[0m
[0mOPTIONS /api/store/getOpenStores?currentLocation=13.028787609999995%2C78.91521452999997 [32m204[0m 0.351 ms - 0[0m
[0mGET /api/address/list/396 [36m304[0m 2265.948 ms - -[0m
[0mGET /api/category/getAllCategory [36m304[0m 2362.324 ms - -[0m
[0mPOST /api/store/visit [32m201[0m 2394.191 ms - 43[0m
[0mGET /api/store/list?currentLocation=13.028787609999995%2C78.91521452999997&page=1&limit=20 [36m304[0m 2883.953 ms - -[0m
[0mGET /api/order/list/396 [36m304[0m 2890.940 ms - -[0m
[0mGET /api/category/getAllCategory [36m304[0m 531.208 ms - -[0m
[0mGET /api/store/getOpenStores?currentLocation=13.028787609999995%2C78.91521452999997 [32m200[0m 815.702 ms - -[0m
[0mGET /api/store/list?currentLocation=13.028787609999995%2C78.91521452999997&page=1&limit=20 [36m304[0m 594.934 ms - -[0m
[0mOPTIONS /api/store/public/by-ids [32m204[0m 0.580 ms - 0[0m
[0mPOST /api/store/public/by-ids [33m401[0m 1.491 ms - 107[0m
[0mOPTIONS /api/store/list/55?currentLocation=13.028787609999995%2C78.91521452999997 [32m204[0m 0.295 ms - 0[0m
[0mGET /api/store/list/55?currentLocation=13.028787609999995%2C78.91521452999997 [36m304[0m 752.732 ms - -[0m
[0mGET /app/version [33m404[0m 1.217 ms - 57[0m
[0mOPTIONS /api/category/getAllCategory [32m204[0m 0.383 ms - 0[0m
[0mOPTIONS /api/store/list?page=1&limit=20 [32m204[0m 0.290 ms - 0[0m
[0mGET /api/category/getAllCategory [32m200[0m 9994.572 ms - -[0m
[0mGET /api/store/list?page=1&limit=20 [32m200[0m 10627.992 ms - -[0m
[0mOPTIONS /api/category/getAllCategory [32m204[0m 8.291 ms - 0[0m
[0mOPTIONS /api/store/list?page=1&limit=20 [32m204[0m 0.353 ms - 0[0m
[0mGET /app/version [33m404[0m 1.040 ms - 57[0m
[0mGET /api/category/getAllCategory [36m304[0m 2118.166 ms - -[0m
[0mGET /api/category/getAllCategory [36m304[0m 514.726 ms - -[0m
[0mGET /api/store/list?page=1&limit=20 [36m304[0m 2652.877 ms - -[0m
[0mGET /api/store/list?page=1&limit=20 [36m304[0m 258.911 ms - -[0m
[0mOPTIONS /api/auth/rootLogin [32m204[0m 0.327 ms - 0[0m
[0mPOST /api/auth/rootLogin [32m200[0m 11326.680 ms - 596[0m
[0mOPTIONS /api/category/getAllCategory [32m204[0m 1.330 ms - 0[0m
[0mOPTIONS /api/store/list?page=1&limit=20 [32m204[0m 0.199 ms - 0[0m
[0mGET /api/category/getAllCategory [36m304[0m 312.835 ms - -[0m
[0mGET /api/store/list?page=1&limit=20 [36m304[0m 1188.381 ms - -[0m
[0mOPTIONS /api/auth/user/396 [32m204[0m 0.478 ms - 0[0m
[0mGET /api/auth/user/396 [32m200[0m 2004.588 ms - 422[0m
[0mOPTIONS /api/category/getAllCategory [32m204[0m 0.448 ms - 0[0m
[0mOPTIONS /api/store/list?page=1&limit=20 [32m204[0m 0.137 ms - 0[0m
[0mOPTIONS /api/cart/list/396 [32m204[0m 0.499 ms - 0[0m
[0mGET /api/category/getAllCategory [36m304[0m 2489.972 ms - -[0m
[0mOPTIONS /api/order/list/396 [32m204[0m 0.361 ms - 0[0m
[0mGET /api/cart/list/396 [32m200[0m 2895.579 ms - 692[0m
[0mGET /api/store/list?page=1&limit=20 [36m304[0m 6880.202 ms - -[0m
[0mGET /api/cart/list/396 [36m304[0m 2268.325 ms - -[0m
[0mOPTIONS /api/cart/list/396 [32m204[0m 0.525 ms - 0[0m
[0mOPTIONS /api/address/list/396 [32m204[0m 0.547 ms - 0[0m
[0mGET /api/order/list/396 [32m200[0m 9497.479 ms - -[0m
[0mGET /api/cart/list/396 [36m304[0m 1840.285 ms - -[0m
[0mGET /api/address/list/396 [32m200[0m 1703.478 ms - 649[0m
[0mGET /api/cart/list/396 [36m304[0m 120.445 ms - -[0m
[0mOPTIONS /api/store/public/by-ids [32m204[0m 0.499 ms - 0[0m
[0mPOST /api/store/public/by-ids [33m401[0m 1.229 ms - 161[0m
[0mOPTIONS /api/auth/rootLogin [32m204[0m 2.293 ms - 0[0m
[0mPOST /api/auth/rootLogin [32m200[0m 1996.551 ms - 596[0m
[0mOPTIONS /api/category/getAllCategory [32m204[0m 0.725 ms - 0[0m
[0mOPTIONS /api/store/list?page=1&limit=20 [32m204[0m 0.379 ms - 0[0m
[0mGET /api/category/getAllCategory [36m304[0m 73.343 ms - -[0m
[0mGET /api/store/list?page=1&limit=20 [36m304[0m 206.516 ms - -[0m
[0mGET /api/category/getAllCategory [36m304[0m 70.333 ms - -[0m
[0mGET /api/store/list?page=1&limit=20 [36m304[0m 91.479 ms - -[0m
[0mOPTIONS /api/cart/list/396 [32m204[0m 0.443 ms - 0[0m
[0mGET /api/cart/list/396 [36m304[0m 57.901 ms - -[0m
[0mOPTIONS /api/cart/list/396 [32m204[0m 1.193 ms - 0[0m
[0mOPTIONS /api/address/list/396 [32m204[0m 0.377 ms - 0[0m
[0mGET /api/cart/list/396 [36m304[0m 868.204 ms - -[0m
[0mGET /api/address/list/396 [36m304[0m 796.303 ms - -[0m
[0mGET /api/cart/list/396 [36m304[0m 304.492 ms - -[0m
[0mOPTIONS /api/store/public/by-ids [32m204[0m 0.823 ms - 0[0m
[0mPOST /api/store/public/by-ids [33m401[0m 1.914 ms - 161[0m
[0mOPTIONS /api/auth/rootLogin [32m204[0m 1.044 ms - 0[0m
[0mPOST /api/auth/rootLogin [32m200[0m 886.761 ms - 596[0m
[0mOPTIONS /api/category/getAllCategory [32m204[0m 0.458 ms - 0[0m
[0mOPTIONS /api/store/list?page=1&limit=20 [32m204[0m 0.517 ms - 0[0m
[0mGET /api/category/getAllCategory [36m304[0m 126.316 ms - -[0m
[0mGET /api/store/list?page=1&limit=20 [36m304[0m 334.584 ms - -[0m
[0mGET /api/category/getAllCategory [36m304[0m 209.327 ms - -[0m
[0mGET /api/store/list?page=1&limit=20 [36m304[0m 379.942 ms - -[0m
[0mOPTIONS /api/order/list/396 [32m204[0m 0.283 ms - 0[0m
[0mGET /api/order/list/396 [36m304[0m 209.269 ms - -[0m
[0mOPTIONS /api/cart/list/396 [32m204[0m 0.686 ms - 0[0m
[0mGET /api/cart/list/396 [36m304[0m 56.027 ms - -[0m
[0mOPTIONS /api/cart/list/396 [32m204[0m 0.529 ms - 0[0m
[0mGET /api/cart/list/396 [36m304[0m 54.763 ms - -[0m
[0mOPTIONS /api/address/list/396 [32m204[0m 0.454 ms - 0[0m
[0mGET /api/address/list/396 [36m304[0m 60.196 ms - -[0m
[0mGET /api/cart/list/396 [36m304[0m 55.771 ms - -[0m
[0mOPTIONS /api/store/public/by-ids [32m204[0m 1.406 ms - 0[0m
[0mPOST /api/store/public/by-ids [33m401[0m 11.008 ms - 161[0m
[0mOPTIONS /api/auth/rootLogin [32m204[0m 0.263 ms - 0[0m
[0mPOST /api/auth/rootLogin [32m200[0m 6744.892 ms - 596[0m
[0mOPTIONS /api/category/getAllCategory [32m204[0m 0.293 ms - 0[0m
[0mOPTIONS /api/store/list?page=1&limit=20 [32m204[0m 0.514 ms - 0[0m
[0mGET /api/category/getAllCategory [36m304[0m 119.889 ms - -[0m
[0mGET /api/store/list?page=1&limit=20 [36m304[0m 302.931 ms - -[0m
[0mGET /api/category/getAllCategory [36m304[0m 69.518 ms - -[0m
[0mGET /api/store/list?page=1&limit=20 [36m304[0m 1098.940 ms - -[0m
[0mOPTIONS /api/order/list/396 [32m204[0m 0.405 ms - 0[0m
[0mGET /api/order/list/396 [36m304[0m 14699.158 ms - -[0m
[0mOPTIONS /api/cart/list/396 [32m204[0m 1.496 ms - 0[0m
[0mGET /api/cart/list/396 [36m304[0m 371.263 ms - -[0m
[0mOPTIONS /api/order/list/396 [32m204[0m 0.430 ms - 0[0m
[0mGET /api/order/list/396 [36m304[0m 272.206 ms - -[0m
[0mGET /api/cart/list/396 [36m304[0m 207.420 ms - -[0m
[0mOPTIONS /api/cart/list/396 [32m204[0m 0.379 ms - 0[0m
[0mOPTIONS /api/address/list/396 [32m204[0m 0.625 ms - 0[0m
[0mGET /api/cart/list/396 [36m304[0m 322.167 ms - -[0m
[0mGET /api/address/list/396 [36m304[0m 196.576 ms - -[0m
[0mGET /api/cart/list/396 [36m304[0m 121.910 ms - -[0m
[0mOPTIONS /api/store/public/by-ids [32m204[0m 0.538 ms - 0[0m
[0mPOST /api/store/public/by-ids [32m200[0m 217.597 ms - 569[0m
[0mOPTIONS /api/shiprocket/courier/serviceability?pickup_postcode=635751&delivery_postcode=632602&cod=0&weight=0.5 [32m204[0m 0.751 ms - 0[0m
[0mGET /api/shiprocket/courier/serviceability?pickup_postcode=635751&delivery_postcode=632602&cod=0&weight=0.5 [32m200[0m 3268.796 ms - -[0m
[0mOPTIONS /api/store/list?currentLocation=13.028787609999995%2C78.91521452999997&page=2&limit=20 [32m204[0m 2.564 ms - 0[0m
[0mGET /api/store/list?currentLocation=13.028787609999995%2C78.91521452999997&page=2&limit=20 [36m304[0m 4493.417 ms - -[0m
[0mOPTIONS /api/category/getAllCategory [32m204[0m 1.068 ms - 0[0m
[0mOPTIONS /api/store/list?page=1&limit=20 [32m204[0m 1.237 ms - 0[0m
[0mOPTIONS /api/store/list?currentLocation=13.028787609999995%2C78.91521452999997&page=1&limit=20 [32m204[0m 0.267 ms - 0[0m
[0mGET /api/category/getAllCategory [31m500[0m 274.529 ms - 108[0m
[0mOPTIONS /api/order/list/396 [32m204[0m 3.201 ms - 0[0m
[0mGET /api/order/list/396 [31m500[0m 271.082 ms - 108[0m
[0mGET /api/order/list/396 [31m500[0m 266.738 ms - 108[0m
[0mOPTIONS /api/cart/list/396 [32m204[0m 0.645 ms - 0[0m
[0mGET /api/cart/list/396 [31m500[0m 268.003 ms - 108[0m
[0mGET /api/cart/list/396 [31m500[0m 267.156 ms - 108[0m
[0mGET /api/cart/list/396 [31m500[0m 267.797 ms - 108[0m
[0mOPTIONS /api/cart/list/396 [32m204[0m 2.293 ms - 0[0m
[0mGET /api/cart/list/396 [31m500[0m 272.916 ms - 108[0m
[0mOPTIONS /api/store/visit [32m204[0m 0.877 ms - 0[0m
[0mOPTIONS /api/cart/list/396 [32m204[0m 0.267 ms - 0[0m
[0mOPTIONS /api/address/list/396 [32m204[0m 0.330 ms - 0[0m
[0mOPTIONS /api/auth/user/396 [32m204[0m 0.362 ms - 0[0m
[0mOPTIONS /api/category/getAllCategory [32m204[0m 0.118 ms - 0[0m
[0mOPTIONS /api/store/list?currentLocation=13.028787609999995%2C78.91521452999997&page=1&limit=20 [32m204[0m 0.317 ms - 0[0m
[0mOPTIONS /api/order/list/396 [32m204[0m 0.705 ms - 0[0m
[0mGET /api/auth/user/396 [33m401[0m 2.541 ms - 107[0m
[0mOPTIONS /api/category/getAllCategory [32m204[0m 0.163 ms - 0[0m
[0mPOST /api/store/visit [31m500[0m 282.330 ms - 108[0m
[0mOPTIONS /api/store/getOpenStores?currentLocation=13.028787609999995%2C78.91521452999997 [32m204[0m 0.187 ms - 0[0m
[0mGET /app/version [33m404[0m 4.234 ms - 57[0m
[0mOPTIONS /api/category/getAllCategory [32m204[0m 0.634 ms - 0[0m
[0mOPTIONS /api/store/list?page=1&limit=20 [32m204[0m 0.174 ms - 0[0m
[0mGET /api/category/getAllCategory [32m200[0m 675.367 ms - -[0m
[0mGET /api/store/list?page=1&limit=20 [32m200[0m 875.343 ms - -[0m
[0mOPTIONS /api/store/list?currentLocation=13.028787609999995%2C78.91521452999997&page=1&limit=20 [32m204[0m 0.623 ms - 0[0m
[0mGET /api/store/list?currentLocation=13.028787609999995%2C78.91521452999997&page=1&limit=20 [32m200[0m 980.710 ms - -[0m
[0mOPTIONS /api/auth/rootLogin [32m204[0m 0.505 ms - 0[0m
[0mPOST /api/auth/rootLogin [32m200[0m 317.714 ms - 596[0m
[0mOPTIONS /api/category/getAllCategory [32m204[0m 0.760 ms - 0[0m
[0mOPTIONS /api/store/list?page=1&limit=20 [32m204[0m 0.204 ms - 0[0m
[0mOPTIONS /api/store/list?currentLocation=13.028787609999995%2C78.91521452999997&page=1&limit=20 [32m204[0m 0.546 ms - 0[0m
[0mGET /api/category/getAllCategory [36m304[0m 149.012 ms - -[0m
[0mGET /api/store/list?page=1&limit=20 [36m304[0m 259.116 ms - -[0m
[0mGET /api/store/list?currentLocation=13.028787609999995%2C78.91521452999997&page=1&limit=20 [36m304[0m 285.254 ms - -[0m
[0mOPTIONS /api/order/list/396 [32m204[0m 0.434 ms - 0[0m
[0mGET /api/order/list/396 [32m200[0m 125.797 ms - -[0m
[0mOPTIONS /api/cart/list/396 [32m204[0m 0.603 ms - 0[0m
[0mGET /api/cart/list/396 [32m200[0m 165.020 ms - 692[0m
[0mGET /api/cart/list/396 [36m304[0m 76.459 ms - -[0m
[0mOPTIONS /api/address/list/396 [32m204[0m 0.858 ms - 0[0m
[0mGET /api/address/list/396 [32m200[0m 99.656 ms - 649[0m
[0mGET /api/cart/list/396 [36m304[0m 81.854 ms - -[0m
[0mOPTIONS /api/store/public/by-ids [32m204[0m 0.937 ms - 0[0m
[0mPOST /api/store/public/by-ids [32m200[0m 158.839 ms - 569[0m
[0mOPTIONS /api/shiprocket/courier/serviceability?pickup_postcode=635751&delivery_postcode=632602&cod=0&weight=0.5 [32m204[0m 0.324 ms - 0[0m
[0mGET /api/shiprocket/courier/serviceability?pickup_postcode=635751&delivery_postcode=632602&cod=0&weight=0.5 [32m200[0m 757.837 ms - -[0m
[0mOPTIONS /api/order/list/396 [32m204[0m 1.514 ms - 0[0m
[0mGET /api/order/list/396 [36m304[0m 685.182 ms - -[0m
[0mOPTIONS /api/order/list/396 [32m204[0m 2.260 ms - 0[0m
[0mGET /api/order/list/396 [36m304[0m 388.408 ms - -[0m
[0mOPTIONS /api/cart/list/396 [32m204[0m 0.451 ms - 0[0m
[0mGET /api/cart/list/396 [36m304[0m 97.215 ms - -[0m
[0mGET /api/cart/list/396 [36m304[0m 74.908 ms - -[0m
[0mOPTIONS /api/address/list/396 [32m204[0m 0.218 ms - 0[0m
[0mGET /api/address/list/396 [36m304[0m 89.624 ms - -[0m
[0mGET /api/cart/list/396 [36m304[0m 68.853 ms - -[0m
[0mOPTIONS /api/store/public/by-ids [32m204[0m 0.223 ms - 0[0m
[0mPOST /api/store/public/by-ids [32m200[0m 243.624 ms - 569[0m
[0mOPTIONS /api/shiprocket/courier/serviceability?pickup_postcode=635751&delivery_postcode=632602&cod=0&weight=0.5 [32m204[0m 0.197 ms - 0[0m
[0mGET /api/shiprocket/courier/serviceability?pickup_postcode=635751&delivery_postcode=632602&cod=0&weight=0.5 [36m304[0m 489.003 ms - -[0m
[0mOPTIONS /api/store/list?currentLocation=13.028787609999995%2C78.91521452999997&page=2&limit=20 [32m204[0m 19.258 ms - 0[0m
[0mGET /api/store/list?currentLocation=13.028787609999995%2C78.91521452999997&page=2&limit=20 [36m304[0m 655.265 ms - -[0m
[0mOPTIONS /api/product/getProductById/651 [32m204[0m 1.132 ms - 0[0m
[0mGET /api/product/getProductById/651 [32m200[0m 384.629 ms - 882[0m
[0mOPTIONS /api/order/create [32m204[0m 0.214 ms - 0[0m
[0mPOST /api/order/create [32m201[0m 1556.865 ms - -[0m
[0mOPTIONS /api/product/getProductById/651 [32m204[0m 0.336 ms - 0[0m
[0mGET /api/product/getProductById/651 [36m304[0m 70.091 ms - -[0m
[0mOPTIONS /api/order/create [32m204[0m 0.261 ms - 0[0m
[0mPOST /api/order/create [32m201[0m 967.985 ms - -[0m
[0mOPTIONS /api/auth/rootLogin [32m204[0m 0.814 ms - 0[0m
[0mPOST /api/auth/rootLogin [32m200[0m 532.900 ms - 605[0m
[0mOPTIONS /api/auth/user/48 [32m204[0m 0.575 ms - 0[0m
[0mOPTIONS /api/store/visit/reports [32m204[0m 0.428 ms - 0[0m
[0mGET /api/auth/user/48 [36m304[0m 811.775 ms - -[0m
[0mGET /api/store/visit/reports [32m200[0m 984.818 ms - 705[0m
[0mOPTIONS /api/order/list [32m204[0m 0.353 ms - 0[0m
[0mGET /api/order/list [32m200[0m 717.890 ms - -[0m
[0mOPTIONS /api/order/delete/127 [32m204[0m 0.597 ms - 0[0m
[0mDELETE /api/order/delete/127 [32m200[0m 810.021 ms - 55[0m
[0mOPTIONS /api/order/list [32m204[0m 0.199 ms - 0[0m
[0mGET /api/order/list [32m200[0m 181.637 ms - -[0m
[0mOPTIONS /api/order/delete/130 [32m204[0m 0.199 ms - 0[0m
[0mDELETE /api/order/delete/130 [32m200[0m 319.713 ms - 55[0m
[0mGET /api/order/list [32m200[0m 186.554 ms - -[0m
[0mOPTIONS /api/order/delete/129 [32m204[0m 0.247 ms - 0[0m
[0mDELETE /api/order/delete/129 [32m200[0m 313.307 ms - 55[0m
[0mGET /api/order/list [32m200[0m 186.652 ms - -[0m
[0mOPTIONS /api/order/delete/128 [32m204[0m 0.244 ms - 0[0m
[0mDELETE /api/order/delete/128 [32m200[0m 829.989 ms - 55[0m
[0mOPTIONS /api/order/list [32m204[0m 0.191 ms - 0[0m
[0mGET /api/order/list [32m200[0m 317.268 ms - 26[0m
[0mOPTIONS /api/store/public/by-ids [32m204[0m 0.893 ms - 0[0m
[0mPOST /api/store/public/by-ids [32m200[0m 358.792 ms - 569[0m
[0mOPTIONS /api/shiprocket/courier/serviceability?pickup_postcode=635751&delivery_postcode=632602&cod=0&weight=0.5 [32m204[0m 1.825 ms - 0[0m
[0mGET /api/shiprocket/courier/serviceability?pickup_postcode=635751&delivery_postcode=632602&cod=0&weight=0.5 [32m200[0m 489.042 ms - -[0m
[0mOPTIONS /api/product/getProductById/651 [32m204[0m 0.274 ms - 0[0m
[0mGET /api/product/getProductById/651 [36m304[0m 90.120 ms - -[0m
[0mOPTIONS /api/order/create [32m204[0m 0.187 ms - 0[0m
[0mPOST /api/order/create [32m201[0m 1122.601 ms - -[0m
[0mGET /api/product/getProductById/651 [36m304[0m 65.511 ms - -[0m
[0mOPTIONS /api/product/update [32m204[0m 0.214 ms - 0[0m
[0mPOST /api/product/update [32m200[0m 353.885 ms - 45[0m
[0mOPTIONS /api/cart/delete/396/651 [32m204[0m 0.204 ms - 0[0m
[0mDELETE /api/cart/delete/396/651 [32m200[0m 144.916 ms - 46[0m
[0mOPTIONS /api/category/getAllCategory [32m204[0m 0.337 ms - 0[0m
[0mOPTIONS /api/store/list?page=1&limit=20 [32m204[0m 0.287 ms - 0[0m
[0mOPTIONS /api/store/list?currentLocation=13.028787609999995%2C78.91521452999997&page=1&limit=20 [32m204[0m 0.232 ms - 0[0m
[0mGET /api/category/getAllCategory [36m304[0m 198.057 ms - -[0m
[0mGET /api/store/list?page=1&limit=20 [36m304[0m 575.407 ms - -[0m
[0mGET /api/store/list?currentLocation=13.028787609999995%2C78.91521452999997&page=1&limit=20 [36m304[0m 758.600 ms - -[0m
[0mOPTIONS /api/auth/user/396 [32m204[0m 0.456 ms - 0[0m
[0mGET /api/auth/user/396 [32m200[0m 234.453 ms - 422[0m
[0mOPTIONS /api/order/list/396 [32m204[0m 0.286 ms - 0[0m
[0mGET /api/order/list/396 [32m200[0m 128.575 ms - -[0m
[0mOPTIONS /api/cart/list/396 [32m204[0m 0.416 ms - 0[0m
[0mGET /api/cart/list/396 [32m200[0m 69.808 ms - 26[0m
[0mOPTIONS /api/category/getAllCategory [32m204[0m 0.415 ms - 0[0m
[0mOPTIONS /api/store/service/list [32m204[0m 0.166 ms - 0[0m
[0mOPTIONS /api/store/service/list?currentLocation=13.028787609999995%2C78.91521452999997 [32m204[0m 0.275 ms - 0[0m
[0mGET /api/category/getAllCategory [36m304[0m 223.463 ms - -[0m
[0mGET /api/store/service/list [32m200[0m 383.579 ms - -[0m
[0mGET /api/store/service/list?currentLocation=13.028787609999995%2C78.91521452999997 [32m200[0m 352.479 ms - -[0m
[0mOPTIONS /api/order/list/396 [32m204[0m 0.526 ms - 0[0m
[0mGET /api/order/list/396 [36m304[0m 143.266 ms - -[0m
[0mOPTIONS /api/cart/list/396 [32m204[0m 0.850 ms - 0[0m
[0mGET /api/cart/list/396 [36m304[0m 83.374 ms - -[0m
[0mOPTIONS /api/category/getAllCategory [32m204[0m 0.612 ms - 0[0m
[0mOPTIONS /api/product/getAllproductList?page=1&limit=20 [32m204[0m 0.314 ms - 0[0m
[0mGET /api/category/getAllCategory [36m304[0m 68.155 ms - -[0m
[0mGET /api/cart/list/396 [36m304[0m 72.164 ms - -[0m
[0mGET /api/product/getAllproductList?page=1&limit=20 [32m200[0m 1678.589 ms - -[0m
[0mOPTIONS /api/cart/create [32m204[0m 0.494 ms - 0[0m
[0mPOST /api/cart/create [32m201[0m 329.432 ms - 303[0m
[0mPOST /api/cart/create [32m201[0m 64.905 ms - 304[0m
[0mOPTIONS /api/order/list/396 [32m204[0m 0.571 ms - 0[0m
[0mGET /api/order/list/396 [36m304[0m 168.111 ms - -[0m
[0mOPTIONS /api/cart/list/396 [32m204[0m 0.714 ms - 0[0m
[0mGET /api/cart/list/396 [32m200[0m 104.862 ms - -[0m
[0mGET /api/cart/list/396 [36m304[0m 125.009 ms - -[0m
[0mOPTIONS /api/address/list/396 [32m204[0m 0.788 ms - 0[0m
[0mGET /api/address/list/396 [36m304[0m 60.959 ms - -[0m
[0mGET /api/cart/list/396 [36m304[0m 71.780 ms - -[0m
[0mOPTIONS /api/store/public/by-ids [32m204[0m 0.405 ms - 0[0m
[0mPOST /api/store/public/by-ids [32m200[0m 213.328 ms - 653[0m
[0mOPTIONS /api/product/getProductById/1013 [32m204[0m 1.477 ms - 0[0m
[0mGET /api/product/getProductById/1013 [32m200[0m 359.312 ms - 893[0m
[0mGET /api/product/getProductById/1013 [36m304[0m 63.085 ms - -[0m
[0mOPTIONS /api/payment/orders [32m204[0m 0.279 ms - 0[0m
[0mPOST /api/payment/orders [32m200[0m 399.279 ms - 247[0m
[0mOPTIONS /api/store/public/by-ids [32m204[0m 1.883 ms - 0[0m
[0mPOST /api/store/public/by-ids [32m200[0m 13568.380 ms - 653[0m
[0mOPTIONS /api/store/public/by-ids [32m204[0m 0.742 ms - 0[0m
[0mPOST /api/store/public/by-ids [32m200[0m 147.271 ms - 653[0m
[0mPOST /api/store/public/by-ids [32m200[0m 122.409 ms - 653[0m
[0mOPTIONS /api/product/getProductById/1013 [32m204[0m 0.650 ms - 0[0m
[0mGET /api/product/getProductById/1013 [36m304[0m 78.752 ms - -[0m
[0mGET /api/product/getProductById/1013 [36m304[0m 82.699 ms - -[0m
[0mOPTIONS /api/payment/orders [32m204[0m 0.435 ms - 0[0m
[0mPOST /api/payment/orders [32m200[0m 223.816 ms - 247[0m
[0mOPTIONS /api/store/public/by-ids [32m204[0m 0.707 ms - 0[0m
[0mPOST /api/store/public/by-ids [32m200[0m 200.356 ms - 653[0m
[0mOPTIONS /api/product/getProductById/1013 [32m204[0m 0.550 ms - 0[0m
[0mGET /api/product/getProductById/1013 [36m304[0m 92.242 ms - -[0m
[0mGET /api/product/getProductById/1013 [36m304[0m 65.053 ms - -[0m
[0mOPTIONS /api/order/create [32m204[0m 0.256 ms - 0[0m
[0mOPTIONS /api/order/create [32m204[0m 0.128 ms - 0[0m
[0mPOST /api/order/create [32m201[0m 450.278 ms - 599[0m
[0mPOST /api/order/create [32m201[0m 509.623 ms - 600[0m
[0mGET /api/product/getProductById/1013 [36m304[0m 72.046 ms - -[0m
[0mOPTIONS /api/product/update [32m204[0m 0.173 ms - 0[0m
[0mGET /api/product/getProductById/1013 [36m304[0m 71.520 ms - -[0m
[0mPOST /api/product/update [32m200[0m 345.192 ms - 45[0m
[0mOPTIONS /api/cart/delete/396/1013 [32m204[0m 0.313 ms - 0[0m
[0mPOST /api/product/update [32m200[0m 359.531 ms - 45[0m
[0mDELETE /api/cart/delete/396/1013 [32m200[0m 123.327 ms - 46[0m
[0mDELETE /api/cart/delete/396/1013 [32m200[0m 161.655 ms - 46[0m
[0mOPTIONS /api/category/getAllCategory [32m204[0m 0.422 ms - 0[0m
[0mOPTIONS /api/store/list?page=1&limit=20 [32m204[0m 0.491 ms - 0[0m
[0mOPTIONS /api/store/list?currentLocation=13.028787609999995%2C78.91521452999997&page=1&limit=20 [32m204[0m 0.279 ms - 0[0m
[0mGET /api/category/getAllCategory [36m304[0m 220.668 ms - -[0m
[0mGET /api/store/list?page=1&limit=20 [36m304[0m 410.403 ms - -[0m
[0mGET /api/store/list?currentLocation=13.028787609999995%2C78.91521452999997&page=1&limit=20 [36m304[0m 377.130 ms - -[0m
[0mOPTIONS /api/order/list/396 [32m204[0m 0.490 ms - 0[0m
[0mGET /api/order/list/396 [32m200[0m 175.709 ms - -[0m
[0mOPTIONS /api/auth/user/48 [32m204[0m 10.555 ms - 0[0m
[0mOPTIONS /api/order/list [32m204[0m 0.246 ms - 0[0m
[0mOPTIONS /api/store/visit [32m204[0m 0.477 ms - 0[0m
[0mOPTIONS /api/cart/list/48 [32m204[0m 0.232 ms - 0[0m
[0mOPTIONS /api/address/list/48 [32m204[0m 0.645 ms - 0[0m
[0mOPTIONS /api/order/list/48 [32m204[0m 0.391 ms - 0[0m
[0mOPTIONS /api/category/getAllCategory [32m204[0m 0.827 ms - 0[0m
[0mOPTIONS /api/auth/user/48 [32m204[0m 0.396 ms - 0[0m
[0mOPTIONS /api/store/list?currentLocation=13.028787609999995%2C78.91521452999997&page=1&limit=20 [32m204[0m 0.168 ms - 0[0m
[0mOPTIONS /api/category/getAllCategory [32m204[0m 0.070 ms - 0[0m
[0mGET /api/cart/list/48 [36m304[0m 492.006 ms - -[0m
[0mPOST /api/store/visit [32m201[0m 543.038 ms - 43[0m
[0mGET /api/address/list/48 [32m200[0m 537.140 ms - 364[0m
[0mOPTIONS /api/store/getOpenStores?currentLocation=13.028787609999995%2C78.91521452999997 [32m204[0m 0.161 ms - 0[0m
[0mGET /api/category/getAllCategory [32m200[0m 543.557 ms - -[0m
[0mGET /api/order/list/48 [32m200[0m 68.124 ms - 26[0m
[0mGET /api/order/list [32m200[0m 844.889 ms - -[0m
[0mGET /api/category/getAllCategory [36m304[0m 66.444 ms - -[0m
[0mGET /api/auth/user/48 [36m304[0m 934.841 ms - -[0m
[0mGET /api/auth/user/48 [33m401[0m 0.774 ms - 107[0m
[0mGET /api/store/list?currentLocation=13.028787609999995%2C78.91521452999997&page=1&limit=20 [36m304[0m 164.026 ms - -[0m
[0mGET /api/store/getOpenStores?currentLocation=13.028787609999995%2C78.91521452999997 [36m304[0m 198.212 ms - -[0m
[0mGET /api/store/list?currentLocation=13.028787609999995%2C78.91521452999997&page=1&limit=20 [36m304[0m 101.447 ms - -[0m
[0mOPTIONS /api/store/public/by-ids [32m204[0m 1.351 ms - 0[0m
[0mPOST /api/store/public/by-ids [33m401[0m 2.963 ms - 107[0m
[0mOPTIONS /api/store/list/56?currentLocation=13.028787609999995%2C78.91521452999997 [32m204[0m 0.191 ms - 0[0m
[0mGET /api/store/list/56?currentLocation=13.028787609999995%2C78.91521452999997 [32m200[0m 253.694 ms - -[0m
[0mOPTIONS /api/auth/user/48 [32m204[0m 0.450 ms - 0[0m
[0mOPTIONS /api/store/visit [32m204[0m 0.203 ms - 0[0m
[0mOPTIONS /api/order/list [32m204[0m 0.840 ms - 0[0m
[0mOPTIONS /api/cart/list/48 [32m204[0m 0.306 ms - 0[0m
[0mOPTIONS /api/order/list/48 [32m204[0m 0.595 ms - 0[0m
[0mOPTIONS /api/address/list/48 [32m204[0m 0.113 ms - 0[0m
[0mOPTIONS /api/category/getAllCategory [32m204[0m 0.161 ms - 0[0m
[0mOPTIONS /api/category/getAllCategory [32m204[0m 0.114 ms - 0[0m
[0mOPTIONS /api/auth/user/48 [32m204[0m 0.322 ms - 0[0m
[0mOPTIONS /api/store/list?currentLocation=13.028787609999995%2C78.91521452999997&page=1&limit=20 [32m204[0m 0.179 ms - 0[0m
[0mGET /api/address/list/48 [36m304[0m 405.029 ms - -[0m
[0mGET /api/cart/list/48 [36m304[0m 403.710 ms - -[0m
[0mPOST /api/store/visit [32m201[0m 484.234 ms - 43[0m
[0mOPTIONS /api/store/getOpenStores?currentLocation=13.028787609999995%2C78.91521452999997 [32m204[0m 0.485 ms - 0[0m
[0mGET /api/order/list/48 [36m304[0m 455.610 ms - -[0m
[0mGET /api/category/getAllCategory [36m304[0m 69.343 ms - -[0m
[0mGET /api/order/list [36m304[0m 573.119 ms - -[0m
[0mGET /api/category/getAllCategory [36m304[0m 98.331 ms - -[0m
[0mGET /api/store/list?currentLocation=13.028787609999995%2C78.91521452999997&page=1&limit=20 [36m304[0m 218.481 ms - -[0m
[0mGET /api/auth/user/48 [36m304[0m 678.675 ms - -[0m
[0mGET /api/auth/user/48 [33m401[0m 1.669 ms - 107[0m
[0mGET /api/store/getOpenStores?currentLocation=13.028787609999995%2C78.91521452999997 [36m304[0m 181.373 ms - -[0m
[0mGET /api/store/list?currentLocation=13.028787609999995%2C78.91521452999997&page=1&limit=20 [36m304[0m 162.740 ms - -[0m
[0mOPTIONS /api/store/public/by-ids [32m204[0m 0.482 ms - 0[0m
[0mPOST /api/store/public/by-ids [33m401[0m 2.440 ms - 107[0m
[0mOPTIONS /api/store/list/56?currentLocation=13.028787609999995%2C78.91521452999997 [32m204[0m 0.235 ms - 0[0m
[0mGET /api/store/list/56?currentLocation=13.028787609999995%2C78.91521452999997 [36m304[0m 255.226 ms - -[0m
