[0mOPTIONS /api/store/visit [32m204[0m 1.116 ms - 0[0m
[0mOPTIONS /api/cart/list/48 [32m204[0m 0.440 ms - 0[0m
[0mOPTIONS /api/auth/user/48 [32m204[0m 0.243 ms - 0[0m
[0mOPTIONS /api/address/list/48 [32m204[0m 0.110 ms - 0[0m
[0mOPTIONS /api/category/getAllCategory [32m204[0m 0.170 ms - 0[0m
[0mOPTIONS /api/store/list?currentLocation=13.043728878802163%2C80.21392961054556&page=1&limit=20 [32m204[0m 0.292 ms - 0[0m
[0mOPTIONS /api/order/list/48 [32m204[0m 0.130 ms - 0[0m
[0mOPTIONS /api/category/getAllCategory [32m204[0m 0.110 ms - 0[0m
[0mGET /api/auth/user/48 [33m401[0m 0.464 ms - 107[0m
[0mPOST /api/store/visit [31m500[0m 270.812 ms - 108[0m
[0mOPTIONS /api/auth/user/48 [32m204[0m 0.292 ms - 0[0m
[0mOPTIONS /api/store/admin/list [32m204[0m 0.250 ms - 0[0m
[0mOPTIONS /api/store/getOpenStores?currentLocation=13.043728878802163%2C80.21392961054556 [32m204[0m 0.202 ms - 0[0m
[0mGET /api/cart/list/48 [31m500[0m 272.888 ms - 108[0m
[0mGET /api/address/list/48 [31m500[0m 272.401 ms - 108[0m
[0mOPTIONS /api/auth/rootLogin [32m204[0m 4.386 ms - 0[0m
[0mPOST /api/auth/rootLogin [32m200[0m 515.082 ms - 605[0m
[0mOPTIONS /api/auth/user/48 [32m204[0m 1.585 ms - 0[0m
[0mOPTIONS /api/order/list [32m204[0m 0.647 ms - 0[0m
[0mOPTIONS /api/product/getAllproductList [32m204[0m 0.241 ms - 0[0m
[0mOPTIONS /api/order/list/48 [32m204[0m 0.337 ms - 0[0m
[0mOPTIONS /api/vendor/list [32m204[0m 0.181 ms - 0[0m
[0mOPTIONS /api/inventory/inbound [32m204[0m 0.293 ms - 0[0m
[0mOPTIONS /api/inventory/summary [32m204[0m 0.202 ms - 0[0m
[0mOPTIONS /api/store/admin/list [32m204[0m 0.166 ms - 0[0m
[0mOPTIONS /api/auth/user/getAllUserList [32m204[0m 0.200 ms - 0[0m
[0mGET /api/product/getAllproductList [32m200[0m 311.622 ms - -[0m
[0mGET /api/inventory/inbound [33m403[0m 462.433 ms - 90[0m
[0mGET /api/order/list/48 [36m304[0m 465.932 ms - -[0m
[0mGET /api/inventory/summary [33m403[0m 160.585 ms - 90[0m
[0mGET /api/order/list [32m200[0m 487.014 ms - -[0m
[0mGET /api/vendor/list [32m200[0m 514.510 ms - 611[0m
[0mGET /api/auth/user/48 [36m304[0m 591.191 ms - -[0m
[0mGET /api/store/admin/list [32m200[0m 230.535 ms - -[0m
[0mGET /api/auth/user/getAllUserList [32m200[0m 262.134 ms - -[0m
[0mGET /api/store/admin/list [36m304[0m 242.535 ms - -[0m
[0mOPTIONS /api/store/delete/68 [32m204[0m 0.796 ms - 0[0m
[0mDELETE /api/store/delete/68 [32m200[0m 720.109 ms - 45[0m
[0mOPTIONS /api/store/admin/list [32m204[0m 0.802 ms - 0[0m
[0mGET /api/store/admin/list [32m200[0m 377.934 ms - -[0m
[0mOPTIONS /api/store/delete/127 [32m204[0m 0.527 ms - 0[0m
[0mDELETE /api/store/delete/127 [32m200[0m 1287.345 ms - 45[0m
[0mOPTIONS /api/store/admin/list [32m204[0m 1.041 ms - 0[0m
[0mGET /api/store/admin/list [32m200[0m 440.291 ms - -[0m
[0mOPTIONS /api/auth/user/48 [32m204[0m 0.544 ms - 0[0m
[0mOPTIONS /api/store/admin/list [32m204[0m 0.372 ms - 0[0m
[0mGET /api/auth/user/48 [36m304[0m 630.906 ms - -[0m
[0mGET /api/store/admin/list [36m304[0m 742.344 ms - -[0m
[0mOPTIONS /api/store/delete/167 [32m204[0m 1.232 ms - 0[0m
[0mDELETE /api/store/delete/167 [32m200[0m 549.593 ms - 45[0m
[0mOPTIONS /api/store/admin/list [32m204[0m 0.642 ms - 0[0m
[0mGET /api/store/admin/list [32m200[0m 374.178 ms - -[0m
[0mOPTIONS /api/auth/user/48 [32m204[0m 0.457 ms - 0[0m
[0mOPTIONS /api/store/admin/list [32m204[0m 0.443 ms - 0[0m
[0mGET /api/auth/user/48 [36m304[0m 2283.692 ms - -[0m
[0mGET /api/store/admin/list [36m304[0m 2351.004 ms - -[0m
[0mOPTIONS /api/store/delete/203 [32m204[0m 0.502 ms - 0[0m
[0mDELETE /api/store/delete/203 [32m200[0m 1128.662 ms - 45[0m
[0mOPTIONS /api/store/admin/list [32m204[0m 0.846 ms - 0[0m
[0mGET /api/store/admin/list [32m200[0m 432.214 ms - -[0m
[0mOPTIONS /api/store/delete/204 [32m204[0m 0.962 ms - 0[0m
[0mDELETE /api/store/delete/204 [32m200[0m 275.730 ms - 45[0m
[0mGET /api/store/admin/list [32m200[0m 261.291 ms - -[0m
[0mOPTIONS /api/store/delete/205 [32m204[0m 0.755 ms - 0[0m
[0mDELETE /api/store/delete/205 [32m200[0m 268.062 ms - 45[0m
[0mOPTIONS /api/store/admin/list [32m204[0m 0.691 ms - 0[0m
[0mGET /api/store/admin/list [32m200[0m 243.115 ms - -[0m
[0mOPTIONS /api/store/delete/188 [32m204[0m 0.695 ms - 0[0m
[0mDELETE /api/store/delete/188 [32m200[0m 430.565 ms - 45[0m
[0mOPTIONS /api/store/admin/list [32m204[0m 0.469 ms - 0[0m
[0mGET /api/store/admin/list [32m200[0m 395.095 ms - -[0m
[0mOPTIONS /api/auth/user/48 [32m204[0m 0.427 ms - 0[0m
[0mOPTIONS /api/store/admin/list [32m204[0m 0.345 ms - 0[0m
[0mGET /api/auth/user/48 [36m304[0m 643.677 ms - -[0m
[0mGET /api/store/admin/list [36m304[0m 780.077 ms - -[0m
[0mOPTIONS /api/store/delete/211 [32m204[0m 0.865 ms - 0[0m
[0mDELETE /api/store/delete/211 [32m200[0m 422.727 ms - 45[0m
[0mOPTIONS /api/store/admin/list [32m204[0m 0.631 ms - 0[0m
[0mGET /api/store/admin/list [32m200[0m 1310.907 ms - -[0m
[0mOPTIONS /api/auth/user/48 [32m204[0m 0.516 ms - 0[0m
[0mOPTIONS /api/store/admin/list [32m204[0m 0.600 ms - 0[0m
[0mGET /api/auth/user/48 [36m304[0m 1253.650 ms - -[0m
[0mGET /api/store/admin/list [36m304[0m 1317.096 ms - -[0m
[0mOPTIONS /api/store/delete/238 [32m204[0m 0.643 ms - 0[0m
[0mDELETE /api/store/delete/238 [32m200[0m 340.246 ms - 45[0m
[0mOPTIONS /api/store/admin/list [32m204[0m 0.653 ms - 0[0m
[0mGET /api/store/admin/list [32m200[0m 428.923 ms - -[0m
[0mOPTIONS /api/store/delete/239 [32m204[0m 0.830 ms - 0[0m
[0mDELETE /api/store/delete/239 [32m200[0m 422.215 ms - 45[0m
[0mGET /api/store/admin/list [32m200[0m 364.973 ms - -[0m
[0mOPTIONS /api/store/delete/240 [32m204[0m 0.951 ms - 0[0m
[0mDELETE /api/store/delete/240 [32m200[0m 1642.049 ms - 45[0m
[0mOPTIONS /api/store/admin/list [32m204[0m 0.950 ms - 0[0m
[0mGET /api/store/admin/list [32m200[0m 547.286 ms - -[0m
[0mOPTIONS /api/auth/user/48 [32m204[0m 0.656 ms - 0[0m
[0mOPTIONS /api/store/admin/list [32m204[0m 0.437 ms - 0[0m
[0mGET /api/auth/user/48 [36m304[0m 637.737 ms - -[0m
[0mGET /api/store/admin/list [36m304[0m 724.765 ms - -[0m
[0mOPTIONS /api/store/admin/trash-list [32m204[0m 0.292 ms - 0[0m
[0mGET /api/store/admin/trash-list [32m200[0m 639.272 ms - -[0m
[0mOPTIONS /api/store/admin/list [32m204[0m 0.674 ms - 0[0m
[0mGET /api/store/admin/list [36m304[0m 1157.962 ms - -[0m
[0mGET /api/store/admin/trash-list [36m304[0m 308.228 ms - -[0m
[0mOPTIONS /api/store/destroy/240 [32m204[0m 0.685 ms - 0[0m
[0mPOST /api/store/destroy/240 [32m200[0m 262.361 ms - 50[0m
[0mOPTIONS /api/store/admin/trash-list [32m204[0m 0.607 ms - 0[0m
[0mGET /api/store/admin/trash-list [32m200[0m 205.459 ms - -[0m
[0mOPTIONS /api/store/destroy/239 [32m204[0m 0.662 ms - 0[0m
[0mPOST /api/store/destroy/239 [32m200[0m 688.962 ms - 50[0m
[0mGET /api/store/admin/trash-list [32m200[0m 640.370 ms - -[0m
[0mOPTIONS /api/store/destroy/238 [32m204[0m 0.793 ms - 0[0m
[0mPOST /api/store/destroy/238 [32m200[0m 956.417 ms - 50[0m
[0mOPTIONS /api/store/admin/trash-list [32m204[0m 0.621 ms - 0[0m
[0mGET /api/store/admin/trash-list [32m200[0m 530.958 ms - -[0m
[0mOPTIONS /api/category/getAllCategory [32m204[0m 0.272 ms - 0[0m
[0mGET /api/category/getAllCategory [32m200[0m 330.242 ms - -[0m
[0mGET /api/category/getAllCategory [36m304[0m 72.589 ms - -[0m
[0mOPTIONS /api/product/getAllproductList [32m204[0m 0.347 ms - 0[0m
[0mGET /api/product/getAllproductList [36m304[0m 595.035 ms - -[0m
[0mOPTIONS /api/auth/user/48 [32m204[0m 1.648 ms - 0[0m
[0mOPTIONS /api/product/getAllproductList [32m204[0m 0.370 ms - 0[0m
[0mGET /api/product/getAllproductList [36m304[0m 562.596 ms - -[0m
[0mGET /api/auth/user/48 [36m304[0m 596.669 ms - -[0m
[0mOPTIONS /api/auth/user/getAllUserList [32m204[0m 0.476 ms - 0[0m
[0mGET /api/auth/user/getAllUserList [36m304[0m 1255.223 ms - -[0m
[0mOPTIONS /api/order/list [32m204[0m 0.261 ms - 0[0m
[0mOPTIONS /api/store/admin/list [32m204[0m 0.193 ms - 0[0m
[0mOPTIONS /api/vendor/list [32m204[0m 0.246 ms - 0[0m
[0mGET /api/order/list [36m304[0m 438.151 ms - -[0m
[0mGET /api/vendor/list [36m304[0m 451.091 ms - -[0m
[0mGET /api/store/admin/list [36m304[0m 553.004 ms - -[0m
[0mOPTIONS /api/store/visit/reports [32m204[0m 0.302 ms - 0[0m
[0mGET /api/store/visit/reports [32m200[0m 330.112 ms - 465[0m
[0mOPTIONS /api/store/visit/reports [32m204[0m 0.833 ms - 0[0m
[0mGET /api/store/visit/reports [36m304[0m 580.467 ms - -[0m
[0mOPTIONS /api/store/visit/reports [32m204[0m 3.528 ms - 0[0m
[0mOPTIONS /api/auth/user/48 [32m204[0m 5.921 ms - 0[0m
[0mOPTIONS /api/store/visit/reports [32m204[0m 0.397 ms - 0[0m
[0mGET /api/auth/user/48 [36m304[0m 425.362 ms - -[0m
[0mGET /api/store/visit/reports [36m304[0m 509.319 ms - -[0m
[0mGET /api/store/visit/reports [36m304[0m 316.644 ms - -[0m
[0mOPTIONS /api/store/visit/reports [32m204[0m 0.863 ms - 0[0m
[0mGET /api/store/visit/reports [36m304[0m 320.034 ms - -[0m
[0mOPTIONS /api/store/admin/list [32m204[0m 0.333 ms - 0[0m
[0mGET /api/store/admin/list [32m200[0m 4125.955 ms - -[0m
[0mOPTIONS /api/store/admin/list [32m204[0m 0.260 ms - 0[0m
[0mGET /api/store/admin/list [36m304[0m 4811.835 ms - -[0m
[0mOPTIONS /api/store/admin/list [32m204[0m 0.355 ms - 0[0m
[0mGET /api/store/admin/list [36m304[0m 408.205 ms - -[0m
[0mOPTIONS /api/store/list/231 [32m204[0m 0.357 ms - 0[0m
[0mGET /api/store/list/231 [32m200[0m 641.155 ms - -[0m
[0mOPTIONS /api/store/admin/list [32m204[0m 0.463 ms - 0[0m
[0mGET /api/store/admin/list [36m304[0m 531.491 ms - -[0m
[0mOPTIONS /api/auth/user/48 [32m204[0m 10.947 ms - 0[0m
[0mOPTIONS /api/store/admin/list [32m204[0m 0.393 ms - 0[0m
[0mGET /api/auth/user/48 [36m304[0m 1134.971 ms - -[0m
[0mGET /api/store/admin/list [32m200[0m 1364.413 ms - -[0m
[0mOPTIONS /api/auth/user/48 [32m204[0m 1.275 ms - 0[0m
[0mOPTIONS /api/store/admin/list [32m204[0m 0.418 ms - 0[0m
[0mGET /api/auth/user/48 [36m304[0m 4024.060 ms - -[0m
[0mGET /api/store/admin/list [32m200[0m 4370.820 ms - -[0m
[0mOPTIONS /api/auth/user/48 [32m204[0m 1.610 ms - 0[0m
[0mOPTIONS /api/store/admin/list [32m204[0m 0.273 ms - 0[0m
[0mGET /api/store/admin/list [36m304[0m 1106.820 ms - -[0m
[0mGET /api/auth/user/48 [36m304[0m 1227.961 ms - -[0m
[0mOPTIONS /api/auth/user/48 [32m204[0m 2.201 ms - 0[0m
[0mOPTIONS /api/order/list [32m204[0m 0.206 ms - 0[0m
[0mOPTIONS /api/product/getAllproductList [32m204[0m 0.333 ms - 0[0m
[0mOPTIONS /api/order/list/48 [32m204[0m 0.190 ms - 0[0m
[0mOPTIONS /api/vendor/list [32m204[0m 0.145 ms - 0[0m
[0mOPTIONS /api/inventory/summary [32m204[0m 0.297 ms - 0[0m
[0mOPTIONS /api/store/admin/list [32m204[0m 0.104 ms - 0[0m
[0mOPTIONS /api/inventory/inbound [32m204[0m 0.130 ms - 0[0m
[0mOPTIONS /api/auth/user/getAllUserList [32m204[0m 0.131 ms - 0[0m
[0mGET /api/product/getAllproductList [32m200[0m 457.228 ms - -[0m
[0mGET /api/order/list/48 [36m304[0m 465.122 ms - -[0m
[0mGET /api/inventory/summary [33m403[0m 471.916 ms - 90[0m
[0mGET /api/order/list [36m304[0m 533.380 ms - -[0m
[0mGET /api/vendor/list [36m304[0m 530.063 ms - -[0m
[0mGET /api/auth/user/48 [36m304[0m 576.006 ms - -[0m
[0mGET /api/inventory/inbound [33m403[0m 131.510 ms - 90[0m
[0mGET /api/auth/user/getAllUserList [32m200[0m 273.378 ms - -[0m
[0mGET /api/store/admin/list [32m200[0m 467.267 ms - -[0m
[0mGET /api/store/admin/list [36m304[0m 1341.616 ms - -[0m
[0mOPTIONS /api/store/admin/trash-list [32m204[0m 0.833 ms - 0[0m
[0mGET /api/store/admin/trash-list [36m304[0m 1271.832 ms - -[0m
[0mOPTIONS /api/store/destroy/205 [32m204[0m 0.776 ms - 0[0m
[0mPOST /api/store/destroy/205 [32m200[0m 266.407 ms - 50[0m
[0mOPTIONS /api/store/admin/trash-list [32m204[0m 0.550 ms - 0[0m
[0mGET /api/store/admin/trash-list [32m200[0m 191.709 ms - -[0m
[0mOPTIONS /api/store/destroy/204 [32m204[0m 0.892 ms - 0[0m
[0mPOST /api/store/destroy/204 [32m200[0m 640.078 ms - 50[0m
[0mGET /api/store/admin/trash-list [32m200[0m 199.174 ms - -[0m
[0mOPTIONS /api/store/admin/list [32m204[0m 0.770 ms - 0[0m
[0mGET /api/store/admin/list [36m304[0m 3022.983 ms - -[0m
[0mOPTIONS /api/store/admin/list [32m204[0m 1.606 ms - 0[0m
[0mGET /api/store/admin/list [32m200[0m 477.316 ms - -[0m
[0mOPTIONS /api/store/admin/list [32m204[0m 1.512 ms - 0[0m
[0mGET /api/store/admin/list [36m304[0m 958.164 ms - -[0m
[0mOPTIONS /api/store/admin/list [32m204[0m 0.387 ms - 0[0m
[0mGET /api/store/admin/list [36m304[0m 408.203 ms - -[0m
[0mOPTIONS /api/store/admin/list [32m204[0m 3.924 ms - 0[0m
[0mOPTIONS /api/store/admin/list [32m204[0m 1.492 ms - 0[0m
[0mGET /api/store/admin/list [32m200[0m 783.119 ms - -[0m
[0mOPTIONS /api/auth/user/48 [32m204[0m 2.468 ms - 0[0m
[0mOPTIONS /api/store/admin/list [32m204[0m 0.412 ms - 0[0m
[0mGET /api/store/admin/list [36m304[0m 1447.784 ms - -[0m
[0mOPTIONS /api/auth/user/48 [32m204[0m 0.475 ms - 0[0m
[0mOPTIONS /api/store/admin/list [32m204[0m 0.382 ms - 0[0m
[0mGET /api/auth/user/48 [36m304[0m 373.165 ms - -[0m
[0mGET /api/store/admin/list [36m304[0m 667.110 ms - -[0m
[0mOPTIONS /api/store/admin/list [32m204[0m 0.557 ms - 0[0m
[0mGET /api/store/admin/list [36m304[0m 719.004 ms - -[0m
[0mOPTIONS /api/order/list [32m204[0m 0.828 ms - 0[0m
[0mOPTIONS /api/store/admin/list [32m204[0m 0.413 ms - 0[0m
[0mOPTIONS /api/vendor/list [32m204[0m 2.345 ms - 0[0m
[0mGET /api/order/list [36m304[0m 334.288 ms - -[0m
[0mGET /api/vendor/list [36m304[0m 396.673 ms - -[0m
[0mGET /api/store/admin/list [36m304[0m 618.540 ms - -[0m
[0mOPTIONS /api/store/visit/reports [32m204[0m 0.485 ms - 0[0m
[0mGET /api/store/visit/reports [36m304[0m 315.944 ms - -[0m
[0mOPTIONS /api/category/getAllCategory [32m204[0m 0.263 ms - 0[0m
[0mOPTIONS /api/product/getAllproductList [32m204[0m 0.221 ms - 0[0m
[0mOPTIONS /api/invoice-formats/list [32m204[0m 0.518 ms - 0[0m
[0mOPTIONS /api/store/admin/list [32m204[0m 0.491 ms - 0[0m
[0mOPTIONS /api/vendor/list [32m204[0m 0.112 ms - 0[0m
[0mOPTIONS /api/invoice-formats/assignments [32m204[0m 0.075 ms - 0[0m
[0mGET /api/category/getAllCategory [32m200[0m 68.423 ms - -[0m
[0mGET /api/product/getAllproductList [36m304[0m 136.603 ms - -[0m
[0mGET /api/vendor/list [36m304[0m 197.471 ms - -[0m
[0mGET /api/invoice-formats/list [32m200[0m 219.297 ms - -[0m
[0mGET /api/invoice-formats/assignments [32m200[0m 259.047 ms - 333[0m
[0mGET /api/store/admin/list [36m304[0m 430.195 ms - -[0m
[0mOPTIONS /api/store/admin/list [32m204[0m 0.532 ms - 0[0m
[0mGET /api/store/admin/list [36m304[0m 702.038 ms - -[0m
[0mOPTIONS /api/store/admin/list [32m204[0m 0.241 ms - 0[0m
[0mOPTIONS /api/auth/user/48 [32m204[0m 0.246 ms - 0[0m
[0mGET /api/auth/user/48 [36m304[0m 473.756 ms - -[0m
[0mGET /api/store/admin/list [36m304[0m 793.316 ms - -[0m
[0mGET /api/store/admin/list [36m304[0m 407.818 ms - -[0m
[0mGET /api/store/admin/list [36m304[0m 664.308 ms - -[0m
[0mOPTIONS /api/store/admin/list [32m204[0m 0.403 ms - 0[0m
[0mGET /api/store/admin/list [36m304[0m 395.330 ms - -[0m
[0mGET /api/store/admin/list [36m304[0m 405.663 ms - -[0m
[0mGET /api/store/admin/list [36m304[0m 397.414 ms - -[0m
[0mGET /api/store/admin/list [36m304[0m 492.088 ms - -[0m
[0mOPTIONS /api/store/admin/list [32m204[0m 0.424 ms - 0[0m
[0mGET /api/store/admin/list [36m304[0m 747.937 ms - -[0m
[0mOPTIONS /api/subscription/update [32m204[0m 0.471 ms - 0[0m
[0mPOST /api/subscription/update [32m200[0m 705.649 ms - 62[0m
[0mOPTIONS /api/store/admin/list [32m204[0m 1.045 ms - 0[0m
[0mGET /api/store/admin/list [32m200[0m 595.548 ms - -[0m
[0mOPTIONS /api/subscription/update [32m204[0m 0.482 ms - 0[0m
[0mPOST /api/subscription/update [32m200[0m 227.251 ms - 62[0m
[0mOPTIONS /api/store/admin/list [32m204[0m 0.651 ms - 0[0m
[0mGET /api/store/admin/list [32m200[0m 511.598 ms - -[0m
[0mOPTIONS /api/category/getAllCategory [32m204[0m 1.213 ms - 0[0m
[0mOPTIONS /api/product/getAllproductList [32m204[0m 0.448 ms - 0[0m
[0mOPTIONS /api/invoice-formats/list [32m204[0m 0.415 ms - 0[0m
[0mOPTIONS /api/store/admin/list [32m204[0m 0.507 ms - 0[0m
[0mOPTIONS /api/vendor/list [32m204[0m 0.370 ms - 0[0m
[0mOPTIONS /api/invoice-formats/assignments [32m204[0m 0.179 ms - 0[0m
[0mGET /api/category/getAllCategory [36m304[0m 314.103 ms - -[0m
[0mGET /api/product/getAllproductList [36m304[0m 392.346 ms - -[0m
[0mGET /api/vendor/list [36m304[0m 436.750 ms - -[0m
[0mGET /api/invoice-formats/list [36m304[0m 459.096 ms - -[0m
[0mGET /api/invoice-formats/assignments [36m304[0m 582.210 ms - -[0m
[0mGET /api/store/admin/list [36m304[0m 739.621 ms - -[0m
[0mOPTIONS /api/vendor/list [32m204[0m 0.209 ms - 0[0m
[0mGET /api/vendor/list [36m304[0m 458.126 ms - -[0m
[0mOPTIONS /api/vendor/product/getAllProductById/65 [32m204[0m 0.365 ms - 0[0m
[0mGET /api/ [33m404[0m 67.149 ms - 57[0m
[0mGET /api/vendor/product/getAllProductById/65 [32m200[0m 257.117 ms - 36[0m
