[0mOPTIONS /api/order/list/396 [32m204[0m 1.376 ms - 0[0m
[0mGET /api/order/list/396 [32m200[0m 755.490 ms - -[0m
[0mOPTIONS /api/cart/list/396 [32m204[0m 0.534 ms - 0[0m
[0mGET /api/cart/list/396 [36m304[0m 74.219 ms - -[0m
[0mGET /api/cart/list/396 [36m304[0m 64.429 ms - -[0m
[0mOPTIONS /api/address/list/396 [32m204[0m 0.805 ms - 0[0m
[0mGET /api/address/list/396 [36m304[0m 66.926 ms - -[0m
[0mGET /api/cart/list/396 [36m304[0m 67.340 ms - -[0m
[0mOPTIONS /api/store/visit [32m204[0m 9.135 ms - 0[0m
[0mOPTIONS /api/cart/list/396 [32m204[0m 2.545 ms - 0[0m
[0mOPTIONS /api/auth/user/396 [32m204[0m 5.923 ms - 0[0m
[0mOPTIONS /api/address/list/396 [32m204[0m 6.080 ms - 0[0m
[0mOPTIONS /api/store/list?currentLocation=13.028787609999995%2C78.91521452999997&page=1&limit=20 [32m204[0m 2.239 ms - 0[0m
[0mOPTIONS /api/category/getAllCategory [32m204[0m 0.420 ms - 0[0m
[0mOPTIONS /api/order/list/396 [32m204[0m 0.463 ms - 0[0m
[0mOPTIONS /api/category/getAllCategory [32m204[0m 0.173 ms - 0[0m
[0mOPTIONS /api/auth/user/48 [32m204[0m 0.268 ms - 0[0m
[0mOPTIONS /api/store/visit/reports [32m204[0m 0.123 ms - 0[0m
[0mGET /api/address/list/396 [36m304[0m 689.986 ms - -[0m
[0mGET /api/cart/list/396 [32m200[0m 720.828 ms - 692[0m
[0mOPTIONS /api/store/getOpenStores?currentLocation=13.028787609999995%2C78.91521452999997 [32m204[0m 0.095 ms - 0[0m
[0mGET /api/category/getAllCategory [36m304[0m 988.679 ms - -[0m
[0mPOST /api/store/visit [32m201[0m 1031.173 ms - 43[0m
[0mGET /api/store/list?currentLocation=13.028787609999995%2C78.91521452999997&page=1&limit=20 [36m304[0m 1034.922 ms - -[0m
[0mGET /api/category/getAllCategory [36m304[0m 301.433 ms - -[0m
[0mGET /api/order/list/396 [36m304[0m 607.209 ms - -[0m
[0mGET /api/store/getOpenStores?currentLocation=13.028787609999995%2C78.91521452999997 [36m304[0m 646.799 ms - -[0m
[0mGET /api/auth/user/396 [36m304[0m 1374.698 ms - -[0m
[0mGET /api/auth/user/48 [32m200[0m 1536.844 ms - 433[0m
[0mGET /api/store/list?currentLocation=13.028787609999995%2C78.91521452999997&page=1&limit=20 [36m304[0m 512.664 ms - -[0m
[0mOPTIONS /api/store/public/by-ids [32m204[0m 0.236 ms - 0[0m
[0mOPTIONS /api/store/list/55?currentLocation=13.028787609999995%2C78.91521452999997 [32m204[0m 0.329 ms - 0[0m
[0mGET /api/store/visit/reports [32m200[0m 1714.525 ms - 705[0m
[0mPOST /api/store/public/by-ids [32m200[0m 279.616 ms - 569[0m
[0mOPTIONS /api/shiprocket/courier/serviceability?pickup_postcode=635751&delivery_postcode=632602&cod=0&weight=0.5 [32m204[0m 0.255 ms - 0[0m
[0mGET /api/store/list/55?currentLocation=13.028787609999995%2C78.91521452999997 [36m304[0m 481.943 ms - -[0m
[0mGET /api/shiprocket/courier/serviceability?pickup_postcode=635751&delivery_postcode=632602&cod=0&weight=0.5 [32m200[0m 1087.223 ms - -[0m
[0mGET /api/shiprocket/courier/serviceability?pickup_postcode=635751&delivery_postcode=632602&cod=0&weight=0.5 [32m200[0m 2961584.588 ms - -[0m
[0mOPTIONS /api/auth/user/48 [32m204[0m 0.594 ms - 0[0m
[0mOPTIONS /api/store/visit [32m204[0m 0.318 ms - 0[0m
[0mOPTIONS /api/store/visit/reports [32m204[0m 0.384 ms - 0[0m
[0mOPTIONS /api/cart/list/396 [32m204[0m 1.699 ms - 0[0m
[0mOPTIONS /api/auth/user/396 [32m204[0m 0.190 ms - 0[0m
[0mOPTIONS /api/address/list/396 [32m204[0m 0.084 ms - 0[0m
[0mOPTIONS /api/store/list?currentLocation=13.028787609999995%2C78.91521452999997&page=1&limit=20 [32m204[0m 0.423 ms - 0[0m
[0mOPTIONS /api/category/getAllCategory [32m204[0m 0.094 ms - 0[0m
[0mOPTIONS /api/order/list/396 [32m204[0m 0.116 ms - 0[0m
[0mOPTIONS /api/category/getAllCategory [32m204[0m 0.095 ms - 0[0m
[0mGET /api/address/list/396 [36m304[0m 1602.915 ms - -[0m
[0mGET /api/cart/list/396 [36m304[0m 1607.122 ms - -[0m
[0mOPTIONS /api/store/getOpenStores?currentLocation=13.028787609999995%2C78.91521452999997 [32m204[0m 0.497 ms - 0[0m
[0mGET /api/category/getAllCategory [36m304[0m 1629.542 ms - -[0m
[0mPOST /api/store/visit [32m201[0m 1687.976 ms - 43[0m
[0mGET /api/category/getAllCategory [36m304[0m 155.138 ms - -[0m
[0mGET /api/store/list?currentLocation=13.028787609999995%2C78.91521452999997&page=1&limit=20 [36m304[0m 1789.752 ms - -[0m
[0mGET /api/store/getOpenStores?currentLocation=13.028787609999995%2C78.91521452999997 [32m200[0m 236.114 ms - -[0m
[0mGET /api/auth/user/396 [36m304[0m 1910.234 ms - -[0m
[0mGET /api/auth/user/48 [36m304[0m 1952.262 ms - -[0m
[0mGET /api/store/visit/reports [32m200[0m 2012.639 ms - 705[0m
[0mGET /api/store/list?currentLocation=13.028787609999995%2C78.91521452999997&page=1&limit=20 [36m304[0m 371.676 ms - -[0m
[0mOPTIONS /api/store/public/by-ids [32m204[0m 0.505 ms - 0[0m
[0mOPTIONS /api/store/list/55?currentLocation=13.028787609999995%2C78.91521452999997 [32m204[0m 0.325 ms - 0[0m
[0mPOST /api/store/public/by-ids [32m200[0m 257.965 ms - 569[0m
[0mOPTIONS /api/shiprocket/courier/serviceability?pickup_postcode=635751&delivery_postcode=632602&cod=0&weight=0.5 [32m204[0m 0.446 ms - 0[0m
[0mGET /api/store/list/55?currentLocation=13.028787609999995%2C78.91521452999997 [36m304[0m 449.695 ms - -[0m
[0mGET /api/shiprocket/courier/serviceability?pickup_postcode=635751&delivery_postcode=632602&cod=0&weight=0.5 [32m200[0m 3450.593 ms - -[0m
[0mGET /api/shiprocket/courier/serviceability?pickup_postcode=635751&delivery_postcode=632602&cod=0&weight=0.5 [36m304[0m 1751.275 ms - -[0m
