[0mOPTIONS /api/store/visit [32m204[0m 6.236 ms - 0[0m
[0mOPTIONS /api/auth/user/396 [32m204[0m 0.181 ms - 0[0m
[0mOPTIONS /api/cart/list/396 [32m204[0m 0.091 ms - 0[0m
[0mOPTIONS /api/address/list/396 [32m204[0m 0.333 ms - 0[0m
[0mOPTIONS /api/store/list?currentLocation=13.028787609999995%2C78.91521452999997&page=1&limit=20 [32m204[0m 0.158 ms - 0[0m
[0mOPTIONS /api/category/getAllCategory [32m204[0m 0.090 ms - 0[0m
[0mGET /api/auth/user/396 [33m401[0m 0.989 ms - 107[0m
[0mOPTIONS /api/order/list/396 [32m204[0m 0.180 ms - 0[0m
[0mOPTIONS /api/category/getAllCategory [32m204[0m 0.544 ms - 0[0m
[0mGET /api/cart/list/396 [36m304[0m 1031.529 ms - -[0m
[0mOPTIONS /api/store/getOpenStores?currentLocation=13.028787609999995%2C78.91521452999997 [32m204[0m 0.328 ms - 0[0m
[0mGET /api/address/list/396 [36m304[0m 1036.030 ms - -[0m
[0mGET /api/category/getAllCategory [36m304[0m 1039.617 ms - -[0m
[0mPOST /api/store/visit [32m201[0m 1089.704 ms - 43[0m
[0mGET /api/category/getAllCategory [36m304[0m 72.498 ms - -[0m
[0mGET /api/order/list/396 [36m304[0m 1107.648 ms - -[0m
[0mGET /api/store/list?currentLocation=13.028787609999995%2C78.91521452999997&page=1&limit=20 [36m304[0m 1134.713 ms - -[0m
[0mGET /api/store/getOpenStores?currentLocation=13.028787609999995%2C78.91521452999997 [32m200[0m 152.201 ms - -[0m
[0mGET /api/store/list?currentLocation=13.028787609999995%2C78.91521452999997&page=1&limit=20 [36m304[0m 130.267 ms - -[0m
[0mOPTIONS /api/store/public/by-ids [32m204[0m 0.398 ms - 0[0m
[0mOPTIONS /api/store/list/55?currentLocation=13.028787609999995%2C78.91521452999997 [32m204[0m 0.340 ms - 0[0m
[0mPOST /api/store/public/by-ids [33m401[0m 1.830 ms - 107[0m
[0mGET /api/store/list/55?currentLocation=13.028787609999995%2C78.91521452999997 [36m304[0m 298.575 ms - -[0m
