[0mOPTIONS /api/store/visit [32m204[0m 7.613 ms - 0[0m
[0mOPTIONS /api/auth/user/396 [32m204[0m 1.122 ms - 0[0m
[0mOPTIONS /api/cart/list/396 [32m204[0m 0.459 ms - 0[0m
[0mOPTIONS /api/address/list/396 [32m204[0m 0.693 ms - 0[0m
[0mOPTIONS /api/store/list?currentLocation=13.027973445163237%2C78.91515293639763&page=1&limit=20 [32m204[0m 0.652 ms - 0[0m
[0mOPTIONS /api/category/getAllCategory [32m204[0m 0.680 ms - 0[0m
[0mOPTIONS /api/order/list/396 [32m204[0m 0.168 ms - 0[0m
[0mOPTIONS /api/category/getAllCategory [32m204[0m 0.143 ms - 0[0m
[0mGET /api/cart/list/396 [36m304[0m 428.309 ms - -[0m
[0mGET /api/address/list/396 [36m304[0m 447.578 ms - -[0m
[0mGET /api/category/getAllCategory [36m304[0m 476.919 ms - -[0m
[0mOPTIONS /api/store/list/57?currentLocation=13.027974104445914%2C78.91515348700968 [32m204[0m 0.340 ms - 0[0m
[0mPOST /api/store/visit [32m201[0m 495.876 ms - 43[0m
[0mOPTIONS /api/one-day/settings/57 [32m204[0m 0.195 ms - 0[0m
[0mOPTIONS /api/store/product/getAllProductById/57?page=1&limit=20 [32m204[0m 0.251 ms - 0[0m
[0mGET /api/auth/user/396 [36m304[0m 493.406 ms - -[0m
[0mGET /api/order/list/396 [36m304[0m 63.812 ms - -[0m
[0mGET /api/category/getAllCategory [36m304[0m 74.078 ms - -[0m
[0mGET /api/one-day/settings/57 [36m304[0m 71.278 ms - -[0m
[0mPOST /api/store/visit [32m201[0m 156.671 ms - 43[0m
[0mGET /api/store/product/getAllProductById/57?page=1&limit=20 [36m304[0m 147.099 ms - -[0m
[0mGET /api/store/list?currentLocation=13.027973445163237%2C78.91515293639763&page=1&limit=20 [36m304[0m 636.383 ms - -[0m
[0mOPTIONS /api/cart/list/null/608 [32m204[0m 0.362 ms - 0[0m
[0mOPTIONS /api/one-day/products/public/57 [32m204[0m 0.187 ms - 0[0m
[0mGET /api/one-day/products/public/57 [36m304[0m 66.340 ms - -[0m
[0mGET /api/cart/list/null/608 [36m304[0m 72.839 ms - -[0m
[0mGET /api/store/list/57?currentLocation=13.027974104445914%2C78.91515348700968 [32m200[0m 315.014 ms - -[0m
[0mOPTIONS /api/store/getOpenStores?currentLocation=13.027974104445914%2C78.91515348700968 [32m204[0m 1.997 ms - 0[0m
[0mOPTIONS /api/store/list?currentLocation=13.027974104445914%2C78.91515348700968&page=1&limit=20 [32m204[0m 0.309 ms - 0[0m
[0mOPTIONS /api/cart/list/396 [32m204[0m 0.351 ms - 0[0m
[0mGET /api/cart/list/396 [36m304[0m 608.154 ms - -[0m
[0mGET /api/store/list?currentLocation=13.027974104445914%2C78.91515348700968&page=1&limit=20 [32m200[0m 757.216 ms - -[0m
[0mGET /api/store/getOpenStores?currentLocation=13.027974104445914%2C78.91515348700968 [32m200[0m 800.797 ms - -[0m
[0mOPTIONS /api/one-day/settings/71 [32m204[0m 0.496 ms - 0[0m
[0mOPTIONS /api/one-day/settings/121 [32m204[0m 0.222 ms - 0[0m
[0mOPTIONS /api/one-day/settings/70 [32m204[0m 0.144 ms - 0[0m
[0mOPTIONS /api/one-day/settings/74 [32m204[0m 0.185 ms - 0[0m
[0mOPTIONS /api/one-day/settings/186 [32m204[0m 0.136 ms - 0[0m
[0mOPTIONS /api/one-day/settings/82 [32m204[0m 0.354 ms - 0[0m
[0mOPTIONS /api/one-day/settings/161 [32m204[0m 0.247 ms - 0[0m
[0mOPTIONS /api/one-day/settings/194 [32m204[0m 0.186 ms - 0[0m
[0mOPTIONS /api/one-day/settings/79 [32m204[0m 0.151 ms - 0[0m
[0mOPTIONS /api/one-day/settings/237 [32m204[0m 0.358 ms - 0[0m
[0mOPTIONS /api/one-day/settings/96 [32m204[0m 0.179 ms - 0[0m
[0mOPTIONS /api/one-day/settings/55 [32m204[0m 0.218 ms - 0[0m
[0mOPTIONS /api/one-day/settings/54 [32m204[0m 0.158 ms - 0[0m
[0mOPTIONS /api/one-day/settings/179 [32m204[0m 0.128 ms - 0[0m
[0mOPTIONS /api/one-day/settings/59 [32m204[0m 0.163 ms - 0[0m
[0mOPTIONS /api/one-day/settings/85 [32m204[0m 0.181 ms - 0[0m
[0mOPTIONS /api/one-day/settings/67 [32m204[0m 0.236 ms - 0[0m
[0mOPTIONS /api/one-day/settings/255 [32m204[0m 0.430 ms - 0[0m
[0mOPTIONS /api/one-day/settings/72 [32m204[0m 0.200 ms - 0[0m
[0mOPTIONS /api/one-day/settings/221 [32m204[0m 0.145 ms - 0[0m
[0mGET /api/one-day/settings/71 [36m304[0m 74.334 ms - -[0m
[0mGET /api/one-day/settings/70 [36m304[0m 83.826 ms - -[0m
[0mGET /api/one-day/settings/74 [36m304[0m 83.414 ms - -[0m
[0mGET /api/one-day/settings/121 [36m304[0m 135.218 ms - -[0m
[0mGET /api/one-day/settings/186 [36m304[0m 164.721 ms - -[0m
[0mGET /api/one-day/settings/82 [36m304[0m 168.450 ms - -[0m
[0mGET /api/one-day/settings/161 [36m304[0m 138.577 ms - -[0m
[0mGET /api/one-day/settings/194 [36m304[0m 164.283 ms - -[0m
[0mGET /api/one-day/settings/79 [36m304[0m 167.319 ms - -[0m
[0mGET /api/one-day/settings/96 [36m304[0m 137.495 ms - -[0m
[0mGET /api/one-day/settings/237 [36m304[0m 157.771 ms - -[0m
[0mGET /api/one-day/settings/54 [36m304[0m 126.898 ms - -[0m
[0mGET /api/one-day/settings/55 [36m304[0m 163.570 ms - -[0m
[0mGET /api/one-day/settings/179 [36m304[0m 90.501 ms - -[0m
[0mGET /api/one-day/settings/59 [36m304[0m 89.551 ms - -[0m
[0mGET /api/one-day/settings/85 [36m304[0m 122.223 ms - -[0m
[0mGET /api/one-day/settings/255 [36m304[0m 87.660 ms - -[0m
[0mGET /api/one-day/settings/221 [36m304[0m 85.847 ms - -[0m
[0mGET /api/one-day/settings/67 [36m304[0m 109.710 ms - -[0m
[0mGET /api/one-day/settings/72 [36m304[0m 103.301 ms - -[0m
[0mOPTIONS /api/store/list?currentLocation=13.027974104445914%2C78.91515348700968&page=2&limit=20 [32m204[0m 0.392 ms - 0[0m
[0mGET /api/store/list?currentLocation=13.027974104445914%2C78.91515348700968&page=2&limit=20 [32m200[0m 228.599 ms - -[0m
[0mOPTIONS /api/one-day/settings/90 [32m204[0m 0.860 ms - 0[0m
[0mOPTIONS /api/one-day/settings/110 [32m204[0m 0.402 ms - 0[0m
[0mOPTIONS /api/one-day/settings/247 [32m204[0m 0.153 ms - 0[0m
[0mOPTIONS /api/one-day/settings/180 [32m204[0m 0.137 ms - 0[0m
[0mOPTIONS /api/one-day/settings/89 [32m204[0m 0.224 ms - 0[0m
[0mOPTIONS /api/one-day/settings/231 [32m204[0m 0.250 ms - 0[0m
[0mOPTIONS /api/one-day/settings/103 [32m204[0m 0.217 ms - 0[0m
[0mOPTIONS /api/one-day/settings/215 [32m204[0m 0.137 ms - 0[0m
[0mOPTIONS /api/one-day/settings/144 [32m204[0m 0.153 ms - 0[0m
[0mOPTIONS /api/one-day/settings/61 [32m204[0m 0.128 ms - 0[0m
[0mOPTIONS /api/one-day/settings/261 [32m204[0m 0.220 ms - 0[0m
[0mOPTIONS /api/one-day/settings/56 [32m204[0m 0.199 ms - 0[0m
[0mOPTIONS /api/one-day/settings/63 [32m204[0m 0.182 ms - 0[0m
[0mOPTIONS /api/one-day/settings/151 [32m204[0m 0.167 ms - 0[0m
[0mOPTIONS /api/one-day/settings/243 [32m204[0m 0.173 ms - 0[0m
[0mOPTIONS /api/one-day/settings/207 [32m204[0m 0.328 ms - 0[0m
[0mOPTIONS /api/one-day/settings/88 [32m204[0m 0.394 ms - 0[0m
[0mOPTIONS /api/one-day/settings/252 [32m204[0m 0.212 ms - 0[0m
[0mOPTIONS /api/one-day/settings/189 [32m204[0m 0.299 ms - 0[0m
[0mGET /api/one-day/settings/231 [36m304[0m 68.577 ms - -[0m
[0mGET /api/one-day/settings/89 [36m304[0m 73.135 ms - -[0m
[0mGET /api/one-day/settings/247 [36m304[0m 73.891 ms - -[0m
[0mGET /api/one-day/settings/90 [36m304[0m 85.664 ms - -[0m
[0mGET /api/one-day/settings/180 [36m304[0m 83.903 ms - -[0m
[0mGET /api/one-day/settings/110 [36m304[0m 86.550 ms - -[0m
[0mGET /api/one-day/settings/215 [36m304[0m 69.276 ms - -[0m
[0mGET /api/one-day/settings/144 [36m304[0m 72.273 ms - -[0m
[0mGET /api/one-day/settings/103 [36m304[0m 72.012 ms - -[0m
[0mGET /api/one-day/settings/61 [36m304[0m 84.688 ms - -[0m
[0mGET /api/one-day/settings/56 [36m304[0m 81.873 ms - -[0m
[0mGET /api/one-day/settings/261 [36m304[0m 82.992 ms - -[0m
[0mGET /api/one-day/settings/63 [36m304[0m 70.503 ms - -[0m
[0mGET /api/one-day/settings/207 [36m304[0m 70.431 ms - -[0m
[0mGET /api/one-day/settings/151 [36m304[0m 85.627 ms - -[0m
[0mGET /api/one-day/settings/252 [36m304[0m 81.534 ms - -[0m
[0mGET /api/one-day/settings/88 [36m304[0m 83.160 ms - -[0m
[0mGET /api/one-day/settings/189 [36m304[0m 70.156 ms - -[0m
[0mGET /api/one-day/settings/243 [36m304[0m 155.476 ms - -[0m
[0mOPTIONS /api/store/list?currentLocation=13.027974104445914%2C78.91515348700968&page=3&limit=20 [32m204[0m 0.481 ms - 0[0m
[0mGET /api/store/list?currentLocation=13.027974104445914%2C78.91515348700968&page=3&limit=20 [32m200[0m 168.397 ms - -[0m
[0mOPTIONS /api/one-day/settings/241 [32m204[0m 0.597 ms - 0[0m
[0mOPTIONS /api/one-day/settings/245 [32m204[0m 0.215 ms - 0[0m
[0mOPTIONS /api/one-day/settings/78 [32m204[0m 0.406 ms - 0[0m
[0mOPTIONS /api/one-day/settings/95 [32m204[0m 0.335 ms - 0[0m
[0mOPTIONS /api/one-day/settings/58 [32m204[0m 0.508 ms - 0[0m
[0mOPTIONS /api/one-day/settings/230 [32m204[0m 0.231 ms - 0[0m
[0mOPTIONS /api/one-day/settings/248 [32m204[0m 0.248 ms - 0[0m
[0mOPTIONS /api/one-day/settings/227 [32m204[0m 0.271 ms - 0[0m
[0mOPTIONS /api/one-day/settings/175 [32m204[0m 0.200 ms - 0[0m
[0mOPTIONS /api/one-day/settings/92 [32m204[0m 0.136 ms - 0[0m
[0mOPTIONS /api/one-day/settings/80 [32m204[0m 0.137 ms - 0[0m
[0mOPTIONS /api/one-day/settings/259 [32m204[0m 0.161 ms - 0[0m
[0mOPTIONS /api/one-day/settings/150 [32m204[0m 0.191 ms - 0[0m
[0mOPTIONS /api/one-day/settings/251 [32m204[0m 0.143 ms - 0[0m
[0mOPTIONS /api/one-day/settings/266 [32m204[0m 0.300 ms - 0[0m
[0mOPTIONS /api/one-day/settings/263 [32m204[0m 0.223 ms - 0[0m
[0mOPTIONS /api/one-day/settings/264 [32m204[0m 0.138 ms - 0[0m
[0mOPTIONS /api/one-day/settings/265 [32m204[0m 0.136 ms - 0[0m
[0mOPTIONS /api/one-day/settings/267 [32m204[0m 0.218 ms - 0[0m
[0mOPTIONS /api/one-day/settings/270 [32m204[0m 0.164 ms - 0[0m
[0mGET /api/one-day/settings/245 [36m304[0m 71.658 ms - -[0m
[0mGET /api/one-day/settings/241 [36m304[0m 74.710 ms - -[0m
[0mGET /api/one-day/settings/248 [36m304[0m 71.885 ms - -[0m
[0mGET /api/one-day/settings/95 [36m304[0m 79.601 ms - -[0m
[0mGET /api/one-day/settings/230 [36m304[0m 81.487 ms - -[0m
[0mGET /api/one-day/settings/78 [36m304[0m 84.051 ms - -[0m
[0mGET /api/one-day/settings/92 [36m304[0m 68.386 ms - -[0m
[0mGET /api/one-day/settings/175 [36m304[0m 74.628 ms - -[0m
[0mGET /api/one-day/settings/80 [36m304[0m 80.138 ms - -[0m
[0mGET /api/one-day/settings/259 [36m304[0m 82.314 ms - -[0m
[0mGET /api/one-day/settings/227 [36m304[0m 83.472 ms - -[0m
[0mGET /api/one-day/settings/58 [36m304[0m 130.934 ms - -[0m
[0mGET /api/one-day/settings/150 [36m304[0m 72.296 ms - -[0m
[0mGET /api/one-day/settings/251 [36m304[0m 69.384 ms - -[0m
[0mGET /api/one-day/settings/266 [36m304[0m 78.674 ms - -[0m
[0mGET /api/one-day/settings/264 [36m304[0m 81.061 ms - -[0m
[0mGET /api/one-day/settings/263 [36m304[0m 82.566 ms - -[0m
[0mGET /api/one-day/settings/265 [36m304[0m 70.366 ms - -[0m
[0mGET /api/one-day/settings/267 [36m304[0m 69.419 ms - -[0m
[0mGET /api/one-day/settings/270 [36m304[0m 69.311 ms - -[0m
[0mOPTIONS /api/store/visit [32m204[0m 1.115 ms - 0[0m
[0mOPTIONS /api/cart/list/396 [32m204[0m 0.270 ms - 0[0m
[0mOPTIONS /api/address/list/396 [32m204[0m 0.186 ms - 0[0m
[0mOPTIONS /api/category/getAllCategory [32m204[0m 0.079 ms - 0[0m
[0mOPTIONS /api/auth/user/396 [32m204[0m 0.121 ms - 0[0m
[0mOPTIONS /api/order/list/396 [32m204[0m 0.277 ms - 0[0m
[0mOPTIONS /api/store/list?currentLocation=13.027974104445914%2C78.91515348700968&page=1&limit=20 [32m204[0m 0.096 ms - 0[0m
[0mOPTIONS /api/category/getAllCategory [32m204[0m 0.072 ms - 0[0m
[0mGET /api/address/list/396 [36m304[0m 411.768 ms - -[0m
[0mGET /api/cart/list/396 [36m304[0m 410.974 ms - -[0m
[0mOPTIONS /api/store/getOpenStores?currentLocation=13.027973947103517%2C78.91515331610248 [32m204[0m 0.201 ms - 0[0m
[0mOPTIONS /api/store/list?currentLocation=13.027973947103517%2C78.91515331610248&page=1&limit=20 [32m204[0m 0.243 ms - 0[0m
[0mGET /api/category/getAllCategory [36m304[0m 423.258 ms - -[0m
[0mPOST /api/store/visit [32m201[0m 493.413 ms - 43[0m
[0mGET /api/order/list/396 [36m304[0m 494.972 ms - -[0m
[0mGET /api/auth/user/396 [36m304[0m 495.762 ms - -[0m
[0mGET /api/category/getAllCategory [36m304[0m 63.617 ms - -[0m
[0mGET /api/store/list?currentLocation=13.027974104445914%2C78.91515348700968&page=1&limit=20 [36m304[0m 231.724 ms - -[0m
[0mGET /api/store/getOpenStores?currentLocation=13.027973947103517%2C78.91515331610248 [32m200[0m 227.509 ms - -[0m
[0mGET /api/store/list?currentLocation=13.027973947103517%2C78.91515331610248&page=1&limit=20 [32m200[0m 254.343 ms - -[0m
[0mOPTIONS /api/one-day/settings/71 [32m204[0m 0.475 ms - 0[0m
[0mOPTIONS /api/one-day/settings/121 [32m204[0m 0.162 ms - 0[0m
[0mOPTIONS /api/one-day/settings/70 [32m204[0m 0.144 ms - 0[0m
[0mOPTIONS /api/one-day/settings/186 [32m204[0m 0.141 ms - 0[0m
[0mOPTIONS /api/one-day/settings/194 [32m204[0m 0.152 ms - 0[0m
[0mOPTIONS /api/one-day/settings/96 [32m204[0m 0.181 ms - 0[0m
[0mOPTIONS /api/one-day/settings/82 [32m204[0m 0.176 ms - 0[0m
[0mOPTIONS /api/one-day/settings/74 [32m204[0m 0.138 ms - 0[0m
[0mOPTIONS /api/one-day/settings/179 [32m204[0m 0.192 ms - 0[0m
[0mOPTIONS /api/one-day/settings/161 [32m204[0m 0.172 ms - 0[0m
[0mOPTIONS /api/one-day/settings/79 [32m204[0m 0.135 ms - 0[0m
[0mOPTIONS /api/one-day/settings/237 [32m204[0m 0.122 ms - 0[0m
[0mOPTIONS /api/one-day/settings/54 [32m204[0m 0.162 ms - 0[0m
[0mOPTIONS /api/one-day/settings/55 [32m204[0m 0.155 ms - 0[0m
[0mOPTIONS /api/one-day/settings/85 [32m204[0m 0.128 ms - 0[0m
[0mOPTIONS /api/one-day/settings/67 [32m204[0m 0.123 ms - 0[0m
[0mOPTIONS /api/one-day/settings/59 [32m204[0m 0.135 ms - 0[0m
[0mOPTIONS /api/one-day/settings/221 [32m204[0m 0.185 ms - 0[0m
[0mOPTIONS /api/one-day/settings/255 [32m204[0m 0.153 ms - 0[0m
[0mOPTIONS /api/one-day/settings/72 [32m204[0m 0.171 ms - 0[0m
[0mGET /api/one-day/settings/186 [36m304[0m 61.315 ms - -[0m
[0mGET /api/one-day/settings/71 [36m304[0m 63.031 ms - -[0m
[0mGET /api/one-day/settings/121 [36m304[0m 63.602 ms - -[0m
[0mGET /api/one-day/settings/96 [36m304[0m 65.779 ms - -[0m
[0mGET /api/one-day/settings/70 [36m304[0m 64.303 ms - -[0m
[0mGET /api/one-day/settings/194 [36m304[0m 68.956 ms - -[0m
[0mGET /api/one-day/settings/82 [36m304[0m 61.282 ms - -[0m
[0mGET /api/one-day/settings/74 [36m304[0m 61.422 ms - -[0m
[0mGET /api/one-day/settings/79 [36m304[0m 60.939 ms - -[0m
[0mGET /api/one-day/settings/179 [36m304[0m 70.724 ms - -[0m
[0mGET /api/one-day/settings/54 [36m304[0m 68.967 ms - -[0m
[0mGET /api/one-day/settings/237 [36m304[0m 61.220 ms - -[0m
[0mGET /api/one-day/settings/85 [36m304[0m 59.467 ms - -[0m
[0mGET /api/one-day/settings/55 [36m304[0m 62.243 ms - -[0m
[0mGET /api/one-day/settings/67 [36m304[0m 56.847 ms - -[0m
[0mGET /api/one-day/settings/59 [36m304[0m 71.952 ms - -[0m
[0mGET /api/one-day/settings/161 [36m304[0m 147.847 ms - -[0m
[0mGET /api/one-day/settings/221 [36m304[0m 56.067 ms - -[0m
[0mGET /api/one-day/settings/72 [36m304[0m 147.772 ms - -[0m
[0mGET /api/one-day/settings/255 [36m304[0m 312.571 ms - -[0m
[0mOPTIONS /api/store/visit [32m204[0m 4.247 ms - 0[0m
[0mOPTIONS /api/auth/user/396 [32m204[0m 0.357 ms - 0[0m
[0mOPTIONS /api/cart/list/396 [32m204[0m 0.228 ms - 0[0m
[0mOPTIONS /api/store/list?currentLocation=13.027973947103517%2C78.91515331610248&page=1&limit=20 [32m204[0m 0.174 ms - 0[0m
[0mOPTIONS /api/address/list/396 [32m204[0m 0.226 ms - 0[0m
[0mOPTIONS /api/category/getAllCategory [32m204[0m 0.865 ms - 0[0m
[0mOPTIONS /api/order/list/396 [32m204[0m 0.253 ms - 0[0m
[0mOPTIONS /api/category/getAllCategory [32m204[0m 0.276 ms - 0[0m
[0mOPTIONS /api/store/getOpenStores?currentLocation=13.027973947103517%2C78.91515331610248 [32m204[0m 0.404 ms - 0[0m
[0mGET /api/cart/list/396 [36m304[0m 331.220 ms - -[0m
[0mGET /api/address/list/396 [36m304[0m 338.039 ms - -[0m
[0mGET /api/category/getAllCategory [32m200[0m 317.187 ms - -[0m
[0mPOST /api/store/visit [32m201[0m 428.515 ms - 43[0m
[0mGET /api/auth/user/396 [36m304[0m 394.976 ms - -[0m
[0mGET /api/category/getAllCategory [36m304[0m 61.874 ms - -[0m
[0mGET /api/order/list/396 [36m304[0m 70.138 ms - -[0m
[0mGET /api/store/list?currentLocation=13.027973947103517%2C78.91515331610248&page=1&limit=20 [36m304[0m 418.363 ms - -[0m
[0mGET /api/store/getOpenStores?currentLocation=13.027973947103517%2C78.91515331610248 [32m200[0m 152.515 ms - -[0m
[0mGET /api/store/list?currentLocation=13.027973947103517%2C78.91515331610248&page=1&limit=20 [36m304[0m 116.398 ms - -[0m
[0mOPTIONS /api/one-day/settings/71 [32m204[0m 0.696 ms - 0[0m
[0mOPTIONS /api/one-day/settings/121 [32m204[0m 0.378 ms - 0[0m
[0mOPTIONS /api/one-day/settings/70 [32m204[0m 0.190 ms - 0[0m
[0mOPTIONS /api/one-day/settings/186 [32m204[0m 0.201 ms - 0[0m
[0mOPTIONS /api/one-day/settings/194 [32m204[0m 0.177 ms - 0[0m
[0mOPTIONS /api/one-day/settings/96 [32m204[0m 0.189 ms - 0[0m
[0mOPTIONS /api/one-day/settings/82 [32m204[0m 0.454 ms - 0[0m
[0mOPTIONS /api/one-day/settings/161 [32m204[0m 0.293 ms - 0[0m
[0mOPTIONS /api/one-day/settings/74 [32m204[0m 0.285 ms - 0[0m
[0mOPTIONS /api/one-day/settings/179 [32m204[0m 0.656 ms - 0[0m
[0mOPTIONS /api/one-day/settings/79 [32m204[0m 0.305 ms - 0[0m
[0mOPTIONS /api/one-day/settings/237 [32m204[0m 0.326 ms - 0[0m
[0mOPTIONS /api/one-day/settings/54 [32m204[0m 0.241 ms - 0[0m
[0mOPTIONS /api/one-day/settings/85 [32m204[0m 0.512 ms - 0[0m
[0mOPTIONS /api/one-day/settings/67 [32m204[0m 0.389 ms - 0[0m
[0mOPTIONS /api/one-day/settings/255 [32m204[0m 0.277 ms - 0[0m
[0mOPTIONS /api/one-day/settings/72 [32m204[0m 0.470 ms - 0[0m
[0mOPTIONS /api/one-day/settings/59 [32m204[0m 0.164 ms - 0[0m
[0mOPTIONS /api/one-day/settings/55 [32m204[0m 0.104 ms - 0[0m
[0mOPTIONS /api/one-day/settings/221 [32m204[0m 0.300 ms - 0[0m
[0mGET /api/one-day/settings/186 [36m304[0m 62.860 ms - -[0m
[0mGET /api/one-day/settings/71 [36m304[0m 67.481 ms - -[0m
[0mGET /api/one-day/settings/70 [36m304[0m 66.779 ms - -[0m
[0mGET /api/one-day/settings/194 [36m304[0m 64.014 ms - -[0m
[0mGET /api/one-day/settings/96 [36m304[0m 65.344 ms - -[0m
[0mGET /api/one-day/settings/121 [36m304[0m 63.626 ms - -[0m
[0mGET /api/one-day/settings/82 [36m304[0m 69.737 ms - -[0m
[0mGET /api/one-day/settings/179 [36m304[0m 65.709 ms - -[0m
[0mGET /api/one-day/settings/74 [36m304[0m 66.635 ms - -[0m
[0mGET /api/one-day/settings/237 [36m304[0m 64.344 ms - -[0m
[0mGET /api/one-day/settings/79 [36m304[0m 65.485 ms - -[0m
[0mGET /api/one-day/settings/161 [36m304[0m 68.315 ms - -[0m
[0mGET /api/one-day/settings/85 [36m304[0m 59.901 ms - -[0m
[0mGET /api/one-day/settings/255 [36m304[0m 59.837 ms - -[0m
[0mGET /api/one-day/settings/54 [36m304[0m 62.593 ms - -[0m
[0mGET /api/one-day/settings/67 [36m304[0m 60.355 ms - -[0m
[0mGET /api/one-day/settings/55 [36m304[0m 60.000 ms - -[0m
[0mGET /api/one-day/settings/72 [36m304[0m 60.273 ms - -[0m
[0mGET /api/one-day/settings/221 [36m304[0m 56.436 ms - -[0m
[0mGET /api/one-day/settings/59 [36m304[0m 61.148 ms - -[0m
[0mOPTIONS /api/cart/list/396 [32m204[0m 0.482 ms - 0[0m
[0mGET /api/cart/list/396 [36m304[0m 63.343 ms - -[0m
[0mGET /api/cart/list/396 [36m304[0m 57.625 ms - -[0m
[0mOPTIONS /api/one-day/settings/71 [32m204[0m 1.015 ms - 0[0m
[0mOPTIONS /api/one-day/settings/121 [32m204[0m 0.547 ms - 0[0m
[0mOPTIONS /api/one-day/settings/70 [32m204[0m 0.387 ms - 0[0m
[0mOPTIONS /api/one-day/settings/74 [32m204[0m 0.538 ms - 0[0m
[0mOPTIONS /api/one-day/settings/186 [32m204[0m 0.222 ms - 0[0m
[0mOPTIONS /api/one-day/settings/79 [32m204[0m 0.377 ms - 0[0m
[0mOPTIONS /api/one-day/settings/82 [32m204[0m 0.237 ms - 0[0m
[0mOPTIONS /api/one-day/settings/161 [32m204[0m 0.244 ms - 0[0m
[0mOPTIONS /api/one-day/settings/194 [32m204[0m 0.204 ms - 0[0m
[0mOPTIONS /api/one-day/settings/54 [32m204[0m 0.305 ms - 0[0m
[0mOPTIONS /api/one-day/settings/237 [32m204[0m 0.199 ms - 0[0m
[0mOPTIONS /api/one-day/settings/96 [32m204[0m 0.393 ms - 0[0m
[0mOPTIONS /api/one-day/settings/55 [32m204[0m 0.309 ms - 0[0m
[0mOPTIONS /api/one-day/settings/179 [32m204[0m 0.115 ms - 0[0m
[0mOPTIONS /api/one-day/settings/59 [32m204[0m 0.082 ms - 0[0m
[0mOPTIONS /api/one-day/settings/255 [32m204[0m 0.173 ms - 0[0m
[0mOPTIONS /api/one-day/settings/72 [32m204[0m 0.101 ms - 0[0m
[0mOPTIONS /api/one-day/settings/85 [32m204[0m 0.098 ms - 0[0m
[0mOPTIONS /api/one-day/settings/67 [32m204[0m 0.120 ms - 0[0m
[0mOPTIONS /api/store/list?currentLocation=13.028226429111397%2C78.91495947798515&page=1&limit=20 [32m204[0m 0.131 ms - 0[0m
[0mOPTIONS /api/one-day/settings/221 [32m204[0m 0.118 ms - 0[0m
[0mGET /api/one-day/settings/71 [36m304[0m 55.862 ms - -[0m
[0mGET /api/one-day/settings/70 [36m304[0m 56.142 ms - -[0m
[0mGET /api/one-day/settings/74 [36m304[0m 58.334 ms - -[0m
[0mGET /api/one-day/settings/121 [36m304[0m 61.580 ms - -[0m
[0mGET /api/one-day/settings/79 [36m304[0m 61.164 ms - -[0m
[0mGET /api/one-day/settings/186 [36m304[0m 61.773 ms - -[0m
[0mGET /api/one-day/settings/82 [36m304[0m 59.779 ms - -[0m
[0mGET /api/one-day/settings/161 [36m304[0m 57.818 ms - -[0m
[0mGET /api/one-day/settings/194 [36m304[0m 56.945 ms - -[0m
[0mGET /api/one-day/settings/96 [36m304[0m 56.858 ms - -[0m
[0mGET /api/one-day/settings/54 [36m304[0m 59.403 ms - -[0m
[0mGET /api/one-day/settings/237 [36m304[0m 58.217 ms - -[0m
[0mGET /api/one-day/settings/55 [36m304[0m 57.344 ms - -[0m
[0mGET /api/one-day/settings/179 [36m304[0m 58.638 ms - -[0m
[0mGET /api/one-day/settings/59 [36m304[0m 62.808 ms - -[0m
[0mGET /api/one-day/settings/255 [36m304[0m 58.748 ms - -[0m
[0mGET /api/one-day/settings/85 [36m304[0m 57.074 ms - -[0m
[0mGET /api/one-day/settings/72 [36m304[0m 57.606 ms - -[0m
[0mGET /api/one-day/settings/67 [36m304[0m 58.141 ms - -[0m
[0mGET /api/one-day/settings/221 [36m304[0m 60.032 ms - -[0m
[0mGET /api/store/list?currentLocation=13.028226429111397%2C78.91495947798515&page=1&limit=20 [32m200[0m 145.807 ms - -[0m
[0mGET /api/one-day/settings/71 [36m304[0m 66.722 ms - -[0m
[0mGET /api/one-day/settings/121 [36m304[0m 60.428 ms - -[0m
[0mOPTIONS /api/store/list?currentLocation=13.028226429111397%2C78.91495947798515&page=2&limit=20 [32m204[0m 0.390 ms - 0[0m
[0mGET /api/one-day/settings/194 [36m304[0m 62.007 ms - -[0m
[0mGET /api/one-day/settings/70 [36m304[0m 63.528 ms - -[0m
[0mGET /api/one-day/settings/186 [36m304[0m 62.904 ms - -[0m
[0mGET /api/one-day/settings/96 [36m304[0m 64.018 ms - -[0m
[0mGET /api/one-day/settings/161 [36m304[0m 61.632 ms - -[0m
[0mGET /api/one-day/settings/179 [36m304[0m 61.947 ms - -[0m
[0mGET /api/one-day/settings/74 [36m304[0m 70.804 ms - -[0m
[0mGET /api/one-day/settings/237 [36m304[0m 65.718 ms - -[0m
[0mGET /api/one-day/settings/79 [36m304[0m 60.333 ms - -[0m
[0mGET /api/one-day/settings/82 [36m304[0m 62.172 ms - -[0m
[0mGET /api/one-day/settings/54 [36m304[0m 60.352 ms - -[0m
[0mGET /api/one-day/settings/59 [36m304[0m 59.384 ms - -[0m
[0mGET /api/one-day/settings/255 [36m304[0m 61.424 ms - -[0m
[0mGET /api/one-day/settings/85 [36m304[0m 63.288 ms - -[0m
[0mGET /api/one-day/settings/67 [36m304[0m 63.110 ms - -[0m
[0mGET /api/one-day/settings/72 [36m304[0m 57.343 ms - -[0m
[0mGET /api/one-day/settings/221 [36m304[0m 57.363 ms - -[0m
[0mGET /api/one-day/settings/55 [36m304[0m 131.737 ms - -[0m
[0mGET /api/store/list?currentLocation=13.028226429111397%2C78.91495947798515&page=2&limit=20 [32m200[0m 142.735 ms - -[0m
[0mGET /api/one-day/settings/71 [36m304[0m 63.511 ms - -[0m
[0mGET /api/one-day/settings/70 [36m304[0m 62.073 ms - -[0m
[0mGET /api/one-day/settings/121 [36m304[0m 66.262 ms - -[0m
[0mGET /api/one-day/settings/194 [36m304[0m 66.017 ms - -[0m
[0mGET /api/one-day/settings/96 [36m304[0m 65.597 ms - -[0m
[0mGET /api/one-day/settings/186 [36m304[0m 66.760 ms - -[0m
[0mGET /api/one-day/settings/74 [36m304[0m 58.432 ms - -[0m
[0mOPTIONS /api/one-day/settings/90 [32m204[0m 0.402 ms - 0[0m
[0mGET /api/one-day/settings/161 [36m304[0m 59.220 ms - -[0m
[0mGET /api/one-day/settings/82 [36m304[0m 58.121 ms - -[0m
[0mOPTIONS /api/one-day/settings/110 [32m204[0m 0.295 ms - 0[0m
[0mGET /api/one-day/settings/79 [36m304[0m 63.025 ms - -[0m
[0mOPTIONS /api/one-day/settings/247 [32m204[0m 0.337 ms - 0[0m
[0mGET /api/one-day/settings/179 [36m304[0m 63.383 ms - -[0m
[0mGET /api/one-day/settings/237 [36m304[0m 64.010 ms - -[0m
[0mOPTIONS /api/one-day/settings/180 [32m204[0m 0.302 ms - 0[0m
[0mOPTIONS /api/one-day/settings/89 [32m204[0m 0.520 ms - 0[0m
[0mGET /api/one-day/settings/55 [36m304[0m 59.880 ms - -[0m
[0mGET /api/one-day/settings/85 [36m304[0m 58.825 ms - -[0m
[0mGET /api/one-day/settings/67 [36m304[0m 60.277 ms - -[0m
[0mOPTIONS /api/one-day/settings/231 [32m204[0m 0.253 ms - 0[0m
[0mOPTIONS /api/one-day/settings/61 [32m204[0m 0.308 ms - 0[0m
[0mOPTIONS /api/one-day/settings/103 [32m204[0m 0.435 ms - 0[0m
[0mGET /api/one-day/settings/54 [36m304[0m 55.001 ms - -[0m
[0mOPTIONS /api/one-day/settings/215 [32m204[0m 0.258 ms - 0[0m
[0mOPTIONS /api/one-day/settings/144 [32m204[0m 0.389 ms - 0[0m
[0mOPTIONS /api/one-day/settings/57 [32m204[0m 0.325 ms - 0[0m
[0mGET /api/one-day/settings/221 [36m304[0m 60.434 ms - -[0m
[0mGET /api/one-day/settings/72 [36m304[0m 62.556 ms - -[0m
[0mOPTIONS /api/one-day/settings/261 [32m204[0m 0.186 ms - 0[0m
[0mOPTIONS /api/one-day/settings/56 [32m204[0m 0.260 ms - 0[0m
[0mOPTIONS /api/one-day/settings/151 [32m204[0m 0.152 ms - 0[0m
[0mOPTIONS /api/one-day/settings/243 [32m204[0m 0.154 ms - 0[0m
[0mOPTIONS /api/one-day/settings/207 [32m204[0m 0.139 ms - 0[0m
[0mOPTIONS /api/one-day/settings/63 [32m204[0m 0.141 ms - 0[0m
[0mOPTIONS /api/one-day/settings/189 [32m204[0m 0.144 ms - 0[0m
[0mOPTIONS /api/one-day/settings/88 [32m204[0m 0.135 ms - 0[0m
[0mOPTIONS /api/one-day/settings/252 [32m204[0m 0.138 ms - 0[0m
[0mOPTIONS /api/store/list?currentLocation=13.028226429111397%2C78.91495947798515&page=3&limit=20 [32m204[0m 0.150 ms - 0[0m
[0mGET /api/one-day/settings/255 [36m304[0m 56.942 ms - -[0m
[0mGET /api/one-day/settings/59 [36m304[0m 61.170 ms - -[0m
[0mGET /api/one-day/settings/247 [36m304[0m 55.328 ms - -[0m
[0mGET /api/one-day/settings/110 [36m304[0m 57.712 ms - -[0m
[0mGET /api/one-day/settings/90 [36m304[0m 58.791 ms - -[0m
[0mGET /api/one-day/settings/180 [36m304[0m 58.929 ms - -[0m
[0mGET /api/one-day/settings/89 [36m304[0m 59.562 ms - -[0m
[0mGET /api/one-day/settings/231 [36m304[0m 60.370 ms - -[0m
[0mGET /api/one-day/settings/61 [36m304[0m 60.185 ms - -[0m
[0mGET /api/one-day/settings/103 [36m304[0m 58.645 ms - -[0m
[0mGET /api/one-day/settings/215 [36m304[0m 57.069 ms - -[0m
[0mGET /api/one-day/settings/144 [36m304[0m 66.628 ms - -[0m
[0mGET /api/one-day/settings/261 [36m304[0m 56.767 ms - -[0m
[0mGET /api/one-day/settings/57 [36m304[0m 59.599 ms - -[0m
[0mGET /api/one-day/settings/56 [36m304[0m 59.928 ms - -[0m
[0mGET /api/one-day/settings/243 [36m304[0m 55.967 ms - -[0m
[0mGET /api/one-day/settings/151 [36m304[0m 61.204 ms - -[0m
[0mGET /api/one-day/settings/207 [36m304[0m 56.507 ms - -[0m
[0mGET /api/one-day/settings/63 [36m304[0m 55.875 ms - -[0m
[0mGET /api/one-day/settings/189 [36m304[0m 58.180 ms - -[0m
[0mGET /api/one-day/settings/252 [36m304[0m 58.686 ms - -[0m
[0mGET /api/one-day/settings/88 [36m304[0m 61.393 ms - -[0m
[0mGET /api/store/list?currentLocation=13.028226429111397%2C78.91495947798515&page=3&limit=20 [32m200[0m 137.945 ms - -[0m
[0mGET /api/one-day/settings/71 [36m304[0m 66.045 ms - -[0m
[0mGET /api/one-day/settings/194 [36m304[0m 59.056 ms - -[0m
[0mGET /api/one-day/settings/96 [36m304[0m 59.339 ms - -[0m
[0mGET /api/one-day/settings/70 [36m304[0m 62.211 ms - -[0m
[0mGET /api/one-day/settings/121 [36m304[0m 68.786 ms - -[0m
[0mGET /api/one-day/settings/186 [36m304[0m 66.022 ms - -[0m
[0mGET /api/one-day/settings/82 [36m304[0m 56.467 ms - -[0m
[0mGET /api/one-day/settings/161 [36m304[0m 58.006 ms - -[0m
[0mGET /api/one-day/settings/74 [36m304[0m 60.607 ms - -[0m
[0mGET /api/one-day/settings/79 [36m304[0m 62.945 ms - -[0m
[0mGET /api/one-day/settings/179 [36m304[0m 58.672 ms - -[0m
[0mGET /api/one-day/settings/237 [36m304[0m 59.603 ms - -[0m
[0mGET /api/one-day/settings/54 [36m304[0m 56.679 ms - -[0m
[0mGET /api/one-day/settings/55 [36m304[0m 58.992 ms - -[0m
[0mGET /api/one-day/settings/59 [36m304[0m 63.667 ms - -[0m
[0mGET /api/one-day/settings/85 [36m304[0m 58.950 ms - -[0m
[0mGET /api/one-day/settings/67 [36m304[0m 58.662 ms - -[0m
[0mGET /api/one-day/settings/255 [36m304[0m 58.371 ms - -[0m
[0mGET /api/one-day/settings/72 [36m304[0m 55.460 ms - -[0m
[0mGET /api/one-day/settings/221 [36m304[0m 56.538 ms - -[0m
[0mGET /api/one-day/settings/89 [36m304[0m 57.487 ms - -[0m
[0mGET /api/one-day/settings/247 [36m304[0m 59.746 ms - -[0m
[0mGET /api/one-day/settings/110 [36m304[0m 61.653 ms - -[0m
[0mGET /api/one-day/settings/90 [36m304[0m 65.375 ms - -[0m
[0mGET /api/one-day/settings/180 [36m304[0m 58.099 ms - -[0m
[0mGET /api/one-day/settings/231 [36m304[0m 56.124 ms - -[0m
[0mGET /api/one-day/settings/61 [36m304[0m 60.678 ms - -[0m
[0mGET /api/one-day/settings/103 [36m304[0m 63.317 ms - -[0m
[0mGET /api/one-day/settings/215 [36m304[0m 65.727 ms - -[0m
[0mGET /api/one-day/settings/144 [36m304[0m 64.212 ms - -[0m
[0mGET /api/one-day/settings/57 [36m304[0m 57.209 ms - -[0m
[0mOPTIONS /api/one-day/settings/241 [32m204[0m 0.858 ms - 0[0m
[0mGET /api/one-day/settings/261 [36m304[0m 57.164 ms - -[0m
[0mGET /api/one-day/settings/56 [36m304[0m 57.832 ms - -[0m
[0mGET /api/one-day/settings/207 [36m304[0m 82.983 ms - -[0m
[0mGET /api/one-day/settings/151 [36m304[0m 84.526 ms - -[0m
[0mGET /api/one-day/settings/243 [36m304[0m 86.580 ms - -[0m
[0mOPTIONS /api/one-day/settings/245 [32m204[0m 0.557 ms - 0[0m
[0mOPTIONS /api/one-day/settings/95 [32m204[0m 0.368 ms - 0[0m
[0mOPTIONS /api/one-day/settings/58 [32m204[0m 0.239 ms - 0[0m
[0mOPTIONS /api/one-day/settings/230 [32m204[0m 0.293 ms - 0[0m
[0mGET /api/one-day/settings/88 [36m304[0m 58.160 ms - -[0m
[0mOPTIONS /api/one-day/settings/248 [32m204[0m 0.217 ms - 0[0m
[0mGET /api/one-day/settings/63 [36m304[0m 62.482 ms - -[0m
[0mOPTIONS /api/one-day/settings/78 [32m204[0m 0.436 ms - 0[0m
[0mOPTIONS /api/one-day/settings/80 [32m204[0m 0.423 ms - 0[0m
[0mOPTIONS /api/one-day/settings/227 [32m204[0m 0.478 ms - 0[0m
[0mOPTIONS /api/one-day/settings/175 [32m204[0m 0.256 ms - 0[0m
[0mOPTIONS /api/one-day/settings/92 [32m204[0m 0.289 ms - 0[0m
[0mOPTIONS /api/one-day/settings/150 [32m204[0m 0.167 ms - 0[0m
[0mOPTIONS /api/one-day/settings/251 [32m204[0m 0.145 ms - 0[0m
[0mOPTIONS /api/one-day/settings/259 [32m204[0m 0.142 ms - 0[0m
[0mOPTIONS /api/one-day/settings/263 [32m204[0m 0.137 ms - 0[0m
[0mOPTIONS /api/one-day/settings/264 [32m204[0m 0.360 ms - 0[0m
[0mOPTIONS /api/one-day/settings/265 [32m204[0m 0.151 ms - 0[0m
[0mOPTIONS /api/one-day/settings/266 [32m204[0m 0.242 ms - 0[0m
[0mOPTIONS /api/one-day/settings/267 [32m204[0m 0.129 ms - 0[0m
[0mOPTIONS /api/one-day/settings/270 [32m204[0m 0.230 ms - 0[0m
[0mOPTIONS /api/store/list?currentLocation=13.028226429111397%2C78.91495947798515&page=4&limit=20 [32m204[0m 0.340 ms - 0[0m
[0mGET /api/one-day/settings/189 [36m304[0m 57.675 ms - -[0m
[0mGET /api/one-day/settings/252 [36m304[0m 58.908 ms - -[0m
[0mGET /api/one-day/settings/241 [36m304[0m 59.639 ms - -[0m
[0mGET /api/one-day/settings/58 [36m304[0m 58.118 ms - -[0m
[0mGET /api/one-day/settings/95 [36m304[0m 59.410 ms - -[0m
[0mGET /api/one-day/settings/230 [36m304[0m 57.835 ms - -[0m
[0mGET /api/one-day/settings/245 [36m304[0m 60.307 ms - -[0m
[0mGET /api/one-day/settings/248 [36m304[0m 57.528 ms - -[0m
[0mGET /api/one-day/settings/227 [36m304[0m 59.496 ms - -[0m
[0mGET /api/one-day/settings/78 [36m304[0m 61.168 ms - -[0m
[0mGET /api/one-day/settings/80 [36m304[0m 66.400 ms - -[0m
[0mGET /api/one-day/settings/92 [36m304[0m 64.785 ms - -[0m
[0mGET /api/one-day/settings/175 [36m304[0m 65.606 ms - -[0m
[0mGET /api/one-day/settings/150 [36m304[0m 56.977 ms - -[0m
[0mGET /api/one-day/settings/259 [36m304[0m 54.535 ms - -[0m
[0mGET /api/one-day/settings/251 [36m304[0m 57.805 ms - -[0m
[0mGET /api/one-day/settings/263 [36m304[0m 57.342 ms - -[0m
[0mGET /api/one-day/settings/265 [36m304[0m 56.852 ms - -[0m
[0mGET /api/one-day/settings/264 [36m304[0m 57.630 ms - -[0m
[0mGET /api/one-day/settings/266 [36m304[0m 56.680 ms - -[0m
[0mGET /api/one-day/settings/267 [36m304[0m 58.908 ms - -[0m
[0mGET /api/one-day/settings/270 [36m304[0m 54.933 ms - -[0m
[0mGET /api/store/list?currentLocation=13.028226429111397%2C78.91495947798515&page=4&limit=20 [32m200[0m 93.185 ms - -[0m
[0mGET /api/one-day/settings/186 [36m304[0m 59.632 ms - -[0m
[0mGET /api/one-day/settings/71 [36m304[0m 60.880 ms - -[0m
[0mGET /api/one-day/settings/121 [36m304[0m 67.000 ms - -[0m
[0mGET /api/one-day/settings/194 [36m304[0m 62.238 ms - -[0m
[0mGET /api/one-day/settings/96 [36m304[0m 62.015 ms - -[0m
[0mGET /api/one-day/settings/70 [36m304[0m 64.162 ms - -[0m
[0mGET /api/one-day/settings/74 [36m304[0m 56.771 ms - -[0m
[0mGET /api/one-day/settings/161 [36m304[0m 57.201 ms - -[0m
[0mGET /api/one-day/settings/82 [36m304[0m 58.593 ms - -[0m
[0mGET /api/one-day/settings/79 [36m304[0m 59.620 ms - -[0m
[0mGET /api/one-day/settings/179 [36m304[0m 57.442 ms - -[0m
[0mGET /api/one-day/settings/237 [36m304[0m 59.289 ms - -[0m
[0mGET /api/one-day/settings/55 [36m304[0m 56.345 ms - -[0m
[0mGET /api/one-day/settings/59 [36m304[0m 58.991 ms - -[0m
[0mGET /api/one-day/settings/54 [36m304[0m 60.788 ms - -[0m
[0mGET /api/one-day/settings/85 [36m304[0m 62.026 ms - -[0m
[0mGET /api/one-day/settings/67 [36m304[0m 60.864 ms - -[0m
[0mGET /api/one-day/settings/72 [36m304[0m 60.423 ms - -[0m
[0mGET /api/one-day/settings/221 [36m304[0m 57.101 ms - -[0m
[0mGET /api/one-day/settings/110 [36m304[0m 81.815 ms - -[0m
[0mGET /api/one-day/settings/180 [36m304[0m 84.827 ms - -[0m
[0mGET /api/one-day/settings/247 [36m304[0m 85.503 ms - -[0m
[0mGET /api/one-day/settings/90 [36m304[0m 93.295 ms - -[0m
[0mGET /api/one-day/settings/255 [36m304[0m 91.210 ms - -[0m
[0mGET /api/one-day/settings/89 [36m304[0m 58.694 ms - -[0m
[0mGET /api/one-day/settings/231 [36m304[0m 59.050 ms - -[0m
[0mGET /api/one-day/settings/215 [36m304[0m 58.533 ms - -[0m
[0mGET /api/one-day/settings/103 [36m304[0m 58.248 ms - -[0m
[0mGET /api/one-day/settings/144 [36m304[0m 57.408 ms - -[0m
[0mGET /api/one-day/settings/61 [36m304[0m 60.791 ms - -[0m
[0mGET /api/one-day/settings/57 [36m304[0m 55.290 ms - -[0m
[0mGET /api/one-day/settings/261 [36m304[0m 58.002 ms - -[0m
[0mGET /api/one-day/settings/56 [36m304[0m 58.177 ms - -[0m
[0mGET /api/one-day/settings/151 [36m304[0m 60.329 ms - -[0m
[0mGET /api/one-day/settings/243 [36m304[0m 61.287 ms - -[0m
[0mGET /api/one-day/settings/207 [36m304[0m 60.700 ms - -[0m
[0mGET /api/one-day/settings/63 [36m304[0m 56.162 ms - -[0m
[0mGET /api/one-day/settings/88 [36m304[0m 55.010 ms - -[0m
[0mGET /api/one-day/settings/189 [36m304[0m 59.400 ms - -[0m
[0mGET /api/one-day/settings/252 [36m304[0m 57.319 ms - -[0m
[0mGET /api/one-day/settings/95 [36m304[0m 60.310 ms - -[0m
[0mGET /api/one-day/settings/241 [36m304[0m 65.559 ms - -[0m
[0mGET /api/one-day/settings/245 [36m304[0m 64.187 ms - -[0m
[0mGET /api/one-day/settings/230 [36m304[0m 56.095 ms - -[0m
[0mGET /api/one-day/settings/58 [36m304[0m 58.238 ms - -[0m
[0mGET /api/one-day/settings/248 [36m304[0m 55.803 ms - -[0m
[0mGET /api/one-day/settings/78 [36m304[0m 58.244 ms - -[0m
[0mGET /api/one-day/settings/80 [36m304[0m 57.075 ms - -[0m
[0mGET /api/one-day/settings/227 [36m304[0m 59.574 ms - -[0m
[0mGET /api/one-day/settings/150 [36m304[0m 60.737 ms - -[0m
[0mGET /api/one-day/settings/92 [36m304[0m 64.624 ms - -[0m
[0mGET /api/one-day/settings/175 [36m304[0m 65.769 ms - -[0m
[0mGET /api/one-day/settings/259 [36m304[0m 55.482 ms - -[0m
[0mGET /api/one-day/settings/251 [36m304[0m 56.502 ms - -[0m
[0mOPTIONS /api/one-day/settings/272 [32m204[0m 0.376 ms - 0[0m
[0mGET /api/one-day/settings/263 [36m304[0m 74.511 ms - -[0m
[0mOPTIONS /api/one-day/settings/273 [32m204[0m 0.386 ms - 0[0m
[0mOPTIONS /api/one-day/settings/276 [32m204[0m 0.212 ms - 0[0m
[0mOPTIONS /api/one-day/settings/277 [32m204[0m 0.211 ms - 0[0m
[0mOPTIONS /api/one-day/settings/278 [32m204[0m 0.205 ms - 0[0m
[0mOPTIONS /api/one-day/settings/280 [32m204[0m 0.229 ms - 0[0m
[0mOPTIONS /api/one-day/settings/283 [32m204[0m 0.407 ms - 0[0m
[0mOPTIONS /api/one-day/settings/287 [32m204[0m 0.225 ms - 0[0m
[0mOPTIONS /api/one-day/settings/289 [32m204[0m 0.241 ms - 0[0m
[0mGET /api/one-day/settings/266 [36m304[0m 56.412 ms - -[0m
[0mGET /api/one-day/settings/265 [36m304[0m 61.288 ms - -[0m
[0mGET /api/one-day/settings/264 [36m304[0m 64.047 ms - -[0m
[0mGET /api/one-day/settings/267 [36m304[0m 56.599 ms - -[0m
[0mGET /api/one-day/settings/270 [36m304[0m 75.128 ms - -[0m
[0mGET /api/one-day/settings/272 [36m304[0m 76.047 ms - -[0m
[0mGET /api/one-day/settings/273 [36m304[0m 61.916 ms - -[0m
[0mGET /api/one-day/settings/277 [36m304[0m 76.605 ms - -[0m
[0mGET /api/one-day/settings/276 [36m304[0m 78.829 ms - -[0m
[0mGET /api/one-day/settings/278 [36m304[0m 76.896 ms - -[0m
[0mGET /api/one-day/settings/280 [36m304[0m 74.408 ms - -[0m
[0mGET /api/one-day/settings/283 [36m304[0m 73.060 ms - -[0m
[0mGET /api/one-day/settings/287 [36m304[0m 66.250 ms - -[0m
[0mGET /api/one-day/settings/289 [36m304[0m 75.120 ms - -[0m
[0mOPTIONS /api/store/visit [32m204[0m 0.520 ms - 0[0m
[0mOPTIONS /api/store/list/57?currentLocation=13.028226429111397%2C78.91495947798515 [32m204[0m 1.951 ms - 0[0m
[0mOPTIONS /api/cart/list/396 [32m204[0m 0.257 ms - 0[0m
[0mOPTIONS /api/address/list/396 [32m204[0m 0.651 ms - 0[0m
[0mOPTIONS /api/store/product/getAllProductById/57?page=1&limit=20 [32m204[0m 0.250 ms - 0[0m
[0mOPTIONS /api/one-day/products/public/57 [32m204[0m 0.159 ms - 0[0m
[0mPOST /api/store/visit [32m201[0m 97.278 ms - 43[0m
[0mGET /api/cart/list/396 [36m304[0m 74.234 ms - -[0m
[0mGET /api/address/list/396 [36m304[0m 70.688 ms - -[0m
[0mGET /api/one-day/products/public/57 [36m304[0m 90.141 ms - -[0m
[0mGET /api/store/product/getAllProductById/57?page=1&limit=20 [36m304[0m 134.025 ms - -[0m
[0mOPTIONS /api/cart/list/null/608 [32m204[0m 0.239 ms - 0[0m
[0mGET /api/cart/list/null/608 [36m304[0m 79.525 ms - -[0m
[0mGET /api/store/list/57?currentLocation=13.028226429111397%2C78.91495947798515 [32m200[0m 318.861 ms - -[0m
[0mOPTIONS /api/cart/list/null/608 [32m204[0m 0.809 ms - 0[0m
[0mGET /api/cart/list/null/608 [36m304[0m 271.038 ms - -[0m
[0mGET /api/cart/list/null/608 [36m304[0m 55.155 ms - -[0m
[0mGET /api/cart/list/null/608 [36m304[0m 54.409 ms - -[0m
[0mOPTIONS /api/store/visit [32m204[0m 0.371 ms - 0[0m
[0mOPTIONS /api/store/product/getAllProductById/57?page=1&limit=20 [32m204[0m 0.188 ms - 0[0m
[0mPOST /api/store/visit [32m201[0m 115.882 ms - 43[0m
[0mGET /api/store/product/getAllProductById/57?page=1&limit=20 [36m304[0m 232.976 ms - -[0m
[0mOPTIONS /api/cart/list/null/608 [32m204[0m 0.716 ms - 0[0m
[0mGET /api/cart/list/null/608 [36m304[0m 69.454 ms - -[0m
[0mOPTIONS /api/cart/list/396/608 [32m204[0m 0.512 ms - 0[0m
[0mOPTIONS /api/productFeedback/list/608 [32m204[0m 0.327 ms - 0[0m
[0mGET /api/cart/list/396/608 [36m304[0m 296.190 ms - -[0m
[0mGET /api/productFeedback/list/608 [31m500[0m 677.477 ms - 104[0m
[0mOPTIONS /api/cart/create [32m204[0m 0.969 ms - 0[0m
[0mPOST /api/cart/create [32m201[0m 117.173 ms - 316[0m
[0mGET /api/cart/list/396/608 [32m200[0m 80.245 ms - 701[0m
[0mOPTIONS /api/cart/list/396 [32m204[0m 0.558 ms - 0[0m
[0mGET /api/cart/list/396 [32m200[0m 58.546 ms - 703[0m
[0mOPTIONS /api/store/public/by-ids [32m204[0m 0.449 ms - 0[0m
[0mPOST /api/store/public/by-ids [33m401[0m 4.993 ms - 107[0m
[0mOPTIONS /api/store/public/by-ids [32m204[0m 0.236 ms - 0[0m
[0mOPTIONS /api/one-day/products/public/57 [32m204[0m 0.193 ms - 0[0m
[0mPOST /api/store/public/by-ids [33m401[0m 1.743 ms - 107[0m
[0mGET /api/one-day/products/public/57 [36m304[0m 57.744 ms - -[0m
[0mOPTIONS /api/cart/list/396 [32m204[0m 0.731 ms - 0[0m
[0mGET /api/cart/list/396 [36m304[0m 62.573 ms - -[0m
[0mOPTIONS /api/auth/rootLogin [32m204[0m 0.725 ms - 0[0m
[0mPOST /api/auth/rootLogin [32m200[0m 499.985 ms - 753[0m
[0mOPTIONS /api/auth/user/122 [32m204[0m 0.646 ms - 0[0m
[0mOPTIONS /api/store/menu-permissions/57 [32m204[0m 1.479 ms - 0[0m
[0mOPTIONS /api/order/list/122 [32m204[0m 0.255 ms - 0[0m
[0mOPTIONS /api/store/product/admin/getAllProductById/57 [32m204[0m 0.211 ms - 0[0m
[0mOPTIONS /api/inventory/summary [32m204[0m 0.190 ms - 0[0m
[0mOPTIONS /api/inventory/inbound [32m204[0m 0.118 ms - 0[0m
[0mGET /api/order/list/122 [32m200[0m 160.787 ms - 26[0m
[0mGET /api/auth/user/122 [32m200[0m 399.374 ms - 579[0m
[0mGET /api/store/product/admin/getAllProductById/57 [32m200[0m 444.868 ms - -[0m
[0mGET /api/store/menu-permissions/57 [32m200[0m 549.104 ms - 226[0m
[0mGET /api/inventory/summary [32m200[0m 668.739 ms - 82[0m
[0mGET /api/inventory/inbound [32m200[0m 702.803 ms - -[0m
[0mOPTIONS /api/one-day/settings/57 [32m204[0m 0.294 ms - 0[0m
[0mGET /api/one-day/settings/57 [36m304[0m 58.631 ms - -[0m
[0mOPTIONS /api/one-day/products/57 [32m204[0m 0.248 ms - 0[0m
[0mOPTIONS /api/store/product/admin/getAllProductById/57 [32m204[0m 1.239 ms - 0[0m
[0mGET /api/one-day/products/57 [32m200[0m 275.332 ms - 26[0m
[0mGET /api/store/product/admin/getAllProductById/57 [36m304[0m 293.043 ms - -[0m
[0mOPTIONS /api/cart/list/122 [32m204[0m 0.634 ms - 0[0m
[0mOPTIONS /api/store/public/by-ids [32m204[0m 0.243 ms - 0[0m
[0mOPTIONS /api/address/list/122 [32m204[0m 0.076 ms - 0[0m
[0mPOST /api/store/public/by-ids [33m401[0m 1.011 ms - 107[0m
[0mOPTIONS /api/store/public/by-ids [32m204[0m 0.136 ms - 0[0m
[0mOPTIONS /api/one-day/products/public/57 [32m204[0m 0.156 ms - 0[0m
[0mPOST /api/store/public/by-ids [33m401[0m 2.977 ms - 107[0m
[0mOPTIONS /api/cart/list/122/608 [32m204[0m 0.307 ms - 0[0m
[0mGET /api/cart/list/122 [32m200[0m 272.899 ms - 26[0m
[0mGET /api/address/list/122 [33m404[0m 270.276 ms - 81[0m
[0mGET /api/cart/list/122/608 [32m200[0m 265.165 ms - 49[0m
[0mGET /api/one-day/products/public/57 [36m304[0m 268.122 ms - -[0m
[0mGET /api/address/list/122 [33m404[0m 54.181 ms - 81[0m
[0mGET /api/cart/list/122 [36m304[0m 56.090 ms - -[0m
[0mGET /api/address/list/122 [33m404[0m 54.082 ms - 81[0m
[0mGET /api/cart/list/122 [36m304[0m 56.951 ms - -[0m
[0mOPTIONS /api/address/list/122 [32m204[0m 1.447 ms - 0[0m
[0mOPTIONS /api/cart/list/122 [32m204[0m 0.246 ms - 0[0m
[0mGET /api/cart/list/122 [36m304[0m 53.228 ms - -[0m
[0mGET /api/address/list/122 [33m404[0m 56.635 ms - 81[0m
[0mGET /api/cart/list/122 [36m304[0m 58.291 ms - -[0m
[0mGET /api/address/list/122 [33m404[0m 64.234 ms - 81[0m
[0mOPTIONS /api/store/visit [32m204[0m 0.374 ms - 0[0m
[0mOPTIONS /api/address/list/122 [32m204[0m 1.526 ms - 0[0m
[0mOPTIONS /api/cart/list/122 [32m204[0m 0.187 ms - 0[0m
[0mOPTIONS /api/auth/user/122 [32m204[0m 0.159 ms - 0[0m
[0mOPTIONS /api/order/list/122 [32m204[0m 0.089 ms - 0[0m
[0mOPTIONS /api/store/product/getAllProductById/57?page=1&limit=20 [32m204[0m 0.114 ms - 0[0m
[0mGET /api/cart/list/122 [36m304[0m 280.334 ms - -[0m
[0mGET /api/address/list/122 [33m404[0m 281.576 ms - 81[0m
[0mGET /api/order/list/122 [36m304[0m 279.615 ms - -[0m
[0mPOST /api/store/visit [32m201[0m 345.919 ms - 43[0m
[0mPOST /api/store/visit [32m201[0m 348.376 ms - 43[0m
[0mGET /api/auth/user/122 [36m304[0m 338.768 ms - -[0m
[0mGET /api/store/product/getAllProductById/57?page=1&limit=20 [36m304[0m 60.262 ms - -[0m
[0mOPTIONS /api/cart/list/122/608 [32m204[0m 0.546 ms - 0[0m
[0mGET /api/cart/list/122/608 [36m304[0m 57.983 ms - -[0m
[0mOPTIONS /api/address/list/122 [32m204[0m 0.321 ms - 0[0m
[0mOPTIONS /api/cart/list/122 [32m204[0m 0.131 ms - 0[0m
[0mGET /api/address/list/122 [33m404[0m 82.285 ms - 81[0m
[0mGET /api/cart/list/122 [36m304[0m 81.719 ms - -[0m
[0mGET /api/cart/list/122 [36m304[0m 67.364 ms - -[0m
[0mGET /api/address/list/122 [33m404[0m 69.263 ms - 81[0m
[0mOPTIONS /api/address/list/122 [32m204[0m 0.340 ms - 0[0m
[0mOPTIONS /api/cart/list/122 [32m204[0m 0.263 ms - 0[0m
[0mGET /api/cart/list/122 [36m304[0m 55.387 ms - -[0m
[0mGET /api/address/list/122 [33m404[0m 60.091 ms - 81[0m
[0mGET /api/address/list/122 [33m404[0m 55.617 ms - 81[0m
[0mGET /api/cart/list/122 [36m304[0m 59.758 ms - -[0m
[0mOPTIONS /api/address/list/122 [32m204[0m 0.288 ms - 0[0m
[0mOPTIONS /api/cart/list/122 [32m204[0m 0.223 ms - 0[0m
[0mGET /api/address/list/122 [33m404[0m 53.704 ms - 81[0m
[0mGET /api/cart/list/122 [36m304[0m 56.975 ms - -[0m
[0mGET /api/cart/list/122 [36m304[0m 56.280 ms - -[0m
[0mGET /api/address/list/122 [33m404[0m 57.983 ms - 81[0m
[0mOPTIONS /api/address/list/122 [32m204[0m 0.302 ms - 0[0m
[0mOPTIONS /api/cart/list/122 [32m204[0m 0.275 ms - 0[0m
[0mGET /api/address/list/122 [33m404[0m 56.232 ms - 81[0m
[0mGET /api/cart/list/122 [36m304[0m 55.845 ms - -[0m
[0mOPTIONS /api/address/list/122 [32m204[0m 0.465 ms - 0[0m
[0mOPTIONS /api/cart/list/122 [32m204[0m 0.352 ms - 0[0m
[0mGET /api/address/list/122 [33m404[0m 284.372 ms - 81[0m
[0mGET /api/cart/list/122 [36m304[0m 287.303 ms - -[0m
[0mOPTIONS /api/address/list/122 [32m204[0m 0.219 ms - 0[0m
[0mOPTIONS /api/cart/list/122 [32m204[0m 0.158 ms - 0[0m
[0mGET /api/address/list/122 [33m404[0m 279.331 ms - 81[0m
[0mGET /api/cart/list/122 [36m304[0m 279.631 ms - -[0m
[0mOPTIONS /api/address/list/122 [32m204[0m 0.415 ms - 0[0m
[0mOPTIONS /api/cart/list/122 [32m204[0m 0.269 ms - 0[0m
[0mGET /api/address/list/122 [33m404[0m 57.390 ms - 81[0m
[0mGET /api/cart/list/122 [36m304[0m 57.711 ms - -[0m
[0mGET /api/address/list/122 [33m404[0m 58.848 ms - 81[0m
[0mGET /api/cart/list/122 [36m304[0m 58.275 ms - -[0m
[0mGET /api/cart/list/122 [36m304[0m 55.185 ms - -[0m
[0mGET /api/address/list/122 [33m404[0m 56.382 ms - 81[0m
[0mGET /api/cart/list/122 [36m304[0m 57.976 ms - -[0m
[0mGET /api/address/list/122 [33m404[0m 59.720 ms - 81[0m
[0mOPTIONS /api/address/list/122 [32m204[0m 0.272 ms - 0[0m
[0mOPTIONS /api/cart/list/122 [32m204[0m 0.147 ms - 0[0m
[0mGET /api/address/list/122 [33m404[0m 56.840 ms - 81[0m
[0mGET /api/cart/list/122 [36m304[0m 56.623 ms - -[0m
[0mOPTIONS /api/cart/list/122 [32m204[0m 1.035 ms - 0[0m
[0mGET /api/cart/list/122 [36m304[0m 294.899 ms - -[0m
[0mGET /api/cart/list/122 [36m304[0m 55.993 ms - -[0m
[0mOPTIONS /api/cart/create [32m204[0m 1.099 ms - 0[0m
[0mPOST /api/cart/create [32m201[0m 110.181 ms - 320[0m
[0mOPTIONS /api/cart/list/122/608 [32m204[0m 0.681 ms - 0[0m
[0mOPTIONS /api/cart/list/122 [32m204[0m 0.421 ms - 0[0m
[0mGET /api/cart/list/122/608 [32m200[0m 58.204 ms - 860[0m
[0mGET /api/cart/list/122 [32m200[0m 96.458 ms - 862[0m
[0mOPTIONS /api/store/public/by-ids [32m204[0m 0.410 ms - 0[0m
[0mOPTIONS /api/one-day/products/public/57 [32m204[0m 0.186 ms - 0[0m
[0mPOST /api/store/public/by-ids [33m401[0m 2.080 ms - 107[0m
[0mOPTIONS /api/store/public/by-ids [32m204[0m 0.241 ms - 0[0m
[0mOPTIONS /api/one-day/settings/57 [32m204[0m 0.262 ms - 0[0m
[0mPOST /api/store/public/by-ids [33m401[0m 1.825 ms - 107[0m
[0mGET /api/one-day/products/public/57 [36m304[0m 64.825 ms - -[0m
[0mGET /api/one-day/settings/57 [36m304[0m 117.234 ms - -[0m
[0mGET /api/cart/list/122 [36m304[0m 61.720 ms - -[0m
[0mOPTIONS /api/cart/list/122 [32m204[0m 1.085 ms - 0[0m
[0mGET /api/cart/list/122 [36m304[0m 312.533 ms - -[0m
