[0mOPTIONS /api/auth/rootLogin [32m204[0m 2.645 ms - 0[0m
[0mPOST /api/auth/rootLogin [32m200[0m 875.231 ms - 623[0m
[0mOPTIONS /api/auth/user/48 [32m204[0m 0.920 ms - 0[0m
[0mGET /api/auth/user/48 [32m200[0m 178.187 ms - 433[0m
[0mOPTIONS /api/inventory/summary [32m204[0m 0.705 ms - 0[0m
[0mOPTIONS /api/inventory/vendor-stats [32m204[0m 0.437 ms - 0[0m
[0mGET /api/inventory/summary [33m403[0m 130.332 ms - 90[0m
[0mGET /api/inventory/vendor-stats [33m403[0m 167.409 ms - 90[0m
[0mGET /api/inventory/vendor-stats [33m403[0m 80.534 ms - 90[0m
[0mGET /api/inventory/summary [33m403[0m 90.419 ms - 90[0m
[0mOPTIONS /api/auth/user/getAllUserList [32m204[0m 0.835 ms - 0[0m
[0mOPTIONS /api/auth/user/48 [32m204[0m 0.476 ms - 0[0m
[0mGET /api/auth/user/getAllUserList [32m200[0m 139.830 ms - -[0m
[0mGET /api/auth/user/48 [36m304[0m 151.648 ms - -[0m
[0mOPTIONS /api/inventory/clients [32m204[0m 0.372 ms - 0[0m
[0mGET /api/inventory/clients [33m403[0m 75.225 ms - 90[0m
[0mOPTIONS /api/inventory/clients [32m204[0m 1.219 ms - 0[0m
[0mGET /api/inventory/clients [33m403[0m 82.575 ms - 90[0m
[0mOPTIONS /api/auth/rootLogin [32m204[0m 1.297 ms - 0[0m
[0mPOST /api/auth/rootLogin [32m200[0m 217.909 ms - 639[0m
[0mOPTIONS /api/auth/user/119 [32m204[0m 2.238 ms - 0[0m
[0mOPTIONS /api/order/list/119 [32m204[0m 0.257 ms - 0[0m
[0mOPTIONS /api/store/product/admin/getAllProductById/55 [32m204[0m 0.099 ms - 0[0m
[0mGET /api/order/list/119 [0m-[0m - ms - -[0m
[0mGET /api/store/product/admin/getAllProductById/55 [0m-[0m - ms - -[0m
[0mGET /api/auth/user/119 [0m-[0m - ms - -[0m
[0mGET /api/order/list/119 [32m200[0m 95.681 ms - 36[0m
[0mGET /api/auth/user/119 [32m200[0m 178.116 ms - -[0m
[0mGET /api/store/product/admin/getAllProductById/55 [32m200[0m 226.831 ms - -[0m
[0mOPTIONS /api/inventory/summary [32m204[0m 1.279 ms - 0[0m
[0mOPTIONS /api/inventory/vendor-stats [32m204[0m 0.163 ms - 0[0m
[0mOPTIONS /api/inventory/inbound?startDate=2025-01-08&endDate=2026-01-09 [32m204[0m 0.275 ms - 0[0m
[0mOPTIONS /api/inventory/outbound?startDate=2025-01-08&endDate=2026-01-09 [32m204[0m 0.212 ms - 0[0m
[0mOPTIONS /api/billing/getByStoreId/55 [32m204[0m 0.143 ms - 0[0m
[0mGET /api/inventory/inbound?startDate=2025-01-08&endDate=2026-01-09 [32m200[0m 270.173 ms - -[0m
[0mGET /api/inventory/outbound?startDate=2025-01-08&endDate=2026-01-09 [32m200[0m 272.516 ms - 26[0m
[0mGET /api/billing/getByStoreId/55 [36m304[0m 276.429 ms - -[0m
[0mGET /api/inventory/summary [32m200[0m 413.674 ms - 84[0m
[0mGET /api/inventory/vendor-stats [32m200[0m 457.238 ms - -[0m
[0mOPTIONS /api/inventory/inbound [32m204[0m 0.497 ms - 0[0m
[0mOPTIONS /api/inventory/products [32m204[0m 0.586 ms - 0[0m
[0mOPTIONS /api/inventory/clients [32m204[0m 0.267 ms - 0[0m
[0mGET /api/inventory/clients [32m200[0m 139.851 ms - 857[0m
[0mGET /api/inventory/inbound [36m304[0m 145.430 ms - -[0m
[0mGET /api/inventory/products [36m304[0m 142.885 ms - -[0m
[0mOPTIONS /api/auth/user/119 [32m204[0m 0.572 ms - 0[0m
[0mOPTIONS /api/store/product/admin/getAllProductById/55 [32m204[0m 0.361 ms - 0[0m
[0mGET /api/auth/user/119 [36m304[0m 190.569 ms - -[0m
[0mGET /api/store/product/admin/getAllProductById/55 [36m304[0m 222.869 ms - -[0m
[0mOPTIONS /api/auth/user/getAllUserList [32m204[0m 0.408 ms - 0[0m
[0mGET /api/https://pub-5622c42961cc4ef29b17f85c86ab7834.r2.dev/55/favicon.png.png [33m404[0m 49.826 ms - 57[0m
[0mGET /api/auth/user/getAllUserList [33m403[0m 89.982 ms - 91[0m
[0mGET /api/auth/user/getAllUserList [33m403[0m 88.145 ms - 91[0m
[0mGET /api/https://pub-5622c42961cc4ef29b17f85c86ab7834.r2.dev/55/favicon.png.png [33m404[0m 50.793 ms - 57[0m
[0mGET /api/auth/user/getAllUserList [33m403[0m 95.618 ms - 91[0m
[0mOPTIONS /api/store/product/admin/getAllProductById/55 [32m204[0m 0.524 ms - 0[0m
[0mGET /api/store/product/admin/getAllProductById/55 [36m304[0m 176.428 ms - -[0m
[0mOPTIONS /api/inventory/inbound [32m204[0m 0.429 ms - 0[0m
[0mGET /api/inventory/inbound [36m304[0m 135.110 ms - -[0m
[0mOPTIONS /api/inventory/summary [32m204[0m 0.652 ms - 0[0m
[0mOPTIONS /api/inventory/vendor-stats [32m204[0m 0.365 ms - 0[0m
[0mOPTIONS /api/inventory/inbound?startDate=2025-01-08&endDate=2026-01-09 [32m204[0m 0.309 ms - 0[0m
[0mOPTIONS /api/inventory/outbound?startDate=2025-01-08&endDate=2026-01-09 [32m204[0m 0.172 ms - 0[0m
[0mOPTIONS /api/billing/getByStoreId/55 [32m204[0m 0.250 ms - 0[0m
[0mGET /api/inventory/outbound?startDate=2025-01-08&endDate=2026-01-09 [36m304[0m 126.569 ms - -[0m
[0mGET /api/billing/getByStoreId/55 [36m304[0m 120.830 ms - -[0m
[0mGET /api/inventory/inbound?startDate=2025-01-08&endDate=2026-01-09 [36m304[0m 138.330 ms - -[0m
[0mGET /api/inventory/summary [36m304[0m 289.538 ms - -[0m
[0mGET /api/inventory/vendor-stats [36m304[0m 340.622 ms - -[0m
[0mOPTIONS /api/inventory/inbound?startDate=2025-10-16&endDate=2026-01-09 [32m204[0m 0.572 ms - 0[0m
[0mOPTIONS /api/inventory/outbound?startDate=2025-10-16&endDate=2026-01-09 [32m204[0m 0.569 ms - 0[0m
[0mGET /api/inventory/outbound?startDate=2025-10-16&endDate=2026-01-09 [32m200[0m 163.734 ms - 26[0m
[0mGET /api/inventory/inbound?startDate=2025-10-16&endDate=2026-01-09 [32m200[0m 163.157 ms - -[0m
[0mOPTIONS /api/inventory/inbound?startDate=2025-12-09&endDate=2026-01-09 [32m204[0m 0.734 ms - 0[0m
[0mOPTIONS /api/inventory/outbound?startDate=2025-12-09&endDate=2026-01-09 [32m204[0m 0.383 ms - 0[0m
[0mGET /api/inventory/outbound?startDate=2025-12-09&endDate=2026-01-09 [32m200[0m 142.278 ms - 26[0m
[0mGET /api/inventory/inbound?startDate=2025-12-09&endDate=2026-01-09 [32m200[0m 150.526 ms - -[0m
[0mOPTIONS /api/order/store/list/55 [32m204[0m 0.437 ms - 0[0m
[0mOPTIONS /api/order/list [32m204[0m 0.291 ms - 0[0m
[0mGET /api/order/list [33m403[0m 87.265 ms - 91[0m
[0mGET /api/order/store/list/55 [32m200[0m 93.590 ms - -[0m
[0mGET /api/order/list [33m403[0m 89.666 ms - 91[0m
[0mGET /api/order/list [33m403[0m 88.825 ms - 91[0m
[0mOPTIONS /api/auth/user/getAllUserList [32m204[0m 1.265 ms - 0[0m
[0mGET /api/auth/user/getAllUserList [33m403[0m 106.039 ms - 91[0m
[0mGET /api/https://pub-5622c42961cc4ef29b17f85c86ab7834.r2.dev/55/favicon.png.png [33m404[0m 50.862 ms - 57[0m
[0mGET /api/auth/user/getAllUserList [33m403[0m 96.168 ms - 91[0m
[0mOPTIONS /api/store/product/admin/getAllProductById/55 [32m204[0m 0.438 ms - 0[0m
[0mGET /api/store/product/admin/getAllProductById/55 [36m304[0m 172.452 ms - -[0m
[0mOPTIONS /api/inventory/inbound [32m204[0m 0.365 ms - 0[0m
[0mGET /api/inventory/inbound [36m304[0m 127.530 ms - -[0m
[0mOPTIONS /api/inventory/summary [32m204[0m 0.555 ms - 0[0m
[0mOPTIONS /api/inventory/vendor-stats [32m204[0m 0.238 ms - 0[0m
[0mOPTIONS /api/inventory/inbound?startDate=2025-01-08&endDate=2026-01-09 [32m204[0m 0.293 ms - 0[0m
[0mOPTIONS /api/inventory/outbound?startDate=2025-01-08&endDate=2026-01-09 [32m204[0m 0.298 ms - 0[0m
[0mOPTIONS /api/billing/getByStoreId/55 [32m204[0m 0.710 ms - 0[0m
[0mGET /api/inventory/outbound?startDate=2025-01-08&endDate=2026-01-09 [36m304[0m 210.944 ms - -[0m
[0mGET /api/inventory/inbound?startDate=2025-01-08&endDate=2026-01-09 [36m304[0m 229.896 ms - -[0m
[0mGET /api/billing/getByStoreId/55 [36m304[0m 224.984 ms - -[0m
[0mGET /api/inventory/summary [36m304[0m 388.386 ms - -[0m
[0mGET /api/inventory/vendor-stats [36m304[0m 436.019 ms - -[0m
[0mGET /api/auth/user/getAllUserList [33m403[0m 92.117 ms - 91[0m
[0mOPTIONS /api/auth/user/getAllUserList [32m204[0m 0.756 ms - 0[0m
[0mGET /api/https://pub-5622c42961cc4ef29b17f85c86ab7834.r2.dev/55/favicon.png.png [33m404[0m 54.600 ms - 57[0m
[0mGET /api/auth/user/getAllUserList [33m403[0m 94.084 ms - 91[0m
[0mGET /api/store/product/admin/getAllProductById/55 [36m304[0m 215.964 ms - -[0m
[0mGET /api/inventory/inbound [36m304[0m 129.467 ms - -[0m
[0mOPTIONS /api/inventory/summary [32m204[0m 0.761 ms - 0[0m
[0mOPTIONS /api/inventory/vendor-stats [32m204[0m 0.286 ms - 0[0m
[0mOPTIONS /api/inventory/inbound?startDate=2025-01-08&endDate=2026-01-09 [32m204[0m 0.229 ms - 0[0m
[0mOPTIONS /api/inventory/outbound?startDate=2025-01-08&endDate=2026-01-09 [32m204[0m 0.517 ms - 0[0m
[0mOPTIONS /api/billing/getByStoreId/55 [32m204[0m 1.505 ms - 0[0m
[0mGET /api/inventory/outbound?startDate=2025-01-08&endDate=2026-01-09 [36m304[0m 108.273 ms - -[0m
[0mGET /api/inventory/inbound?startDate=2025-01-08&endDate=2026-01-09 [36m304[0m 123.369 ms - -[0m
[0mGET /api/billing/getByStoreId/55 [36m304[0m 128.126 ms - -[0m
[0mGET /api/inventory/summary [36m304[0m 309.539 ms - -[0m
[0mGET /api/inventory/vendor-stats [36m304[0m 361.758 ms - -[0m
[0mOPTIONS /api/auth/user/getAllUserList [32m204[0m 0.562 ms - 0[0m
[0mGET /api/auth/user/getAllUserList [33m403[0m 88.350 ms - 91[0m
[0mGET /api/inventory/outbound?startDate=2025-01-08&endDate=2026-01-09 [36m304[0m 123.832 ms - -[0m
[0mGET /api/billing/getByStoreId/55 [36m304[0m 123.181 ms - -[0m
[0mGET /api/inventory/inbound?startDate=2025-01-08&endDate=2026-01-09 [36m304[0m 142.748 ms - -[0m
[0mGET /api/inventory/summary [36m304[0m 252.545 ms - -[0m
[0mGET /api/inventory/vendor-stats [36m304[0m 345.795 ms - -[0m
[0mOPTIONS /api/inventory/inbound [32m204[0m 0.659 ms - 0[0m
[0mGET /api/inventory/inbound [36m304[0m 128.720 ms - -[0m
[0mOPTIONS /api/inventory/summary [32m204[0m 0.486 ms - 0[0m
[0mOPTIONS /api/inventory/vendor-stats [32m204[0m 0.209 ms - 0[0m
[0mOPTIONS /api/inventory/inbound?startDate=2025-01-08&endDate=2026-01-09 [32m204[0m 0.172 ms - 0[0m
[0mOPTIONS /api/inventory/outbound?startDate=2025-01-08&endDate=2026-01-09 [32m204[0m 0.243 ms - 0[0m
[0mOPTIONS /api/billing/getByStoreId/55 [32m204[0m 0.274 ms - 0[0m
[0mGET /api/inventory/outbound?startDate=2025-01-08&endDate=2026-01-09 [36m304[0m 108.163 ms - -[0m
[0mGET /api/inventory/inbound?startDate=2025-01-08&endDate=2026-01-09 [36m304[0m 133.053 ms - -[0m
[0mGET /api/billing/getByStoreId/55 [36m304[0m 134.749 ms - -[0m
[0mGET /api/inventory/vendor-stats [36m304[0m 278.499 ms - -[0m
[0mGET /api/inventory/summary [36m304[0m 298.704 ms - -[0m
[0mOPTIONS /api/auth/user/getAllUserList [32m204[0m 0.319 ms - 0[0m
[0mGET /api/auth/user/getAllUserList [33m403[0m 86.884 ms - 91[0m
[0mGET /api/https://pub-5622c42961cc4ef29b17f85c86ab7834.r2.dev/55/favicon.png.png [33m404[0m 38.720 ms - 57[0m
[0mGET /api/auth/user/getAllUserList [33m403[0m 97.633 ms - 91[0m
[0mOPTIONS /api/auth/user/119 [32m204[0m 2.411 ms - 0[0m
[0mGET /api/auth/user/119 [33m401[0m 49.557 ms - 995[0m
[0mOPTIONS /api/inventory/summary [32m204[0m 1.990 ms - 0[0m
[0mOPTIONS /api/inventory/vendor-stats [32m204[0m 0.580 ms - 0[0m
[0mOPTIONS /api/inventory/inbound?startDate=2025-01-08&endDate=2026-01-09 [32m204[0m 0.447 ms - 0[0m
[0mOPTIONS /api/inventory/outbound?startDate=2025-01-08&endDate=2026-01-09 [32m204[0m 0.211 ms - 0[0m
[0mOPTIONS /api/billing/getByStoreId/55 [32m204[0m 0.123 ms - 0[0m
[0mGET /api/inventory/outbound?startDate=2025-01-08&endDate=2026-01-09 [36m304[0m 840.518 ms - -[0m
[0mGET /api/inventory/inbound?startDate=2025-01-08&endDate=2026-01-09 [36m304[0m 866.514 ms - -[0m
[0mGET /api/billing/getByStoreId/55 [36m304[0m 889.182 ms - -[0m
[0mGET /api/inventory/summary [36m304[0m 1139.331 ms - -[0m
[0mGET /api/inventory/vendor-stats [36m304[0m 1245.526 ms - -[0m
[0mOPTIONS /api/auth/user/getAllUserList [32m204[0m 2.760 ms - 0[0m
[0mOPTIONS /api/auth/user/119 [32m204[0m 0.682 ms - 0[0m
[0mGET /api/auth/user/getAllUserList [33m403[0m 440.678 ms - 91[0m
[0mOPTIONS /api/inventory/clients [32m204[0m 0.390 ms - 0[0m
[0mGET /api/auth/user/119 [36m304[0m 792.523 ms - -[0m
[0mGET /api/auth/user/getAllUserList [33m403[0m 242.076 ms - 91[0m
[0mGET /api/inventory/clients [36m304[0m 280.526 ms - -[0m
[0mGET /api/https://pub-5622c42961cc4ef29b17f85c86ab7834.r2.dev/55/favicon.png.png [33m404[0m 117.954 ms - 57[0m
[0mOPTIONS /api/store/product/admin/getAllProductById/55 [32m204[0m 0.336 ms - 0[0m
[0mGET /api/store/product/admin/getAllProductById/55 [36m304[0m 604.558 ms - -[0m
[0mOPTIONS /api/inventory/inbound [32m204[0m 0.427 ms - 0[0m
[0mOPTIONS /api/inventory/products [32m204[0m 0.190 ms - 0[0m
[0mGET /api/inventory/products [36m304[0m 314.484 ms - -[0m
[0mGET /api/inventory/inbound [36m304[0m 335.223 ms - -[0m
[0mOPTIONS /api/inventory/summary [32m204[0m 0.457 ms - 0[0m
[0mOPTIONS /api/inventory/vendor-stats [32m204[0m 0.232 ms - 0[0m
[0mOPTIONS /api/inventory/inbound?startDate=2025-01-08&endDate=2026-01-09 [32m204[0m 0.199 ms - 0[0m
[0mOPTIONS /api/inventory/outbound?startDate=2025-01-08&endDate=2026-01-09 [32m204[0m 0.205 ms - 0[0m
[0mOPTIONS /api/billing/getByStoreId/55 [32m204[0m 0.402 ms - 0[0m
[0mGET /api/inventory/inbound?startDate=2025-01-08&endDate=2026-01-09 [36m304[0m 459.399 ms - -[0m
[0mGET /api/inventory/outbound?startDate=2025-01-08&endDate=2026-01-09 [36m304[0m 584.656 ms - -[0m
[0mGET /api/billing/getByStoreId/55 [36m304[0m 594.470 ms - -[0m
[0mGET /api/inventory/summary [36m304[0m 1060.825 ms - -[0m
[0mGET /api/inventory/vendor-stats [36m304[0m 1184.545 ms - -[0m
[0mOPTIONS /api/inventory/summary [32m204[0m 3.875 ms - 0[0m
[0mOPTIONS /api/inventory/vendor-stats [32m204[0m 0.962 ms - 0[0m
[0mOPTIONS /api/inventory/inbound?startDate=2025-01-08&endDate=2026-01-09 [32m204[0m 0.317 ms - 0[0m
[0mOPTIONS /api/inventory/outbound?startDate=2025-01-08&endDate=2026-01-09 [32m204[0m 0.178 ms - 0[0m
[0mOPTIONS /api/billing/getByStoreId/55 [32m204[0m 0.415 ms - 0[0m
[0mGET /api/inventory/inbound?startDate=2025-01-08&endDate=2026-01-09 [36m304[0m 681.860 ms - -[0m
[0mGET /api/inventory/outbound?startDate=2025-01-08&endDate=2026-01-09 [36m304[0m 677.667 ms - -[0m
[0mGET /api/billing/getByStoreId/55 [36m304[0m 706.565 ms - -[0m
[0mGET /api/inventory/summary [36m304[0m 927.531 ms - -[0m
[0mGET /api/inventory/vendor-stats [36m304[0m 1090.343 ms - -[0m
[0mOPTIONS /api/auth/user/getAllUserList [32m204[0m 0.519 ms - 0[0m
[0mOPTIONS /api/auth/user/119 [32m204[0m 0.246 ms - 0[0m
[0mGET /api/auth/user/getAllUserList [33m403[0m 181.829 ms - 91[0m
[0mGET /api/auth/user/119 [36m304[0m 347.787 ms - -[0m
[0mOPTIONS /api/inventory/clients [32m204[0m 0.582 ms - 0[0m
[0mGET /api/auth/user/getAllUserList [33m403[0m 165.795 ms - 91[0m
[0mGET /api/inventory/clients [36m304[0m 283.632 ms - -[0m
[0mGET /api/https://pub-5622c42961cc4ef29b17f85c86ab7834.r2.dev/55/favicon.png.png [33m404[0m 80.963 ms - 57[0m
[0mOPTIONS /api/store/product/admin/getAllProductById/55 [32m204[0m 0.481 ms - 0[0m
[0mGET /api/store/product/admin/getAllProductById/55 [36m304[0m 444.295 ms - -[0m
[0mOPTIONS /api/inventory/inbound [32m204[0m 8.869 ms - 0[0m
[0mOPTIONS /api/inventory/products [32m204[0m 0.443 ms - 0[0m
[0mGET /api/inventory/inbound [36m304[0m 399.842 ms - -[0m
[0mGET /api/inventory/products [36m304[0m 452.441 ms - -[0m
[0mOPTIONS /api/inventory/summary [32m204[0m 0.659 ms - 0[0m
[0mOPTIONS /api/inventory/vendor-stats [32m204[0m 0.471 ms - 0[0m
[0mOPTIONS /api/inventory/inbound?startDate=2025-01-08&endDate=2026-01-09 [32m204[0m 0.440 ms - 0[0m
[0mOPTIONS /api/inventory/outbound?startDate=2025-01-08&endDate=2026-01-09 [32m204[0m 0.405 ms - 0[0m
[0mOPTIONS /api/billing/getByStoreId/55 [32m204[0m 0.286 ms - 0[0m
[0mGET /api/inventory/outbound?startDate=2025-01-08&endDate=2026-01-09 [36m304[0m 247.472 ms - -[0m
[0mGET /api/billing/getByStoreId/55 [36m304[0m 265.011 ms - -[0m
[0mGET /api/inventory/inbound?startDate=2025-01-08&endDate=2026-01-09 [36m304[0m 272.091 ms - -[0m
[0mGET /api/inventory/summary [36m304[0m 573.279 ms - -[0m
[0mGET /api/inventory/vendor-stats [36m304[0m 598.770 ms - -[0m
[0mOPTIONS /api/store/list/55 [32m204[0m 0.252 ms - 0[0m
[0mOPTIONS /api/store/product/admin/getAllProductById/55 [32m204[0m 0.165 ms - 0[0m
[0mGET /api/store/list/55 [36m304[0m 88.633 ms - -[0m
[0mGET /api/store/product/admin/getAllProductById/55 [36m304[0m 379.380 ms - -[0m
[0mOPTIONS /api/auth/user/getAllUserList [32m204[0m 0.471 ms - 0[0m
[0mGET /api/auth/user/getAllUserList [33m403[0m 166.401 ms - 91[0m
[0mOPTIONS /api/store/product/admin/getAllProductById/55 [32m204[0m 0.346 ms - 0[0m
[0mGET /api/store/product/admin/getAllProductById/55 [36m304[0m 352.519 ms - -[0m
[0mOPTIONS /api/inventory/inbound [32m204[0m 0.422 ms - 0[0m
[0mGET /api/inventory/inbound [36m304[0m 237.669 ms - -[0m
[0mOPTIONS /api/store/product/admin/getAllProductById/55 [32m204[0m 0.468 ms - 0[0m
[0mGET /api/store/product/admin/getAllProductById/55 [36m304[0m 274.019 ms - -[0m
[0mOPTIONS /api/inventory/inbound [32m204[0m 0.332 ms - 0[0m
[0mGET /api/inventory/inbound [36m304[0m 284.817 ms - -[0m
[0mOPTIONS /api/inventory/summary [32m204[0m 0.645 ms - 0[0m
[0mOPTIONS /api/inventory/vendor-stats [32m204[0m 0.187 ms - 0[0m
[0mOPTIONS /api/inventory/inbound?startDate=2025-01-08&endDate=2026-01-09 [32m204[0m 0.214 ms - 0[0m
[0mOPTIONS /api/inventory/outbound?startDate=2025-01-08&endDate=2026-01-09 [32m204[0m 0.178 ms - 0[0m
[0mOPTIONS /api/billing/getByStoreId/55 [32m204[0m 0.216 ms - 0[0m
[0mGET /api/inventory/inbound?startDate=2025-01-08&endDate=2026-01-09 [36m304[0m 468.943 ms - -[0m
[0mGET /api/inventory/outbound?startDate=2025-01-08&endDate=2026-01-09 [36m304[0m 466.034 ms - -[0m
[0mGET /api/billing/getByStoreId/55 [36m304[0m 504.105 ms - -[0m
[0mGET /api/inventory/summary [36m304[0m 735.437 ms - -[0m
[0mGET /api/inventory/vendor-stats [36m304[0m 809.810 ms - -[0m
[0mOPTIONS /api/store/product/admin/getAllProductById/55 [32m204[0m 0.440 ms - 0[0m
[0mGET /api/store/product/admin/getAllProductById/55 [36m304[0m 326.301 ms - -[0m
[0mOPTIONS /api/inventory/inbound [32m204[0m 0.446 ms - 0[0m
[0mGET /api/inventory/inbound [36m304[0m 220.085 ms - -[0m
[0mGET /api/store/product/admin/getAllProductById/55 [36m304[0m 266.496 ms - -[0m
[0mOPTIONS /api/store/list/55 [32m204[0m 2.877 ms - 0[0m
[0mOPTIONS /api/store/product/admin/getAllProductById/55 [32m204[0m 0.519 ms - 0[0m
[0mGET /api/store/list/55 [36m304[0m 110.411 ms - -[0m
[0mGET /api/store/product/admin/getAllProductById/55 [36m304[0m 506.522 ms - -[0m
[0mOPTIONS /api/category/getAllCategory [32m204[0m 0.310 ms - 0[0m
[0mOPTIONS /api/store/product/admin/getAllProductById/55 [32m204[0m 0.112 ms - 0[0m
[0mOPTIONS /api/product/getProductById/511 [32m204[0m 0.121 ms - 0[0m
[0mGET /api/product/getProductById/511 [31m500[0m 4.127 ms - 63[0m
[0mGET /api/category/getAllCategory [32m200[0m 179.764 ms - -[0m
[0mGET /api/store/product/admin/getAllProductById/55 [36m304[0m 409.440 ms - -[0m
[0mOPTIONS /api/store/list/55 [32m204[0m 0.930 ms - 0[0m
[0mOPTIONS /api/store/product/admin/getAllProductById/55 [32m204[0m 2.252 ms - 0[0m
[0mGET /api/store/list/55 [36m304[0m 95.711 ms - -[0m
[0mGET /api/store/product/admin/getAllProductById/55 [36m304[0m 488.633 ms - -[0m
[0mGET /api/store/product/admin/getAllProductById/55 [36m304[0m 721.037 ms - -[0m
[0mOPTIONS /api/store/list/55 [32m204[0m 0.416 ms - 0[0m
[0mOPTIONS /api/store/product/admin/getAllProductById/55 [32m204[0m 0.671 ms - 0[0m
[0mGET /api/store/list/55 [36m304[0m 90.197 ms - -[0m
[0mGET /api/store/product/admin/getAllProductById/55 [36m304[0m 466.144 ms - -[0m
[0mOPTIONS /api/category/getAllCategory [32m204[0m 0.339 ms - 0[0m
[0mGET /api/category/getAllCategory [36m304[0m 98.415 ms - -[0m
[0mOPTIONS /api/store/list/55 [32m204[0m 18.425 ms - 0[0m
[0mOPTIONS /api/store/product/admin/getAllProductById/55 [32m204[0m 1.206 ms - 0[0m
[0mGET /api/store/list/55 [36m304[0m 156.081 ms - -[0m
[0mGET /api/store/product/admin/getAllProductById/55 [36m304[0m 569.111 ms - -[0m
[0mOPTIONS /api/auth/user/getAllUserList [32m204[0m 0.788 ms - 0[0m
[0mOPTIONS /api/auth/user/119 [32m204[0m 0.193 ms - 0[0m
[0mGET /api/auth/user/getAllUserList [33m403[0m 147.926 ms - 91[0m
[0mGET /api/auth/user/119 [36m304[0m 320.930 ms - -[0m
[0mOPTIONS /api/inventory/clients [32m204[0m 0.763 ms - 0[0m
[0mGET /api/auth/user/getAllUserList [33m403[0m 184.595 ms - 91[0m
[0mGET /api/inventory/clients [36m304[0m 289.990 ms - -[0m
[0mGET /api/https://pub-5622c42961cc4ef29b17f85c86ab7834.r2.dev/55/favicon.png.png [33m404[0m 100.773 ms - 57[0m
[0mOPTIONS /api/store/product/admin/getAllProductById/55 [32m204[0m 0.474 ms - 0[0m
[0mGET /api/store/product/admin/getAllProductById/55 [36m304[0m 306.541 ms - -[0m
[0mOPTIONS /api/inventory/inbound [32m204[0m 0.647 ms - 0[0m
[0mOPTIONS /api/inventory/products [32m204[0m 0.495 ms - 0[0m
[0mGET /api/inventory/inbound [36m304[0m 374.276 ms - -[0m
[0mGET /api/inventory/products [36m304[0m 614.461 ms - -[0m
[0mOPTIONS /api/inventory/summary [32m204[0m 0.706 ms - 0[0m
[0mOPTIONS /api/inventory/vendor-stats [32m204[0m 0.413 ms - 0[0m
[0mOPTIONS /api/billing/getByStoreId/55 [32m204[0m 0.494 ms - 0[0m
[0mOPTIONS /api/inventory/inbound?startDate=2025-01-08&endDate=2026-01-09 [32m204[0m 0.191 ms - 0[0m
[0mOPTIONS /api/inventory/outbound?startDate=2025-01-08&endDate=2026-01-09 [32m204[0m 0.543 ms - 0[0m
[0mGET /api/inventory/inbound?startDate=2025-01-08&endDate=2026-01-09 [36m304[0m 338.175 ms - -[0m
[0mGET /api/billing/getByStoreId/55 [36m304[0m 408.047 ms - -[0m
[0mGET /api/inventory/outbound?startDate=2025-01-08&endDate=2026-01-09 [36m304[0m 408.808 ms - -[0m
[0mGET /api/inventory/summary [36m304[0m 646.213 ms - -[0m
[0mGET /api/inventory/vendor-stats [36m304[0m 752.750 ms - -[0m
[0mOPTIONS /api/inventory/inbound?startDate=2025-07-08&endDate=2026-01-09 [32m204[0m 0.675 ms - 0[0m
[0mOPTIONS /api/inventory/outbound?startDate=2025-07-08&endDate=2026-01-09 [32m204[0m 11.066 ms - 0[0m
[0mGET /api/inventory/inbound?startDate=2025-07-08&endDate=2026-01-09 [32m200[0m 482.925 ms - -[0m
[0mGET /api/inventory/outbound?startDate=2025-07-08&endDate=2026-01-09 [32m200[0m 483.360 ms - 26[0m
[0mOPTIONS /api/inventory/inbound?startDate=2025-12-09&endDate=2026-01-09 [32m204[0m 0.427 ms - 0[0m
[0mOPTIONS /api/inventory/outbound?startDate=2025-12-09&endDate=2026-01-09 [32m204[0m 0.196 ms - 0[0m
[0mGET /api/inventory/outbound?startDate=2025-12-09&endDate=2026-01-09 [36m304[0m 279.383 ms - -[0m
[0mGET /api/inventory/inbound?startDate=2025-12-09&endDate=2026-01-09 [36m304[0m 291.176 ms - -[0m
[0mOPTIONS /api/auth/rootLogin [32m204[0m 0.419 ms - 0[0m
[0mPOST /api/auth/rootLogin [32m200[0m 291.874 ms - 639[0m
[0mOPTIONS /api/auth/user/119 [32m204[0m 6.699 ms - 0[0m
[0mOPTIONS /api/order/list/119 [32m204[0m 0.531 ms - 0[0m
[0mOPTIONS /api/store/product/admin/getAllProductById/55 [32m204[0m 0.299 ms - 0[0m
[0mGET /api/order/list/119 [36m304[0m 347.786 ms - -[0m
[0mGET /api/auth/user/119 [36m304[0m 491.239 ms - -[0m
[0mGET /api/store/product/admin/getAllProductById/55 [36m304[0m 575.122 ms - -[0m
[0mOPTIONS /api/billing/getByStoreId/55 [32m204[0m 0.300 ms - 0[0m
[0mGET /api/billing/getByStoreId/55 [36m304[0m 290.754 ms - -[0m
[0mOPTIONS /api/store/product/admin/getAllProductById/55 [32m204[0m 0.328 ms - 0[0m
[0mGET /api/store/product/admin/getAllProductById/55 [36m304[0m 424.106 ms - -[0m
[0mOPTIONS /api/store/list/55 [32m204[0m 0.607 ms - 0[0m
[0mOPTIONS /api/store/product/admin/getAllProductById/55 [32m204[0m 0.245 ms - 0[0m
[0mGET /api/store/list/55 [36m304[0m 106.107 ms - -[0m
[0mGET /api/store/product/admin/getAllProductById/55 [36m304[0m 330.489 ms - -[0m
[0mOPTIONS /api/category/getAllCategory [32m204[0m 0.634 ms - 0[0m
[0mOPTIONS /api/product/getProductById/418 [32m204[0m 0.468 ms - 0[0m
[0mGET /api/product/getProductById/418 [31m500[0m 3.321 ms - 63[0m
[0mGET /api/category/getAllCategory [36m304[0m 78.457 ms - -[0m
[0mGET /api/store/product/admin/getAllProductById/55 [36m304[0m 321.557 ms - -[0m
[0mOPTIONS /api/billing/getByStoreId/55 [32m204[0m 0.404 ms - 0[0m
[0mGET /api/billing/getByStoreId/55 [36m304[0m 250.270 ms - -[0m
[0mOPTIONS /api/billing/getById/33 [32m204[0m 0.336 ms - 0[0m
[0mOPTIONS /api/store/list/55 [32m204[0m 0.148 ms - 0[0m
[0mGET /api/store/list/55 [36m304[0m 108.744 ms - -[0m
[0mGET /api/billing/getById/33 [36m304[0m 372.665 ms - -[0m
[0mOPTIONS /api/billing/getByStoreId/55 [32m204[0m 1.152 ms - 0[0m
[0mGET /api/billing/getByStoreId/55 [36m304[0m 253.515 ms - -[0m
[0mOPTIONS /api/store/product/admin/getAllProductById/55 [32m204[0m 0.463 ms - 0[0m
[0mGET /api/store/product/admin/getAllProductById/55 [36m304[0m 384.250 ms - -[0m
[0mOPTIONS /api/store/list/55 [32m204[0m 0.418 ms - 0[0m
[0mOPTIONS /api/store/product/admin/getAllProductById/55 [32m204[0m 0.192 ms - 0[0m
[0mGET /api/store/list/55 [36m304[0m 113.318 ms - -[0m
[0mGET /api/store/product/admin/getAllProductById/55 [36m304[0m 490.967 ms - -[0m
[0mOPTIONS /api/category/getAllCategory [32m204[0m 0.857 ms - 0[0m
[0mOPTIONS /api/product/getProductById/425 [32m204[0m 0.489 ms - 0[0m
[0mGET /api/product/getProductById/425 [31m500[0m 2.363 ms - 63[0m
[0mGET /api/category/getAllCategory [36m304[0m 78.786 ms - -[0m
[0mGET /api/store/product/admin/getAllProductById/55 [36m304[0m 406.229 ms - -[0m
[0mOPTIONS /api/category/getAllCategory [32m204[0m 0.439 ms - 0[0m
[0mGET /api/category/getAllCategory [36m304[0m 88.812 ms - -[0m
[0mOPTIONS /api/store/list/55 [32m204[0m 0.730 ms - 0[0m
[0mOPTIONS /api/store/product/admin/getAllProductById/55 [32m204[0m 0.479 ms - 0[0m
[0mGET /api/store/list/55 [36m304[0m 127.935 ms - -[0m
[0mGET /api/store/product/admin/getAllProductById/55 [36m304[0m 344.546 ms - -[0m
[0mOPTIONS /api/store/product/admin/getAllProductById/55 [32m204[0m 0.505 ms - 0[0m
[0mGET /api/store/product/admin/getAllProductById/55 [36m304[0m 549.261 ms - -[0m
[0mOPTIONS /api/billing/getByStoreId/55 [32m204[0m 0.778 ms - 0[0m
[0mGET /api/billing/getByStoreId/55 [36m304[0m 304.414 ms - -[0m
[0mOPTIONS /api/store/product/admin/getAllProductById/55 [32m204[0m 0.615 ms - 0[0m
[0mGET /api/store/product/admin/getAllProductById/55 [36m304[0m 363.594 ms - -[0m
[0mOPTIONS /api/store/list/55 [32m204[0m 0.441 ms - 0[0m
[0mOPTIONS /api/store/product/admin/getAllProductById/55 [32m204[0m 0.491 ms - 0[0m
[0mGET /api/store/list/55 [36m304[0m 106.103 ms - -[0m
[0mGET /api/store/product/admin/getAllProductById/55 [36m304[0m 520.039 ms - -[0m
[0mOPTIONS /api/product/getProductById/425 [32m204[0m 0.813 ms - 0[0m
[0mGET /api/product/getProductById/425 [31m500[0m 3.933 ms - 63[0m
[0mGET /api/store/product/admin/getAllProductById/55 [36m304[0m 329.670 ms - -[0m
[0mOPTIONS /api/order/store/list/55 [32m204[0m 1.069 ms - 0[0m
[0mOPTIONS /api/order/list [32m204[0m 0.404 ms - 0[0m
[0mGET /api/order/store/list/55 [36m304[0m 259.360 ms - -[0m
[0mGET /api/order/list [33m403[0m 332.039 ms - 91[0m
[0mGET /api/order/list [33m403[0m 167.514 ms - 91[0m
[0mOPTIONS /api/auth/user/getAllUserList [32m204[0m 0.670 ms - 0[0m
[0mOPTIONS /api/auth/user/119 [32m204[0m 0.488 ms - 0[0m
[0mGET /api/auth/user/getAllUserList [33m403[0m 173.618 ms - 91[0m
[0mGET /api/auth/user/119 [36m304[0m 319.021 ms - -[0m
[0mOPTIONS /api/inventory/clients [32m204[0m 0.460 ms - 0[0m
[0mGET /api/auth/user/getAllUserList [33m403[0m 167.290 ms - 91[0m
[0mGET /api/inventory/clients [36m304[0m 228.536 ms - -[0m
[0mGET /api/https://pub-5622c42961cc4ef29b17f85c86ab7834.r2.dev/55/favicon.png.png [33m404[0m 76.155 ms - 57[0m
[0mOPTIONS /api/store/product/admin/getAllProductById/55 [32m204[0m 0.506 ms - 0[0m
[0mGET /api/store/product/admin/getAllProductById/55 [36m304[0m 361.246 ms - -[0m
[0mOPTIONS /api/auth/user/getAllUserList [32m204[0m 0.730 ms - 0[0m
[0mGET /api/https://pub-5622c42961cc4ef29b17f85c86ab7834.r2.dev/55/favicon.png.png [33m404[0m 98.495 ms - 57[0m
[0mGET /api/auth/user/getAllUserList [33m403[0m 178.739 ms - 91[0m
[0mOPTIONS /api/auth/user/getAllUserList [32m204[0m 1.281 ms - 0[0m
[0mOPTIONS /api/auth/user/119 [32m204[0m 0.386 ms - 0[0m
[0mGET /api/auth/user/getAllUserList [33m403[0m 228.533 ms - 91[0m
[0mGET /api/auth/user/119 [36m304[0m 450.735 ms - -[0m
[0mOPTIONS /api/store/list/55 [32m204[0m 0.573 ms - 0[0m
[0mOPTIONS /api/store/product/admin/getAllProductById/55 [32m204[0m 0.231 ms - 0[0m
[0mGET /api/store/list/55 [36m304[0m 95.817 ms - -[0m
[0mGET /api/store/product/admin/getAllProductById/55 [36m304[0m 368.403 ms - -[0m
[0mOPTIONS /api/category/getAllCategory [32m204[0m 4.684 ms - 0[0m
[0mOPTIONS /api/store/product/admin/getAllProductById/55 [32m204[0m 0.640 ms - 0[0m
[0mOPTIONS /api/product/getProductById/418 [32m204[0m 0.848 ms - 0[0m
[0mGET /api/product/getProductById/418 [31m500[0m 18.747 ms - 63[0m
[0mGET /api/category/getAllCategory [36m304[0m 115.628 ms - -[0m
[0mGET /api/store/product/admin/getAllProductById/55 [36m304[0m 359.678 ms - -[0m
[0mOPTIONS /api/store/list/55 [32m204[0m 0.548 ms - 0[0m
[0mOPTIONS /api/store/product/admin/getAllProductById/55 [32m204[0m 0.260 ms - 0[0m
[0mGET /api/store/list/55 [36m304[0m 111.638 ms - -[0m
[0mGET /api/store/product/admin/getAllProductById/55 [36m304[0m 378.995 ms - -[0m
[0mOPTIONS /api/order/list/119 [32m204[0m 0.753 ms - 0[0m
[0mGET /api/order/list/119 [36m304[0m 146.250 ms - -[0m
[0mOPTIONS /api/auth/user/119 [32m204[0m 4.661 ms - 0[0m
[0mOPTIONS /api/order/list/119 [32m204[0m 0.273 ms - 0[0m
[0mOPTIONS /api/store/product/admin/getAllProductById/55 [32m204[0m 0.131 ms - 0[0m
[0mGET /api/order/list/119 [36m304[0m 424.890 ms - -[0m
[0mGET /api/auth/user/119 [36m304[0m 547.058 ms - -[0m
[0mGET /api/store/product/admin/getAllProductById/55 [36m304[0m 625.811 ms - -[0m
[0mOPTIONS /api/auth/user/119 [32m204[0m 3.507 ms - 0[0m
[0mOPTIONS /api/order/list/119 [32m204[0m 3.393 ms - 0[0m
[0mOPTIONS /api/store/product/admin/getAllProductById/55 [32m204[0m 0.375 ms - 0[0m
[0mGET /api/auth/user/119 [33m401[0m 353.676 ms - 995[0m
[0mGET /api/order/list/119 [36m304[0m 1062.902 ms - -[0m
[0mGET /api/store/product/admin/getAllProductById/55 [36m304[0m 1590.876 ms - -[0m
[0mOPTIONS /api/auth/user/119 [32m204[0m 1.158 ms - 0[0m
[0mOPTIONS /api/order/list/119 [32m204[0m 0.580 ms - 0[0m
[0mOPTIONS /api/store/product/admin/getAllProductById/55 [32m204[0m 0.404 ms - 0[0m
[0mGET /api/auth/user/119 [33m401[0m 87.099 ms - 995[0m
[0mGET /api/order/list/119 [36m304[0m 1256.730 ms - -[0m
[0mGET /api/store/product/admin/getAllProductById/55 [36m304[0m 1623.497 ms - -[0m
[0mOPTIONS /api/auth/user/119 [32m204[0m 22.593 ms - 0[0m
[0mGET /api/auth/user/119 [0m-[0m - ms - -[0m
[0mOPTIONS /api/auth/user/119 [32m204[0m 2.905 ms - 0[0m
[0mGET /api/auth/user/119 [32m200[0m 667.022 ms - -[0m
[0mOPTIONS /api/store/list/55 [32m204[0m 0.624 ms - 0[0m
[0mGET /api/store/list/55 [32m200[0m 63.171 ms - -[0m
[0mOPTIONS /api/order/store/list/55 [32m204[0m 5.829 ms - 0[0m
[0mOPTIONS /api/order/list [32m204[0m 0.722 ms - 0[0m
[0mGET /api/order/list [33m403[0m 321.698 ms - 91[0m
[0mGET /api/order/store/list/55 [32m200[0m 354.791 ms - -[0m
[0mOPTIONS /api/order/list [32m204[0m 0.647 ms - 0[0m
[0mGET /api/order/list [33m403[0m 81.263 ms - 91[0m
[0mGET /api/order/list [33m403[0m 83.506 ms - 91[0m
[0mOPTIONS /api/auth/user/getAllUserList [32m204[0m 0.342 ms - 0[0m
[0mOPTIONS /api/auth/user/119 [32m204[0m 0.193 ms - 0[0m
[0mGET /api/auth/user/getAllUserList [33m403[0m 83.015 ms - 91[0m
[0mGET /api/auth/user/119 [36m304[0m 165.921 ms - -[0m
[0mOPTIONS /api/billing/getByStoreId/55 [32m204[0m 0.493 ms - 0[0m
[0mGET /api/billing/getByStoreId/55 [36m304[0m 162.032 ms - -[0m
[0mOPTIONS /api/store/product/admin/getAllProductById/55 [32m204[0m 0.231 ms - 0[0m
[0mGET /api/store/product/admin/getAllProductById/55 [32m200[0m 214.384 ms - -[0m
[0mOPTIONS /api/auth/rootLogin [32m204[0m 0.852 ms - 0[0m
[0mPOST /api/auth/rootLogin [32m200[0m 427.511 ms - 623[0m
[0mOPTIONS /api/auth/user/48 [32m204[0m 1.352 ms - 0[0m
[0mOPTIONS /api/order/list [32m204[0m 1.245 ms - 0[0m
[0mOPTIONS /api/product/getAllproductList [32m204[0m 0.784 ms - 0[0m
[0mOPTIONS /api/order/list/48 [32m204[0m 0.389 ms - 0[0m
[0mGET /api/auth/user/48 [0m-[0m - ms - -[0m
[0mGET /api/order/list [0m-[0m - ms - -[0m
[0mGET /api/product/getAllproductList [31m500[0m 7.742 ms - 63[0m
[0mGET /api/order/list/48 [32m200[0m 116.446 ms - -[0m
[0mGET /api/order/list [32m200[0m 175.457 ms - -[0m
[0mGET /api/auth/user/48 [32m200[0m 237.120 ms - 433[0m
[0mOPTIONS /api/auth/user/48 [32m204[0m 4.101 ms - 0[0m
[0mOPTIONS /api/order/list [32m204[0m 0.722 ms - 0[0m
[0mOPTIONS /api/product/getAllproductList [32m204[0m 0.431 ms - 0[0m
[0mOPTIONS /api/order/list/48 [32m204[0m 0.150 ms - 0[0m
[0mGET /api/product/getAllproductList [31m500[0m 3.715 ms - 63[0m
[0mGET /api/order/list/48 [36m304[0m 163.399 ms - -[0m
[0mGET /api/order/list [36m304[0m 200.815 ms - -[0m
[0mGET /api/auth/user/48 [36m304[0m 240.135 ms - -[0m
[0mOPTIONS /api/auth/user/48 [32m204[0m 2.442 ms - 0[0m
[0mOPTIONS /api/order/list [32m204[0m 0.423 ms - 0[0m
[0mOPTIONS /api/product/getAllproductList [32m204[0m 0.174 ms - 0[0m
[0mOPTIONS /api/order/list/48 [32m204[0m 0.167 ms - 0[0m
[0mGET /api/product/getAllproductList [31m500[0m 2.379 ms - 63[0m
[0mGET /api/order/list/48 [36m304[0m 161.200 ms - -[0m
[0mGET /api/order/list [36m304[0m 194.765 ms - -[0m
[0mGET /api/auth/user/48 [36m304[0m 240.482 ms - -[0m
[0mOPTIONS /api/store/admin/list [32m204[0m 0.839 ms - 0[0m
[0mGET /api/store/admin/list [32m200[0m 178.793 ms - -[0m
[0mOPTIONS /api/store/menu-permissions/55 [32m204[0m 0.746 ms - 0[0m
[0mGET /api/store/menu-permissions/55 [33m404[0m 51.817 ms - 57[0m
[0mOPTIONS /api/store/menu-permissions/55 [32m204[0m 0.415 ms - 0[0m
[0mOPTIONS /api/store/menu-permissions/55 [32m204[0m 0.516 ms - 0[0m
[0mOPTIONS /api/store/menu-permissions/55 [32m204[0m 0.204 ms - 0[0m
[0mOPTIONS /api/store/menu-permissions/55 [32m204[0m 0.353 ms - 0[0m
[0mOPTIONS /api/store/menu-permissions/55 [32m204[0m 0.595 ms - 0[0m
[0mOPTIONS /api/store/menu-permissions/55 [32m204[0m 0.615 ms - 0[0m
[0mOPTIONS /api/store/menu-permissions/55 [32m204[0m 0.332 ms - 0[0m
[0mOPTIONS /api/store/menu-permissions/55 [32m204[0m 0.252 ms - 0[0m
[0mOPTIONS /api/store/menu-permissions/55 [32m204[0m 0.184 ms - 0[0m
[0mOPTIONS /api/store/menu-permissions/55 [32m204[0m 0.213 ms - 0[0m
[0mPOST /api/store/menu-permissions/55 [33m404[0m 31.639 ms - 57[0m
[0mPOST /api/store/menu-permissions/55 [33m404[0m 39.134 ms - 57[0m
[0mPOST /api/store/menu-permissions/55 [33m404[0m 42.734 ms - 57[0m
[0mPOST /api/store/menu-permissions/55 [33m404[0m 52.493 ms - 57[0m
[0mPOST /api/store/menu-permissions/55 [33m404[0m 53.331 ms - 57[0m
[0mPOST /api/store/menu-permissions/55 [33m404[0m 57.531 ms - 57[0m
[0mPOST /api/store/menu-permissions/55 [33m404[0m 36.185 ms - 57[0m
[0mPOST /api/store/menu-permissions/55 [33m404[0m 39.728 ms - 57[0m
[0mPOST /api/store/menu-permissions/55 [33m404[0m 35.867 ms - 57[0m
[0mPOST /api/store/menu-permissions/55 [33m404[0m 39.115 ms - 57[0m
[0mGET /api/store/menu-permissions/55 [33m404[0m 35.352 ms - 57[0m
[0mPOST /api/store/menu-permissions/55 [33m404[0m 42.921 ms - 57[0m
[0mPOST /api/store/menu-permissions/55 [33m404[0m 49.761 ms - 57[0m
[0mPOST /api/store/menu-permissions/55 [33m404[0m 38.389 ms - 57[0m
[0mPOST /api/store/menu-permissions/55 [33m404[0m 48.461 ms - 57[0m
[0mPOST /api/store/menu-permissions/55 [33m404[0m 29.733 ms - 57[0m
[0mPOST /api/store/menu-permissions/55 [33m404[0m 34.647 ms - 57[0m
[0mPOST /api/store/menu-permissions/55 [33m404[0m 36.710 ms - 57[0m
[0mPOST /api/store/menu-permissions/55 [33m404[0m 74.459 ms - 57[0m
[0mPOST /api/store/menu-permissions/55 [33m404[0m 75.557 ms - 57[0m
[0mPOST /api/store/menu-permissions/55 [33m404[0m 39.486 ms - 57[0m
[0mGET /api/store/menu-permissions/55 [33m404[0m 47.701 ms - 57[0m
[0mPOST /api/store/menu-permissions/55 [33m404[0m 38.051 ms - 57[0m
[0mPOST /api/store/menu-permissions/55 [33m404[0m 46.095 ms - 57[0m
[0mPOST /api/store/menu-permissions/55 [33m404[0m 47.783 ms - 57[0m
[0mPOST /api/store/menu-permissions/55 [33m404[0m 61.700 ms - 57[0m
[0mPOST /api/store/menu-permissions/55 [33m404[0m 64.260 ms - 57[0m
[0mPOST /api/store/menu-permissions/55 [33m404[0m 63.294 ms - 57[0m
[0mPOST /api/store/menu-permissions/55 [33m404[0m 39.578 ms - 57[0m
[0mPOST /api/store/menu-permissions/55 [33m404[0m 48.150 ms - 57[0m
[0mPOST /api/store/menu-permissions/55 [33m404[0m 51.147 ms - 57[0m
[0mPOST /api/store/menu-permissions/55 [33m404[0m 51.699 ms - 57[0m
[0mGET /api/store/menu-permissions/55 [33m404[0m 49.864 ms - 57[0m
[0mOPTIONS /api/store/menu-permissions/56 [32m204[0m 0.489 ms - 0[0m
[0mGET /api/store/menu-permissions/56 [33m404[0m 54.403 ms - 57[0m
[0mOPTIONS /api/store/menu-permissions/54 [32m204[0m 1.157 ms - 0[0m
[0mGET /api/store/menu-permissions/54 [33m404[0m 53.038 ms - 57[0m
[0mOPTIONS /api/auth/rootLogin [32m204[0m 8.870 ms - 0[0m
[0mPOST /api/auth/rootLogin [32m200[0m 242.386 ms - 639[0m
[0mOPTIONS /api/auth/user/119 [32m204[0m 0.604 ms - 0[0m
[0mOPTIONS /api/order/list/119 [32m204[0m 0.249 ms - 0[0m
[0mOPTIONS /api/store/product/admin/getAllProductById/55 [32m204[0m 0.200 ms - 0[0m
[0mGET /api/auth/user/119 [0m-[0m - ms - -[0m
[0mGET /api/order/list/119 [0m-[0m - ms - -[0m
[0mGET /api/store/product/admin/getAllProductById/55 [0m-[0m - ms - -[0m
[0mGET /api/order/list/119 [32m200[0m 70.393 ms - 36[0m
[0mGET /api/auth/user/119 [32m200[0m 145.671 ms - -[0m
[0mGET /api/store/product/admin/getAllProductById/55 [32m200[0m 225.304 ms - -[0m
[0mOPTIONS /api/auth/user/119 [32m204[0m 5.127 ms - 0[0m
[0mGET /api/auth/user/119 [36m304[0m 186.142 ms - -[0m
[0mOPTIONS /api/order/list [32m204[0m 20.070 ms - 0[0m
[0mOPTIONS /api/product/getAllproductList [32m204[0m 0.523 ms - 0[0m
[0mOPTIONS /api/vendor/list [32m204[0m 0.507 ms - 0[0m
[0mOPTIONS /api/auth/user/getAllUserList [32m204[0m 0.316 ms - 0[0m
[0mGET /api/product/getAllproductList [31m500[0m 10.654 ms - 63[0m
[0mOPTIONS /api/order/list/48 [32m204[0m 0.222 ms - 0[0m
[0mOPTIONS /api/auth/user/48 [32m204[0m 0.326 ms - 0[0m
[0mGET /api/order/list/48 [36m304[0m 179.303 ms - -[0m
[0mGET /api/vendor/list [36m304[0m 217.231 ms - -[0m
[0mGET /api/auth/user/getAllUserList [32m200[0m 227.987 ms - -[0m
[0mGET /api/order/list [36m304[0m 270.568 ms - -[0m
[0mGET /api/auth/user/48 [36m304[0m 256.950 ms - -[0m
[0mOPTIONS /api/order/list/119 [32m204[0m 0.461 ms - 0[0m
[0mOPTIONS /api/store/product/admin/getAllProductById/55 [32m204[0m 0.198 ms - 0[0m
[0mOPTIONS /api/auth/user/119 [32m204[0m 0.091 ms - 0[0m
[0mGET /api/order/list/119 [36m304[0m 92.995 ms - -[0m
[0mGET /api/auth/user/119 [36m304[0m 154.763 ms - -[0m
[0mGET /api/store/product/admin/getAllProductById/55 [36m304[0m 209.001 ms - -[0m
[0mOPTIONS /api/product/getAllproductList [32m204[0m 1.577 ms - 0[0m
[0mGET /api/product/getAllproductList [31m500[0m 4.660 ms - 63[0m
[0mOPTIONS /api/product/getAllproductList [32m204[0m 1.090 ms - 0[0m
[0mOPTIONS /api/inventory/summary [32m204[0m 0.432 ms - 0[0m
[0mOPTIONS /api/inventory/inbound [32m204[0m 4.883 ms - 0[0m
[0mGET /api/product/getAllproductList [31m500[0m 16.023 ms - 63[0m
[0mGET /api/inventory/inbound [33m403[0m 94.395 ms - 90[0m
[0mGET /api/inventory/summary [33m403[0m 121.712 ms - 90[0m
[0mOPTIONS /api/inventory/summary [32m204[0m 0.200 ms - 0[0m
[0mOPTIONS /api/inventory/inbound [32m204[0m 0.145 ms - 0[0m
[0mGET /api/inventory/inbound [32m200[0m 110.601 ms - -[0m
[0mGET /api/inventory/summary [32m200[0m 347.759 ms - 85[0m
[0mOPTIONS /api/product/getAllproductList [32m204[0m 2.353 ms - 0[0m
[0mOPTIONS /api/inventory/summary [32m204[0m 0.173 ms - 0[0m
[0mOPTIONS /api/inventory/inbound [32m204[0m 0.074 ms - 0[0m
[0mGET /api/product/getAllproductList [31m500[0m 1.886 ms - 63[0m
[0mGET /api/inventory/summary [33m403[0m 85.701 ms - 90[0m
[0mGET /api/inventory/inbound [33m403[0m 98.785 ms - 90[0m
[0mOPTIONS /api/product/getAllproductList [32m204[0m 0.267 ms - 0[0m
[0mOPTIONS /api/inventory/summary [32m204[0m 0.195 ms - 0[0m
[0mOPTIONS /api/inventory/inbound [32m204[0m 0.089 ms - 0[0m
[0mGET /api/product/getAllproductList [31m500[0m 1.115 ms - 63[0m
[0mGET /api/inventory/inbound [33m403[0m 71.764 ms - 90[0m
[0mGET /api/inventory/summary [33m403[0m 499.513 ms - 90[0m
[0mOPTIONS /api/product/getAllproductList [32m204[0m 1.691 ms - 0[0m
[0mOPTIONS /api/inventory/summary [32m204[0m 0.171 ms - 0[0m
[0mGET /api/product/getAllproductList [31m500[0m 3.171 ms - 63[0m
[0mOPTIONS /api/inventory/inbound [32m204[0m 0.338 ms - 0[0m
[0mGET /api/inventory/inbound [33m403[0m 73.213 ms - 90[0m
[0mGET /api/inventory/summary [33m403[0m 87.159 ms - 90[0m
[0mOPTIONS /api/auth/user/48 [32m204[0m 7.793 ms - 0[0m
[0mOPTIONS /api/order/list/48 [32m204[0m 0.407 ms - 0[0m
[0mOPTIONS /api/order/list [32m204[0m 0.299 ms - 0[0m
[0mOPTIONS /api/inventory/summary [32m204[0m 2.839 ms - 0[0m
[0mOPTIONS /api/product/getAllproductList [32m204[0m 0.303 ms - 0[0m
[0mOPTIONS /api/inventory/inbound [32m204[0m 0.259 ms - 0[0m
[0mOPTIONS /api/vendor/list [32m204[0m 0.468 ms - 0[0m
[0mOPTIONS /api/store/admin/list [32m204[0m 0.539 ms - 0[0m
[0mOPTIONS /api/auth/user/getAllUserList [32m204[0m 0.394 ms - 0[0m
[0mGET /api/product/getAllproductList [31m500[0m 10.915 ms - 63[0m
[0mGET /api/inventory/summary [33m403[0m 239.867 ms - 90[0m
[0mGET /api/inventory/inbound [33m403[0m 198.520 ms - 90[0m
[0mGET /api/order/list/48 [36m304[0m 243.913 ms - -[0m
[0mGET /api/order/list [36m304[0m 304.323 ms - -[0m
[0mGET /api/vendor/list [36m304[0m 289.527 ms - -[0m
[0mGET /api/auth/user/48 [36m304[0m 337.825 ms - -[0m
[0mGET /api/store/admin/list [36m304[0m 149.575 ms - -[0m
[0mGET /api/auth/user/getAllUserList [36m304[0m 154.000 ms - -[0m
[0mOPTIONS /api/auth/user/119 [32m204[0m 0.466 ms - 0[0m
[0mGET /api/auth/user/119 [36m304[0m 169.184 ms - -[0m
[0mOPTIONS /api/store/admin/list [32m204[0m 5.430 ms - 0[0m
[0mGET /api/store/admin/list [36m304[0m 177.970 ms - -[0m
[0mOPTIONS /api/store/menu-permissions/55 [32m204[0m 0.715 ms - 0[0m
[0mGET /api/store/menu-permissions/55 [33m404[0m 47.006 ms - 57[0m
[0mOPTIONS /api/store/menu-permissions/58 [32m204[0m 0.387 ms - 0[0m
[0mGET /api/store/menu-permissions/58 [33m404[0m 47.833 ms - 57[0m
[0mOPTIONS /api/store/menu-permissions/63 [32m204[0m 0.885 ms - 0[0m
[0mGET /api/store/menu-permissions/63 [33m404[0m 45.567 ms - 57[0m
[0mOPTIONS /api/store/admin/list [32m204[0m 1.836 ms - 0[0m
[0mOPTIONS /api/auth/sub-users/pending [32m204[0m 0.481 ms - 0[0m
[0mGET /api/auth/sub-users/pending [33m404[0m 81.018 ms - 57[0m
[0mGET /api/store/admin/list [36m304[0m 194.471 ms - -[0m
[0mOPTIONS /api/auth/sub-users/list [32m204[0m 0.603 ms - 0[0m
[0mGET /api/auth/sub-users/list [33m404[0m 45.993 ms - 57[0m
[0mOPTIONS /api/auth/sub-users/list [32m204[0m 2.764 ms - 0[0m
[0mOPTIONS /api/auth/user/119 [32m204[0m 0.401 ms - 0[0m
[0mOPTIONS /api/store/admin/list [32m204[0m 0.224 ms - 0[0m
[0mOPTIONS /api/auth/sub-users/pending [32m204[0m 0.172 ms - 0[0m
[0mOPTIONS /api/auth/user/48 [32m204[0m 0.167 ms - 0[0m
[0mGET /api/auth/sub-users/list [33m404[0m 46.069 ms - 57[0m
[0mGET /api/auth/sub-users/pending [33m404[0m 116.065 ms - 57[0m
[0mGET /api/auth/user/119 [36m304[0m 228.354 ms - -[0m
[0mGET /api/auth/user/48 [36m304[0m 239.181 ms - -[0m
[0mGET /api/store/admin/list [36m304[0m 253.026 ms - -[0m
[0mOPTIONS /api/store/admin/list [32m204[0m 32.777 ms - 0[0m
[0mOPTIONS /api/auth/sub-users/pending [32m204[0m 0.848 ms - 0[0m
[0mOPTIONS /api/auth/sub-users/list [32m204[0m 0.275 ms - 0[0m
[0mOPTIONS /api/auth/user/119 [32m204[0m 2.495 ms - 0[0m
[0mOPTIONS /api/auth/user/48 [32m204[0m 0.504 ms - 0[0m
[0mGET /api/auth/sub-users/pending [33m404[0m 32.859 ms - 57[0m
[0mGET /api/auth/sub-users/list [33m404[0m 41.727 ms - 57[0m
[0mGET /api/auth/user/119 [36m304[0m 126.341 ms - -[0m
[0mGET /api/store/admin/list [36m304[0m 128.782 ms - -[0m
[0mGET /api/auth/user/48 [36m304[0m 168.491 ms - -[0m
[0mOPTIONS /api/store/admin/list [32m204[0m 3.788 ms - 0[0m
[0mOPTIONS /api/auth/sub-users/pending [32m204[0m 1.036 ms - 0[0m
[0mGET /api/store/admin/list [0m-[0m - ms - -[0m
[0mOPTIONS /api/auth/user/119 [32m204[0m 0.759 ms - 0[0m
[0mOPTIONS /api/auth/user/48 [32m204[0m 0.337 ms - 0[0m
[0mOPTIONS /api/auth/sub-users/list [32m204[0m 0.332 ms - 0[0m
[0mGET /api/auth/sub-users/list [33m404[0m 71.368 ms - 57[0m
[0mGET /api/auth/sub-users/pending [33m404[0m 152.316 ms - 57[0m
[0mGET /api/auth/user/119 [36m304[0m 240.980 ms - -[0m
[0mGET /api/store/admin/list [32m200[0m 220.317 ms - -[0m
[0mGET /api/auth/user/48 [36m304[0m 251.183 ms - -[0m
[0mOPTIONS /api/store/menu-permissions/55 [32m204[0m 0.890 ms - 0[0m
[0mGET /api/store/menu-permissions/55 [33m404[0m 40.639 ms - 57[0m
[0mOPTIONS /api/store/admin/list [32m204[0m 4.685 ms - 0[0m
[0mOPTIONS /api/auth/sub-users/pending [32m204[0m 2.076 ms - 0[0m
[0mOPTIONS /api/auth/user/48 [32m204[0m 0.878 ms - 0[0m
[0mGET /api/auth/sub-users/pending [33m404[0m 78.838 ms - 57[0m
[0mGET /api/store/admin/list [36m304[0m 235.024 ms - -[0m
[0mGET /api/auth/user/48 [36m304[0m 238.660 ms - -[0m
[0mOPTIONS /api/store/admin/list [32m204[0m 3.808 ms - 0[0m
[0mOPTIONS /api/auth/sub-users/pending [32m204[0m 0.378 ms - 0[0m
[0mOPTIONS /api/auth/sub-users/list [32m204[0m 0.179 ms - 0[0m
[0mOPTIONS /api/auth/user/119 [32m204[0m 0.758 ms - 0[0m
[0mGET /api/auth/sub-users/pending [33m404[0m 34.680 ms - 57[0m
[0mGET /api/auth/sub-users/list [33m404[0m 32.999 ms - 57[0m
[0mGET /api/store/admin/list [36m304[0m 116.509 ms - -[0m
[0mGET /api/auth/user/119 [36m304[0m 154.902 ms - -[0m
[0mOPTIONS /api/store/admin/list [32m204[0m 1.304 ms - 0[0m
[0mOPTIONS /api/auth/sub-users/pending [32m204[0m 1.140 ms - 0[0m
[0mGET /api/auth/sub-users/pending [33m404[0m 33.343 ms - 57[0m
[0mGET /api/store/admin/list [36m304[0m 142.471 ms - -[0m
[0mOPTIONS /api/auth/sub-users/list [32m204[0m 0.192 ms - 0[0m
[0mGET /api/auth/sub-users/list [33m404[0m 37.368 ms - 57[0m
[0mOPTIONS /api/store/admin/list [32m204[0m 2.174 ms - 0[0m
[0mOPTIONS /api/auth/sub-users/pending [32m204[0m 0.434 ms - 0[0m
[0mGET /api/auth/sub-users/pending [33m404[0m 38.837 ms - 57[0m
[0mGET /api/store/admin/list [36m304[0m 155.440 ms - -[0m
[0mOPTIONS /api/auth/sub-users/list [32m204[0m 0.248 ms - 0[0m
[0mGET /api/auth/sub-users/list [33m404[0m 36.554 ms - 57[0m
[0mOPTIONS /api/auth/user/48 [32m204[0m 5.680 ms - 0[0m
[0mOPTIONS /api/store/admin/list [32m204[0m 0.464 ms - 0[0m
[0mOPTIONS /api/auth/sub-users/pending [32m204[0m 0.388 ms - 0[0m
[0mGET /api/auth/sub-users/pending [33m404[0m 577.054 ms - 57[0m
[0mGET /api/auth/user/48 [36m304[0m 726.147 ms - -[0m
[0mGET /api/store/admin/list [36m304[0m 695.286 ms - -[0m
[0mOPTIONS /api/store/menu-permissions/55 [32m204[0m 0.572 ms - 0[0m
[0mGET /api/store/menu-permissions/55 [33m404[0m 40.517 ms - 57[0m
[0mOPTIONS /api/auth/sub-users/create [32m204[0m 3.512 ms - 0[0m
[0mPOST /api/auth/sub-users/create [33m404[0m 46.074 ms - 57[0m
[0mOPTIONS /api/auth/sub-users/list [32m204[0m 0.377 ms - 0[0m
[0mGET /api/auth/sub-users/list [33m404[0m 36.955 ms - 57[0m
[0mOPTIONS /api/auth/sub-users/create [32m204[0m 0.737 ms - 0[0m
[0mPOST /api/auth/sub-users/create [33m404[0m 38.126 ms - 57[0m
[0mOPTIONS /api/auth/sub-users/list [32m204[0m 0.438 ms - 0[0m
[0mGET /api/auth/sub-users/list [33m404[0m 32.720 ms - 57[0m
[0mOPTIONS /api/auth/sub-users/create [32m204[0m 2.132 ms - 0[0m
[0mPOST /api/auth/sub-users/create [33m404[0m 53.403 ms - 57[0m
[0mOPTIONS /api/auth/sub-users/list [32m204[0m 0.599 ms - 0[0m
[0mGET /api/auth/sub-users/list [33m404[0m 58.819 ms - 57[0m
[0mOPTIONS /api/auth/sub-users/create [32m204[0m 4.710 ms - 0[0m
[0mPOST /api/auth/sub-users/create [33m404[0m 344.184 ms - 57[0m
[0mOPTIONS /api/auth/sub-users/list [32m204[0m 1.056 ms - 0[0m
[0mGET /api/auth/sub-users/list [33m404[0m 37.691 ms - 57[0m
[0mOPTIONS /api/auth/sub-users/create [32m204[0m 1.778 ms - 0[0m
[0mPOST /api/auth/sub-users/create [33m404[0m 47.340 ms - 57[0m
[0mOPTIONS /api/auth/sub-users/list [32m204[0m 0.407 ms - 0[0m
[0mGET /api/auth/sub-users/list [33m404[0m 38.585 ms - 57[0m
[0mOPTIONS /api/auth/sub-users/create [32m204[0m 5.387 ms - 0[0m
[0mPOST /api/auth/sub-users/create [33m404[0m 348.505 ms - 57[0m
[0mOPTIONS /api/auth/sub-users/list [32m204[0m 1.526 ms - 0[0m
[0mGET /api/auth/sub-users/list [33m404[0m 69.126 ms - 57[0m
[0mOPTIONS /api/auth/user/119 [32m204[0m 50.747 ms - 0[0m
[0mOPTIONS /api/auth/sub-users/list [32m204[0m 0.907 ms - 0[0m
[0mGET /api/auth/sub-users/list [33m404[0m 72.890 ms - 57[0m
[0mGET /api/auth/user/119 [0m-[0m - ms - -[0m
[0mGET /api/auth/sub-users/list [33m404[0m 37.075 ms - 57[0m
[0mGET /api/auth/user/119 [32m200[0m 155.094 ms - -[0m
[0mOPTIONS /api/auth/user/119 [32m204[0m 5.710 ms - 0[0m
[0mOPTIONS /api/auth/sub-users/list [32m204[0m 0.605 ms - 0[0m
[0mGET /api/auth/sub-users/list [32m200[0m 411.904 ms - 36[0m
[0mGET /api/auth/user/119 [36m304[0m 511.846 ms - -[0m
[0mOPTIONS /api/auth/sub-users/create [32m204[0m 0.969 ms - 0[0m
[0mPOST /api/auth/sub-users/create [32m201[0m 533.321 ms - 325[0m
[0mOPTIONS /api/auth/sub-users/list [32m204[0m 1.027 ms - 0[0m
[0mGET /api/auth/sub-users/list [32m200[0m 143.881 ms - 467[0m
[0mOPTIONS /api/auth/sub-users/1/menu-permissions [32m204[0m 1.323 ms - 0[0m
[0mGET /api/auth/sub-users/1/menu-permissions [32m200[0m 185.734 ms - 185[0m
[0mOPTIONS /api/auth/user/48 [32m204[0m 1.048 ms - 0[0m
[0mOPTIONS /api/store/admin/list [32m204[0m 1.189 ms - 0[0m
[0mOPTIONS /api/auth/sub-users/pending [32m204[0m 0.364 ms - 0[0m
[0mGET /api/auth/sub-users/pending [31m500[0m 187.339 ms - 114[0m
[0mGET /api/store/admin/list [36m304[0m 205.639 ms - -[0m
[0mGET /api/auth/user/48 [36m304[0m 254.475 ms - -[0m
[0mOPTIONS /api/store/menu-permissions/55 [32m204[0m 0.633 ms - 0[0m
[0mGET /api/store/menu-permissions/55 [33m404[0m 43.210 ms - 57[0m
[0mPOST /api/store/menu-permissions/55 [33m404[0m 47.563 ms - 57[0m
[0mGET /api/store/menu-permissions/55 [33m404[0m 40.947 ms - 57[0m
[0mOPTIONS /api/store/menu-permissions/55 [32m204[0m 1.055 ms - 0[0m
[0mPOST /api/store/menu-permissions/55 [33m404[0m 38.569 ms - 57[0m
[0mGET /api/store/menu-permissions/55 [33m404[0m 36.951 ms - 57[0m
[0mOPTIONS /api/store/menu-permissions/55 [32m204[0m 0.910 ms - 0[0m
[0mPOST /api/store/menu-permissions/55 [33m404[0m 44.433 ms - 57[0m
[0mGET /api/store/menu-permissions/55 [33m404[0m 35.538 ms - 57[0m
[0mOPTIONS /api/store/menu-permissions/55 [32m204[0m 8.974 ms - 0[0m
[0mPOST /api/store/menu-permissions/55 [33m404[0m 451.383 ms - 57[0m
[0mPOST /api/store/menu-permissions/55 [33m404[0m 184.394 ms - 57[0m
[0mGET /api/store/menu-permissions/55 [33m404[0m 38.996 ms - 57[0m
