[0mOPTIONS /api/auth/user/48 [32m204[0m 12.621 ms - 0[0m
[0mOPTIONS /api/order/list [32m204[0m 0.181 ms - 0[0m
[0mOPTIONS /api/product/getAllproductList [32m204[0m 0.096 ms - 0[0m
[0mOPTIONS /api/order/list/48 [32m204[0m 0.080 ms - 0[0m
[0mGET /api/auth/user/48 [33m401[0m 38.756 ms - 869[0m
[0mGET /api/order/list [33m401[0m 343.518 ms - 107[0m
[0mGET /api/order/list/48 [36m304[0m 393.975 ms - -[0m
[0mGET /api/product/getAllproductList [36m304[0m 449.089 ms - -[0m
[0mOPTIONS /api/product/getAllproductList [32m204[0m 0.529 ms - 0[0m
[0mGET /api/product/getAllproductList [36m304[0m 64.692 ms - -[0m
[0mOPTIONS /api/category/getAllCategory [32m204[0m 0.584 ms - 0[0m
[0mOPTIONS /api/product/getProductById/509 [32m204[0m 0.465 ms - 0[0m
[0mGET /api/category/getAllCategory [36m304[0m 33.271 ms - -[0m
[0mGET /api/product/getProductById/509 [36m304[0m 38.447 ms - -[0m
[0mOPTIONS /api/auth/rootLogin [32m204[0m 1.866 ms - 0[0m
[0mPOST /api/auth/rootLogin [32m200[0m 256.130 ms - 566[0m
[0mOPTIONS /api/auth/user/48 [32m204[0m 0.532 ms - 0[0m
[0mGET /api/auth/user/48 [36m304[0m 110.258 ms - -[0m
[0mOPTIONS /api/store/admin/list [32m204[0m 0.280 ms - 0[0m
[0mGET /api/store/admin/list [36m304[0m 96.373 ms - -[0m
[0mOPTIONS /api/product/getAllproductList [32m204[0m 0.445 ms - 0[0m
[0mGET /api/product/getAllproductList [32m200[0m 91.392 ms - -[0m
[0mOPTIONS /api/category/getAllCategory [32m204[0m 0.290 ms - 0[0m
[0mOPTIONS /api/product/getProductById/509 [32m204[0m 0.181 ms - 0[0m
[0mGET /api/category/getAllCategory [36m304[0m 29.292 ms - -[0m
[0mGET /api/product/getProductById/509 [32m200[0m 54.203 ms - -[0m
[0mOPTIONS /api/product/getProductById/509 [32m204[0m 0.673 ms - 0[0m
[0mGET /api/product/getProductById/509 [36m304[0m 31.660 ms - -[0m
[0mOPTIONS /api/product/getProductById/509 [32m204[0m 2.910 ms - 0[0m
[0mGET /api/product/getProductById/509 [36m304[0m 31.777 ms - -[0m
[0mOPTIONS /api/product/getProductById/509 [32m204[0m 0.279 ms - 0[0m
[0mGET /api/product/getProductById/509 [36m304[0m 28.692 ms - -[0m
[0mGET /api/product/getProductById/509 [36m304[0m 27.286 ms - -[0m
[0mOPTIONS /api/product/getProductById/509 [32m204[0m 3.224 ms - 0[0m
[0mGET /api/product/getProductById/509 [36m304[0m 38.615 ms - -[0m
[0mGET /api/product/getProductById/509 [36m304[0m 46.922 ms - -[0m
[0mGET /api/product/getProductById/509 [36m304[0m 32.801 ms - -[0m
[0mOPTIONS /api/product/getProductById/509 [32m204[0m 7.599 ms - 0[0m
[0mGET /api/product/getProductById/509 [36m304[0m 39.995 ms - -[0m
[0mOPTIONS /api/product/getProductById/509 [32m204[0m 0.452 ms - 0[0m
[0mGET /api/product/getProductById/509 [36m304[0m 29.688 ms - -[0m
[0mGET /api/product/getProductById/509 [36m304[0m 31.876 ms - -[0m
[0mOPTIONS /api/product/getProductById/509 [32m204[0m 5.919 ms - 0[0m
[0mGET /api/product/getProductById/509 [36m304[0m 36.167 ms - -[0m
[0mOPTIONS /api/product/getProductById/509 [32m204[0m 0.240 ms - 0[0m
[0mGET /api/product/getProductById/509 [36m304[0m 37.136 ms - -[0m
[0mOPTIONS /api/product/getProductById/509 [32m204[0m 0.933 ms - 0[0m
[0mGET /api/product/getProductById/509 [36m304[0m 37.104 ms - -[0m
[0mGET /api/product/getProductById/509 [36m304[0m 34.694 ms - -[0m
[0mOPTIONS /api/product/getProductById/509 [32m204[0m 5.230 ms - 0[0m
[0mGET /api/product/getProductById/509 [36m304[0m 37.806 ms - -[0m
[0mOPTIONS /api/product/getProductById/509 [32m204[0m 0.238 ms - 0[0m
[0mGET /api/product/getProductById/509 [36m304[0m 33.653 ms - -[0m
[0mOPTIONS /api/product/getProductById/509 [32m204[0m 1.346 ms - 0[0m
[0mGET /api/product/getProductById/509 [36m304[0m 35.693 ms - -[0m
[0mOPTIONS /api/auth/user/48 [32m204[0m 3.167 ms - 0[0m
[0mOPTIONS /api/category/getAllCategory [32m204[0m 0.344 ms - 0[0m
[0mOPTIONS /api/product/getProductById/509 [32m204[0m 0.344 ms - 0[0m
[0mGET /api/category/getAllCategory [36m304[0m 56.498 ms - -[0m
[0mGET /api/product/getProductById/509 [36m304[0m 86.811 ms - -[0m
[0mGET /api/auth/user/48 [36m304[0m 202.444 ms - -[0m
[0mOPTIONS /api/auth/user/48 [32m204[0m 2.490 ms - 0[0m
[0mOPTIONS /api/order/list [32m204[0m 0.562 ms - 0[0m
[0mOPTIONS /api/product/getAllproductList [32m204[0m 0.273 ms - 0[0m
[0mOPTIONS /api/order/list/48 [32m204[0m 0.174 ms - 0[0m
[0mGET /api/auth/user/48 [33m401[0m 40.397 ms - 107[0m
[0mGET /api/order/list [33m401[0m 48.544 ms - 107[0m
[0mGET /api/product/getAllproductList [36m304[0m 147.398 ms - -[0m
[0mGET /api/order/list/48 [36m304[0m 186.806 ms - -[0m
[0mOPTIONS /api/auth/rootLogin [32m204[0m 0.840 ms - 0[0m
[0mPOST /api/auth/rootLogin [32m200[0m 240.472 ms - 582[0m
[0mOPTIONS /api/auth/user/119 [32m204[0m 0.540 ms - 0[0m
[0mOPTIONS /api/order/list/119 [32m204[0m 0.460 ms - 0[0m
[0mOPTIONS /api/store/product/admin/getAllProductById/55 [32m204[0m 0.203 ms - 0[0m
[0mGET /api/auth/user/119 [0m-[0m - ms - -[0m
[0mGET /api/store/product/admin/getAllProductById/55 [0m-[0m - ms - -[0m
[0mGET /api/order/list/119 [0m-[0m - ms - -[0m
[0mGET /api/order/list/119 [32m200[0m 128.041 ms - 36[0m
[0mGET /api/auth/user/119 [32m200[0m 196.283 ms - 945[0m
[0mGET /api/store/product/admin/getAllProductById/55 [32m200[0m 226.235 ms - -[0m
[0mOPTIONS /api/billing/getByStoreId/55 [32m204[0m 0.455 ms - 0[0m
[0mGET /api/billing/getByStoreId/55 [32m200[0m 114.400 ms - -[0m
[0mOPTIONS /api/store/product/admin/getAllProductById/55 [32m204[0m 0.462 ms - 0[0m
[0mGET /api/store/product/admin/getAllProductById/55 [36m304[0m 160.127 ms - -[0m
[0mOPTIONS /api/billing/getByStoreId/55 [32m204[0m 2.685 ms - 0[0m
[0mGET /api/billing/getByStoreId/55 [36m304[0m 189.194 ms - -[0m
[0mOPTIONS /api/billing/getById/33 [32m204[0m 0.437 ms - 0[0m
[0mOPTIONS /api/store/list/55 [32m204[0m 0.458 ms - 0[0m
[0mGET /api/store/list/55 [32m200[0m 31.486 ms - -[0m
[0mGET /api/billing/getById/33 [32m200[0m 106.410 ms - -[0m
[0mOPTIONS /api/billing/getByStoreId/55 [32m204[0m 7.198 ms - 0[0m
[0mGET /api/billing/getByStoreId/55 [36m304[0m 101.816 ms - -[0m
[0mOPTIONS /api/store/product/admin/getAllProductById/55 [32m204[0m 3.045 ms - 0[0m
[0mGET /api/store/product/admin/getAllProductById/55 [36m304[0m 159.836 ms - -[0m
[0mOPTIONS /api/auth/upload-file [32m204[0m 1.955 ms - 0[0m
[0mPOST /api/auth/upload-file [31m500[0m 4.770 ms - 63[0m
[0mOPTIONS /api/product/update [32m204[0m 0.446 ms - 0[0m
[0mPOST /api/product/update [32m200[0m 161.778 ms - 45[0m
[0mOPTIONS /api/store/product-add [32m204[0m 0.471 ms - 0[0m
[0mPOST /api/store/product-add [32m200[0m 139.647 ms - 67[0m
[0mOPTIONS /api/product/getAllproductList [32m204[0m 0.615 ms - 0[0m
[0mGET /api/product/getAllproductList [32m200[0m 104.966 ms - -[0m
[0mOPTIONS /api/product/getProductById/508 [32m204[0m 0.957 ms - 0[0m
[0mGET /api/product/getProductById/508 [32m200[0m 32.013 ms - -[0m
[0mOPTIONS /api/auth/user/48 [32m204[0m 7.646 ms - 0[0m
[0mGET /api/auth/user/48 [33m401[0m 59.723 ms - 869[0m
[0mOPTIONS /api/category/getAllCategory [32m204[0m 0.416 ms - 0[0m
[0mOPTIONS /api/product/getProductById/508 [32m204[0m 0.263 ms - 0[0m
[0mGET /api/category/getAllCategory [36m304[0m 334.369 ms - -[0m
[0mGET /api/product/getProductById/508 [36m304[0m 339.098 ms - -[0m
[0mOPTIONS /api/auth/user/48 [32m204[0m 9.782 ms - 0[0m
[0mGET /api/auth/user/48 [33m401[0m 58.254 ms - 869[0m
[0mOPTIONS /api/category/getAllCategory [32m204[0m 0.430 ms - 0[0m
[0mOPTIONS /api/product/getProductById/508 [32m204[0m 0.588 ms - 0[0m
[0mGET /api/category/getAllCategory [36m304[0m 333.280 ms - -[0m
[0mGET /api/product/getProductById/508 [36m304[0m 354.459 ms - -[0m
[0mOPTIONS /api/auth/user/48 [32m204[0m 2.957 ms - 0[0m
[0mOPTIONS /api/category/getAllCategory [32m204[0m 0.347 ms - 0[0m
[0mOPTIONS /api/product/getProductById/508 [32m204[0m 0.207 ms - 0[0m
[0mGET /api/category/getAllCategory [36m304[0m 333.833 ms - -[0m
[0mGET /api/product/getProductById/508 [36m304[0m 338.253 ms - -[0m
[0mGET /api/auth/user/48 [33m401[0m 45609.542 ms - 873[0m
[0mOPTIONS /api/product/getProductById/508 [32m204[0m 1.650 ms - 0[0m
[0mGET /api/product/getProductById/508 [36m304[0m 296.634 ms - -[0m
[0mGET /api/product/getProductById/508 [36m304[0m 39.720 ms - -[0m
[0mOPTIONS /api/product/getProductById/508 [32m204[0m 0.209 ms - 0[0m
[0mGET /api/product/getProductById/508 [36m304[0m 31.573 ms - -[0m
[0mOPTIONS /api/product/getProductById/508 [32m204[0m 0.529 ms - 0[0m
[0mGET /api/product/getProductById/508 [36m304[0m 32.366 ms - -[0m
[0mOPTIONS /api/auth/user/48 [32m204[0m 0.616 ms - 0[0m
[0mOPTIONS /api/category/getAllCategory [32m204[0m 6.096 ms - 0[0m
[0mOPTIONS /api/product/getProductById/508 [32m204[0m 14.984 ms - 0[0m
[0mGET /api/auth/user/48 [36m304[0m 214.659 ms - -[0m
[0mGET /api/product/getProductById/508 [36m304[0m 37.737 ms - -[0m
[0mGET /api/category/getAllCategory [36m304[0m 69.271 ms - -[0m
[0mOPTIONS /api/product/getProductById/508 [32m204[0m 0.989 ms - 0[0m
[0mGET /api/product/getProductById/508 [36m304[0m 36.096 ms - -[0m
[0mGET /api/product/getProductById/508 [36m304[0m 30.915 ms - -[0m
[0mGET /api/product/getProductById/508 [36m304[0m 31.724 ms - -[0m
[0mOPTIONS /api/product/getProductById/508 [32m204[0m 1.437 ms - 0[0m
[0mGET /api/product/getProductById/508 [36m304[0m 36.920 ms - -[0m
[0mOPTIONS /api/product/getProductById/508 [32m204[0m 0.755 ms - 0[0m
[0mGET /api/product/getProductById/508 [36m304[0m 32.313 ms - -[0m
[0mOPTIONS /api/auth/user/48 [32m204[0m 0.407 ms - 0[0m
[0mOPTIONS /api/category/getAllCategory [32m204[0m 3.642 ms - 0[0m
[0mGET /api/category/getAllCategory [36m304[0m 53.384 ms - -[0m
[0mGET /api/product/getProductById/508 [36m304[0m 81.968 ms - -[0m
[0mGET /api/auth/user/48 [36m304[0m 321.247 ms - -[0m
[0mOPTIONS /api/product/getProductById/508 [32m204[0m 0.340 ms - 0[0m
[0mGET /api/product/getProductById/508 [36m304[0m 34.992 ms - -[0m
[0mOPTIONS /api/product/getProductById/508 [32m204[0m 0.901 ms - 0[0m
[0mGET /api/product/getProductById/508 [36m304[0m 36.159 ms - -[0m
[0mOPTIONS /api/product/getProductById/508 [32m204[0m 0.867 ms - 0[0m
[0mGET /api/product/getProductById/508 [36m304[0m 36.805 ms - -[0m
[0mOPTIONS /api/product/getProductById/508 [32m204[0m 0.877 ms - 0[0m
[0mGET /api/product/getProductById/508 [36m304[0m 32.215 ms - -[0m
[0mOPTIONS /api/product/getProductById/508 [32m204[0m 1.006 ms - 0[0m
[0mGET /api/product/getProductById/508 [36m304[0m 28.067 ms - -[0m
[0mOPTIONS /api/product/getProductById/508 [32m204[0m 0.678 ms - 0[0m
[0mGET /api/product/getProductById/508 [36m304[0m 29.019 ms - -[0m
[0mOPTIONS /api/product/getProductById/508 [32m204[0m 0.378 ms - 0[0m
[0mGET /api/product/getProductById/508 [36m304[0m 26.479 ms - -[0m
[0mGET /api/product/getProductById/508 [36m304[0m 29.700 ms - -[0m
[0mGET /api/product/getProductById/508 [36m304[0m 30.069 ms - -[0m
[0mOPTIONS /api/auth/user/48 [32m204[0m 5.211 ms - 0[0m
[0mOPTIONS /api/category/getAllCategory [32m204[0m 0.427 ms - 0[0m
[0mOPTIONS /api/product/getProductById/508 [32m204[0m 0.410 ms - 0[0m
[0mGET /api/category/getAllCategory [36m304[0m 47.156 ms - -[0m
[0mGET /api/product/getProductById/508 [36m304[0m 67.649 ms - -[0m
[0mGET /api/auth/user/48 [36m304[0m 185.651 ms - -[0m
[0mOPTIONS /api/auth/rootLogin [32m204[0m 2.255 ms - 0[0m
[0mPOST /api/auth/rootLogin [32m200[0m 569.941 ms - 566[0m
[0mOPTIONS /api/auth/user/48 [32m204[0m 22.775 ms - 0[0m
[0mGET /api/auth/user/48 [36m304[0m 130.553 ms - -[0m
[0mOPTIONS /api/product/getAllproductList [32m204[0m 0.871 ms - 0[0m
[0mGET /api/product/getAllproductList [36m304[0m 93.403 ms - -[0m
[0mOPTIONS /api/category/getAllCategory [32m204[0m 0.267 ms - 0[0m
[0mOPTIONS /api/product/getProductById/508 [32m204[0m 0.167 ms - 0[0m
[0mGET /api/category/getAllCategory [36m304[0m 33.368 ms - -[0m
[0mGET /api/product/getProductById/508 [36m304[0m 57.200 ms - -[0m
[0mOPTIONS /api/auth/user/48 [32m204[0m 54.992 ms - 0[0m
[0mOPTIONS /api/category/getAllCategory [32m204[0m 0.399 ms - 0[0m
[0mOPTIONS /api/product/getProductById/508 [32m204[0m 1.391 ms - 0[0m
[0mGET /api/category/getAllCategory [36m304[0m 84.447 ms - -[0m
[0mGET /api/product/getProductById/508 [36m304[0m 66.697 ms - -[0m
[0mGET /api/auth/user/48 [36m304[0m 353.712 ms - -[0m
[0mOPTIONS /api/product/getProductById/508 [32m204[0m 6.645 ms - 0[0m
[0mGET /api/product/getProductById/508 [31m500[0m 39.320 ms - 63[0m
[0mGET /api/product/getProductById/508 [32m200[0m 364.133 ms - -[0m
[0mOPTIONS /api/product/getProductById/508 [32m204[0m 0.465 ms - 0[0m
[0mGET /api/product/getProductById/508 [36m304[0m 33.312 ms - -[0m
[0mGET /api/product/getProductById/508 [36m304[0m 31.374 ms - -[0m
[0mOPTIONS /api/product/getProductById/508 [32m204[0m 0.580 ms - 0[0m
[0mGET /api/product/getProductById/508 [36m304[0m 34.551 ms - -[0m
[0mOPTIONS /api/product/getProductById/508 [32m204[0m 0.684 ms - 0[0m
[0mGET /api/product/getProductById/508 [36m304[0m 44.994 ms - -[0m
[0mOPTIONS /api/auth/user/48 [32m204[0m 0.753 ms - 0[0m
[0mOPTIONS /api/category/getAllCategory [32m204[0m 0.324 ms - 0[0m
[0mOPTIONS /api/product/getProductById/508 [32m204[0m 0.978 ms - 0[0m
[0mGET /api/product/getProductById/508 [36m304[0m 42.935 ms - -[0m
[0mGET /api/category/getAllCategory [36m304[0m 73.072 ms - -[0m
[0mGET /api/auth/user/48 [36m304[0m 194.305 ms - -[0m
[0mOPTIONS /api/auth/user/48 [32m204[0m 1.192 ms - 0[0m
[0mOPTIONS /api/category/getAllCategory [32m204[0m 0.252 ms - 0[0m
[0mOPTIONS /api/product/getProductById/508 [32m204[0m 0.346 ms - 0[0m
[0mGET /api/category/getAllCategory [36m304[0m 59.164 ms - -[0m
[0mGET /api/product/getProductById/508 [36m304[0m 74.160 ms - -[0m
[0mGET /api/auth/user/48 [36m304[0m 235.075 ms - -[0m
[0mOPTIONS /api/auth/user/48 [32m204[0m 4.029 ms - 0[0m
[0mOPTIONS /api/category/getAllCategory [32m204[0m 0.252 ms - 0[0m
[0mOPTIONS /api/product/getProductById/508 [32m204[0m 1.199 ms - 0[0m
[0mGET /api/category/getAllCategory [36m304[0m 32.521 ms - -[0m
[0mGET /api/auth/user/48 [36m304[0m 172.332 ms - -[0m
[0mGET /api/product/getProductById/508 [36m304[0m 75.793 ms - -[0m
[0mOPTIONS /api/product/getProductById/508 [32m204[0m 1.037 ms - 0[0m
[0mGET /api/product/getProductById/508 [36m304[0m 34.204 ms - -[0m
[0mOPTIONS /api/product/getProductById/508 [32m204[0m 0.334 ms - 0[0m
[0mGET /api/product/getProductById/508 [36m304[0m 32.057 ms - -[0m
[0mGET /api/product/getProductById/508 [36m304[0m 31.464 ms - -[0m
[0mOPTIONS /api/product/getProductById/508 [32m204[0m 0.230 ms - 0[0m
[0mGET /api/product/getProductById/508 [36m304[0m 34.361 ms - -[0m
[0mOPTIONS /api/product/getProductById/508 [32m204[0m 0.362 ms - 0[0m
[0mGET /api/product/getProductById/508 [36m304[0m 35.259 ms - -[0m
[0mGET /api/product/getProductById/508 [36m304[0m 32.120 ms - -[0m
[0mOPTIONS /api/auth/user/48 [32m204[0m 5.327 ms - 0[0m
[0mOPTIONS /api/category/getAllCategory [32m204[0m 0.699 ms - 0[0m
[0mOPTIONS /api/product/getProductById/508 [32m204[0m 13.266 ms - 0[0m
[0mGET /api/category/getAllCategory [36m304[0m 33.587 ms - -[0m
[0mGET /api/product/getProductById/508 [36m304[0m 102.567 ms - -[0m
[0mGET /api/auth/user/48 [36m304[0m 217.789 ms - -[0m
[0mOPTIONS /api/product/getProductById/508 [32m204[0m 1.194 ms - 0[0m
[0mGET /api/product/getProductById/508 [36m304[0m 37.347 ms - -[0m
[0mGET /api/product/getProductById/508 [36m304[0m 38.493 ms - -[0m
[0mOPTIONS /api/product/getProductById/508 [32m204[0m 0.276 ms - 0[0m
[0mGET /api/product/getProductById/508 [36m304[0m 35.116 ms - -[0m
[0mGET /api/product/getProductById/508 [36m304[0m 36.005 ms - -[0m
[0mOPTIONS /api/product/getProductById/508 [32m204[0m 0.206 ms - 0[0m
[0mGET /api/product/getProductById/508 [36m304[0m 37.541 ms - -[0m
[0mOPTIONS /api/product/getProductById/508 [32m204[0m 0.912 ms - 0[0m
[0mGET /api/product/getProductById/508 [36m304[0m 42.504 ms - -[0m
[0mOPTIONS /api/product/getProductById/508 [32m204[0m 0.194 ms - 0[0m
[0mGET /api/product/getProductById/508 [36m304[0m 32.126 ms - -[0m
[0mOPTIONS /api/auth/user/48 [32m204[0m 1.061 ms - 0[0m
[0mOPTIONS /api/category/getAllCategory [32m204[0m 0.888 ms - 0[0m
[0mOPTIONS /api/product/getProductById/508 [32m204[0m 0.274 ms - 0[0m
[0mGET /api/category/getAllCategory [36m304[0m 40.545 ms - -[0m
[0mGET /api/product/getProductById/508 [36m304[0m 69.981 ms - -[0m
[0mGET /api/auth/user/48 [36m304[0m 212.604 ms - -[0m
