[0mOPTIONS /api/store/visit [32m204[0m 2.092 ms - 0[0m
[0mOPTIONS /api/cart/list/396 [32m204[0m 0.441 ms - 0[0m
[0mOPTIONS /api/address/list/396 [32m204[0m 0.184 ms - 0[0m
[0mOPTIONS /api/auth/user/396 [32m204[0m 0.365 ms - 0[0m
[0mOPTIONS /api/category/getAllCategory [32m204[0m 0.327 ms - 0[0m
[0mOPTIONS /api/store/list?currentLocation=13.028787609999995%2C78.91521452999997&page=1&limit=20 [32m204[0m 0.891 ms - 0[0m
[0mOPTIONS /api/order/list/396 [32m204[0m 0.328 ms - 0[0m
[0mOPTIONS /api/category/getAllCategory [32m204[0m 0.624 ms - 0[0m
[0mGET /api/address/list/396 [32m200[0m 545.254 ms - 649[0m
[0mGET /api/cart/list/396 [32m200[0m 551.070 ms - -[0m
[0mOPTIONS /api/store/public/by-ids [32m204[0m 0.340 ms - 0[0m
[0mOPTIONS /api/store/list/231?currentLocation=13.02799824499257%2C78.91510065904765 [32m204[0m 0.185 ms - 0[0m
[0mPOST /api/store/public/by-ids [33m401[0m 3.056 ms - 107[0m
[0mGET /api/category/getAllCategory [32m200[0m 575.520 ms - -[0m
[0mPOST /api/store/visit [32m201[0m 626.780 ms - 43[0m
[0mGET /api/order/list/396 [32m200[0m 65.877 ms - 26[0m
[0mGET /api/auth/user/396 [32m200[0m 640.480 ms - 422[0m
[0mGET /api/category/getAllCategory [36m304[0m 80.433 ms - -[0m
[0mGET /api/store/list?currentLocation=13.028787609999995%2C78.91521452999997&page=1&limit=20 [32m200[0m 683.100 ms - -[0m
[0mGET /api/store/list/231?currentLocation=13.02799824499257%2C78.91510065904765 [32m200[0m 276.709 ms - -[0m
[0mOPTIONS /api/auth/rootLogin [32m204[0m 0.492 ms - 0[0m
[0mPOST /api/auth/rootLogin [32m200[0m 272.422 ms - 605[0m
[0mOPTIONS /api/auth/user/48 [32m204[0m 0.550 ms - 0[0m
[0mOPTIONS /api/store/visit/reports [32m204[0m 0.270 ms - 0[0m
[0mGET /api/store/visit/reports [0m-[0m - ms - -[0m
[0mGET /api/auth/user/48 [0m-[0m - ms - -[0m
[0mGET /api/auth/user/48 [32m200[0m 273.319 ms - 433[0m
[0mGET /api/store/visit/reports [32m200[0m 328.411 ms - -[0m
[0mOPTIONS /api/store/admin/list [32m204[0m 0.329 ms - 0[0m
[0mGET /api/store/admin/list [32m200[0m 1088.235 ms - -[0m
[0mOPTIONS /api/store/admin/list [32m204[0m 0.330 ms - 0[0m
[0mGET /api/store/admin/list [36m304[0m 904.222 ms - -[0m
[0mOPTIONS /api/store/admin/list [32m204[0m 0.485 ms - 0[0m
[0mGET /api/store/admin/list [36m304[0m 1361.208 ms - -[0m
[0mOPTIONS /api/store/list/54 [32m204[0m 0.287 ms - 0[0m
[0mGET /api/store/list/54 [32m200[0m 568.957 ms - -[0m
[0mOPTIONS /api/store/admin/list [32m204[0m 0.537 ms - 0[0m
[0mGET /api/store/admin/list [36m304[0m 556.567 ms - -[0m
[0mOPTIONS /api/auth/user/48 [32m204[0m 0.661 ms - 0[0m
[0mOPTIONS /api/store/admin/list [32m204[0m 0.282 ms - 0[0m
[0mGET /api/auth/user/48 [36m304[0m 905.499 ms - -[0m
[0mGET /api/store/admin/list [36m304[0m 1298.263 ms - -[0m
