[0mGET /app/version [33m404[0m 4.878 ms - 57[0m
[0mOPTIONS /api/category/getAllCategory [32m204[0m 1.215 ms - 0[0m
[0mOPTIONS /api/store/list?page=1&limit=20 [32m204[0m 0.220 ms - 0[0m
[0mOPTIONS /api/category/getAllCategory [32m204[0m 0.362 ms - 0[0m
[0mOPTIONS /api/product/getAllproductList?page=1&limit=20 [32m204[0m 0.190 ms - 0[0m
[0mGET /api/category/getAllCategory [32m200[0m 207.667 ms - -[0m
[0mGET /api/category/getAllCategory [36m304[0m 83.856 ms - -[0m
[0mGET /api/store/list?page=1&limit=20 [32m200[0m 292.146 ms - -[0m
[0mGET /api/product/getAllproductList?page=1&limit=20 [32m200[0m 287.346 ms - -[0m
[0mOPTIONS /api/store/list?currentLocation=12.680382175114904%2C78.61644482546886&page=1&limit=20 [32m204[0m 0.610 ms - 0[0m
[0mGET /api/store/list?currentLocation=12.680382175114904%2C78.61644482546886&page=1&limit=20 [32m200[0m 113.710 ms - -[0m
[0mOPTIONS /api/category/getAllCategory [32m204[0m 0.249 ms - 0[0m
[0mOPTIONS /api/store/list?page=1&limit=20 [32m204[0m 0.218 ms - 0[0m
[0mOPTIONS /api/category/getAllCategory [32m204[0m 0.110 ms - 0[0m
[0mOPTIONS /api/product/getAllproductList?page=1&limit=20 [32m204[0m 0.473 ms - 0[0m
[0mGET /api/category/getAllCategory [32m200[0m 191.335 ms - -[0m
[0mGET /api/category/getAllCategory [36m304[0m 69.642 ms - -[0m
[0mGET /api/store/list?page=1&limit=20 [32m200[0m 263.098 ms - -[0m
[0mGET /api/product/getAllproductList?page=1&limit=20 [32m200[0m 283.584 ms - -[0m
[0mGET /app/version [33m404[0m 0.585 ms - 57[0m
[0mOPTIONS /api/category/getAllCategory [32m204[0m 0.631 ms - 0[0m
[0mOPTIONS /api/store/list?page=1&limit=20 [32m204[0m 0.256 ms - 0[0m
[0mOPTIONS /api/category/getAllCategory [32m204[0m 0.112 ms - 0[0m
[0mOPTIONS /api/product/getAllproductList?page=1&limit=20 [32m204[0m 0.110 ms - 0[0m
[0mGET /api/category/getAllCategory [36m304[0m 49.703 ms - -[0m
[0mGET /api/store/list?page=1&limit=20 [36m304[0m 82.547 ms - -[0m
[0mGET /api/category/getAllCategory [36m304[0m 44.021 ms - -[0m
[0mGET /api/product/getAllproductList?page=1&limit=20 [36m304[0m 104.288 ms - -[0m
[0mOPTIONS /api/store/list?currentLocation=12.680376702630086%2C78.61646622078291&page=1&limit=20 [32m204[0m 0.242 ms - 0[0m
[0mGET /api/store/list?currentLocation=12.680376702630086%2C78.61646622078291&page=1&limit=20 [32m200[0m 84.090 ms - -[0m
[0mOPTIONS /api/auth/rootLogin [32m204[0m 0.319 ms - 0[0m
[0mPOST /api/auth/rootLogin [32m200[0m 241.328 ms - 753[0m
[0mOPTIONS /api/auth/user/122 [32m204[0m 0.338 ms - 0[0m
[0mGET /api/auth/user/122 [32m200[0m 78.630 ms - 579[0m
[0mGET /api/auth/user/122 [36m304[0m 76.651 ms - -[0m
[0mOPTIONS /api/order/store/list/57 [32m204[0m 0.823 ms - 0[0m
[0mGET /api/order/store/list/57 [32m200[0m 48.593 ms - 26[0m
[0mOPTIONS /api/one-day/orders/57 [32m204[0m 0.876 ms - 0[0m
[0mGET /api/one-day/orders/57 [32m200[0m 214.872 ms - -[0m
[0mOPTIONS /api/rental/bookings/57 [32m204[0m 0.569 ms - 0[0m
[0mGET /api/rental/bookings/57 [32m200[0m 174.280 ms - -[0m
[0mOPTIONS /api/store/list/57 [32m204[0m 1.091 ms - 0[0m
[0mOPTIONS /api/order/store/list/57 [32m204[0m 0.441 ms - 0[0m
[0mGET /api/order/store/list/57 [36m304[0m 88.183 ms - -[0m
[0mOPTIONS /api/one-day/orders/57 [32m204[0m 2.446 ms - 0[0m
[0mGET /api/store/list/57 [32m200[0m 275.987 ms - -[0m
[0mGET /api/one-day/orders/57 [36m304[0m 210.249 ms - -[0m
[0mOPTIONS /api/rental/bookings/57 [32m204[0m 0.478 ms - 0[0m
[0mGET /api/rental/bookings/57 [36m304[0m 156.380 ms - -[0m
[0mOPTIONS /api/order/store/list/57 [32m204[0m 0.289 ms - 0[0m
[0mGET /api/order/store/list/57 [36m304[0m 53.012 ms - -[0m
[0mOPTIONS /api/one-day/orders/57 [32m204[0m 0.514 ms - 0[0m
[0mGET /api/one-day/orders/57 [36m304[0m 196.438 ms - -[0m
[0mOPTIONS /api/rental/bookings/57 [32m204[0m 0.381 ms - 0[0m
[0mGET /api/rental/bookings/57 [36m304[0m 168.470 ms - -[0m
[0mOPTIONS /api/order/store/list/57 [32m204[0m 0.570 ms - 0[0m
[0mGET /api/order/store/list/57 [36m304[0m 42.485 ms - -[0m
[0mOPTIONS /api/one-day/orders/57 [32m204[0m 0.733 ms - 0[0m
[0mGET /api/one-day/orders/57 [36m304[0m 200.782 ms - -[0m
[0mOPTIONS /api/rental/bookings/57 [32m204[0m 0.473 ms - 0[0m
[0mGET /api/rental/bookings/57 [36m304[0m 160.540 ms - -[0m
[0mOPTIONS /api/order/store/list/57 [32m204[0m 0.199 ms - 0[0m
[0mGET /api/order/store/list/57 [36m304[0m 40.560 ms - -[0m
[0mOPTIONS /api/one-day/orders/57 [32m204[0m 0.215 ms - 0[0m
[0mGET /api/one-day/orders/57 [36m304[0m 192.504 ms - -[0m
[0mOPTIONS /api/rental/bookings/57 [32m204[0m 0.232 ms - 0[0m
[0mGET /api/rental/bookings/57 [36m304[0m 158.189 ms - -[0m
[0mOPTIONS /api/auth/user/122 [32m204[0m 0.710 ms - 0[0m
[0mGET /api/auth/user/122 [36m304[0m 74.229 ms - -[0m
[0mOPTIONS /api/store/product/admin/getAllProductById/57 [32m204[0m 0.387 ms - 0[0m
[0mGET /api/store/product/admin/getAllProductById/57 [32m200[0m 122.893 ms - -[0m
[0mOPTIONS /api/category/getAllCategory [32m204[0m 0.561 ms - 0[0m
[0mGET /api/category/getAllCategory [36m304[0m 97.482 ms - -[0m
[0mGET /api/auth/user/122 [36m304[0m 144.569 ms - -[0m
[0mGET /api/store/product/admin/getAllProductById/57 [36m304[0m 127.012 ms - -[0m
[0mOPTIONS /api/order/store/list/57 [32m204[0m 0.506 ms - 0[0m
[0mGET /api/order/store/list/57 [36m304[0m 45.733 ms - -[0m
[0mOPTIONS /api/one-day/orders/57 [32m204[0m 0.513 ms - 0[0m
[0mGET /api/one-day/orders/57 [36m304[0m 195.020 ms - -[0m
[0mOPTIONS /api/rental/bookings/57 [32m204[0m 0.373 ms - 0[0m
[0mGET /api/rental/bookings/57 [36m304[0m 162.536 ms - -[0m
[0mOPTIONS /api/order/store/list/57 [32m204[0m 0.325 ms - 0[0m
[0mGET /api/order/store/list/57 [36m304[0m 40.653 ms - -[0m
[0mOPTIONS /api/one-day/orders/57 [32m204[0m 0.211 ms - 0[0m
[0mGET /api/one-day/orders/57 [36m304[0m 192.107 ms - -[0m
[0mOPTIONS /api/rental/bookings/57 [32m204[0m 0.317 ms - 0[0m
[0mGET /api/rental/bookings/57 [36m304[0m 163.374 ms - -[0m
[0mOPTIONS /api/order/store/list/57 [32m204[0m 0.713 ms - 0[0m
[0mGET /api/order/store/list/57 [36m304[0m 40.971 ms - -[0m
[0mOPTIONS /api/one-day/orders/57 [32m204[0m 0.394 ms - 0[0m
[0mGET /api/one-day/orders/57 [36m304[0m 196.733 ms - -[0m
[0mOPTIONS /api/rental/bookings/57 [32m204[0m 0.647 ms - 0[0m
[0mGET /api/rental/bookings/57 [36m304[0m 158.232 ms - -[0m
[0mOPTIONS /api/order/store/list/57 [32m204[0m 1.093 ms - 0[0m
[0mGET /api/order/store/list/57 [36m304[0m 45.274 ms - -[0m
[0mOPTIONS /api/one-day/orders/57 [32m204[0m 0.301 ms - 0[0m
[0mGET /api/one-day/orders/57 [36m304[0m 199.035 ms - -[0m
[0mOPTIONS /api/rental/bookings/57 [32m204[0m 0.772 ms - 0[0m
[0mGET /api/rental/bookings/57 [36m304[0m 180.315 ms - -[0m
[0mOPTIONS /api/order/store/list/57 [32m204[0m 0.382 ms - 0[0m
[0mGET /api/order/store/list/57 [36m304[0m 43.807 ms - -[0m
[0mOPTIONS /api/one-day/orders/57 [32m204[0m 0.396 ms - 0[0m
[0mGET /api/one-day/orders/57 [36m304[0m 197.482 ms - -[0m
[0mOPTIONS /api/rental/bookings/57 [32m204[0m 0.537 ms - 0[0m
[0mGET /api/rental/bookings/57 [36m304[0m 162.423 ms - -[0m
[0mOPTIONS /api/order/store/list/57 [32m204[0m 1.214 ms - 0[0m
[0mGET /api/order/store/list/57 [36m304[0m 38.829 ms - -[0m
[0mOPTIONS /api/one-day/orders/57 [32m204[0m 0.324 ms - 0[0m
[0mGET /api/one-day/orders/57 [36m304[0m 201.243 ms - -[0m
[0mOPTIONS /api/rental/bookings/57 [32m204[0m 0.581 ms - 0[0m
[0mGET /api/rental/bookings/57 [36m304[0m 154.774 ms - -[0m
[0mOPTIONS /api/order/store/list/57 [32m204[0m 0.667 ms - 0[0m
[0mGET /api/order/store/list/57 [36m304[0m 41.871 ms - -[0m
[0mOPTIONS /api/one-day/orders/57 [32m204[0m 0.360 ms - 0[0m
[0mGET /api/one-day/orders/57 [36m304[0m 191.819 ms - -[0m
[0mOPTIONS /api/rental/bookings/57 [32m204[0m 0.318 ms - 0[0m
[0mGET /api/rental/bookings/57 [36m304[0m 156.744 ms - -[0m
[0mOPTIONS /api/order/store/list/57 [32m204[0m 0.241 ms - 0[0m
[0mGET /api/order/store/list/57 [36m304[0m 38.569 ms - -[0m
[0mOPTIONS /api/one-day/orders/57 [32m204[0m 0.174 ms - 0[0m
[0mGET /api/one-day/orders/57 [36m304[0m 204.367 ms - -[0m
[0mOPTIONS /api/rental/bookings/57 [32m204[0m 0.208 ms - 0[0m
[0mGET /api/rental/bookings/57 [36m304[0m 160.630 ms - -[0m
[0mOPTIONS /api/order/store/list/57 [32m204[0m 0.288 ms - 0[0m
[0mGET /api/order/store/list/57 [36m304[0m 43.239 ms - -[0m
[0mOPTIONS /api/one-day/orders/57 [32m204[0m 0.214 ms - 0[0m
[0mGET /api/one-day/orders/57 [36m304[0m 207.272 ms - -[0m
[0mOPTIONS /api/rental/bookings/57 [32m204[0m 1.168 ms - 0[0m
[0mGET /api/rental/bookings/57 [36m304[0m 183.990 ms - -[0m
[0mOPTIONS /api/order/store/list/57 [32m204[0m 0.725 ms - 0[0m
[0mGET /api/order/store/list/57 [36m304[0m 42.976 ms - -[0m
[0mOPTIONS /api/one-day/orders/57 [32m204[0m 0.707 ms - 0[0m
[0mGET /api/one-day/orders/57 [36m304[0m 205.462 ms - -[0m
[0mOPTIONS /api/rental/bookings/57 [32m204[0m 0.295 ms - 0[0m
[0mGET /api/rental/bookings/57 [36m304[0m 157.247 ms - -[0m
[0mOPTIONS /api/order/store/list/57 [32m204[0m 0.722 ms - 0[0m
[0mGET /api/order/store/list/57 [36m304[0m 42.610 ms - -[0m
[0mOPTIONS /api/one-day/orders/57 [32m204[0m 0.555 ms - 0[0m
[0mGET /api/one-day/orders/57 [36m304[0m 225.156 ms - -[0m
[0mOPTIONS /api/rental/bookings/57 [32m204[0m 0.520 ms - 0[0m
[0mGET /api/rental/bookings/57 [36m304[0m 167.050 ms - -[0m
[0mOPTIONS /api/order/store/list/57 [32m204[0m 0.903 ms - 0[0m
[0mGET /api/order/store/list/57 [36m304[0m 49.995 ms - -[0m
[0mOPTIONS /api/one-day/orders/57 [32m204[0m 0.672 ms - 0[0m
[0mGET /api/one-day/orders/57 [36m304[0m 206.877 ms - -[0m
[0mOPTIONS /api/rental/bookings/57 [32m204[0m 1.461 ms - 0[0m
[0mGET /api/rental/bookings/57 [36m304[0m 177.638 ms - -[0m
[0mOPTIONS /api/order/store/list/57 [32m204[0m 0.673 ms - 0[0m
[0mGET /api/order/store/list/57 [36m304[0m 65.796 ms - -[0m
[0mOPTIONS /api/one-day/orders/57 [32m204[0m 0.572 ms - 0[0m
[0mGET /api/one-day/orders/57 [36m304[0m 200.269 ms - -[0m
[0mOPTIONS /api/rental/bookings/57 [32m204[0m 0.212 ms - 0[0m
[0mGET /api/rental/bookings/57 [36m304[0m 165.466 ms - -[0m
[0mOPTIONS /api/order/store/list/57 [32m204[0m 0.468 ms - 0[0m
[0mGET /api/order/store/list/57 [36m304[0m 38.435 ms - -[0m
[0mOPTIONS /api/one-day/orders/57 [32m204[0m 0.231 ms - 0[0m
[0mGET /api/one-day/orders/57 [36m304[0m 202.230 ms - -[0m
[0mOPTIONS /api/rental/bookings/57 [32m204[0m 0.786 ms - 0[0m
[0mGET /api/rental/bookings/57 [36m304[0m 165.875 ms - -[0m
[0mOPTIONS /api/order/store/list/57 [32m204[0m 0.310 ms - 0[0m
[0mGET /api/order/store/list/57 [36m304[0m 37.224 ms - -[0m
[0mOPTIONS /api/one-day/orders/57 [32m204[0m 0.204 ms - 0[0m
[0mGET /api/one-day/orders/57 [36m304[0m 199.017 ms - -[0m
[0mOPTIONS /api/rental/bookings/57 [32m204[0m 0.785 ms - 0[0m
[0mGET /api/rental/bookings/57 [36m304[0m 163.032 ms - -[0m
[0mOPTIONS /api/order/store/list/57 [32m204[0m 1.605 ms - 0[0m
[0mGET /api/order/store/list/57 [36m304[0m 44.365 ms - -[0m
[0mOPTIONS /api/one-day/orders/57 [32m204[0m 0.881 ms - 0[0m
[0mGET /api/one-day/orders/57 [36m304[0m 218.970 ms - -[0m
[0mOPTIONS /api/rental/bookings/57 [32m204[0m 0.378 ms - 0[0m
[0mGET /api/rental/bookings/57 [36m304[0m 166.745 ms - -[0m
[0mOPTIONS /api/order/store/list/57 [32m204[0m 0.402 ms - 0[0m
[0mGET /api/order/store/list/57 [36m304[0m 50.399 ms - -[0m
[0mOPTIONS /api/one-day/orders/57 [32m204[0m 0.292 ms - 0[0m
[0mGET /api/one-day/orders/57 [36m304[0m 194.175 ms - -[0m
[0mOPTIONS /api/rental/bookings/57 [32m204[0m 0.208 ms - 0[0m
[0mGET /api/rental/bookings/57 [36m304[0m 157.323 ms - -[0m
[0mOPTIONS /api/order/store/list/57 [32m204[0m 0.790 ms - 0[0m
[0mGET /api/order/store/list/57 [36m304[0m 46.561 ms - -[0m
[0mOPTIONS /api/one-day/orders/57 [32m204[0m 0.494 ms - 0[0m
[0mGET /api/one-day/orders/57 [36m304[0m 201.125 ms - -[0m
[0mOPTIONS /api/rental/bookings/57 [32m204[0m 0.229 ms - 0[0m
[0mGET /api/rental/bookings/57 [36m304[0m 158.489 ms - -[0m
[0mOPTIONS /api/order/store/list/57 [32m204[0m 0.826 ms - 0[0m
[0mGET /api/order/store/list/57 [36m304[0m 40.263 ms - -[0m
[0mOPTIONS /api/one-day/orders/57 [32m204[0m 0.531 ms - 0[0m
[0mGET /api/one-day/orders/57 [36m304[0m 195.974 ms - -[0m
[0mOPTIONS /api/rental/bookings/57 [32m204[0m 0.407 ms - 0[0m
[0mGET /api/rental/bookings/57 [36m304[0m 164.209 ms - -[0m
[0mOPTIONS /api/order/store/list/57 [32m204[0m 0.668 ms - 0[0m
[0mGET /api/order/store/list/57 [36m304[0m 42.746 ms - -[0m
[0mOPTIONS /api/one-day/orders/57 [32m204[0m 0.574 ms - 0[0m
[0mGET /api/one-day/orders/57 [36m304[0m 214.873 ms - -[0m
[0mOPTIONS /api/rental/bookings/57 [32m204[0m 0.774 ms - 0[0m
[0mGET /api/rental/bookings/57 [36m304[0m 167.931 ms - -[0m
[0mOPTIONS /api/order/store/list/57 [32m204[0m 0.380 ms - 0[0m
[0mGET /api/order/store/list/57 [36m304[0m 38.999 ms - -[0m
[0mOPTIONS /api/one-day/orders/57 [32m204[0m 0.307 ms - 0[0m
[0mGET /api/one-day/orders/57 [36m304[0m 231.644 ms - -[0m
[0mOPTIONS /api/rental/bookings/57 [32m204[0m 0.609 ms - 0[0m
[0mGET /api/rental/bookings/57 [36m304[0m 164.635 ms - -[0m
[0mOPTIONS /api/order/store/list/57 [32m204[0m 0.687 ms - 0[0m
[0mGET /api/order/store/list/57 [36m304[0m 44.408 ms - -[0m
[0mOPTIONS /api/one-day/orders/57 [32m204[0m 0.596 ms - 0[0m
[0mGET /api/one-day/orders/57 [36m304[0m 203.981 ms - -[0m
[0mOPTIONS /api/rental/bookings/57 [32m204[0m 0.872 ms - 0[0m
[0mGET /api/rental/bookings/57 [36m304[0m 167.076 ms - -[0m
[0mOPTIONS /api/order/store/list/57 [32m204[0m 0.791 ms - 0[0m
[0mGET /api/order/store/list/57 [36m304[0m 44.804 ms - -[0m
[0mOPTIONS /api/one-day/orders/57 [32m204[0m 0.623 ms - 0[0m
[0mGET /api/one-day/orders/57 [36m304[0m 206.789 ms - -[0m
[0mOPTIONS /api/rental/bookings/57 [32m204[0m 0.460 ms - 0[0m
[0mGET /api/rental/bookings/57 [36m304[0m 160.127 ms - -[0m
[0mOPTIONS /api/order/store/list/57 [32m204[0m 0.533 ms - 0[0m
[0mGET /api/order/store/list/57 [36m304[0m 40.253 ms - -[0m
[0mOPTIONS /api/one-day/orders/57 [32m204[0m 0.709 ms - 0[0m
[0mGET /api/one-day/orders/57 [36m304[0m 202.919 ms - -[0m
[0mOPTIONS /api/rental/bookings/57 [32m204[0m 0.409 ms - 0[0m
[0mGET /api/rental/bookings/57 [36m304[0m 163.949 ms - -[0m
[0mOPTIONS /api/order/store/list/57 [32m204[0m 0.885 ms - 0[0m
[0mGET /api/order/store/list/57 [36m304[0m 41.847 ms - -[0m
[0mOPTIONS /api/one-day/orders/57 [32m204[0m 0.609 ms - 0[0m
[0mGET /api/one-day/orders/57 [36m304[0m 201.977 ms - -[0m
[0mOPTIONS /api/rental/bookings/57 [32m204[0m 0.300 ms - 0[0m
[0mGET /api/rental/bookings/57 [36m304[0m 163.667 ms - -[0m
[0mOPTIONS /api/order/store/list/57 [32m204[0m 0.222 ms - 0[0m
[0mGET /api/order/store/list/57 [36m304[0m 40.323 ms - -[0m
[0mOPTIONS /api/one-day/orders/57 [32m204[0m 0.314 ms - 0[0m
[0mGET /api/one-day/orders/57 [36m304[0m 198.159 ms - -[0m
[0mOPTIONS /api/rental/bookings/57 [32m204[0m 0.363 ms - 0[0m
[0mGET /api/rental/bookings/57 [36m304[0m 158.334 ms - -[0m
[0mOPTIONS /api/category/getAllCategory [32m204[0m 0.346 ms - 0[0m
[0mGET /api/category/getAllCategory [36m304[0m 45.824 ms - -[0m
[0mOPTIONS /api/order/store/list/57 [32m204[0m 0.328 ms - 0[0m
[0mGET /api/order/store/list/57 [36m304[0m 56.469 ms - -[0m
[0mOPTIONS /api/one-day/orders/57 [32m204[0m 0.274 ms - 0[0m
[0mGET /api/one-day/orders/57 [36m304[0m 198.322 ms - -[0m
[0mOPTIONS /api/rental/bookings/57 [32m204[0m 0.403 ms - 0[0m
[0mGET /api/rental/bookings/57 [36m304[0m 162.627 ms - -[0m
[0mOPTIONS /api/store/list/57 [32m204[0m 0.349 ms - 0[0m
[0mGET /api/store/list/57 [36m304[0m 156.489 ms - -[0m
[0mOPTIONS /api/order/store/list/57 [32m204[0m 0.325 ms - 0[0m
[0mGET /api/order/store/list/57 [36m304[0m 42.210 ms - -[0m
[0mOPTIONS /api/one-day/orders/57 [32m204[0m 0.269 ms - 0[0m
[0mGET /api/one-day/orders/57 [36m304[0m 192.700 ms - -[0m
[0mOPTIONS /api/rental/bookings/57 [32m204[0m 0.292 ms - 0[0m
[0mGET /api/rental/bookings/57 [36m304[0m 160.341 ms - -[0m
[0mOPTIONS /api/order/store/list/57 [32m204[0m 0.262 ms - 0[0m
[0mGET /api/order/store/list/57 [36m304[0m 39.727 ms - -[0m
[0mOPTIONS /api/one-day/orders/57 [32m204[0m 0.205 ms - 0[0m
[0mGET /api/one-day/orders/57 [36m304[0m 193.039 ms - -[0m
[0mOPTIONS /api/rental/bookings/57 [32m204[0m 0.332 ms - 0[0m
[0mGET /api/rental/bookings/57 [36m304[0m 160.101 ms - -[0m
[0mOPTIONS /api/order/store/list/57 [32m204[0m 1.546 ms - 0[0m
[0mGET /api/order/store/list/57 [36m304[0m 42.602 ms - -[0m
[0mOPTIONS /api/one-day/orders/57 [32m204[0m 0.592 ms - 0[0m
[0mGET /api/one-day/orders/57 [36m304[0m 204.709 ms - -[0m
[0mOPTIONS /api/rental/bookings/57 [32m204[0m 0.420 ms - 0[0m
[0mGET /api/rental/bookings/57 [36m304[0m 179.286 ms - -[0m
[0mOPTIONS /api/order/store/list/57 [32m204[0m 0.860 ms - 0[0m
[0mGET /api/order/store/list/57 [36m304[0m 43.854 ms - -[0m
[0mOPTIONS /api/one-day/orders/57 [32m204[0m 0.927 ms - 0[0m
[0mGET /api/one-day/orders/57 [36m304[0m 216.050 ms - -[0m
[0mOPTIONS /api/rental/bookings/57 [32m204[0m 0.824 ms - 0[0m
[0mGET /api/rental/bookings/57 [36m304[0m 193.775 ms - -[0m
[0mOPTIONS /api/order/store/list/57 [32m204[0m 0.537 ms - 0[0m
[0mGET /api/order/store/list/57 [36m304[0m 39.568 ms - -[0m
[0mOPTIONS /api/one-day/orders/57 [32m204[0m 0.588 ms - 0[0m
[0mGET /api/one-day/orders/57 [36m304[0m 203.772 ms - -[0m
[0mOPTIONS /api/rental/bookings/57 [32m204[0m 1.268 ms - 0[0m
[0mGET /api/rental/bookings/57 [36m304[0m 160.889 ms - -[0m
[0mOPTIONS /api/auth/user/122 [32m204[0m 0.411 ms - 0[0m
[0mGET /api/auth/user/122 [32m200[0m 83.843 ms - 579[0m
[0mGET /api/auth/user/122 [36m304[0m 82.714 ms - -[0m
[0mOPTIONS /api/store/list/57 [32m204[0m 0.414 ms - 0[0m
[0mGET /api/store/list/57 [32m200[0m 156.852 ms - -[0m
[0mGET /app/version [33m404[0m 0.795 ms - 57[0m
[0mOPTIONS /api/order/store/list/57 [32m204[0m 0.491 ms - 0[0m
[0mGET /api/order/store/list/57 [32m200[0m 40.718 ms - 26[0m
[0mOPTIONS /api/one-day/orders/57 [32m204[0m 0.231 ms - 0[0m
[0mGET /api/one-day/orders/57 [32m200[0m 197.861 ms - -[0m
[0mOPTIONS /api/rental/bookings/57 [32m204[0m 0.261 ms - 0[0m
[0mGET /api/rental/bookings/57 [32m200[0m 156.618 ms - -[0m
[0mOPTIONS /api/order/store/list/57 [32m204[0m 2.853 ms - 0[0m
[0mGET /api/order/store/list/57 [36m304[0m 40.413 ms - -[0m
[0mOPTIONS /api/one-day/orders/57 [32m204[0m 0.264 ms - 0[0m
[0mGET /api/one-day/orders/57 [36m304[0m 204.624 ms - -[0m
[0mOPTIONS /api/rental/bookings/57 [32m204[0m 1.229 ms - 0[0m
[0mGET /api/rental/bookings/57 [36m304[0m 161.953 ms - -[0m
[0mOPTIONS /api/order/store/list/57 [32m204[0m 0.632 ms - 0[0m
[0mGET /api/order/store/list/57 [36m304[0m 42.905 ms - -[0m
[0mOPTIONS /api/one-day/orders/57 [32m204[0m 0.314 ms - 0[0m
[0mGET /api/one-day/orders/57 [36m304[0m 200.354 ms - -[0m
[0mOPTIONS /api/rental/bookings/57 [32m204[0m 0.670 ms - 0[0m
[0mGET /api/rental/bookings/57 [36m304[0m 163.493 ms - -[0m
[0mOPTIONS /api/order/store/list/57 [32m204[0m 0.825 ms - 0[0m
[0mGET /api/order/store/list/57 [36m304[0m 47.104 ms - -[0m
[0mOPTIONS /api/one-day/orders/57 [32m204[0m 0.258 ms - 0[0m
[0mGET /api/one-day/orders/57 [36m304[0m 205.520 ms - -[0m
[0mOPTIONS /api/rental/bookings/57 [32m204[0m 0.811 ms - 0[0m
[0mGET /api/rental/bookings/57 [36m304[0m 161.723 ms - -[0m
[0mOPTIONS /api/order/store/list/57 [32m204[0m 0.299 ms - 0[0m
[0mGET /api/order/store/list/57 [36m304[0m 41.354 ms - -[0m
[0mOPTIONS /api/one-day/orders/57 [32m204[0m 0.233 ms - 0[0m
[0mGET /api/one-day/orders/57 [36m304[0m 189.748 ms - -[0m
[0mOPTIONS /api/rental/bookings/57 [32m204[0m 0.274 ms - 0[0m
[0mGET /api/rental/bookings/57 [36m304[0m 155.929 ms - -[0m
[0mGET /app/version [33m404[0m 0.812 ms - 57[0m
[0mOPTIONS /api/category/getAllCategory [32m204[0m 0.936 ms - 0[0m
[0mOPTIONS /api/store/list?page=1&limit=20 [32m204[0m 0.165 ms - 0[0m
[0mOPTIONS /api/category/getAllCategory [32m204[0m 0.108 ms - 0[0m
[0mOPTIONS /api/product/getAllproductList?page=1&limit=20 [32m204[0m 0.095 ms - 0[0m
[0mGET /api/category/getAllCategory [32m200[0m 183.115 ms - -[0m
[0mGET /api/category/getAllCategory [36m304[0m 40.728 ms - -[0m
[0mGET /api/store/list?page=1&limit=20 [32m200[0m 231.036 ms - -[0m
[0mGET /api/product/getAllproductList?page=1&limit=20 [32m200[0m 291.007 ms - -[0m
[0mOPTIONS /api/store/list?currentLocation=12.680355889962144%2C78.61648311002513&page=1&limit=20 [32m204[0m 0.360 ms - 0[0m
[0mGET /api/store/list?currentLocation=12.680355889962144%2C78.61648311002513&page=1&limit=20 [32m200[0m 116.365 ms - -[0m
[0mOPTIONS /api/auth/rootLogin [32m204[0m 0.274 ms - 0[0m
[0mPOST /api/auth/rootLogin [32m200[0m 230.576 ms - 753[0m
[0mOPTIONS /api/auth/user/122 [32m204[0m 0.423 ms - 0[0m
[0mGET /api/auth/user/122 [32m200[0m 80.709 ms - 579[0m
[0mGET /api/auth/user/122 [36m304[0m 86.720 ms - -[0m
[0mOPTIONS /api/store/product/admin/getAllProductById/57 [32m204[0m 0.519 ms - 0[0m
[0mOPTIONS /api/order/store/list/57 [32m204[0m 0.253 ms - 0[0m
[0mGET /api/order/store/list/57 [32m200[0m 32.421 ms - 26[0m
[0mOPTIONS /api/one-day/orders/57 [32m204[0m 0.198 ms - 0[0m
[0mGET /api/store/product/admin/getAllProductById/57 [32m200[0m 146.185 ms - -[0m
[0mGET /api/one-day/orders/57 [32m200[0m 183.589 ms - -[0m
[0mOPTIONS /api/rental/bookings/57 [32m204[0m 0.159 ms - 0[0m
[0mGET /api/rental/bookings/57 [32m200[0m 142.890 ms - -[0m
[0mOPTIONS /api/category/getAllCategory [32m204[0m 0.456 ms - 0[0m
[0mGET /api/category/getAllCategory [36m304[0m 49.771 ms - -[0m
[0mGET /api/auth/user/122 [36m304[0m 70.494 ms - -[0m
[0mGET /api/store/product/admin/getAllProductById/57 [36m304[0m 127.705 ms - -[0m
[0mOPTIONS /api/order/store/list/57 [32m204[0m 0.383 ms - 0[0m
[0mGET /api/order/store/list/57 [36m304[0m 36.845 ms - -[0m
[0mOPTIONS /api/one-day/orders/57 [32m204[0m 0.226 ms - 0[0m
[0mGET /api/one-day/orders/57 [36m304[0m 166.075 ms - -[0m
[0mOPTIONS /api/rental/bookings/57 [32m204[0m 0.359 ms - 0[0m
[0mGET /api/rental/bookings/57 [36m304[0m 141.652 ms - -[0m
[0mOPTIONS /api/order/store/list/57 [32m204[0m 0.923 ms - 0[0m
[0mGET /api/order/store/list/57 [36m304[0m 243.513 ms - -[0m
[0mOPTIONS /api/one-day/orders/57 [32m204[0m 0.824 ms - 0[0m
[0mGET /api/one-day/orders/57 [36m304[0m 179.862 ms - -[0m
[0mOPTIONS /api/rental/bookings/57 [32m204[0m 0.846 ms - 0[0m
[0mGET /api/rental/bookings/57 [36m304[0m 135.703 ms - -[0m
[0mOPTIONS /api/order/store/list/57 [32m204[0m 0.434 ms - 0[0m
[0mGET /api/order/store/list/57 [36m304[0m 31.672 ms - -[0m
[0mOPTIONS /api/one-day/orders/57 [32m204[0m 0.376 ms - 0[0m
[0mGET /api/one-day/orders/57 [36m304[0m 158.750 ms - -[0m
[0mOPTIONS /api/rental/bookings/57 [32m204[0m 0.335 ms - 0[0m
[0mGET /api/rental/bookings/57 [36m304[0m 135.512 ms - -[0m
[0mOPTIONS /api/order/store/list/57 [32m204[0m 0.587 ms - 0[0m
[0mGET /api/order/store/list/57 [36m304[0m 36.196 ms - -[0m
[0mOPTIONS /api/one-day/orders/57 [32m204[0m 0.400 ms - 0[0m
[0mGET /api/one-day/orders/57 [36m304[0m 162.846 ms - -[0m
[0mOPTIONS /api/rental/bookings/57 [32m204[0m 0.414 ms - 0[0m
[0mGET /api/rental/bookings/57 [36m304[0m 164.139 ms - -[0m
[0mOPTIONS /api/order/store/list/57 [32m204[0m 0.358 ms - 0[0m
[0mGET /api/order/store/list/57 [36m304[0m 35.326 ms - -[0m
[0mOPTIONS /api/one-day/orders/57 [32m204[0m 0.188 ms - 0[0m
[0mGET /api/one-day/orders/57 [36m304[0m 158.882 ms - -[0m
[0mOPTIONS /api/rental/bookings/57 [32m204[0m 0.268 ms - 0[0m
[0mGET /api/rental/bookings/57 [36m304[0m 129.600 ms - -[0m
[0mOPTIONS /api/order/store/list/57 [32m204[0m 0.878 ms - 0[0m
[0mGET /api/order/store/list/57 [36m304[0m 38.679 ms - -[0m
[0mOPTIONS /api/one-day/orders/57 [32m204[0m 0.826 ms - 0[0m
[0mGET /api/one-day/orders/57 [36m304[0m 165.990 ms - -[0m
[0mOPTIONS /api/rental/bookings/57 [32m204[0m 0.483 ms - 0[0m
[0mGET /api/rental/bookings/57 [36m304[0m 130.680 ms - -[0m
[0mOPTIONS /api/order/store/list/57 [32m204[0m 0.703 ms - 0[0m
[0mGET /api/order/store/list/57 [36m304[0m 43.740 ms - -[0m
[0mOPTIONS /api/one-day/orders/57 [32m204[0m 0.622 ms - 0[0m
[0mGET /api/one-day/orders/57 [36m304[0m 190.645 ms - -[0m
[0mOPTIONS /api/rental/bookings/57 [32m204[0m 0.884 ms - 0[0m
[0mGET /api/rental/bookings/57 [36m304[0m 144.980 ms - -[0m
[0mOPTIONS /api/order/store/list/57 [32m204[0m 0.731 ms - 0[0m
[0mGET /api/order/store/list/57 [36m304[0m 35.221 ms - -[0m
[0mOPTIONS /api/one-day/orders/57 [32m204[0m 0.245 ms - 0[0m
[0mGET /api/one-day/orders/57 [36m304[0m 168.628 ms - -[0m
[0mOPTIONS /api/rental/bookings/57 [32m204[0m 0.317 ms - 0[0m
[0mGET /api/rental/bookings/57 [36m304[0m 138.960 ms - -[0m
[0mOPTIONS /api/order/store/list/57 [32m204[0m 0.725 ms - 0[0m
[0mGET /api/order/store/list/57 [36m304[0m 36.187 ms - -[0m
[0mOPTIONS /api/one-day/orders/57 [32m204[0m 0.420 ms - 0[0m
[0mGET /api/one-day/orders/57 [36m304[0m 160.453 ms - -[0m
[0mOPTIONS /api/rental/bookings/57 [32m204[0m 0.668 ms - 0[0m
[0mGET /api/rental/bookings/57 [36m304[0m 143.113 ms - -[0m
[0mOPTIONS /api/order/store/list/57 [32m204[0m 0.678 ms - 0[0m
[0mGET /api/order/store/list/57 [36m304[0m 40.690 ms - -[0m
[0mOPTIONS /api/one-day/orders/57 [32m204[0m 0.595 ms - 0[0m
[0mGET /api/one-day/orders/57 [36m304[0m 177.572 ms - -[0m
[0mOPTIONS /api/rental/bookings/57 [32m204[0m 0.743 ms - 0[0m
[0mGET /api/rental/bookings/57 [36m304[0m 141.022 ms - -[0m
[0mOPTIONS /api/order/store/list/57 [32m204[0m 0.980 ms - 0[0m
[0mGET /api/order/store/list/57 [36m304[0m 36.633 ms - -[0m
[0mOPTIONS /api/one-day/orders/57 [32m204[0m 0.657 ms - 0[0m
[0mGET /api/one-day/orders/57 [36m304[0m 171.520 ms - -[0m
[0mOPTIONS /api/rental/bookings/57 [32m204[0m 0.629 ms - 0[0m
[0mGET /api/rental/bookings/57 [36m304[0m 134.059 ms - -[0m
[0mOPTIONS /api/order/store/list/57 [32m204[0m 0.676 ms - 0[0m
[0mGET /api/order/store/list/57 [36m304[0m 36.890 ms - -[0m
[0mOPTIONS /api/one-day/orders/57 [32m204[0m 0.646 ms - 0[0m
[0mGET /api/one-day/orders/57 [36m304[0m 168.864 ms - -[0m
[0mOPTIONS /api/rental/bookings/57 [32m204[0m 0.659 ms - 0[0m
[0mGET /api/rental/bookings/57 [36m304[0m 145.878 ms - -[0m
[0mOPTIONS /api/order/store/list/57 [32m204[0m 0.188 ms - 0[0m
[0mGET /api/order/store/list/57 [36m304[0m 36.282 ms - -[0m
[0mOPTIONS /api/one-day/orders/57 [32m204[0m 0.291 ms - 0[0m
[0mGET /api/one-day/orders/57 [36m304[0m 157.122 ms - -[0m
[0mOPTIONS /api/rental/bookings/57 [32m204[0m 0.231 ms - 0[0m
[0mGET /api/rental/bookings/57 [36m304[0m 128.571 ms - -[0m
[0mOPTIONS /api/order/store/list/57 [32m204[0m 0.706 ms - 0[0m
[0mGET /api/order/store/list/57 [36m304[0m 35.941 ms - -[0m
[0mOPTIONS /api/one-day/orders/57 [32m204[0m 0.396 ms - 0[0m
[0mGET /api/one-day/orders/57 [36m304[0m 159.302 ms - -[0m
[0mOPTIONS /api/rental/bookings/57 [32m204[0m 0.305 ms - 0[0m
[0mGET /api/rental/bookings/57 [36m304[0m 134.037 ms - -[0m
[0mOPTIONS /api/order/store/list/57 [32m204[0m 0.695 ms - 0[0m
[0mGET /api/order/store/list/57 [36m304[0m 37.818 ms - -[0m
[0mOPTIONS /api/one-day/orders/57 [32m204[0m 0.675 ms - 0[0m
[0mGET /api/one-day/orders/57 [36m304[0m 165.523 ms - -[0m
[0mOPTIONS /api/rental/bookings/57 [32m204[0m 0.775 ms - 0[0m
[0mGET /api/rental/bookings/57 [36m304[0m 135.352 ms - -[0m
[0mOPTIONS /api/order/store/list/57 [32m204[0m 0.275 ms - 0[0m
[0mGET /api/order/store/list/57 [36m304[0m 33.748 ms - -[0m
[0mOPTIONS /api/one-day/orders/57 [32m204[0m 0.221 ms - 0[0m
[0mGET /api/one-day/orders/57 [36m304[0m 158.367 ms - -[0m
[0mOPTIONS /api/rental/bookings/57 [32m204[0m 0.349 ms - 0[0m
[0mGET /api/rental/bookings/57 [36m304[0m 127.239 ms - -[0m
[0mOPTIONS /api/order/store/list/57 [32m204[0m 0.845 ms - 0[0m
[0mGET /api/order/store/list/57 [36m304[0m 40.330 ms - -[0m
[0mOPTIONS /api/one-day/orders/57 [32m204[0m 0.475 ms - 0[0m
[0mGET /api/one-day/orders/57 [36m304[0m 181.740 ms - -[0m
[0mOPTIONS /api/rental/bookings/57 [32m204[0m 0.256 ms - 0[0m
[0mGET /api/rental/bookings/57 [36m304[0m 131.192 ms - -[0m
[0mOPTIONS /api/order/store/list/57 [32m204[0m 0.758 ms - 0[0m
[0mGET /api/order/store/list/57 [36m304[0m 37.984 ms - -[0m
[0mOPTIONS /api/one-day/orders/57 [32m204[0m 0.453 ms - 0[0m
[0mGET /api/one-day/orders/57 [36m304[0m 159.360 ms - -[0m
[0mOPTIONS /api/rental/bookings/57 [32m204[0m 0.359 ms - 0[0m
[0mGET /api/rental/bookings/57 [36m304[0m 133.140 ms - -[0m
[0mOPTIONS /api/order/store/list/57 [32m204[0m 0.420 ms - 0[0m
[0mGET /api/order/store/list/57 [36m304[0m 32.412 ms - -[0m
[0mOPTIONS /api/one-day/orders/57 [32m204[0m 0.395 ms - 0[0m
[0mGET /api/one-day/orders/57 [36m304[0m 161.981 ms - -[0m
[0mOPTIONS /api/rental/bookings/57 [32m204[0m 1.099 ms - 0[0m
[0mGET /api/rental/bookings/57 [36m304[0m 135.193 ms - -[0m
[0mOPTIONS /api/order/store/list/57 [32m204[0m 0.876 ms - 0[0m
[0mGET /api/order/store/list/57 [36m304[0m 39.225 ms - -[0m
[0mOPTIONS /api/one-day/orders/57 [32m204[0m 0.800 ms - 0[0m
[0mGET /api/one-day/orders/57 [36m304[0m 175.130 ms - -[0m
[0mOPTIONS /api/rental/bookings/57 [32m204[0m 0.341 ms - 0[0m
[0mGET /api/rental/bookings/57 [36m304[0m 129.569 ms - -[0m
[0mOPTIONS /api/order/store/list/57 [32m204[0m 0.779 ms - 0[0m
[0mGET /api/order/store/list/57 [36m304[0m 38.649 ms - -[0m
[0mOPTIONS /api/one-day/orders/57 [32m204[0m 0.565 ms - 0[0m
[0mGET /api/one-day/orders/57 [36m304[0m 162.358 ms - -[0m
[0mOPTIONS /api/rental/bookings/57 [32m204[0m 0.576 ms - 0[0m
[0mGET /api/rental/bookings/57 [36m304[0m 133.036 ms - -[0m
[0mOPTIONS /api/order/store/list/57 [32m204[0m 0.475 ms - 0[0m
[0mGET /api/order/store/list/57 [36m304[0m 32.310 ms - -[0m
[0mOPTIONS /api/one-day/orders/57 [32m204[0m 0.413 ms - 0[0m
[0mGET /api/one-day/orders/57 [36m304[0m 182.371 ms - -[0m
[0mOPTIONS /api/rental/bookings/57 [32m204[0m 0.831 ms - 0[0m
[0mGET /api/rental/bookings/57 [36m304[0m 136.767 ms - -[0m
[0mOPTIONS /api/order/store/list/57 [32m204[0m 0.654 ms - 0[0m
[0mGET /api/order/store/list/57 [36m304[0m 35.337 ms - -[0m
[0mOPTIONS /api/one-day/orders/57 [32m204[0m 0.558 ms - 0[0m
[0mGET /api/one-day/orders/57 [36m304[0m 164.030 ms - -[0m
[0mOPTIONS /api/rental/bookings/57 [32m204[0m 0.290 ms - 0[0m
[0mGET /api/rental/bookings/57 [36m304[0m 130.201 ms - -[0m
[0mOPTIONS /api/order/store/list/57 [32m204[0m 0.638 ms - 0[0m
[0mGET /api/order/store/list/57 [36m304[0m 38.438 ms - -[0m
[0mOPTIONS /api/one-day/orders/57 [32m204[0m 0.579 ms - 0[0m
[0mGET /api/one-day/orders/57 [36m304[0m 166.674 ms - -[0m
[0mOPTIONS /api/rental/bookings/57 [32m204[0m 1.409 ms - 0[0m
[0mGET /api/rental/bookings/57 [36m304[0m 138.135 ms - -[0m
[0mOPTIONS /api/order/store/list/57 [32m204[0m 0.662 ms - 0[0m
[0mGET /api/order/store/list/57 [36m304[0m 36.025 ms - -[0m
[0mOPTIONS /api/one-day/orders/57 [32m204[0m 0.679 ms - 0[0m
[0mGET /api/one-day/orders/57 [36m304[0m 166.884 ms - -[0m
[0mOPTIONS /api/rental/bookings/57 [32m204[0m 0.506 ms - 0[0m
[0mGET /api/rental/bookings/57 [36m304[0m 141.317 ms - -[0m
[0mOPTIONS /api/order/store/list/57 [32m204[0m 0.678 ms - 0[0m
[0mGET /api/order/store/list/57 [36m304[0m 34.343 ms - -[0m
[0mOPTIONS /api/one-day/orders/57 [32m204[0m 0.533 ms - 0[0m
[0mGET /api/one-day/orders/57 [36m304[0m 169.103 ms - -[0m
[0mOPTIONS /api/rental/bookings/57 [32m204[0m 1.724 ms - 0[0m
[0mGET /api/rental/bookings/57 [36m304[0m 137.991 ms - -[0m
